<?xml version="1.0" encoding="UTF-8" ?>
<<<<<<< Updated upstream
<testsuite tests="11" failures="0" name="SuiteTest" time="2.163" errors="0" skipped="0">
=======
<testsuite tests="1" failures="0" name="SuiteTest" time="194.531" errors="1" skipped="0">
>>>>>>> Stashed changes
  <properties>
    <property name="java.runtime.name" value="OpenJDK Runtime Environment"/>
    <property name="java.vm.version" value="11.0.11+9-Ubuntu-0ubuntu2.20.04"/>
    <property name="sun.boot.library.path" value="/usr/lib/jvm/java-11-openjdk-amd64/lib"/>
    <property name="maven.multiModuleProjectDirectory" value="/mnt/c/Users/edu-a/OneDrive - Universidad de Málaga/SI Internet Definitivo/eBury-Interneteros/project"/>
    <property name="java.vm.vendor" value="Ubuntu"/>
    <property name="java.vendor.url" value="https://ubuntu.com/"/>
    <property name="guice.disable.misplaced.annotation.check" value="true"/>
    <property name="path.separator" value=":"/>
    <property name="java.vm.name" value="OpenJDK 64-Bit Server VM"/>
    <property name="sun.os.patch.level" value="unknown"/>
    <property name="sun.java.launcher" value="SUN_STANDARD"/>
    <property name="java.vm.specification.name" value="Java Virtual Machine Specification"/>
    <property name="user.dir" value="/mnt/c/Users/edu-a/OneDrive - Universidad de Málaga/SI Internet Definitivo/eBury-Interneteros/project"/>
    <property name="java.vm.compressedOopsMode" value="32-bit"/>
    <property name="java.runtime.version" value="11.0.11+9-Ubuntu-0ubuntu2.20.04"/>
    <property name="java.awt.graphicsenv" value="sun.awt.X11GraphicsEnvironment"/>
    <property name="os.arch" value="amd64"/>
    <property name="java.io.tmpdir" value="/tmp"/>
    <property name="line.separator" value="
"/>
    <property name="java.vm.specification.vendor" value="Oracle Corporation"/>
    <property name="os.name" value="Linux"/>
    <property name="classworlds.conf" value="/usr/share/maven/bin/m2.conf"/>
    <property name="sun.jnu.encoding" value="UTF-8"/>
    <property name="java.library.path" value="/usr/java/packages/lib:/usr/lib/x86_64-linux-gnu/jni:/lib/x86_64-linux-gnu:/usr/lib/x86_64-linux-gnu:/usr/lib/jni:/lib:/usr/lib"/>
    <property name="maven.conf" value="/usr/share/maven/conf"/>
    <property name="jdk.debug" value="release"/>
    <property name="java.class.version" value="55.0"/>
    <property name="java.specification.name" value="Java Platform API Specification"/>
    <property name="sun.management.compiler" value="HotSpot 64-Bit Tiered Compilers"/>
    <property name="os.version" value="4.4.0-22000-Microsoft"/>
    <property name="library.jansi.path" value="/usr/share/maven/lib/jansi-native"/>
    <property name="user.home" value="/home/edu"/>
    <property name="user.timezone" value="Europe/Madrid"/>
    <property name="java.awt.printerjob" value="sun.print.PSPrinterJob"/>
    <property name="file.encoding" value="UTF-8"/>
    <property name="java.specification.version" value="11"/>
    <property name="user.name" value="edu"/>
    <property name="java.class.path" value="/usr/share/maven/boot/plexus-classworlds-2.x.jar"/>
    <property name="org.slf4j.simpleLogger.defaultLogLevel" value="debug"/>
    <property name="java.vm.specification.version" value="11"/>
    <property name="sun.arch.data.model" value="64"/>
    <property name="sun.java.command" value="org.codehaus.plexus.classworlds.launcher.Launcher test -X"/>
    <property name="java.home" value="/usr/lib/jvm/java-11-openjdk-amd64"/>
    <property name="user.language" value="en"/>
    <property name="java.specification.vendor" value="Oracle Corporation"/>
    <property name="awt.toolkit" value="sun.awt.X11.XToolkit"/>
    <property name="java.vm.info" value="mixed mode, sharing"/>
    <property name="java.version" value="11.0.11"/>
    <property name="securerandom.source" value="file:/dev/./urandom"/>
    <property name="java.vendor" value="Ubuntu"/>
    <property name="maven.home" value="/usr/share/maven"/>
    <property name="file.separator" value="/"/>
    <property name="java.version.date" value="2021-04-20"/>
    <property name="java.vendor.url.bug" value="https://bugs.launchpad.net/ubuntu/+source/openjdk-lts"/>
    <property name="sun.io.unicode.encoding" value="UnicodeLittle"/>
    <property name="sun.cpu.endian" value="little"/>
    <property name="sun.cpu.isalist" value=""/>
  </properties>
<<<<<<< Updated upstream
  <testcase classname="ClientePrueba" name="testMarcarCliente" time="0.528"/>
  <testcase classname="ClientePrueba" name="testActualizarCliente" time="0.203"/>
  <testcase classname="ClientePrueba" name="testAltaCliente" time="0.179"/>
  <testcase classname="CuentaPrueba" name="testBuscarCuenta" time="0.178"/>
  <testcase classname="CuentaPrueba" name="testCrearCuenta" time="0.134"/>
  <testcase classname="CuentaPrueba" name="testActualizarCuenta" time="0.161"/>
  <testcase classname="CuentaPrueba" name="testMarcarCuenta" time="0.309"/>
  <testcase classname="DivisaPrueba" name="testBuscarDivisa" time="0.125"/>
  <testcase classname="DivisaPrueba" name="testCrearDivisa" time="0.119"/>
  <testcase classname="DivisaPrueba" name="testEliminarDivisa" time="0.124"/>
  <testcase classname="DivisaPrueba" name="testActualizarDivisa" time="0.103"/>
=======
  <testcase classname="SuiteTest" name="SuiteTest" time="194.531">
    <error message="Failed to deploy EJB modules - see log for details" type="javax.ejb.EJBException">javax.ejb.EJBException: Failed to deploy EJB modules - see log for details
	at org.glassfish.ejb.embedded.EJBContainerImpl.deploy(EJBContainerImpl.java:125)
	at org.glassfish.ejb.embedded.EJBContainerProviderImpl.createEJBContainer(EJBContainerProviderImpl.java:110)
	at javax.ejb.embeddable.EJBContainer.createEJBContainer(EJBContainer.java:103)
	at SuiteTest.setUpClass(SuiteTest.java:27)
	at java.base/jdk.internal.reflect.NativeMethodAccessorImpl.invoke0(Native Method)
	at java.base/jdk.internal.reflect.NativeMethodAccessorImpl.invoke(NativeMethodAccessorImpl.java:62)
	at java.base/jdk.internal.reflect.DelegatingMethodAccessorImpl.invoke(DelegatingMethodAccessorImpl.java:43)
	at java.base/java.lang.reflect.Method.invoke(Method.java:566)
	at org.junit.runners.model.FrameworkMethod$1.runReflectiveCall(FrameworkMethod.java:59)
	at org.junit.internal.runners.model.ReflectiveCallable.run(ReflectiveCallable.java:12)
	at org.junit.runners.model.FrameworkMethod.invokeExplosively(FrameworkMethod.java:56)
	at org.junit.internal.runners.statements.RunBefores.invokeMethod(RunBefores.java:33)
	at org.junit.internal.runners.statements.RunBefores.evaluate(RunBefores.java:24)
	at org.junit.internal.runners.statements.RunAfters.evaluate(RunAfters.java:27)
	at org.junit.runners.ParentRunner$3.evaluate(ParentRunner.java:306)
	at org.junit.runners.ParentRunner.run(ParentRunner.java:413)
	at org.apache.maven.surefire.junit4.JUnit4Provider.execute(JUnit4Provider.java:252)
	at org.apache.maven.surefire.junit4.JUnit4Provider.executeTestSet(JUnit4Provider.java:141)
	at org.apache.maven.surefire.junit4.JUnit4Provider.invoke(JUnit4Provider.java:112)
	at java.base/jdk.internal.reflect.NativeMethodAccessorImpl.invoke0(Native Method)
	at java.base/jdk.internal.reflect.NativeMethodAccessorImpl.invoke(NativeMethodAccessorImpl.java:62)
	at java.base/jdk.internal.reflect.DelegatingMethodAccessorImpl.invoke(DelegatingMethodAccessorImpl.java:43)
	at java.base/java.lang.reflect.Method.invoke(Method.java:566)
	at org.apache.maven.surefire.util.ReflectionUtils.invokeMethodWithArray(ReflectionUtils.java:189)
	at org.apache.maven.surefire.booter.ProviderFactory$ProviderProxy.invoke(ProviderFactory.java:165)
	at org.apache.maven.surefire.booter.ProviderFactory.invokeProvider(ProviderFactory.java:85)
	at org.apache.maven.surefire.booter.ForkedBooter.runSuitesInProcess(ForkedBooter.java:115)
	at org.apache.maven.surefire.booter.ForkedBooter.main(ForkedBooter.java:75)
</error>
    <system-out>JdbcRuntimeExtension,  getAllSystemRAResourcesAndPools = [GlassFishConfigBean.org.glassfish.jdbc.config.JdbcResource, GlassFishConfigBean.org.glassfish.jdbc.config.JdbcResource, GlassFishConfigBean.org.glassfish.jdbc.config.JdbcResource, GlassFishConfigBean.org.glassfish.jdbc.config.JdbcConnectionPool, GlassFishConfigBean.org.glassfish.jdbc.config.JdbcConnectionPool, GlassFishConfigBean.org.glassfish.jdbc.config.JdbcConnectionPool]
JdbcRuntimeExtension,  getAllSystemRAResourcesAndPools = [GlassFishConfigBean.org.glassfish.jdbc.config.JdbcResource, GlassFishConfigBean.org.glassfish.jdbc.config.JdbcResource, GlassFishConfigBean.org.glassfish.jdbc.config.JdbcResource, GlassFishConfigBean.org.glassfish.jdbc.config.JdbcConnectionPool, GlassFishConfigBean.org.glassfish.jdbc.config.JdbcConnectionPool, GlassFishConfigBean.org.glassfish.jdbc.config.JdbcConnectionPool]
</system-out>
    <system-err>Apr 28, 2022 3:54:05 PM org.glassfish.ejb.embedded.EJBContainerProviderImpl getValidFile
WARNING: EJB6008:Specified or calculated application server instance [/home/edu/.m2/repository/org/glassfish/main/extras/glassfish-embedded-all/domains/domain1] does not exist.
Apr 28, 2022 3:54:06 PM org.glassfish.ejb.embedded.EJBContainerProviderImpl createContainer
INFO: [EJBContainerProviderImpl] Using config file location: file:/tmp/domain8420728583924959209xml
Apr 28, 2022 3:54:06 PM org.glassfish.ejb.embedded.EJBContainerProviderImpl createContainer
INFO: [EJBContainerProviderImpl] Using runtime class: class com.sun.enterprise.glassfish.bootstrap.StaticGlassFishRuntime
Apr 28, 2022 3:54:08 PM com.sun.enterprise.v3.server.CommonClassLoaderServiceImpl findDerbyClient
INFO: Cannot find javadb client jar file, derby jdbc driver will not be available by default.
Apr 28, 2022 3:54:09 PM org.hibernate.validator.internal.util.Version &lt;clinit&gt;
INFO: HV000001: Hibernate Validator null
Apr 28, 2022 3:54:14 PM org.glassfish.security.services.impl.authorization.AuthorizationServiceImpl initialize
INFO: Authorization Service has successfully initialized.
Apr 28, 2022 3:54:14 PM com.sun.enterprise.security.ssl.impl.SecuritySupportImpl checkCertificateDates
SEVERE: The SSL certificate has expired: [
[
  Version: V3
  Subject: CN=localhost, OU=GlassFish, O=Sun Microsystems, L=Santa Clara, ST=California, C=US
  Signature Algorithm: SHA1withRSA, OID = 1.2.840.113549.1.1.5

  Key:  Sun RSA public key, 1024 bits
  params: null
  modulus: 145607243452859689580129548866124791697266876389020072346169573106005067922351621693980274409566977123703120560397141987498630922827852965950283535196583826176478163336993643826795231487853960699742178569310586812871660687609669142799497192378661602695305819033929044820179434366507221428988785371476479913059
  public exponent: 65537
  Validity: [From: Tue Jul 07 10:27:35 CEST 2009,
               To: Fri Jul 05 10:27:35 CEST 2019]
  Issuer: CN=localhost, OU=GlassFish, O=Sun Microsystems, L=Santa Clara, ST=California, C=US
  SerialNumber: [    4a5306f7]

Certificate Extensions: 1
[1]: ObjectId: 2.5.29.14 Criticality=false
SubjectKeyIdentifier [
KeyIdentifier [
0000: 8F FB 7A 0A BF 38 54 A6   0D 9D CC 28 F8 7A B2 25  ..z..8T....(.z.%
0010: F2 F8 A1 99                                        ....
]
]

]
  Algorithm: [SHA1withRSA]
  Signature:
0000: 7A 53 96 EE 26 C0 6C 06   A5 68 45 43 49 A8 21 B7  zS..&amp;.l..hECI.!.
0010: 03 E3 3C 22 97 76 B0 EC   0C F1 11 C9 D7 67 20 CA  ..&lt;&quot;.v.......g .
0020: E5 0E 29 F8 64 FA C5 5A   FA D9 34 76 39 61 C4 21  ..).d..Z..4v9a.!
0030: 82 A1 C5 27 D8 B7 B3 1B   6C 95 3B 01 6C C3 15 0F  ...&apos;....l.;.l...
0040: B4 4D 50 E3 8F E9 CC 96   CC FF 95 2B 61 7C 30 D4  .MP........+a.0.
0050: B1 00 0F 9E 4C 1B F8 08   DC 4C 30 CC 0E CB FC 92  ....L....L0.....
0060: B3 C5 D5 F5 01 84 33 40   CA 42 B1 A3 2C 88 89 B9  ......3@.B..,...
0070: 04 90 F3 2C C5 FA E4 A2   DC 16 17 4A 02 A7 ED 94  ...,.......J....

]
Apr 28, 2022 3:54:14 PM com.sun.enterprise.security.ssl.impl.SecuritySupportImpl checkCertificateDates
SEVERE: The SSL certificate has expired: [
[
  Version: V3
  Subject: CN=localhost, OU=GlassFish, O=Sun Microsystems, L=Santa Clara, ST=California, C=US
  Signature Algorithm: SHA1withRSA, OID = 1.2.840.113549.1.1.5

  Key:  Sun RSA public key, 1024 bits
  params: null
  modulus: 145607243452859689580129548866124791697266876389020072346169573106005067922351621693980274409566977123703120560397141987498630922827852965950283535196583826176478163336993643826795231487853960699742178569310586812871660687609669142799497192378661602695305819033929044820179434366507221428988785371476479913059
  public exponent: 65537
  Validity: [From: Tue Jul 07 10:27:35 CEST 2009,
               To: Fri Jul 05 10:27:35 CEST 2019]
  Issuer: CN=localhost, OU=GlassFish, O=Sun Microsystems, L=Santa Clara, ST=California, C=US
  SerialNumber: [    4a5306f7]

Certificate Extensions: 1
[1]: ObjectId: 2.5.29.14 Criticality=false
SubjectKeyIdentifier [
KeyIdentifier [
0000: 8F FB 7A 0A BF 38 54 A6   0D 9D CC 28 F8 7A B2 25  ..z..8T....(.z.%
0010: F2 F8 A1 99                                        ....
]
]

]
  Algorithm: [SHA1withRSA]
  Signature:
0000: 7A 53 96 EE 26 C0 6C 06   A5 68 45 43 49 A8 21 B7  zS..&amp;.l..hECI.!.
0010: 03 E3 3C 22 97 76 B0 EC   0C F1 11 C9 D7 67 20 CA  ..&lt;&quot;.v.......g .
0020: E5 0E 29 F8 64 FA C5 5A   FA D9 34 76 39 61 C4 21  ..).d..Z..4v9a.!
0030: 82 A1 C5 27 D8 B7 B3 1B   6C 95 3B 01 6C C3 15 0F  ...&apos;....l.;.l...
0040: B4 4D 50 E3 8F E9 CC 96   CC FF 95 2B 61 7C 30 D4  .MP........+a.0.
0050: B1 00 0F 9E 4C 1B F8 08   DC 4C 30 CC 0E CB FC 92  ....L....L0.....
0060: B3 C5 D5 F5 01 84 33 40   CA 42 B1 A3 2C 88 89 B9  ......3@.B..,...
0070: 04 90 F3 2C C5 FA E4 A2   DC 16 17 4A 02 A7 ED 94  ...,.......J....

]
Apr 28, 2022 3:54:14 PM com.sun.enterprise.v3.server.AppServerStartup postStartupJob
INFO: Undefined Product Name - define product and version info in config/branding  0.0.0  (0) startup time : Embedded (2,072ms), startup services(6,253ms), total(8,325ms)
Apr 28, 2022 3:54:15 PM com.sun.jts.CosTransactions.DefaultTransactionService setServerName
INFO: JTS5014: Recoverable JTS instance, serverId = [100]
Apr 28, 2022 3:54:15 PM org.glassfish.admin.mbeanserver.JMXStartupService$JMXConnectorsStarterThread run
INFO: JMXStartupService has disabled JMXConnector system
Apr 28, 2022 3:54:15 PM com.sun.enterprise.connectors.jms.util.JmsRaUtil getInstalledMqVersion
WARNING: Check for a new version of MQ installation failed : /tmp/gfembed15257743656685566532tmp/lib/install/applications/jmsra/../imqjmsra.rar:/tmp/gfembed15257743656685566532tmp/lib/install/applications/jmsra/imqjmsra.rar
Apr 28, 2022 3:54:17 PM org.glassfish.ejb.embedded.EJBContainerProviderImpl skipJar
INFO: ... skipping entry with a Manifest file with a special attribute: glassfish-embedded-all-5.1.0.jar
Apr 28, 2022 3:54:17 PM org.glassfish.deployment.common.GenericAnnotationDetector scanArchive
WARNING: NCLS-DEPLOYMENT-00009
Apr 28, 2022 3:54:17 PM org.glassfish.ejb.embedded.DeploymentElement getOrCreateApplication
INFO: [DeploymentElement] adding EJB module to ScatteredArchive classes
Apr 28, 2022 3:54:17 PM org.glassfish.ejb.embedded.DeploymentElement getOrCreateApplication
INFO: [DeploymentElement] adding library to ScatteredArchive jakarta.persistence-2.2.3.jar
Apr 28, 2022 3:54:17 PM org.glassfish.ejb.embedded.DeploymentElement getOrCreateApplication
INFO: [DeploymentElement] adding library to ScatteredArchive junit-4.13.jar
Apr 28, 2022 3:54:17 PM org.glassfish.ejb.embedded.DeploymentElement getOrCreateApplication
INFO: [DeploymentElement] adding library to ScatteredArchive hamcrest-core-1.3.jar
Apr 28, 2022 3:54:17 PM org.glassfish.ejb.embedded.DeploymentElement getOrCreateApplication
INFO: [DeploymentElement] adding library to ScatteredArchive test-classes
Apr 28, 2022 3:54:17 PM org.glassfish.ejb.embedded.DeploymentElement getOrCreateApplication
INFO: [DeploymentElement] adding library to ScatteredArchive javaee-api-8.0.jar
Apr 28, 2022 3:54:17 PM org.glassfish.ejb.embedded.DeploymentElement getOrCreateApplication
INFO: [DeploymentElement] adding library to ScatteredArchive h2-1.4.200.jar
Apr 28, 2022 3:54:17 PM org.glassfish.ejb.embedded.DeploymentElement getOrCreateApplication
INFO: [DeploymentElement] adding library to ScatteredArchive classes
Apr 28, 2022 3:54:17 PM org.glassfish.ejb.embedded.DeploymentElement getOrCreateApplication
INFO: [DeploymentElement] adding library to ScatteredArchive activation-1.1.jar
Apr 28, 2022 3:54:17 PM org.glassfish.ejb.embedded.DeploymentElement getOrCreateApplication
INFO: [DeploymentElement] adding library to ScatteredArchive ojdbc8-21.5.0.0.jar
Apr 28, 2022 3:54:17 PM org.glassfish.ejb.embedded.DeploymentElement getOrCreateApplication
INFO: [DeploymentElement] adding library to ScatteredArchive eclipselink-2.7.6.jar
Apr 28, 2022 3:54:17 PM org.glassfish.ejb.embedded.DeploymentElement getOrCreateApplication
INFO: [DeploymentElement] adding library to ScatteredArchive javax.mail-1.6.0.jar
Apr 28, 2022 3:54:17 PM org.glassfish.ejb.embedded.DeploymentElement getOrCreateApplication
INFO: [DeploymentElement] adding library to ScatteredArchive commonj.sdo-2.1.1.jar
Apr 28, 2022 3:54:17 PM org.glassfish.ejb.embedded.EJBContainerImpl deploy
INFO: [EJBContainerImpl] Deploying app: org.glassfish.embeddable.archive.ScatteredArchive@5603632c
Apr 28, 2022 3:54:17 PM org.glassfish.ejb.embedded.EJBContainerImpl deploy
INFO: [EJBContainerImpl] GlassFish status: STARTED
Apr 28, 2022 3:54:17 PM org.glassfish.ejb.embedded.EJBContainerImpl deploy
INFO: [EJBContainerImpl] Deploying as a ScatteredArchive
Apr 28, 2022 3:55:49 PM org.glassfish.hk2.classmodel.reflect.Parser$5 on
SEVERE: Exception while visiting META-INF/versions/10/org/h2/util/NetUtils2.class of size 876
java.lang.IllegalArgumentException
	at org.glassfish.hk2.external.org.objectweb.asm.ClassReader.&lt;init&gt;(ClassReader.java:160)
	at org.glassfish.hk2.external.org.objectweb.asm.ClassReader.&lt;init&gt;(ClassReader.java:143)
	at org.glassfish.hk2.external.org.objectweb.asm.ClassReader.&lt;init&gt;(ClassReader.java:418)
	at org.glassfish.hk2.classmodel.reflect.Parser$5.on(Parser.java:335)
	at com.sun.enterprise.v3.server.ReadableArchiveScannerAdapter.handleEntry(ReadableArchiveScannerAdapter.java:141)
	at com.sun.enterprise.v3.server.ReadableArchiveScannerAdapter.onSelectedEntries(ReadableArchiveScannerAdapter.java:103)
	at org.glassfish.hk2.classmodel.reflect.Parser.doJob(Parser.java:321)
	at org.glassfish.hk2.classmodel.reflect.Parser.access$300(Parser.java:44)
	at org.glassfish.hk2.classmodel.reflect.Parser$3.call(Parser.java:280)
	at org.glassfish.hk2.classmodel.reflect.Parser$3.call(Parser.java:269)
	at java.base/java.util.concurrent.FutureTask.run(FutureTask.java:264)
	at java.base/java.util.concurrent.ThreadPoolExecutor.runWorker(ThreadPoolExecutor.java:1128)
	at java.base/java.util.concurrent.ThreadPoolExecutor$Worker.run(ThreadPoolExecutor.java:628)
	at java.base/java.lang.Thread.run(Thread.java:829)

Apr 28, 2022 3:56:56 PM com.sun.enterprise.security.SecurityLifecycle &lt;init&gt;
INFO: Java security manager is disabled.
Apr 28, 2022 3:56:56 PM com.sun.enterprise.security.SecurityLifecycle onInitialization
INFO: Entering Security Startup Service.
Apr 28, 2022 3:56:56 PM com.sun.enterprise.security.PolicyLoader loadPolicy
INFO: Loading policy provider com.sun.enterprise.security.jacc.provider.SimplePolicyProvider.
Apr 28, 2022 3:56:57 PM com.sun.enterprise.security.auth.realm.Realm doInstantiate
INFO: Realm [admin-realm] of classtype [com.sun.enterprise.security.auth.realm.file.FileRealm] successfully created.
Apr 28, 2022 3:56:57 PM com.sun.enterprise.security.auth.realm.Realm doInstantiate
INFO: Realm [file] of classtype [com.sun.enterprise.security.auth.realm.file.FileRealm] successfully created.
Apr 28, 2022 3:56:57 PM com.sun.enterprise.security.auth.realm.Realm doInstantiate
INFO: Realm [certificate] of classtype [com.sun.enterprise.security.auth.realm.certificate.CertificateRealm] successfully created.
Apr 28, 2022 3:56:57 PM com.sun.enterprise.security.SecurityLifecycle onInitialization
INFO: Security Service(s) started successfully.
Apr 28, 2022 3:57:00 PM org.glassfish.api.ActionReport failure
SEVERE: Exception while invoking class org.glassfish.persistence.jpa.JPADeployer prepare method
java.lang.RuntimeException: The persistence-context-ref-name [eBuryEJB] in module [classes] resolves to a persistence unit called [eBuryTest] which is of type RESOURCE_LOCAL. Only persistence units with transaction type JTA can be used as a container managed entity manager. Please verify your application.
	at com.sun.enterprise.deployment.BundleDescriptor.findReferencedPUViaEMRef(BundleDescriptor.java:730)
	at com.sun.enterprise.deployment.BundleDescriptor.findReferencedPUsViaPCRefs(BundleDescriptor.java:711)
	at org.glassfish.ejb.deployment.descriptor.EjbBundleDescriptorImpl.findReferencedPUs(EjbBundleDescriptorImpl.java:846)
	at org.glassfish.persistence.jpa.JPADeployer.createEMFs(JPADeployer.java:162)
	at org.glassfish.persistence.jpa.JPADeployer.prepare(JPADeployer.java:144)
	at com.sun.enterprise.v3.server.ApplicationLifecycle.prepareModule(ApplicationLifecycle.java:901)
	at com.sun.enterprise.v3.server.ApplicationLifecycle.deploy(ApplicationLifecycle.java:410)
	at com.sun.enterprise.v3.server.ApplicationLifecycle.deploy(ApplicationLifecycle.java:195)
	at org.glassfish.deployment.admin.DeployCommand.execute(DeployCommand.java:467)
	at com.sun.enterprise.v3.admin.CommandRunnerImpl$2$1.run(CommandRunnerImpl.java:516)
	at com.sun.enterprise.v3.admin.CommandRunnerImpl$2$1.run(CommandRunnerImpl.java:512)
	at java.base/java.security.AccessController.doPrivileged(Native Method)
	at java.base/javax.security.auth.Subject.doAs(Subject.java:361)
	at com.sun.enterprise.v3.admin.CommandRunnerImpl$2.execute(CommandRunnerImpl.java:511)
	at com.sun.enterprise.v3.admin.CommandRunnerImpl$3.run(CommandRunnerImpl.java:542)
	at com.sun.enterprise.v3.admin.CommandRunnerImpl$3.run(CommandRunnerImpl.java:534)
	at java.base/java.security.AccessController.doPrivileged(Native Method)
	at java.base/javax.security.auth.Subject.doAs(Subject.java:361)
	at com.sun.enterprise.v3.admin.CommandRunnerImpl.doCommand(CommandRunnerImpl.java:533)
	at com.sun.enterprise.v3.admin.CommandRunnerImpl.doCommand(CommandRunnerImpl.java:1441)
	at com.sun.enterprise.v3.admin.CommandRunnerImpl.access$1300(CommandRunnerImpl.java:86)
	at com.sun.enterprise.v3.admin.CommandRunnerImpl$ExecutionContext.execute(CommandRunnerImpl.java:1823)
	at com.sun.enterprise.v3.admin.CommandRunnerImpl$ExecutionContext.execute(CommandRunnerImpl.java:1699)
	at com.sun.enterprise.admin.cli.embeddable.DeployerImpl.deploy(DeployerImpl.java:109)
	at com.sun.enterprise.admin.cli.embeddable.DeployerImpl.deploy(DeployerImpl.java:85)
	at org.glassfish.ejb.embedded.EJBContainerImpl.deploy(EJBContainerImpl.java:114)
	at org.glassfish.ejb.embedded.EJBContainerProviderImpl.createEJBContainer(EJBContainerProviderImpl.java:110)
	at javax.ejb.embeddable.EJBContainer.createEJBContainer(EJBContainer.java:103)
	at SuiteTest.setUpClass(SuiteTest.java:27)
	at java.base/jdk.internal.reflect.NativeMethodAccessorImpl.invoke0(Native Method)
	at java.base/jdk.internal.reflect.NativeMethodAccessorImpl.invoke(NativeMethodAccessorImpl.java:62)
	at java.base/jdk.internal.reflect.DelegatingMethodAccessorImpl.invoke(DelegatingMethodAccessorImpl.java:43)
	at java.base/java.lang.reflect.Method.invoke(Method.java:566)
	at org.junit.runners.model.FrameworkMethod$1.runReflectiveCall(FrameworkMethod.java:59)
	at org.junit.internal.runners.model.ReflectiveCallable.run(ReflectiveCallable.java:12)
	at org.junit.runners.model.FrameworkMethod.invokeExplosively(FrameworkMethod.java:56)
	at org.junit.internal.runners.statements.RunBefores.invokeMethod(RunBefores.java:33)
	at org.junit.internal.runners.statements.RunBefores.evaluate(RunBefores.java:24)
	at org.junit.internal.runners.statements.RunAfters.evaluate(RunAfters.java:27)
	at org.junit.runners.ParentRunner$3.evaluate(ParentRunner.java:306)
	at org.junit.runners.ParentRunner.run(ParentRunner.java:413)
	at org.apache.maven.surefire.junit4.JUnit4Provider.execute(JUnit4Provider.java:252)
	at org.apache.maven.surefire.junit4.JUnit4Provider.executeTestSet(JUnit4Provider.java:141)
	at org.apache.maven.surefire.junit4.JUnit4Provider.invoke(JUnit4Provider.java:112)
	at java.base/jdk.internal.reflect.NativeMethodAccessorImpl.invoke0(Native Method)
	at java.base/jdk.internal.reflect.NativeMethodAccessorImpl.invoke(NativeMethodAccessorImpl.java:62)
	at java.base/jdk.internal.reflect.DelegatingMethodAccessorImpl.invoke(DelegatingMethodAccessorImpl.java:43)
	at java.base/java.lang.reflect.Method.invoke(Method.java:566)
	at org.apache.maven.surefire.util.ReflectionUtils.invokeMethodWithArray(ReflectionUtils.java:189)
	at org.apache.maven.surefire.booter.ProviderFactory$ProviderProxy.invoke(ProviderFactory.java:165)
	at org.apache.maven.surefire.booter.ProviderFactory.invokeProvider(ProviderFactory.java:85)
	at org.apache.maven.surefire.booter.ForkedBooter.runSuitesInProcess(ForkedBooter.java:115)
	at org.apache.maven.surefire.booter.ForkedBooter.main(ForkedBooter.java:75)
Apr 28, 2022 3:57:00 PM org.glassfish.api.ActionReport failure
SEVERE: Exception while preparing the app
Apr 28, 2022 3:57:00 PM com.sun.enterprise.v3.server.ApplicationLifecycle deploy
SEVERE: Exception during lifecycle processing
java.lang.RuntimeException: The persistence-context-ref-name [eBuryEJB] in module [classes] resolves to a persistence unit called [eBuryTest] which is of type RESOURCE_LOCAL. Only persistence units with transaction type JTA can be used as a container managed entity manager. Please verify your application.
	at com.sun.enterprise.deployment.BundleDescriptor.findReferencedPUViaEMRef(BundleDescriptor.java:730)
	at com.sun.enterprise.deployment.BundleDescriptor.findReferencedPUsViaPCRefs(BundleDescriptor.java:711)
	at org.glassfish.ejb.deployment.descriptor.EjbBundleDescriptorImpl.findReferencedPUs(EjbBundleDescriptorImpl.java:846)
	at org.glassfish.persistence.jpa.JPADeployer.createEMFs(JPADeployer.java:162)
	at org.glassfish.persistence.jpa.JPADeployer.prepare(JPADeployer.java:144)
	at com.sun.enterprise.v3.server.ApplicationLifecycle.prepareModule(ApplicationLifecycle.java:901)
	at com.sun.enterprise.v3.server.ApplicationLifecycle.deploy(ApplicationLifecycle.java:410)
	at com.sun.enterprise.v3.server.ApplicationLifecycle.deploy(ApplicationLifecycle.java:195)
	at org.glassfish.deployment.admin.DeployCommand.execute(DeployCommand.java:467)
	at com.sun.enterprise.v3.admin.CommandRunnerImpl$2$1.run(CommandRunnerImpl.java:516)
	at com.sun.enterprise.v3.admin.CommandRunnerImpl$2$1.run(CommandRunnerImpl.java:512)
	at java.base/java.security.AccessController.doPrivileged(Native Method)
	at java.base/javax.security.auth.Subject.doAs(Subject.java:361)
	at com.sun.enterprise.v3.admin.CommandRunnerImpl$2.execute(CommandRunnerImpl.java:511)
	at com.sun.enterprise.v3.admin.CommandRunnerImpl$3.run(CommandRunnerImpl.java:542)
	at com.sun.enterprise.v3.admin.CommandRunnerImpl$3.run(CommandRunnerImpl.java:534)
	at java.base/java.security.AccessController.doPrivileged(Native Method)
	at java.base/javax.security.auth.Subject.doAs(Subject.java:361)
	at com.sun.enterprise.v3.admin.CommandRunnerImpl.doCommand(CommandRunnerImpl.java:533)
	at com.sun.enterprise.v3.admin.CommandRunnerImpl.doCommand(CommandRunnerImpl.java:1441)
	at com.sun.enterprise.v3.admin.CommandRunnerImpl.access$1300(CommandRunnerImpl.java:86)
	at com.sun.enterprise.v3.admin.CommandRunnerImpl$ExecutionContext.execute(CommandRunnerImpl.java:1823)
	at com.sun.enterprise.v3.admin.CommandRunnerImpl$ExecutionContext.execute(CommandRunnerImpl.java:1699)
	at com.sun.enterprise.admin.cli.embeddable.DeployerImpl.deploy(DeployerImpl.java:109)
	at com.sun.enterprise.admin.cli.embeddable.DeployerImpl.deploy(DeployerImpl.java:85)
	at org.glassfish.ejb.embedded.EJBContainerImpl.deploy(EJBContainerImpl.java:114)
	at org.glassfish.ejb.embedded.EJBContainerProviderImpl.createEJBContainer(EJBContainerProviderImpl.java:110)
	at javax.ejb.embeddable.EJBContainer.createEJBContainer(EJBContainer.java:103)
	at SuiteTest.setUpClass(SuiteTest.java:27)
	at java.base/jdk.internal.reflect.NativeMethodAccessorImpl.invoke0(Native Method)
	at java.base/jdk.internal.reflect.NativeMethodAccessorImpl.invoke(NativeMethodAccessorImpl.java:62)
	at java.base/jdk.internal.reflect.DelegatingMethodAccessorImpl.invoke(DelegatingMethodAccessorImpl.java:43)
	at java.base/java.lang.reflect.Method.invoke(Method.java:566)
	at org.junit.runners.model.FrameworkMethod$1.runReflectiveCall(FrameworkMethod.java:59)
	at org.junit.internal.runners.model.ReflectiveCallable.run(ReflectiveCallable.java:12)
	at org.junit.runners.model.FrameworkMethod.invokeExplosively(FrameworkMethod.java:56)
	at org.junit.internal.runners.statements.RunBefores.invokeMethod(RunBefores.java:33)
	at org.junit.internal.runners.statements.RunBefores.evaluate(RunBefores.java:24)
	at org.junit.internal.runners.statements.RunAfters.evaluate(RunAfters.java:27)
	at org.junit.runners.ParentRunner$3.evaluate(ParentRunner.java:306)
	at org.junit.runners.ParentRunner.run(ParentRunner.java:413)
	at org.apache.maven.surefire.junit4.JUnit4Provider.execute(JUnit4Provider.java:252)
	at org.apache.maven.surefire.junit4.JUnit4Provider.executeTestSet(JUnit4Provider.java:141)
	at org.apache.maven.surefire.junit4.JUnit4Provider.invoke(JUnit4Provider.java:112)
	at java.base/jdk.internal.reflect.NativeMethodAccessorImpl.invoke0(Native Method)
	at java.base/jdk.internal.reflect.NativeMethodAccessorImpl.invoke(NativeMethodAccessorImpl.java:62)
	at java.base/jdk.internal.reflect.DelegatingMethodAccessorImpl.invoke(DelegatingMethodAccessorImpl.java:43)
	at java.base/java.lang.reflect.Method.invoke(Method.java:566)
	at org.apache.maven.surefire.util.ReflectionUtils.invokeMethodWithArray(ReflectionUtils.java:189)
	at org.apache.maven.surefire.booter.ProviderFactory$ProviderProxy.invoke(ProviderFactory.java:165)
	at org.apache.maven.surefire.booter.ProviderFactory.invokeProvider(ProviderFactory.java:85)
	at org.apache.maven.surefire.booter.ForkedBooter.runSuitesInProcess(ForkedBooter.java:115)
	at org.apache.maven.surefire.booter.ForkedBooter.main(ForkedBooter.java:75)

Apr 28, 2022 3:57:00 PM org.glassfish.deployment.admin.DeployCommand execute
SEVERE: Exception while preparing the app : The persistence-context-ref-name [eBuryEJB] in module [classes] resolves to a persistence unit called [eBuryTest] which is of type RESOURCE_LOCAL. Only persistence units with transaction type JTA can be used as a container managed entity manager. Please verify your application.
Apr 28, 2022 3:57:06 PM com.sun.enterprise.v3.server.ReadableArchiveScannerAdapter handleEntry
SEVERE: Invalid InputStream returned for org/eclipse/persistence/internal/security/PrivilegedGetFieldType.class
Apr 28, 2022 3:57:06 PM com.sun.enterprise.v3.server.ReadableArchiveScannerAdapter handleEntry
SEVERE: Invalid InputStream returned for org/eclipse/persistence/internal/security/PrivilegedGetMethod.class
Apr 28, 2022 3:57:06 PM com.sun.enterprise.v3.server.ReadableArchiveScannerAdapter handleEntry
SEVERE: Invalid InputStream returned for org/eclipse/persistence/internal/security/PrivilegedGetMethodParameterTypes.class
Apr 28, 2022 3:57:06 PM com.sun.enterprise.v3.server.ReadableArchiveScannerAdapter handleEntry
SEVERE: Invalid InputStream returned for org/eclipse/persistence/internal/security/PrivilegedGetMethodReturnType.class
Apr 28, 2022 3:57:06 PM com.sun.enterprise.v3.server.ReadableArchiveScannerAdapter handleEntry
SEVERE: Invalid InputStream returned for org/eclipse/persistence/internal/security/PrivilegedGetMethods.class
Apr 28, 2022 3:57:06 PM com.sun.enterprise.v3.server.ReadableArchiveScannerAdapter handleEntry
SEVERE: Invalid InputStream returned for org/eclipse/persistence/internal/security/PrivilegedGetSystemProperty.class
Apr 28, 2022 3:57:06 PM com.sun.enterprise.v3.server.ReadableArchiveScannerAdapter handleEntry
SEVERE: Invalid InputStream returned for org/eclipse/persistence/internal/security/PrivilegedGetValueFromField.class
Apr 28, 2022 3:57:06 PM com.sun.enterprise.v3.server.ReadableArchiveScannerAdapter handleEntry
SEVERE: Invalid InputStream returned for org/eclipse/persistence/internal/security/PrivilegedInvokeConstructor.class
Apr 28, 2022 3:57:06 PM com.sun.enterprise.v3.server.ReadableArchiveScannerAdapter handleEntry
SEVERE: Invalid InputStream returned for org/eclipse/persistence/internal/security/PrivilegedMethodInvoker.class
Apr 28, 2022 3:57:06 PM com.sun.enterprise.v3.server.ReadableArchiveScannerAdapter handleEntry
SEVERE: Invalid InputStream returned for org/eclipse/persistence/internal/security/PrivilegedNewInstanceFromClass.class
Apr 28, 2022 3:57:06 PM com.sun.enterprise.v3.server.ReadableArchiveScannerAdapter handleEntry
SEVERE: Invalid InputStream returned for org/eclipse/persistence/internal/security/PrivilegedSetValueInField.class
Apr 28, 2022 3:57:06 PM com.sun.enterprise.v3.server.ReadableArchiveScannerAdapter handleEntry
SEVERE: Invalid InputStream returned for org/eclipse/persistence/internal/security/Securable.class
Apr 28, 2022 3:57:06 PM com.sun.enterprise.v3.server.ReadableArchiveScannerAdapter handleEntry
SEVERE: Invalid InputStream returned for org/eclipse/persistence/internal/security/SecurableObjectHolder$PassThroughEncryptor.class
Apr 28, 2022 3:57:06 PM com.sun.enterprise.v3.server.ReadableArchiveScannerAdapter handleEntry
SEVERE: Invalid InputStream returned for org/eclipse/persistence/internal/security/SecurableObjectHolder.class
Apr 28, 2022 3:57:06 PM com.sun.enterprise.v3.server.ReadableArchiveScannerAdapter handleEntry
SEVERE: Invalid InputStream returned for org/eclipse/persistence/internal/sequencing/ClientSessionSequencing.class
Apr 28, 2022 3:57:06 PM com.sun.enterprise.v3.server.ReadableArchiveScannerAdapter handleEntry
SEVERE: Invalid InputStream returned for org/eclipse/persistence/internal/sequencing/DatabaseSessionConnectionHandler.class
Apr 28, 2022 3:57:06 PM com.sun.enterprise.v3.server.ReadableArchiveScannerAdapter handleEntry
SEVERE: Invalid InputStream returned for org/eclipse/persistence/internal/sequencing/PreallocationHandler.class
Apr 28, 2022 3:57:06 PM com.sun.enterprise.v3.server.ReadableArchiveScannerAdapter handleEntry
SEVERE: Invalid InputStream returned for org/eclipse/persistence/internal/sequencing/RemoteConnectionSequencing.class
Apr 28, 2022 3:57:06 PM com.sun.enterprise.v3.server.ReadableArchiveScannerAdapter handleEntry
SEVERE: Invalid InputStream returned for org/eclipse/persistence/internal/sequencing/Sequencing.class
Apr 28, 2022 3:57:06 PM com.sun.enterprise.v3.server.ReadableArchiveScannerAdapter handleEntry
SEVERE: Invalid InputStream returned for org/eclipse/persistence/internal/sequencing/SequencingCallback.class
Apr 28, 2022 3:57:06 PM com.sun.enterprise.v3.server.ReadableArchiveScannerAdapter handleEntry
SEVERE: Invalid InputStream returned for org/eclipse/persistence/internal/sequencing/SequencingCallbackFactory.class
Apr 28, 2022 3:57:06 PM com.sun.enterprise.v3.server.ReadableArchiveScannerAdapter handleEntry
SEVERE: Invalid InputStream returned for org/eclipse/persistence/internal/sequencing/SequencingConnectionHandler.class
Apr 28, 2022 3:57:06 PM com.sun.enterprise.v3.server.ReadableArchiveScannerAdapter handleEntry
SEVERE: Invalid InputStream returned for org/eclipse/persistence/internal/sequencing/SequencingFactory.class
Apr 28, 2022 3:57:06 PM com.sun.enterprise.v3.server.ReadableArchiveScannerAdapter handleEntry
SEVERE: Invalid InputStream returned for org/eclipse/persistence/internal/sequencing/SequencingHome.class
Apr 28, 2022 3:57:06 PM com.sun.enterprise.v3.server.ReadableArchiveScannerAdapter handleEntry
SEVERE: Invalid InputStream returned for org/eclipse/persistence/internal/sequencing/SequencingLogInOut.class
Apr 28, 2022 3:57:06 PM com.sun.enterprise.v3.server.ReadableArchiveScannerAdapter handleEntry
SEVERE: Invalid InputStream returned for org/eclipse/persistence/internal/sequencing/SequencingManager$NoPreallocation_State.class
Apr 28, 2022 3:57:06 PM com.sun.enterprise.v3.server.ReadableArchiveScannerAdapter handleEntry
SEVERE: Invalid InputStream returned for org/eclipse/persistence/internal/sequencing/SequencingManager$Preallocation_NoTransaction_State.class
Apr 28, 2022 3:57:06 PM com.sun.enterprise.v3.server.ReadableArchiveScannerAdapter handleEntry
SEVERE: Invalid InputStream returned for org/eclipse/persistence/internal/sequencing/SequencingManager$Preallocation_Transaction_Accessor_State.class
Apr 28, 2022 3:57:06 PM com.sun.enterprise.v3.server.ReadableArchiveScannerAdapter handleEntry
SEVERE: Invalid InputStream returned for org/eclipse/persistence/internal/sequencing/SequencingManager$Preallocation_Transaction_NoAccessor_State$SequencingCallbackImpl.class
Apr 28, 2022 3:57:06 PM com.sun.enterprise.v3.server.ReadableArchiveScannerAdapter handleEntry
SEVERE: Invalid InputStream returned for org/eclipse/persistence/internal/sequencing/SequencingManager$Preallocation_Transaction_NoAccessor_State.class
Apr 28, 2022 3:57:06 PM com.sun.enterprise.v3.server.ReadableArchiveScannerAdapter handleEntry
SEVERE: Invalid InputStream returned for org/eclipse/persistence/internal/sequencing/SequencingManager$State.class
Apr 28, 2022 3:57:06 PM com.sun.enterprise.v3.server.ReadableArchiveScannerAdapter handleEntry
SEVERE: Invalid InputStream returned for org/eclipse/persistence/internal/sequencing/SequencingManager.class
Apr 28, 2022 3:57:06 PM com.sun.enterprise.v3.server.ReadableArchiveScannerAdapter handleEntry
SEVERE: Invalid InputStream returned for org/eclipse/persistence/internal/sequencing/SequencingServer.class
Apr 28, 2022 3:57:06 PM com.sun.enterprise.v3.server.ReadableArchiveScannerAdapter handleEntry
SEVERE: Invalid InputStream returned for org/eclipse/persistence/internal/sequencing/ServerSessionConnectionHandler.class
Apr 28, 2022 3:57:06 PM com.sun.enterprise.v3.server.ReadableArchiveScannerAdapter handleEntry
SEVERE: Invalid InputStream returned for org/eclipse/persistence/internal/sequencing/SessionBrokerSequencing.class
Apr 28, 2022 3:57:06 PM com.sun.enterprise.v3.server.ReadableArchiveScannerAdapter handleEntry
SEVERE: Invalid InputStream returned for org/eclipse/persistence/internal/sessions/AbstractRecord$EntrySet.class
Apr 28, 2022 3:57:06 PM com.sun.enterprise.v3.server.ReadableArchiveScannerAdapter handleEntry
SEVERE: Invalid InputStream returned for org/eclipse/persistence/internal/sessions/AbstractRecord$KeySet.class
Apr 28, 2022 3:57:06 PM com.sun.enterprise.v3.server.ReadableArchiveScannerAdapter handleEntry
SEVERE: Invalid InputStream returned for org/eclipse/persistence/internal/sessions/AbstractRecord$NoEntry.class
Apr 28, 2022 3:57:06 PM com.sun.enterprise.v3.server.ReadableArchiveScannerAdapter handleEntry
SEVERE: Invalid InputStream returned for org/eclipse/persistence/internal/sessions/AbstractRecord$RecordEntry.class
Apr 28, 2022 3:57:06 PM com.sun.enterprise.v3.server.ReadableArchiveScannerAdapter handleEntry
SEVERE: Invalid InputStream returned for org/eclipse/persistence/internal/sessions/AbstractRecord$RecordEntryIterator.class
Apr 28, 2022 3:57:06 PM com.sun.enterprise.v3.server.ReadableArchiveScannerAdapter handleEntry
SEVERE: Invalid InputStream returned for org/eclipse/persistence/internal/sessions/AbstractRecord$RecordKeyIterator.class
Apr 28, 2022 3:57:06 PM com.sun.enterprise.v3.server.ReadableArchiveScannerAdapter handleEntry
SEVERE: Invalid InputStream returned for org/eclipse/persistence/internal/sessions/AbstractRecord$RecordValuesIterator.class
Apr 28, 2022 3:57:06 PM com.sun.enterprise.v3.server.ReadableArchiveScannerAdapter handleEntry
SEVERE: Invalid InputStream returned for org/eclipse/persistence/internal/sessions/AbstractRecord$ValuesSet.class
Apr 28, 2022 3:57:06 PM com.sun.enterprise.v3.server.ReadableArchiveScannerAdapter handleEntry
SEVERE: Invalid InputStream returned for org/eclipse/persistence/internal/sessions/AbstractRecord.class
Apr 28, 2022 3:57:06 PM com.sun.enterprise.v3.server.ReadableArchiveScannerAdapter handleEntry
SEVERE: Invalid InputStream returned for org/eclipse/persistence/internal/sessions/AbstractSession.class
Apr 28, 2022 3:57:06 PM com.sun.enterprise.v3.server.ReadableArchiveScannerAdapter handleEntry
SEVERE: Invalid InputStream returned for org/eclipse/persistence/internal/sessions/AggregateChangeRecord.class
Apr 28, 2022 3:57:07 PM com.sun.enterprise.v3.server.ReadableArchiveScannerAdapter handleEntry
SEVERE: Invalid InputStream returned for org/eclipse/persistence/internal/sessions/AggregateCollectionChangeRecord.class
Apr 28, 2022 3:57:07 PM com.sun.enterprise.v3.server.ReadableArchiveScannerAdapter handleEntry
SEVERE: Invalid InputStream returned for org/eclipse/persistence/internal/sessions/AggregateObjectChangeSet.class
Apr 28, 2022 3:57:07 PM com.sun.enterprise.v3.server.ReadableArchiveScannerAdapter handleEntry
SEVERE: Invalid InputStream returned for org/eclipse/persistence/internal/sessions/ArrayRecord.class
Apr 28, 2022 3:57:07 PM com.sun.enterprise.v3.server.ReadableArchiveScannerAdapter handleEntry
SEVERE: Invalid InputStream returned for org/eclipse/persistence/internal/sessions/cdi/DisabledInjectionManager.class
Apr 28, 2022 3:57:07 PM com.sun.enterprise.v3.server.ReadableArchiveScannerAdapter handleEntry
SEVERE: Invalid InputStream returned for org/eclipse/persistence/internal/sessions/cdi/InjectionManager.class
Apr 28, 2022 3:57:07 PM com.sun.enterprise.v3.server.ReadableArchiveScannerAdapter handleEntry
SEVERE: Invalid InputStream returned for org/eclipse/persistence/internal/sessions/cdi/InjectionManagerImpl.class
Apr 28, 2022 3:57:07 PM com.sun.enterprise.v3.server.ReadableArchiveScannerAdapter handleEntry
SEVERE: Invalid InputStream returned for org/eclipse/persistence/internal/sessions/ChangeRecord.class
Apr 28, 2022 3:57:07 PM com.sun.enterprise.v3.server.ReadableArchiveScannerAdapter handleEntry
SEVERE: Invalid InputStream returned for org/eclipse/persistence/internal/sessions/ClientSessionIdentityMapAccessor.class
Apr 28, 2022 3:57:07 PM com.sun.enterprise.v3.server.ReadableArchiveScannerAdapter handleEntry
SEVERE: Invalid InputStream returned for org/eclipse/persistence/internal/sessions/CollectionChangeRecord.class
Apr 28, 2022 3:57:07 PM com.sun.enterprise.v3.server.ReadableArchiveScannerAdapter handleEntry
SEVERE: Invalid InputStream returned for org/eclipse/persistence/internal/sessions/CommitManager.class
Apr 28, 2022 3:57:07 PM com.sun.enterprise.v3.server.ReadableArchiveScannerAdapter handleEntry
SEVERE: Invalid InputStream returned for org/eclipse/persistence/internal/sessions/CommitOrderCalculator.class
Apr 28, 2022 3:57:07 PM com.sun.enterprise.v3.server.ReadableArchiveScannerAdapter handleEntry
SEVERE: Invalid InputStream returned for org/eclipse/persistence/internal/sessions/CommitOrderDependencyNode.class
Apr 28, 2022 3:57:07 PM com.sun.enterprise.v3.server.ReadableArchiveScannerAdapter handleEntry
SEVERE: Invalid InputStream returned for org/eclipse/persistence/internal/sessions/coordination/broadcast/BroadcastRemoteConnection.class
Apr 28, 2022 3:57:07 PM com.sun.enterprise.v3.server.ReadableArchiveScannerAdapter handleEntry
SEVERE: Invalid InputStream returned for org/eclipse/persistence/internal/sessions/coordination/CommandPropagator.class
Apr 28, 2022 3:57:07 PM com.sun.enterprise.v3.server.ReadableArchiveScannerAdapter handleEntry
SEVERE: Invalid InputStream returned for org/eclipse/persistence/internal/sessions/coordination/ConnectToHostCommand.class
Apr 28, 2022 3:57:07 PM com.sun.enterprise.v3.server.ReadableArchiveScannerAdapter handleEntry
SEVERE: Invalid InputStream returned for org/eclipse/persistence/internal/sessions/coordination/corba/CORBAConnection.class
Apr 28, 2022 3:57:07 PM com.sun.enterprise.v3.server.ReadableArchiveScannerAdapter handleEntry
SEVERE: Invalid InputStream returned for org/eclipse/persistence/internal/sessions/coordination/corba/CORBARemoteCommandConnection.class
Apr 28, 2022 3:57:07 PM com.sun.enterprise.v3.server.ReadableArchiveScannerAdapter handleEntry
SEVERE: Invalid InputStream returned for org/eclipse/persistence/internal/sessions/coordination/corba/sun/CommandDataHelper.class
Apr 28, 2022 3:57:07 PM com.sun.enterprise.v3.server.ReadableArchiveScannerAdapter handleEntry
SEVERE: Invalid InputStream returned for org/eclipse/persistence/internal/sessions/coordination/corba/sun/CommandDataHolder.class
Apr 28, 2022 3:57:07 PM com.sun.enterprise.v3.server.ReadableArchiveScannerAdapter handleEntry
SEVERE: Invalid InputStream returned for org/eclipse/persistence/internal/sessions/coordination/corba/sun/SunCORBAConnection.class
Apr 28, 2022 3:57:07 PM com.sun.enterprise.v3.server.ReadableArchiveScannerAdapter handleEntry
SEVERE: Invalid InputStream returned for org/eclipse/persistence/internal/sessions/coordination/corba/sun/SunCORBAConnectionHelper.class
Apr 28, 2022 3:57:07 PM com.sun.enterprise.v3.server.ReadableArchiveScannerAdapter handleEntry
SEVERE: Invalid InputStream returned for org/eclipse/persistence/internal/sessions/coordination/corba/sun/SunCORBAConnectionHolder.class
Apr 28, 2022 3:57:07 PM com.sun.enterprise.v3.server.ReadableArchiveScannerAdapter handleEntry
SEVERE: Invalid InputStream returned for org/eclipse/persistence/internal/sessions/coordination/corba/sun/SunCORBAConnectionImpl.class
Apr 28, 2022 3:57:07 PM com.sun.enterprise.v3.server.ReadableArchiveScannerAdapter handleEntry
SEVERE: Invalid InputStream returned for org/eclipse/persistence/internal/sessions/coordination/corba/sun/SunCORBAConnectionOperations.class
Apr 28, 2022 3:57:07 PM com.sun.enterprise.v3.server.ReadableArchiveScannerAdapter handleEntry
SEVERE: Invalid InputStream returned for org/eclipse/persistence/internal/sessions/coordination/corba/sun/_SunCORBAConnectionImplBase.class
Apr 28, 2022 3:57:07 PM com.sun.enterprise.v3.server.ReadableArchiveScannerAdapter handleEntry
SEVERE: Invalid InputStream returned for org/eclipse/persistence/internal/sessions/coordination/corba/sun/_SunCORBAConnectionStub.class
Apr 28, 2022 3:57:07 PM com.sun.enterprise.v3.server.ReadableArchiveScannerAdapter handleEntry
SEVERE: Invalid InputStream returned for org/eclipse/persistence/internal/sessions/coordination/jms/JMSTopicRemoteConnection$JMSOnMessageHelper.class
Apr 28, 2022 3:57:07 PM com.sun.enterprise.v3.server.ReadableArchiveScannerAdapter handleEntry
SEVERE: Invalid InputStream returned for org/eclipse/persistence/internal/sessions/coordination/jms/JMSTopicRemoteConnection.class
Apr 28, 2022 3:57:07 PM com.sun.enterprise.v3.server.ReadableArchiveScannerAdapter handleEntry
SEVERE: Invalid InputStream returned for org/eclipse/persistence/internal/sessions/coordination/MetadataRefreshCommand.class
Apr 28, 2022 3:57:07 PM com.sun.enterprise.v3.server.ReadableArchiveScannerAdapter handleEntry
SEVERE: Invalid InputStream returned for org/eclipse/persistence/internal/sessions/coordination/RCMCommand.class
Apr 28, 2022 3:57:07 PM com.sun.enterprise.v3.server.ReadableArchiveScannerAdapter handleEntry
SEVERE: Invalid InputStream returned for org/eclipse/persistence/internal/sessions/coordination/RemoteConnection.class
Apr 28, 2022 3:57:07 PM com.sun.enterprise.v3.server.ReadableArchiveScannerAdapter handleEntry
SEVERE: Invalid InputStream returned for org/eclipse/persistence/internal/sessions/coordination/rmi/iiop/RMIRemoteCommandConnectionImpl.class
Apr 28, 2022 3:57:07 PM com.sun.enterprise.v3.server.ReadableArchiveScannerAdapter handleEntry
SEVERE: Invalid InputStream returned for org/eclipse/persistence/internal/sessions/coordination/rmi/iiop/_RMIRemoteCommandConnectionImpl_Tie.class
Apr 28, 2022 3:57:07 PM com.sun.enterprise.v3.server.ReadableArchiveScannerAdapter handleEntry
SEVERE: Invalid InputStream returned for org/eclipse/persistence/internal/sessions/coordination/rmi/RMIRemoteCommandConnection.class
Apr 28, 2022 3:57:07 PM com.sun.enterprise.v3.server.ReadableArchiveScannerAdapter handleEntry
SEVERE: Invalid InputStream returned for org/eclipse/persistence/internal/sessions/coordination/rmi/RMIRemoteCommandConnectionImpl.class
Apr 28, 2022 3:57:07 PM com.sun.enterprise.v3.server.ReadableArchiveScannerAdapter handleEntry
SEVERE: Invalid InputStream returned for org/eclipse/persistence/internal/sessions/coordination/rmi/RMIRemoteConnection.class
Apr 28, 2022 3:57:07 PM com.sun.enterprise.v3.server.ReadableArchiveScannerAdapter handleEntry
SEVERE: Invalid InputStream returned for org/eclipse/persistence/internal/sessions/coordination/rmi/_RMIRemoteCommandConnection_Stub.class
Apr 28, 2022 3:57:07 PM com.sun.enterprise.v3.server.ReadableArchiveScannerAdapter handleEntry
SEVERE: Invalid InputStream returned for org/eclipse/persistence/internal/sessions/coordination/ServiceAnnouncement.class
Apr 28, 2022 3:57:07 PM com.sun.enterprise.v3.server.ReadableArchiveScannerAdapter handleEntry
SEVERE: Invalid InputStream returned for org/eclipse/persistence/internal/sessions/DatabaseSessionImpl.class
Apr 28, 2022 3:57:07 PM com.sun.enterprise.v3.server.ReadableArchiveScannerAdapter handleEntry
SEVERE: Invalid InputStream returned for org/eclipse/persistence/internal/sessions/DeferrableChangeRecord.class
Apr 28, 2022 3:57:07 PM com.sun.enterprise.v3.server.ReadableArchiveScannerAdapter handleEntry
SEVERE: Invalid InputStream returned for org/eclipse/persistence/internal/sessions/DirectCollectionChangeRecord$NULL.class
Apr 28, 2022 3:57:07 PM com.sun.enterprise.v3.server.ReadableArchiveScannerAdapter handleEntry
SEVERE: Invalid InputStream returned for org/eclipse/persistence/internal/sessions/DirectCollectionChangeRecord.class
Apr 28, 2022 3:57:07 PM com.sun.enterprise.v3.server.ReadableArchiveScannerAdapter handleEntry
SEVERE: Invalid InputStream returned for org/eclipse/persistence/internal/sessions/DirectMapChangeRecord.class
Apr 28, 2022 3:57:07 PM com.sun.enterprise.v3.server.ReadableArchiveScannerAdapter handleEntry
SEVERE: Invalid InputStream returned for org/eclipse/persistence/internal/sessions/DirectToFieldChangeRecord.class
Apr 28, 2022 3:57:07 PM com.sun.enterprise.v3.server.ReadableArchiveScannerAdapter handleEntry
SEVERE: Invalid InputStream returned for org/eclipse/persistence/internal/sessions/DistributedSessionIdentityMapAccessor.class
Apr 28, 2022 3:57:07 PM com.sun.enterprise.v3.server.ReadableArchiveScannerAdapter handleEntry
SEVERE: Invalid InputStream returned for org/eclipse/persistence/internal/sessions/EmptyRecord.class
Apr 28, 2022 3:57:07 PM com.sun.enterprise.v3.server.ReadableArchiveScannerAdapter handleEntry
SEVERE: Invalid InputStream returned for org/eclipse/persistence/internal/sessions/ExclusiveIsolatedClientSession.class
Apr 28, 2022 3:57:07 PM com.sun.enterprise.v3.server.ReadableArchiveScannerAdapter handleEntry
SEVERE: Invalid InputStream returned for org/eclipse/persistence/internal/sessions/factories/model/event/SessionEventManagerConfig.class
Apr 28, 2022 3:57:07 PM com.sun.enterprise.v3.server.ReadableArchiveScannerAdapter handleEntry
SEVERE: Invalid InputStream returned for org/eclipse/persistence/internal/sessions/factories/model/log/DefaultSessionLogConfig.class
Apr 28, 2022 3:57:07 PM com.sun.enterprise.v3.server.ReadableArchiveScannerAdapter handleEntry
SEVERE: Invalid InputStream returned for org/eclipse/persistence/internal/sessions/factories/model/log/JavaLogConfig.class
Apr 28, 2022 3:57:07 PM com.sun.enterprise.v3.server.ReadableArchiveScannerAdapter handleEntry
SEVERE: Invalid InputStream returned for org/eclipse/persistence/internal/sessions/factories/model/log/LogConfig.class
Apr 28, 2022 3:57:07 PM com.sun.enterprise.v3.server.ReadableArchiveScannerAdapter handleEntry
SEVERE: Invalid InputStream returned for org/eclipse/persistence/internal/sessions/factories/model/log/LoggingOptionsConfig.class
Apr 28, 2022 3:57:07 PM com.sun.enterprise.v3.server.ReadableArchiveScannerAdapter handleEntry
SEVERE: Invalid InputStream returned for org/eclipse/persistence/internal/sessions/factories/model/log/ServerLogConfig.class
Apr 28, 2022 3:57:07 PM com.sun.enterprise.v3.server.ReadableArchiveScannerAdapter handleEntry
SEVERE: Invalid InputStream returned for org/eclipse/persistence/internal/sessions/factories/model/login/AppendNewElementsOrderingPolicyConfig.class
Apr 28, 2022 3:57:07 PM com.sun.enterprise.v3.server.ReadableArchiveScannerAdapter handleEntry
SEVERE: Invalid InputStream returned for org/eclipse/persistence/internal/sessions/factories/model/login/DatabaseLoginConfig.class
Apr 28, 2022 3:57:07 PM com.sun.enterprise.v3.server.ReadableArchiveScannerAdapter handleEntry
SEVERE: Invalid InputStream returned for org/eclipse/persistence/internal/sessions/factories/model/login/DescriptorLevelDocumentPreservationPolicyConfig.class
Apr 28, 2022 3:57:07 PM com.sun.enterprise.v3.server.ReadableArchiveScannerAdapter handleEntry
SEVERE: Invalid InputStream returned for org/eclipse/persistence/internal/sessions/factories/model/login/DocumentPreservationPolicyConfig.class
Apr 28, 2022 3:57:07 PM com.sun.enterprise.v3.server.ReadableArchiveScannerAdapter handleEntry
SEVERE: Invalid InputStream returned for org/eclipse/persistence/internal/sessions/factories/model/login/EISLoginConfig.class
Apr 28, 2022 3:57:07 PM com.sun.enterprise.v3.server.ReadableArchiveScannerAdapter handleEntry
SEVERE: Invalid InputStream returned for org/eclipse/persistence/internal/sessions/factories/model/login/IgnoreNewElementsOrderingPolicyConfig.class
Apr 28, 2022 3:57:07 PM com.sun.enterprise.v3.server.ReadableArchiveScannerAdapter handleEntry
SEVERE: Invalid InputStream returned for org/eclipse/persistence/internal/sessions/factories/model/login/LoginConfig.class
Apr 28, 2022 3:57:07 PM com.sun.enterprise.v3.server.ReadableArchiveScannerAdapter handleEntry
SEVERE: Invalid InputStream returned for org/eclipse/persistence/internal/sessions/factories/model/login/NodeOrderingPolicyConfig.class
Apr 28, 2022 3:57:07 PM com.sun.enterprise.v3.server.ReadableArchiveScannerAdapter handleEntry
SEVERE: Invalid InputStream returned for org/eclipse/persistence/internal/sessions/factories/model/login/NoDocumentPreservationPolicyConfig.class
Apr 28, 2022 3:57:07 PM com.sun.enterprise.v3.server.ReadableArchiveScannerAdapter handleEntry
SEVERE: Invalid InputStream returned for org/eclipse/persistence/internal/sessions/factories/model/login/RelativePositionOrderingPolicyConfig.class
Apr 28, 2022 3:57:07 PM com.sun.enterprise.v3.server.ReadableArchiveScannerAdapter handleEntry
SEVERE: Invalid InputStream returned for org/eclipse/persistence/internal/sessions/factories/model/login/StructConverterConfig.class
Apr 28, 2022 3:57:07 PM com.sun.enterprise.v3.server.ReadableArchiveScannerAdapter handleEntry
SEVERE: Invalid InputStream returned for org/eclipse/persistence/internal/sessions/factories/model/login/XMLBinderPolicyConfig.class
Apr 28, 2022 3:57:07 PM com.sun.enterprise.v3.server.ReadableArchiveScannerAdapter handleEntry
SEVERE: Invalid InputStream returned for org/eclipse/persistence/internal/sessions/factories/model/login/XMLLoginConfig.class
Apr 28, 2022 3:57:07 PM com.sun.enterprise.v3.server.ReadableArchiveScannerAdapter handleEntry
SEVERE: Invalid InputStream returned for org/eclipse/persistence/internal/sessions/factories/model/platform/CustomServerPlatformConfig.class
Apr 28, 2022 3:57:07 PM com.sun.enterprise.v3.server.ReadableArchiveScannerAdapter handleEntry
SEVERE: Invalid InputStream returned for org/eclipse/persistence/internal/sessions/factories/model/platform/GlassfishPlatformConfig.class
Apr 28, 2022 3:57:07 PM com.sun.enterprise.v3.server.ReadableArchiveScannerAdapter handleEntry
SEVERE: Invalid InputStream returned for org/eclipse/persistence/internal/sessions/factories/model/platform/JBossPlatformConfig.class
Apr 28, 2022 3:57:07 PM com.sun.enterprise.v3.server.ReadableArchiveScannerAdapter handleEntry
SEVERE: Invalid InputStream returned for org/eclipse/persistence/internal/sessions/factories/model/platform/NetWeaver_7_1_PlatformConfig.class
Apr 28, 2022 3:57:07 PM com.sun.enterprise.v3.server.ReadableArchiveScannerAdapter handleEntry
SEVERE: Invalid InputStream returned for org/eclipse/persistence/internal/sessions/factories/model/platform/Oc4jPlatformConfig.class
Apr 28, 2022 3:57:07 PM com.sun.enterprise.v3.server.ReadableArchiveScannerAdapter handleEntry
SEVERE: Invalid InputStream returned for org/eclipse/persistence/internal/sessions/factories/model/platform/ServerPlatformConfig.class
Apr 28, 2022 3:57:07 PM com.sun.enterprise.v3.server.ReadableArchiveScannerAdapter handleEntry
SEVERE: Invalid InputStream returned for org/eclipse/persistence/internal/sessions/factories/model/platform/SunAS9PlatformConfig.class
Apr 28, 2022 3:57:07 PM com.sun.enterprise.v3.server.ReadableArchiveScannerAdapter handleEntry
SEVERE: Invalid InputStream returned for org/eclipse/persistence/internal/sessions/factories/model/platform/WebLogic_10_PlatformConfig.class
Apr 28, 2022 3:57:07 PM com.sun.enterprise.v3.server.ReadableArchiveScannerAdapter handleEntry
SEVERE: Invalid InputStream returned for org/eclipse/persistence/internal/sessions/factories/model/platform/WebLogic_6_1_PlatformConfig.class
Apr 28, 2022 3:57:07 PM com.sun.enterprise.v3.server.ReadableArchiveScannerAdapter handleEntry
SEVERE: Invalid InputStream returned for org/eclipse/persistence/internal/sessions/factories/model/platform/WebLogic_7_0_PlatformConfig.class
Apr 28, 2022 3:57:07 PM com.sun.enterprise.v3.server.ReadableArchiveScannerAdapter handleEntry
SEVERE: Invalid InputStream returned for org/eclipse/persistence/internal/sessions/factories/model/platform/WebLogic_8_1_PlatformConfig.class
Apr 28, 2022 3:57:07 PM com.sun.enterprise.v3.server.ReadableArchiveScannerAdapter handleEntry
SEVERE: Invalid InputStream returned for org/eclipse/persistence/internal/sessions/factories/model/platform/WebLogic_9_PlatformConfig.class
Apr 28, 2022 3:57:07 PM com.sun.enterprise.v3.server.ReadableArchiveScannerAdapter handleEntry
SEVERE: Invalid InputStream returned for org/eclipse/persistence/internal/sessions/factories/model/platform/WebSphere_4_0_PlatformConfig.class
Apr 28, 2022 3:57:07 PM com.sun.enterprise.v3.server.ReadableArchiveScannerAdapter handleEntry
SEVERE: Invalid InputStream returned for org/eclipse/persistence/internal/sessions/factories/model/platform/WebSphere_5_0_PlatformConfig.class
Apr 28, 2022 3:57:07 PM com.sun.enterprise.v3.server.ReadableArchiveScannerAdapter handleEntry
SEVERE: Invalid InputStream returned for org/eclipse/persistence/internal/sessions/factories/model/platform/WebSphere_5_1_PlatformConfig.class
Apr 28, 2022 3:57:07 PM com.sun.enterprise.v3.server.ReadableArchiveScannerAdapter handleEntry
SEVERE: Invalid InputStream returned for org/eclipse/persistence/internal/sessions/factories/model/platform/WebSphere_6_0_PlatformConfig.class
Apr 28, 2022 3:57:07 PM com.sun.enterprise.v3.server.ReadableArchiveScannerAdapter handleEntry
SEVERE: Invalid InputStream returned for org/eclipse/persistence/internal/sessions/factories/model/platform/WebSphere_6_1_PlatformConfig.class
Apr 28, 2022 3:57:07 PM com.sun.enterprise.v3.server.ReadableArchiveScannerAdapter handleEntry
SEVERE: Invalid InputStream returned for org/eclipse/persistence/internal/sessions/factories/model/platform/WebSphere_7_0_PlatformConfig.class
Apr 28, 2022 3:57:07 PM com.sun.enterprise.v3.server.ReadableArchiveScannerAdapter handleEntry
SEVERE: Invalid InputStream returned for org/eclipse/persistence/internal/sessions/factories/model/platform/WebSphere_EJBEmbeddable_PlatformConfig.class
Apr 28, 2022 3:57:07 PM com.sun.enterprise.v3.server.ReadableArchiveScannerAdapter handleEntry
SEVERE: Invalid InputStream returned for org/eclipse/persistence/internal/sessions/factories/model/platform/WebSphere_Liberty_Platform_Config.class
Apr 28, 2022 3:57:07 PM com.sun.enterprise.v3.server.ReadableArchiveScannerAdapter handleEntry
SEVERE: Invalid InputStream returned for org/eclipse/persistence/internal/sessions/factories/model/pool/ConnectionPolicyConfig.class
Apr 28, 2022 3:57:07 PM com.sun.enterprise.v3.server.ReadableArchiveScannerAdapter handleEntry
SEVERE: Invalid InputStream returned for org/eclipse/persistence/internal/sessions/factories/model/pool/ConnectionPoolConfig.class
Apr 28, 2022 3:57:07 PM com.sun.enterprise.v3.server.ReadableArchiveScannerAdapter handleEntry
SEVERE: Invalid InputStream returned for org/eclipse/persistence/internal/sessions/factories/model/pool/PoolsConfig.class
Apr 28, 2022 3:57:07 PM com.sun.enterprise.v3.server.ReadableArchiveScannerAdapter handleEntry
SEVERE: Invalid InputStream returned for org/eclipse/persistence/internal/sessions/factories/model/pool/ReadConnectionPoolConfig.class
Apr 28, 2022 3:57:07 PM com.sun.enterprise.v3.server.ReadableArchiveScannerAdapter handleEntry
SEVERE: Invalid InputStream returned for org/eclipse/persistence/internal/sessions/factories/model/pool/WriteConnectionPoolConfig.class
Apr 28, 2022 3:57:07 PM com.sun.enterprise.v3.server.ReadableArchiveScannerAdapter handleEntry
SEVERE: Invalid InputStream returned for org/eclipse/persistence/internal/sessions/factories/model/project/ProjectClassConfig.class
Apr 28, 2022 3:57:07 PM com.sun.enterprise.v3.server.ReadableArchiveScannerAdapter handleEntry
SEVERE: Invalid InputStream returned for org/eclipse/persistence/internal/sessions/factories/model/project/ProjectConfig.class
Apr 28, 2022 3:57:07 PM com.sun.enterprise.v3.server.ReadableArchiveScannerAdapter handleEntry
SEVERE: Invalid InputStream returned for org/eclipse/persistence/internal/sessions/factories/model/project/ProjectXMLConfig.class
Apr 28, 2022 3:57:07 PM com.sun.enterprise.v3.server.ReadableArchiveScannerAdapter handleEntry
SEVERE: Invalid InputStream returned for org/eclipse/persistence/internal/sessions/factories/model/property/PropertyConfig.class
Apr 28, 2022 3:57:07 PM com.sun.enterprise.v3.server.ReadableArchiveScannerAdapter handleEntry
SEVERE: Invalid InputStream returned for org/eclipse/persistence/internal/sessions/factories/model/rcm/command/CommandsConfig.class
Apr 28, 2022 3:57:07 PM com.sun.enterprise.v3.server.ReadableArchiveScannerAdapter handleEntry
SEVERE: Invalid InputStream returned for org/eclipse/persistence/internal/sessions/factories/model/rcm/RemoteCommandManagerConfig.class
Apr 28, 2022 3:57:07 PM com.sun.enterprise.v3.server.ReadableArchiveScannerAdapter handleEntry
SEVERE: Invalid InputStream returned for org/eclipse/persistence/internal/sessions/factories/model/sequencing/DefaultSequenceConfig.class
Apr 28, 2022 3:57:07 PM com.sun.enterprise.v3.server.ReadableArchiveScannerAdapter handleEntry
SEVERE: Invalid InputStream returned for org/eclipse/persistence/internal/sessions/factories/model/sequencing/NativeSequenceConfig.class
Apr 28, 2022 3:57:07 PM com.sun.enterprise.v3.server.ReadableArchiveScannerAdapter handleEntry
SEVERE: Invalid InputStream returned for org/eclipse/persistence/internal/sessions/factories/model/sequencing/SequenceConfig.class
Apr 28, 2022 3:57:07 PM com.sun.enterprise.v3.server.ReadableArchiveScannerAdapter handleEntry
SEVERE: Invalid InputStream returned for org/eclipse/persistence/internal/sessions/factories/model/sequencing/SequencingConfig.class
Apr 28, 2022 3:57:07 PM com.sun.enterprise.v3.server.ReadableArchiveScannerAdapter handleEntry
SEVERE: Invalid InputStream returned for org/eclipse/persistence/internal/sessions/factories/model/sequencing/TableSequenceConfig.class
Apr 28, 2022 3:57:07 PM com.sun.enterprise.v3.server.ReadableArchiveScannerAdapter handleEntry
SEVERE: Invalid InputStream returned for org/eclipse/persistence/internal/sessions/factories/model/sequencing/UnaryTableSequenceConfig.class
Apr 28, 2022 3:57:07 PM com.sun.enterprise.v3.server.ReadableArchiveScannerAdapter handleEntry
SEVERE: Invalid InputStream returned for org/eclipse/persistence/internal/sessions/factories/model/sequencing/XMLFileSequenceConfig.class
Apr 28, 2022 3:57:07 PM com.sun.enterprise.v3.server.ReadableArchiveScannerAdapter handleEntry
SEVERE: Invalid InputStream returned for org/eclipse/persistence/internal/sessions/factories/model/session/DatabaseSessionConfig.class
Apr 28, 2022 3:57:07 PM com.sun.enterprise.v3.server.ReadableArchiveScannerAdapter handleEntry
SEVERE: Invalid InputStream returned for org/eclipse/persistence/internal/sessions/factories/model/session/ServerSessionConfig.class
Apr 28, 2022 3:57:07 PM com.sun.enterprise.v3.server.ReadableArchiveScannerAdapter handleEntry
SEVERE: Invalid InputStream returned for org/eclipse/persistence/internal/sessions/factories/model/session/SessionBrokerConfig.class
Apr 28, 2022 3:57:07 PM com.sun.enterprise.v3.server.ReadableArchiveScannerAdapter handleEntry
SEVERE: Invalid InputStream returned for org/eclipse/persistence/internal/sessions/factories/model/session/SessionConfig.class
Apr 28, 2022 3:57:07 PM com.sun.enterprise.v3.server.ReadableArchiveScannerAdapter handleEntry
SEVERE: Invalid InputStream returned for org/eclipse/persistence/internal/sessions/factories/model/SessionConfigs.class
Apr 28, 2022 3:57:07 PM com.sun.enterprise.v3.server.ReadableArchiveScannerAdapter handleEntry
SEVERE: Invalid InputStream returned for org/eclipse/persistence/internal/sessions/factories/model/transport/discovery/DiscoveryConfig.class
Apr 28, 2022 3:57:07 PM com.sun.enterprise.v3.server.ReadableArchiveScannerAdapter handleEntry
SEVERE: Invalid InputStream returned for org/eclipse/persistence/internal/sessions/factories/model/transport/JMSPublishingTransportManagerConfig.class
Apr 28, 2022 3:57:07 PM com.sun.enterprise.v3.server.ReadableArchiveScannerAdapter handleEntry
SEVERE: Invalid InputStream returned for org/eclipse/persistence/internal/sessions/factories/model/transport/JMSTopicTransportManagerConfig.class
Apr 28, 2022 3:57:07 PM com.sun.enterprise.v3.server.ReadableArchiveScannerAdapter handleEntry
SEVERE: Invalid InputStream returned for org/eclipse/persistence/internal/sessions/factories/model/transport/naming/JNDINamingServiceConfig.class
Apr 28, 2022 3:57:07 PM com.sun.enterprise.v3.server.ReadableArchiveScannerAdapter handleEntry
SEVERE: Invalid InputStream returned for org/eclipse/persistence/internal/sessions/factories/model/transport/naming/RMIRegistryNamingServiceConfig.class
Apr 28, 2022 3:57:07 PM com.sun.enterprise.v3.server.ReadableArchiveScannerAdapter handleEntry
SEVERE: Invalid InputStream returned for org/eclipse/persistence/internal/sessions/factories/model/transport/Oc4jJGroupsTransportManagerConfig.class
Apr 28, 2022 3:57:07 PM com.sun.enterprise.v3.server.ReadableArchiveScannerAdapter handleEntry
SEVERE: Invalid InputStream returned for org/eclipse/persistence/internal/sessions/factories/model/transport/RMIIIOPTransportManagerConfig.class
Apr 28, 2022 3:57:07 PM com.sun.enterprise.v3.server.ReadableArchiveScannerAdapter handleEntry
SEVERE: Invalid InputStream returned for org/eclipse/persistence/internal/sessions/factories/model/transport/RMITransportManagerConfig.class
Apr 28, 2022 3:57:07 PM com.sun.enterprise.v3.server.ReadableArchiveScannerAdapter handleEntry
SEVERE: Invalid InputStream returned for org/eclipse/persistence/internal/sessions/factories/model/transport/SunCORBATransportManagerConfig.class
Apr 28, 2022 3:57:07 PM com.sun.enterprise.v3.server.ReadableArchiveScannerAdapter handleEntry
SEVERE: Invalid InputStream returned for org/eclipse/persistence/internal/sessions/factories/model/transport/TransportManagerConfig.class
Apr 28, 2022 3:57:07 PM com.sun.enterprise.v3.server.ReadableArchiveScannerAdapter handleEntry
SEVERE: Invalid InputStream returned for org/eclipse/persistence/internal/sessions/factories/model/transport/UserDefinedTransportManagerConfig.class
Apr 28, 2022 3:57:07 PM com.sun.enterprise.v3.server.ReadableArchiveScannerAdapter handleEntry
SEVERE: Invalid InputStream returned for org/eclipse/persistence/internal/sessions/factories/NamespaceResolvableProject.class
Apr 28, 2022 3:57:07 PM com.sun.enterprise.v3.server.ReadableArchiveScannerAdapter handleEntry
SEVERE: Invalid InputStream returned for org/eclipse/persistence/internal/sessions/factories/NamespaceResolverWithPrefixes.class
Apr 28, 2022 3:57:07 PM com.sun.enterprise.v3.server.ReadableArchiveScannerAdapter handleEntry
SEVERE: Invalid InputStream returned for org/eclipse/persistence/internal/sessions/factories/NodeListElementEnumerator.class
Apr 28, 2022 3:57:07 PM com.sun.enterprise.v3.server.ReadableArchiveScannerAdapter handleEntry
SEVERE: Invalid InputStream returned for org/eclipse/persistence/internal/sessions/factories/ObjectPersistenceRuntimeXMLProject$1.class
Apr 28, 2022 3:57:07 PM com.sun.enterprise.v3.server.ReadableArchiveScannerAdapter handleEntry
SEVERE: Invalid InputStream returned for org/eclipse/persistence/internal/sessions/factories/ObjectPersistenceRuntimeXMLProject$10.class
Apr 28, 2022 3:57:07 PM com.sun.enterprise.v3.server.ReadableArchiveScannerAdapter handleEntry
SEVERE: Invalid InputStream returned for org/eclipse/persistence/internal/sessions/factories/ObjectPersistenceRuntimeXMLProject$11.class
Apr 28, 2022 3:57:07 PM com.sun.enterprise.v3.server.ReadableArchiveScannerAdapter handleEntry
SEVERE: Invalid InputStream returned for org/eclipse/persistence/internal/sessions/factories/ObjectPersistenceRuntimeXMLProject$12.class
Apr 28, 2022 3:57:07 PM com.sun.enterprise.v3.server.ReadableArchiveScannerAdapter handleEntry
SEVERE: Invalid InputStream returned for org/eclipse/persistence/internal/sessions/factories/ObjectPersistenceRuntimeXMLProject$13.class
Apr 28, 2022 3:57:07 PM com.sun.enterprise.v3.server.ReadableArchiveScannerAdapter handleEntry
SEVERE: Invalid InputStream returned for org/eclipse/persistence/internal/sessions/factories/ObjectPersistenceRuntimeXMLProject$14.class
Apr 28, 2022 3:57:07 PM com.sun.enterprise.v3.server.ReadableArchiveScannerAdapter handleEntry
SEVERE: Invalid InputStream returned for org/eclipse/persistence/internal/sessions/factories/ObjectPersistenceRuntimeXMLProject$15.class
Apr 28, 2022 3:57:07 PM com.sun.enterprise.v3.server.ReadableArchiveScannerAdapter handleEntry
SEVERE: Invalid InputStream returned for org/eclipse/persistence/internal/sessions/factories/ObjectPersistenceRuntimeXMLProject$16.class
Apr 28, 2022 3:57:07 PM com.sun.enterprise.v3.server.ReadableArchiveScannerAdapter handleEntry
SEVERE: Invalid InputStream returned for org/eclipse/persistence/internal/sessions/factories/ObjectPersistenceRuntimeXMLProject$17.class
Apr 28, 2022 3:57:07 PM com.sun.enterprise.v3.server.ReadableArchiveScannerAdapter handleEntry
SEVERE: Invalid InputStream returned for org/eclipse/persistence/internal/sessions/factories/ObjectPersistenceRuntimeXMLProject$18.class
Apr 28, 2022 3:57:07 PM com.sun.enterprise.v3.server.ReadableArchiveScannerAdapter handleEntry
SEVERE: Invalid InputStream returned for org/eclipse/persistence/internal/sessions/factories/ObjectPersistenceRuntimeXMLProject$19.class
Apr 28, 2022 3:57:07 PM com.sun.enterprise.v3.server.ReadableArchiveScannerAdapter handleEntry
SEVERE: Invalid InputStream returned for org/eclipse/persistence/internal/sessions/factories/ObjectPersistenceRuntimeXMLProject$2.class
Apr 28, 2022 3:57:07 PM com.sun.enterprise.v3.server.ReadableArchiveScannerAdapter handleEntry
SEVERE: Invalid InputStream returned for org/eclipse/persistence/internal/sessions/factories/ObjectPersistenceRuntimeXMLProject$20.class
Apr 28, 2022 3:57:07 PM com.sun.enterprise.v3.server.ReadableArchiveScannerAdapter handleEntry
SEVERE: Invalid InputStream returned for org/eclipse/persistence/internal/sessions/factories/ObjectPersistenceRuntimeXMLProject$21.class
Apr 28, 2022 3:57:07 PM com.sun.enterprise.v3.server.ReadableArchiveScannerAdapter handleEntry
SEVERE: Invalid InputStream returned for org/eclipse/persistence/internal/sessions/factories/ObjectPersistenceRuntimeXMLProject$22.class
Apr 28, 2022 3:57:07 PM com.sun.enterprise.v3.server.ReadableArchiveScannerAdapter handleEntry
SEVERE: Invalid InputStream returned for org/eclipse/persistence/internal/sessions/factories/ObjectPersistenceRuntimeXMLProject$23.class
Apr 28, 2022 3:57:07 PM com.sun.enterprise.v3.server.ReadableArchiveScannerAdapter handleEntry
SEVERE: Invalid InputStream returned for org/eclipse/persistence/internal/sessions/factories/ObjectPersistenceRuntimeXMLProject$24.class
Apr 28, 2022 3:57:07 PM com.sun.enterprise.v3.server.ReadableArchiveScannerAdapter handleEntry
SEVERE: Invalid InputStream returned for org/eclipse/persistence/internal/sessions/factories/ObjectPersistenceRuntimeXMLProject$25.class
Apr 28, 2022 3:57:07 PM com.sun.enterprise.v3.server.ReadableArchiveScannerAdapter handleEntry
SEVERE: Invalid InputStream returned for org/eclipse/persistence/internal/sessions/factories/ObjectPersistenceRuntimeXMLProject$26.class
Apr 28, 2022 3:57:07 PM com.sun.enterprise.v3.server.ReadableArchiveScannerAdapter handleEntry
SEVERE: Invalid InputStream returned for org/eclipse/persistence/internal/sessions/factories/ObjectPersistenceRuntimeXMLProject$3.class
Apr 28, 2022 3:57:07 PM com.sun.enterprise.v3.server.ReadableArchiveScannerAdapter handleEntry
SEVERE: Invalid InputStream returned for org/eclipse/persistence/internal/sessions/factories/ObjectPersistenceRuntimeXMLProject$4.class
Apr 28, 2022 3:57:07 PM com.sun.enterprise.v3.server.ReadableArchiveScannerAdapter handleEntry
SEVERE: Invalid InputStream returned for org/eclipse/persistence/internal/sessions/factories/ObjectPersistenceRuntimeXMLProject$5.class
Apr 28, 2022 3:57:07 PM com.sun.enterprise.v3.server.ReadableArchiveScannerAdapter handleEntry
SEVERE: Invalid InputStream returned for org/eclipse/persistence/internal/sessions/factories/ObjectPersistenceRuntimeXMLProject$6.class
Apr 28, 2022 3:57:07 PM com.sun.enterprise.v3.server.ReadableArchiveScannerAdapter handleEntry
SEVERE: Invalid InputStream returned for org/eclipse/persistence/internal/sessions/factories/ObjectPersistenceRuntimeXMLProject$7.class
Apr 28, 2022 3:57:07 PM com.sun.enterprise.v3.server.ReadableArchiveScannerAdapter handleEntry
SEVERE: Invalid InputStream returned for org/eclipse/persistence/internal/sessions/factories/ObjectPersistenceRuntimeXMLProject$8.class
Apr 28, 2022 3:57:07 PM com.sun.enterprise.v3.server.ReadableArchiveScannerAdapter handleEntry
SEVERE: Invalid InputStream returned for org/eclipse/persistence/internal/sessions/factories/ObjectPersistenceRuntimeXMLProject$9.class
Apr 28, 2022 3:57:07 PM com.sun.enterprise.v3.server.ReadableArchiveScannerAdapter handleEntry
SEVERE: Invalid InputStream returned for org/eclipse/persistence/internal/sessions/factories/ObjectPersistenceRuntimeXMLProject.class
Apr 28, 2022 3:57:07 PM com.sun.enterprise.v3.server.ReadableArchiveScannerAdapter handleEntry
SEVERE: Invalid InputStream returned for org/eclipse/persistence/internal/sessions/factories/ObjectPersistenceRuntimeXMLProject_11_1_1$1.class
Apr 28, 2022 3:57:07 PM com.sun.enterprise.v3.server.ReadableArchiveScannerAdapter handleEntry
SEVERE: Invalid InputStream returned for org/eclipse/persistence/internal/sessions/factories/ObjectPersistenceRuntimeXMLProject_11_1_1$2.class
Apr 28, 2022 3:57:07 PM com.sun.enterprise.v3.server.ReadableArchiveScannerAdapter handleEntry
SEVERE: Invalid InputStream returned for org/eclipse/persistence/internal/sessions/factories/ObjectPersistenceRuntimeXMLProject_11_1_1$3.class
Apr 28, 2022 3:57:07 PM com.sun.enterprise.v3.server.ReadableArchiveScannerAdapter handleEntry
SEVERE: Invalid InputStream returned for org/eclipse/persistence/internal/sessions/factories/ObjectPersistenceRuntimeXMLProject_11_1_1$4.class
Apr 28, 2022 3:57:07 PM com.sun.enterprise.v3.server.ReadableArchiveScannerAdapter handleEntry
SEVERE: Invalid InputStream returned for org/eclipse/persistence/internal/sessions/factories/ObjectPersistenceRuntimeXMLProject_11_1_1$5.class
Apr 28, 2022 3:57:07 PM com.sun.enterprise.v3.server.ReadableArchiveScannerAdapter handleEntry
SEVERE: Invalid InputStream returned for org/eclipse/persistence/internal/sessions/factories/ObjectPersistenceRuntimeXMLProject_11_1_1$6.class
Apr 28, 2022 3:57:07 PM com.sun.enterprise.v3.server.ReadableArchiveScannerAdapter handleEntry
SEVERE: Invalid InputStream returned for org/eclipse/persistence/internal/sessions/factories/ObjectPersistenceRuntimeXMLProject_11_1_1$IsSetNullPolicyIsSetParametersAttributeAccessor.class
Apr 28, 2022 3:57:07 PM com.sun.enterprise.v3.server.ReadableArchiveScannerAdapter handleEntry
SEVERE: Invalid InputStream returned for org/eclipse/persistence/internal/sessions/factories/ObjectPersistenceRuntimeXMLProject_11_1_1$IsSetNullPolicyIsSetParameterTypesAttributeAccessor.class
Apr 28, 2022 3:57:07 PM com.sun.enterprise.v3.server.ReadableArchiveScannerAdapter handleEntry
SEVERE: Invalid InputStream returned for org/eclipse/persistence/internal/sessions/factories/ObjectPersistenceRuntimeXMLProject_11_1_1$NullPolicyAttributeAccessor.class
Apr 28, 2022 3:57:07 PM com.sun.enterprise.v3.server.ReadableArchiveScannerAdapter handleEntry
SEVERE: Invalid InputStream returned for org/eclipse/persistence/internal/sessions/factories/ObjectPersistenceRuntimeXMLProject_11_1_1$ObjectRelationalDatabaseFieldInstantiationPolicy.class
Apr 28, 2022 3:57:07 PM com.sun.enterprise.v3.server.ReadableArchiveScannerAdapter handleEntry
SEVERE: Invalid InputStream returned for org/eclipse/persistence/internal/sessions/factories/ObjectPersistenceRuntimeXMLProject_11_1_1$ObjectTypeFieldAssociation.class
Apr 28, 2022 3:57:07 PM com.sun.enterprise.v3.server.ReadableArchiveScannerAdapter handleEntry
SEVERE: Invalid InputStream returned for org/eclipse/persistence/internal/sessions/factories/ObjectPersistenceRuntimeXMLProject_11_1_1$ObjectTypeFieldAssociationInstantiationPolicy.class
Apr 28, 2022 3:57:07 PM com.sun.enterprise.v3.server.ReadableArchiveScannerAdapter handleEntry
SEVERE: Invalid InputStream returned for org/eclipse/persistence/internal/sessions/factories/ObjectPersistenceRuntimeXMLProject_11_1_1$StoredFunctionResultAccessor.class
Apr 28, 2022 3:57:07 PM com.sun.enterprise.v3.server.ReadableArchiveScannerAdapter handleEntry
SEVERE: Invalid InputStream returned for org/eclipse/persistence/internal/sessions/factories/ObjectPersistenceRuntimeXMLProject_11_1_1$StoredProcedureArgument.class
Apr 28, 2022 3:57:07 PM com.sun.enterprise.v3.server.ReadableArchiveScannerAdapter handleEntry
SEVERE: Invalid InputStream returned for org/eclipse/persistence/internal/sessions/factories/ObjectPersistenceRuntimeXMLProject_11_1_1$StoredProcedureArgumentInstantiationPolicy.class
Apr 28, 2022 3:57:07 PM com.sun.enterprise.v3.server.ReadableArchiveScannerAdapter handleEntry
SEVERE: Invalid InputStream returned for org/eclipse/persistence/internal/sessions/factories/ObjectPersistenceRuntimeXMLProject_11_1_1$StoredProcedureArgumentsAccessor.class
Apr 28, 2022 3:57:07 PM com.sun.enterprise.v3.server.ReadableArchiveScannerAdapter handleEntry
SEVERE: Invalid InputStream returned for org/eclipse/persistence/internal/sessions/factories/ObjectPersistenceRuntimeXMLProject_11_1_1$StoredProcedureArgumentType.class
Apr 28, 2022 3:57:07 PM com.sun.enterprise.v3.server.ReadableArchiveScannerAdapter handleEntry
SEVERE: Invalid InputStream returned for org/eclipse/persistence/internal/sessions/factories/ObjectPersistenceRuntimeXMLProject_11_1_1$StoredProcedureInOutArgument.class
Apr 28, 2022 3:57:07 PM com.sun.enterprise.v3.server.ReadableArchiveScannerAdapter handleEntry
SEVERE: Invalid InputStream returned for org/eclipse/persistence/internal/sessions/factories/ObjectPersistenceRuntimeXMLProject_11_1_1$StoredProcedureOutArgument.class
Apr 28, 2022 3:57:07 PM com.sun.enterprise.v3.server.ReadableArchiveScannerAdapter handleEntry
SEVERE: Invalid InputStream returned for org/eclipse/persistence/internal/sessions/factories/ObjectPersistenceRuntimeXMLProject_11_1_1$StoredProcedureOutCursorArgument.class
Apr 28, 2022 3:57:07 PM com.sun.enterprise.v3.server.ReadableArchiveScannerAdapter handleEntry
SEVERE: Invalid InputStream returned for org/eclipse/persistence/internal/sessions/factories/ObjectPersistenceRuntimeXMLProject_11_1_1.class
Apr 28, 2022 3:57:07 PM com.sun.enterprise.v3.server.ReadableArchiveScannerAdapter handleEntry
SEVERE: Invalid InputStream returned for org/eclipse/persistence/internal/sessions/factories/ObjectPersistenceWorkbenchXMLProject.class
Apr 28, 2022 3:57:07 PM com.sun.enterprise.v3.server.ReadableArchiveScannerAdapter handleEntry
SEVERE: Invalid InputStream returned for org/eclipse/persistence/internal/sessions/factories/OracleArrayTypeWrapper.class
Apr 28, 2022 3:57:07 PM com.sun.enterprise.v3.server.ReadableArchiveScannerAdapter handleEntry
SEVERE: Invalid InputStream returned for org/eclipse/persistence/internal/sessions/factories/OracleObjectTypeWrapper.class
Apr 28, 2022 3:57:07 PM com.sun.enterprise.v3.server.ReadableArchiveScannerAdapter handleEntry
SEVERE: Invalid InputStream returned for org/eclipse/persistence/internal/sessions/factories/OXMObjectPersistenceRuntimeXMLProject.class
Apr 28, 2022 3:57:07 PM com.sun.enterprise.v3.server.ReadableArchiveScannerAdapter handleEntry
SEVERE: Invalid InputStream returned for org/eclipse/persistence/internal/sessions/factories/PersistenceEntityResolver.class
Apr 28, 2022 3:57:07 PM com.sun.enterprise.v3.server.ReadableArchiveScannerAdapter handleEntry
SEVERE: Invalid InputStream returned for org/eclipse/persistence/internal/sessions/factories/PLSQLCollectionWrapper.class
Apr 28, 2022 3:57:07 PM com.sun.enterprise.v3.server.ReadableArchiveScannerAdapter handleEntry
SEVERE: Invalid InputStream returned for org/eclipse/persistence/internal/sessions/factories/PLSQLCursorWrapper.class
Apr 28, 2022 3:57:07 PM com.sun.enterprise.v3.server.ReadableArchiveScannerAdapter handleEntry
SEVERE: Invalid InputStream returned for org/eclipse/persistence/internal/sessions/factories/PLSQLRecordWrapper.class
Apr 28, 2022 3:57:07 PM com.sun.enterprise.v3.server.ReadableArchiveScannerAdapter handleEntry
SEVERE: Invalid InputStream returned for org/eclipse/persistence/internal/sessions/factories/SessionBrokerPlaceHolder.class
Apr 28, 2022 3:57:07 PM com.sun.enterprise.v3.server.ReadableArchiveScannerAdapter handleEntry
SEVERE: Invalid InputStream returned for org/eclipse/persistence/internal/sessions/factories/SessionsFactory.class
Apr 28, 2022 3:57:07 PM com.sun.enterprise.v3.server.ReadableArchiveScannerAdapter handleEntry
SEVERE: Invalid InputStream returned for org/eclipse/persistence/internal/sessions/factories/SimplePLSQLTypeWrapper.class
Apr 28, 2022 3:57:07 PM com.sun.enterprise.v3.server.ReadableArchiveScannerAdapter handleEntry
SEVERE: Invalid InputStream returned for org/eclipse/persistence/internal/sessions/factories/XMLSessionConfigProject$1.class
Apr 28, 2022 3:57:07 PM com.sun.enterprise.v3.server.ReadableArchiveScannerAdapter handleEntry
SEVERE: Invalid InputStream returned for org/eclipse/persistence/internal/sessions/factories/XMLSessionConfigProject.class
Apr 28, 2022 3:57:07 PM com.sun.enterprise.v3.server.ReadableArchiveScannerAdapter handleEntry
SEVERE: Invalid InputStream returned for org/eclipse/persistence/internal/sessions/factories/XMLSessionConfigProject_11_1_1.class
Apr 28, 2022 3:57:07 PM com.sun.enterprise.v3.server.ReadableArchiveScannerAdapter handleEntry
SEVERE: Invalid InputStream returned for org/eclipse/persistence/internal/sessions/factories/XMLSessionConfigToplinkProject.class
Apr 28, 2022 3:57:07 PM com.sun.enterprise.v3.server.ReadableArchiveScannerAdapter handleEntry
SEVERE: Invalid InputStream returned for org/eclipse/persistence/internal/sessions/factories/XMLSessionConfigWriter.class
Apr 28, 2022 3:57:07 PM com.sun.enterprise.v3.server.ReadableArchiveScannerAdapter handleEntry
SEVERE: Invalid InputStream returned for org/eclipse/persistence/internal/sessions/IdentityMapAccessor.class
Apr 28, 2022 3:57:07 PM com.sun.enterprise.v3.server.ReadableArchiveScannerAdapter handleEntry
SEVERE: Invalid InputStream returned for org/eclipse/persistence/internal/sessions/IsolatedClientSession.class
Apr 28, 2022 3:57:07 PM com.sun.enterprise.v3.server.ReadableArchiveScannerAdapter handleEntry
SEVERE: Invalid InputStream returned for org/eclipse/persistence/internal/sessions/IsolatedClientSessionIdentityMapAccessor.class
Apr 28, 2022 3:57:07 PM com.sun.enterprise.v3.server.ReadableArchiveScannerAdapter handleEntry
SEVERE: Invalid InputStream returned for org/eclipse/persistence/internal/sessions/MergeManager.class
Apr 28, 2022 3:57:07 PM com.sun.enterprise.v3.server.ReadableArchiveScannerAdapter handleEntry
SEVERE: Invalid InputStream returned for org/eclipse/persistence/internal/sessions/ObjectChangeSet$ObjectChangeSetComparator.class
Apr 28, 2022 3:57:07 PM com.sun.enterprise.v3.server.ReadableArchiveScannerAdapter handleEntry
SEVERE: Invalid InputStream returned for org/eclipse/persistence/internal/sessions/ObjectChangeSet.class
Apr 28, 2022 3:57:07 PM com.sun.enterprise.v3.server.ReadableArchiveScannerAdapter handleEntry
SEVERE: Invalid InputStream returned for org/eclipse/persistence/internal/sessions/ObjectReferenceChangeRecord.class
Apr 28, 2022 3:57:07 PM com.sun.enterprise.v3.server.ReadableArchiveScannerAdapter handleEntry
SEVERE: Invalid InputStream returned for org/eclipse/persistence/internal/sessions/OrderedChangeObject.class
Apr 28, 2022 3:57:07 PM com.sun.enterprise.v3.server.ReadableArchiveScannerAdapter handleEntry
SEVERE: Invalid InputStream returned for org/eclipse/persistence/internal/sessions/PropertiesHandler$BatchWritingProp.class
Apr 28, 2022 3:57:07 PM com.sun.enterprise.v3.server.ReadableArchiveScannerAdapter handleEntry
SEVERE: Invalid InputStream returned for org/eclipse/persistence/internal/sessions/PropertiesHandler$BooleanProp.class
Apr 28, 2022 3:57:07 PM com.sun.enterprise.v3.server.ReadableArchiveScannerAdapter handleEntry
SEVERE: Invalid InputStream returned for org/eclipse/persistence/internal/sessions/PropertiesHandler$CacheSizeProp.class
Apr 28, 2022 3:57:07 PM com.sun.enterprise.v3.server.ReadableArchiveScannerAdapter handleEntry
SEVERE: Invalid InputStream returned for org/eclipse/persistence/internal/sessions/PropertiesHandler$CacheTypeProp.class
Apr 28, 2022 3:57:07 PM com.sun.enterprise.v3.server.ReadableArchiveScannerAdapter handleEntry
SEVERE: Invalid InputStream returned for org/eclipse/persistence/internal/sessions/PropertiesHandler$CommitOrderProp.class
Apr 28, 2022 3:57:07 PM com.sun.enterprise.v3.server.ReadableArchiveScannerAdapter handleEntry
SEVERE: Invalid InputStream returned for org/eclipse/persistence/internal/sessions/PropertiesHandler$ConnectionPoolProp.class
Apr 28, 2022 3:57:07 PM com.sun.enterprise.v3.server.ReadableArchiveScannerAdapter handleEntry
SEVERE: Invalid InputStream returned for org/eclipse/persistence/internal/sessions/PropertiesHandler$DescriptorCustomizerProp.class
Apr 28, 2022 3:57:07 PM com.sun.enterprise.v3.server.ReadableArchiveScannerAdapter handleEntry
SEVERE: Invalid InputStream returned for org/eclipse/persistence/internal/sessions/PropertiesHandler$ExclusiveConnectionModeProp.class
Apr 28, 2022 3:57:07 PM com.sun.enterprise.v3.server.ReadableArchiveScannerAdapter handleEntry
SEVERE: Invalid InputStream returned for org/eclipse/persistence/internal/sessions/PropertiesHandler$FlushClearCacheProp.class
Apr 28, 2022 3:57:07 PM com.sun.enterprise.v3.server.ReadableArchiveScannerAdapter handleEntry
SEVERE: Invalid InputStream returned for org/eclipse/persistence/internal/sessions/PropertiesHandler$FlushModeProp.class
Apr 28, 2022 3:57:07 PM com.sun.enterprise.v3.server.ReadableArchiveScannerAdapter handleEntry
SEVERE: Invalid InputStream returned for org/eclipse/persistence/internal/sessions/PropertiesHandler$IdValidationProp.class
Apr 28, 2022 3:57:07 PM com.sun.enterprise.v3.server.ReadableArchiveScannerAdapter handleEntry
SEVERE: Invalid InputStream returned for org/eclipse/persistence/internal/sessions/PropertiesHandler$LoggerTypeProp.class
Apr 28, 2022 3:57:07 PM com.sun.enterprise.v3.server.ReadableArchiveScannerAdapter handleEntry
SEVERE: Invalid InputStream returned for org/eclipse/persistence/internal/sessions/PropertiesHandler$LoggingLevelProp.class
Apr 28, 2022 3:57:07 PM com.sun.enterprise.v3.server.ReadableArchiveScannerAdapter handleEntry
SEVERE: Invalid InputStream returned for org/eclipse/persistence/internal/sessions/PropertiesHandler$PessimisticLockTimeoutUnitProp.class
Apr 28, 2022 3:57:07 PM com.sun.enterprise.v3.server.ReadableArchiveScannerAdapter handleEntry
SEVERE: Invalid InputStream returned for org/eclipse/persistence/internal/sessions/PropertiesHandler$Prop$1.class
Apr 28, 2022 3:57:07 PM com.sun.enterprise.v3.server.ReadableArchiveScannerAdapter handleEntry
SEVERE: Invalid InputStream returned for org/eclipse/persistence/internal/sessions/PropertiesHandler$Prop.class
Apr 28, 2022 3:57:07 PM com.sun.enterprise.v3.server.ReadableArchiveScannerAdapter handleEntry
SEVERE: Invalid InputStream returned for org/eclipse/persistence/internal/sessions/PropertiesHandler$QueryTimeoutUnitProp.class
Apr 28, 2022 3:57:07 PM com.sun.enterprise.v3.server.ReadableArchiveScannerAdapter handleEntry
SEVERE: Invalid InputStream returned for org/eclipse/persistence/internal/sessions/PropertiesHandler$ReferenceModeProp.class
Apr 28, 2022 3:57:07 PM com.sun.enterprise.v3.server.ReadableArchiveScannerAdapter handleEntry
SEVERE: Invalid InputStream returned for org/eclipse/persistence/internal/sessions/PropertiesHandler$TargetDatabaseProp.class
Apr 28, 2022 3:57:07 PM com.sun.enterprise.v3.server.ReadableArchiveScannerAdapter handleEntry
SEVERE: Invalid InputStream returned for org/eclipse/persistence/internal/sessions/PropertiesHandler$TargetServerProp.class
Apr 28, 2022 3:57:07 PM com.sun.enterprise.v3.server.ReadableArchiveScannerAdapter handleEntry
SEVERE: Invalid InputStream returned for org/eclipse/persistence/internal/sessions/PropertiesHandler.class
Apr 28, 2022 3:57:07 PM com.sun.enterprise.v3.server.ReadableArchiveScannerAdapter handleEntry
SEVERE: Invalid InputStream returned for org/eclipse/persistence/internal/sessions/remote/ObjectDescriptor.class
Apr 28, 2022 3:57:07 PM com.sun.enterprise.v3.server.ReadableArchiveScannerAdapter handleEntry
SEVERE: Invalid InputStream returned for org/eclipse/persistence/internal/sessions/remote/RemoteCommand.class
Apr 28, 2022 3:57:07 PM com.sun.enterprise.v3.server.ReadableArchiveScannerAdapter handleEntry
SEVERE: Invalid InputStream returned for org/eclipse/persistence/internal/sessions/remote/RemoteConnection.class
Apr 28, 2022 3:57:07 PM com.sun.enterprise.v3.server.ReadableArchiveScannerAdapter handleEntry
SEVERE: Invalid InputStream returned for org/eclipse/persistence/internal/sessions/remote/RemoteCursoredStream.class
Apr 28, 2022 3:57:07 PM com.sun.enterprise.v3.server.ReadableArchiveScannerAdapter handleEntry
SEVERE: Invalid InputStream returned for org/eclipse/persistence/internal/sessions/remote/RemoteFunctionCall.class
Apr 28, 2022 3:57:07 PM com.sun.enterprise.v3.server.ReadableArchiveScannerAdapter handleEntry
SEVERE: Invalid InputStream returned for org/eclipse/persistence/internal/sessions/remote/RemoteScrollableCursor.class
Apr 28, 2022 3:57:07 PM com.sun.enterprise.v3.server.ReadableArchiveScannerAdapter handleEntry
SEVERE: Invalid InputStream returned for org/eclipse/persistence/internal/sessions/remote/RemoteSessionController.class
Apr 28, 2022 3:57:07 PM com.sun.enterprise.v3.server.ReadableArchiveScannerAdapter handleEntry
SEVERE: Invalid InputStream returned for org/eclipse/persistence/internal/sessions/remote/RemoteUnitOfWork.class
Apr 28, 2022 3:57:07 PM com.sun.enterprise.v3.server.ReadableArchiveScannerAdapter handleEntry
SEVERE: Invalid InputStream returned for org/eclipse/persistence/internal/sessions/remote/RemoteValueHolder.class
Apr 28, 2022 3:57:07 PM com.sun.enterprise.v3.server.ReadableArchiveScannerAdapter handleEntry
SEVERE: Invalid InputStream returned for org/eclipse/persistence/internal/sessions/remote/RemoveServerSideRemoteValueHolderCommand.class
Apr 28, 2022 3:57:07 PM com.sun.enterprise.v3.server.ReadableArchiveScannerAdapter handleEntry
SEVERE: Invalid InputStream returned for org/eclipse/persistence/internal/sessions/remote/ReplaceValueHoldersIterator.class
Apr 28, 2022 3:57:07 PM com.sun.enterprise.v3.server.ReadableArchiveScannerAdapter handleEntry
SEVERE: Invalid InputStream returned for org/eclipse/persistence/internal/sessions/remote/SequencingFunctionCall$DoesExist.class
Apr 28, 2022 3:57:07 PM com.sun.enterprise.v3.server.ReadableArchiveScannerAdapter handleEntry
SEVERE: Invalid InputStream returned for org/eclipse/persistence/internal/sessions/remote/SequencingFunctionCall$GetNextValue.class
Apr 28, 2022 3:57:07 PM com.sun.enterprise.v3.server.ReadableArchiveScannerAdapter handleEntry
SEVERE: Invalid InputStream returned for org/eclipse/persistence/internal/sessions/remote/SequencingFunctionCall$WhenShouldAcquireValueForAll.class
Apr 28, 2022 3:57:07 PM com.sun.enterprise.v3.server.ReadableArchiveScannerAdapter handleEntry
SEVERE: Invalid InputStream returned for org/eclipse/persistence/internal/sessions/remote/SequencingFunctionCall.class
Apr 28, 2022 3:57:07 PM com.sun.enterprise.v3.server.ReadableArchiveScannerAdapter handleEntry
SEVERE: Invalid InputStream returned for org/eclipse/persistence/internal/sessions/remote/SimpleFunctionCall.class
Apr 28, 2022 3:57:07 PM com.sun.enterprise.v3.server.ReadableArchiveScannerAdapter handleEntry
SEVERE: Invalid InputStream returned for org/eclipse/persistence/internal/sessions/remote/Transporter.class
Apr 28, 2022 3:57:07 PM com.sun.enterprise.v3.server.ReadableArchiveScannerAdapter handleEntry
SEVERE: Invalid InputStream returned for org/eclipse/persistence/internal/sessions/RepeatableWriteUnitOfWork.class
Apr 28, 2022 3:57:07 PM com.sun.enterprise.v3.server.ReadableArchiveScannerAdapter handleEntry
SEVERE: Invalid InputStream returned for org/eclipse/persistence/internal/sessions/ResultSetRecord.class
Apr 28, 2022 3:57:07 PM com.sun.enterprise.v3.server.ReadableArchiveScannerAdapter handleEntry
SEVERE: Invalid InputStream returned for org/eclipse/persistence/internal/sessions/SessionBrokerIdentityMapAccessor.class
Apr 28, 2022 3:57:07 PM com.sun.enterprise.v3.server.ReadableArchiveScannerAdapter handleEntry
SEVERE: Invalid InputStream returned for org/eclipse/persistence/internal/sessions/SessionFinalizer.class
Apr 28, 2022 3:57:07 PM com.sun.enterprise.v3.server.ReadableArchiveScannerAdapter handleEntry
SEVERE: Invalid InputStream returned for org/eclipse/persistence/internal/sessions/SimpleResultSetRecord.class
Apr 28, 2022 3:57:07 PM com.sun.enterprise.v3.server.ReadableArchiveScannerAdapter handleEntry
SEVERE: Invalid InputStream returned for org/eclipse/persistence/internal/sessions/TransformationMappingChangeRecord.class
Apr 28, 2022 3:57:07 PM com.sun.enterprise.v3.server.ReadableArchiveScannerAdapter handleEntry
SEVERE: Invalid InputStream returned for org/eclipse/persistence/internal/sessions/UnitOfWorkChangeSet.class
Apr 28, 2022 3:57:07 PM com.sun.enterprise.v3.server.ReadableArchiveScannerAdapter handleEntry
SEVERE: Invalid InputStream returned for org/eclipse/persistence/internal/sessions/UnitOfWorkIdentityMapAccessor.class
Apr 28, 2022 3:57:07 PM com.sun.enterprise.v3.server.ReadableArchiveScannerAdapter handleEntry
SEVERE: Invalid InputStream returned for org/eclipse/persistence/internal/sessions/UnitOfWorkImpl$1.class
Apr 28, 2022 3:57:07 PM com.sun.enterprise.v3.server.ReadableArchiveScannerAdapter handleEntry
SEVERE: Invalid InputStream returned for org/eclipse/persistence/internal/sessions/UnitOfWorkImpl$2.class
Apr 28, 2022 3:57:07 PM com.sun.enterprise.v3.server.ReadableArchiveScannerAdapter handleEntry
SEVERE: Invalid InputStream returned for org/eclipse/persistence/internal/sessions/UnitOfWorkImpl$3.class
Apr 28, 2022 3:57:07 PM com.sun.enterprise.v3.server.ReadableArchiveScannerAdapter handleEntry
SEVERE: Invalid InputStream returned for org/eclipse/persistence/internal/sessions/UnitOfWorkImpl$4.class
Apr 28, 2022 3:57:07 PM com.sun.enterprise.v3.server.ReadableArchiveScannerAdapter handleEntry
SEVERE: Invalid InputStream returned for org/eclipse/persistence/internal/sessions/UnitOfWorkImpl.class
Apr 28, 2022 3:57:07 PM com.sun.enterprise.v3.server.ReadableArchiveScannerAdapter handleEntry
SEVERE: Invalid InputStream returned for org/eclipse/persistence/internal/weaving/PersistenceWeaved.class
Apr 28, 2022 3:57:07 PM com.sun.enterprise.v3.server.ReadableArchiveScannerAdapter handleEntry
SEVERE: Invalid InputStream returned for org/eclipse/persistence/internal/weaving/PersistenceWeavedChangeTracking.class
Apr 28, 2022 3:57:07 PM com.sun.enterprise.v3.server.ReadableArchiveScannerAdapter handleEntry
SEVERE: Invalid InputStream returned for org/eclipse/persistence/internal/weaving/PersistenceWeavedFetchGroups.class
Apr 28, 2022 3:57:07 PM com.sun.enterprise.v3.server.ReadableArchiveScannerAdapter handleEntry
SEVERE: Invalid InputStream returned for org/eclipse/persistence/internal/weaving/PersistenceWeavedLazy.class
Apr 28, 2022 3:57:07 PM com.sun.enterprise.v3.server.ReadableArchiveScannerAdapter handleEntry
SEVERE: Invalid InputStream returned for org/eclipse/persistence/internal/weaving/PersistenceWeavedRest.class
Apr 28, 2022 3:57:07 PM com.sun.enterprise.v3.server.ReadableArchiveScannerAdapter handleEntry
SEVERE: Invalid InputStream returned for org/eclipse/persistence/internal/weaving/RelationshipInfo.class
Apr 28, 2022 3:57:07 PM com.sun.enterprise.v3.server.ReadableArchiveScannerAdapter handleEntry
SEVERE: Invalid InputStream returned for org/eclipse/persistence/internal/xr/Attachment.class
Apr 28, 2022 3:57:07 PM com.sun.enterprise.v3.server.ReadableArchiveScannerAdapter handleEntry
SEVERE: Invalid InputStream returned for org/eclipse/persistence/internal/xr/AttachmentHelper.class
Apr 28, 2022 3:57:07 PM com.sun.enterprise.v3.server.ReadableArchiveScannerAdapter handleEntry
SEVERE: Invalid InputStream returned for org/eclipse/persistence/internal/xr/BatchQueryOperation.class
Apr 28, 2022 3:57:07 PM com.sun.enterprise.v3.server.ReadableArchiveScannerAdapter handleEntry
SEVERE: Invalid InputStream returned for org/eclipse/persistence/internal/xr/CollectionResult.class
Apr 28, 2022 3:57:07 PM com.sun.enterprise.v3.server.ReadableArchiveScannerAdapter handleEntry
SEVERE: Invalid InputStream returned for org/eclipse/persistence/internal/xr/DeleteOperation.class
Apr 28, 2022 3:57:07 PM com.sun.enterprise.v3.server.ReadableArchiveScannerAdapter handleEntry
SEVERE: Invalid InputStream returned for org/eclipse/persistence/internal/xr/InsertOperation.class
Apr 28, 2022 3:57:07 PM com.sun.enterprise.v3.server.ReadableArchiveScannerAdapter handleEntry
SEVERE: Invalid InputStream returned for org/eclipse/persistence/internal/xr/Invocation.class
Apr 28, 2022 3:57:07 PM com.sun.enterprise.v3.server.ReadableArchiveScannerAdapter handleEntry
SEVERE: Invalid InputStream returned for org/eclipse/persistence/internal/xr/JPQLQueryHandler.class
Apr 28, 2022 3:57:07 PM com.sun.enterprise.v3.server.ReadableArchiveScannerAdapter handleEntry
SEVERE: Invalid InputStream returned for org/eclipse/persistence/internal/xr/NamedQueryHandler.class
Apr 28, 2022 3:57:07 PM com.sun.enterprise.v3.server.ReadableArchiveScannerAdapter handleEntry
SEVERE: Invalid InputStream returned for org/eclipse/persistence/internal/xr/Operation.class
Apr 28, 2022 3:57:07 PM com.sun.enterprise.v3.server.ReadableArchiveScannerAdapter handleEntry
SEVERE: Invalid InputStream returned for org/eclipse/persistence/internal/xr/Parameter.class
Apr 28, 2022 3:57:07 PM com.sun.enterprise.v3.server.ReadableArchiveScannerAdapter handleEntry
SEVERE: Invalid InputStream returned for org/eclipse/persistence/internal/xr/ProcedureArgument.class
Apr 28, 2022 3:57:07 PM com.sun.enterprise.v3.server.ReadableArchiveScannerAdapter handleEntry
SEVERE: Invalid InputStream returned for org/eclipse/persistence/internal/xr/ProcedureOutputArgument.class
Apr 28, 2022 3:57:07 PM com.sun.enterprise.v3.server.ReadableArchiveScannerAdapter handleEntry
SEVERE: Invalid InputStream returned for org/eclipse/persistence/internal/xr/ProjectHelper.class
Apr 28, 2022 3:57:07 PM com.sun.enterprise.v3.server.ReadableArchiveScannerAdapter handleEntry
SEVERE: Invalid InputStream returned for org/eclipse/persistence/internal/xr/QNameTransformer$1.class
Apr 28, 2022 3:57:07 PM com.sun.enterprise.v3.server.ReadableArchiveScannerAdapter handleEntry
SEVERE: Invalid InputStream returned for org/eclipse/persistence/internal/xr/QNameTransformer.class
Apr 28, 2022 3:57:07 PM com.sun.enterprise.v3.server.ReadableArchiveScannerAdapter handleEntry
SEVERE: Invalid InputStream returned for org/eclipse/persistence/internal/xr/QueryHandler.class
Apr 28, 2022 3:57:07 PM com.sun.enterprise.v3.server.ReadableArchiveScannerAdapter handleEntry
SEVERE: Invalid InputStream returned for org/eclipse/persistence/internal/xr/QueryOperation$1.class
Apr 28, 2022 3:57:07 PM com.sun.enterprise.v3.server.ReadableArchiveScannerAdapter handleEntry
SEVERE: Invalid InputStream returned for org/eclipse/persistence/internal/xr/QueryOperation$2.class
Apr 28, 2022 3:57:07 PM com.sun.enterprise.v3.server.ReadableArchiveScannerAdapter handleEntry
SEVERE: Invalid InputStream returned for org/eclipse/persistence/internal/xr/QueryOperation$DataHandlerInstantiationPolicy.class
Apr 28, 2022 3:57:07 PM com.sun.enterprise.v3.server.ReadableArchiveScannerAdapter handleEntry
SEVERE: Invalid InputStream returned for org/eclipse/persistence/internal/xr/QueryOperation.class
Apr 28, 2022 3:57:07 PM com.sun.enterprise.v3.server.ReadableArchiveScannerAdapter handleEntry
SEVERE: Invalid InputStream returned for org/eclipse/persistence/internal/xr/Result.class
Apr 28, 2022 3:57:07 PM com.sun.enterprise.v3.server.ReadableArchiveScannerAdapter handleEntry
SEVERE: Invalid InputStream returned for org/eclipse/persistence/internal/xr/SQLQueryHandler.class
Apr 28, 2022 3:57:07 PM com.sun.enterprise.v3.server.ReadableArchiveScannerAdapter handleEntry
SEVERE: Invalid InputStream returned for org/eclipse/persistence/internal/xr/StoredFunctionQueryHandler.class
Apr 28, 2022 3:57:07 PM com.sun.enterprise.v3.server.ReadableArchiveScannerAdapter handleEntry
SEVERE: Invalid InputStream returned for org/eclipse/persistence/internal/xr/StoredProcedureQueryHandler.class
Apr 28, 2022 3:57:07 PM com.sun.enterprise.v3.server.ReadableArchiveScannerAdapter handleEntry
SEVERE: Invalid InputStream returned for org/eclipse/persistence/internal/xr/sxf/SimpleXMLFormat.class
Apr 28, 2022 3:57:07 PM com.sun.enterprise.v3.server.ReadableArchiveScannerAdapter handleEntry
SEVERE: Invalid InputStream returned for org/eclipse/persistence/internal/xr/sxf/SimpleXMLFormatModel.class
Apr 28, 2022 3:57:07 PM com.sun.enterprise.v3.server.ReadableArchiveScannerAdapter handleEntry
SEVERE: Invalid InputStream returned for org/eclipse/persistence/internal/xr/sxf/SimpleXMLFormatProject.class
Apr 28, 2022 3:57:07 PM com.sun.enterprise.v3.server.ReadableArchiveScannerAdapter handleEntry
SEVERE: Invalid InputStream returned for org/eclipse/persistence/internal/xr/UpdateOperation.class
Apr 28, 2022 3:57:07 PM com.sun.enterprise.v3.server.ReadableArchiveScannerAdapter handleEntry
SEVERE: Invalid InputStream returned for org/eclipse/persistence/internal/xr/Util$1.class
Apr 28, 2022 3:57:07 PM com.sun.enterprise.v3.server.ReadableArchiveScannerAdapter handleEntry
SEVERE: Invalid InputStream returned for org/eclipse/persistence/internal/xr/Util.class
Apr 28, 2022 3:57:07 PM com.sun.enterprise.v3.server.ReadableArchiveScannerAdapter handleEntry
SEVERE: Invalid InputStream returned for org/eclipse/persistence/internal/xr/ValueObject.class
Apr 28, 2022 3:57:07 PM com.sun.enterprise.v3.server.ReadableArchiveScannerAdapter handleEntry
SEVERE: Invalid InputStream returned for org/eclipse/persistence/internal/xr/XmlBindingsModel.class
Apr 28, 2022 3:57:07 PM com.sun.enterprise.v3.server.ReadableArchiveScannerAdapter handleEntry
SEVERE: Invalid InputStream returned for org/eclipse/persistence/internal/xr/XRClassWriter.class
Apr 28, 2022 3:57:07 PM com.sun.enterprise.v3.server.ReadableArchiveScannerAdapter handleEntry
SEVERE: Invalid InputStream returned for org/eclipse/persistence/internal/xr/XRDynamicClassLoader.class
Apr 28, 2022 3:57:07 PM com.sun.enterprise.v3.server.ReadableArchiveScannerAdapter handleEntry
SEVERE: Invalid InputStream returned for org/eclipse/persistence/internal/xr/XRDynamicEntity.class
Apr 28, 2022 3:57:07 PM com.sun.enterprise.v3.server.ReadableArchiveScannerAdapter handleEntry
SEVERE: Invalid InputStream returned for org/eclipse/persistence/internal/xr/XRDynamicEntityAccessor.class
Apr 28, 2022 3:57:07 PM com.sun.enterprise.v3.server.ReadableArchiveScannerAdapter handleEntry
SEVERE: Invalid InputStream returned for org/eclipse/persistence/internal/xr/XRDynamicEntityVHAccessor.class
Apr 28, 2022 3:57:07 PM com.sun.enterprise.v3.server.ReadableArchiveScannerAdapter handleEntry
SEVERE: Invalid InputStream returned for org/eclipse/persistence/internal/xr/XRDynamicEntity_CollectionWrapper.class
Apr 28, 2022 3:57:07 PM com.sun.enterprise.v3.server.ReadableArchiveScannerAdapter handleEntry
SEVERE: Invalid InputStream returned for org/eclipse/persistence/internal/xr/XRDynamicPropertiesInitializatonPolicy.class
Apr 28, 2022 3:57:07 PM com.sun.enterprise.v3.server.ReadableArchiveScannerAdapter handleEntry
SEVERE: Invalid InputStream returned for org/eclipse/persistence/internal/xr/XRDynamicPropertiesManager.class
Apr 28, 2022 3:57:07 PM com.sun.enterprise.v3.server.ReadableArchiveScannerAdapter handleEntry
SEVERE: Invalid InputStream returned for org/eclipse/persistence/internal/xr/XRDynamicType.class
Apr 28, 2022 3:57:07 PM com.sun.enterprise.v3.server.ReadableArchiveScannerAdapter handleEntry
SEVERE: Invalid InputStream returned for org/eclipse/persistence/internal/xr/XRFieldInfo$Index.class
Apr 28, 2022 3:57:07 PM com.sun.enterprise.v3.server.ReadableArchiveScannerAdapter handleEntry
SEVERE: Invalid InputStream returned for org/eclipse/persistence/internal/xr/XRFieldInfo.class
Apr 28, 2022 3:57:07 PM com.sun.enterprise.v3.server.ReadableArchiveScannerAdapter handleEntry
SEVERE: Invalid InputStream returned for org/eclipse/persistence/internal/xr/XRServiceAdapter.class
Apr 28, 2022 3:57:07 PM com.sun.enterprise.v3.server.ReadableArchiveScannerAdapter handleEntry
SEVERE: Invalid InputStream returned for org/eclipse/persistence/internal/xr/XRServiceFactory$JPAMetadataSource.class
Apr 28, 2022 3:57:07 PM com.sun.enterprise.v3.server.ReadableArchiveScannerAdapter handleEntry
SEVERE: Invalid InputStream returned for org/eclipse/persistence/internal/xr/XRServiceFactory$OXMMetadataSource.class
Apr 28, 2022 3:57:07 PM com.sun.enterprise.v3.server.ReadableArchiveScannerAdapter handleEntry
SEVERE: Invalid InputStream returned for org/eclipse/persistence/internal/xr/XRServiceFactory$XRPersistenceUnitInfo.class
Apr 28, 2022 3:57:07 PM com.sun.enterprise.v3.server.ReadableArchiveScannerAdapter handleEntry
SEVERE: Invalid InputStream returned for org/eclipse/persistence/internal/xr/XRServiceFactory.class
Apr 28, 2022 3:57:07 PM com.sun.enterprise.v3.server.ReadableArchiveScannerAdapter handleEntry
SEVERE: Invalid InputStream returned for org/eclipse/persistence/internal/xr/XRServiceModel.class
Apr 28, 2022 3:57:07 PM com.sun.enterprise.v3.server.ReadableArchiveScannerAdapter handleEntry
SEVERE: Invalid InputStream returned for org/eclipse/persistence/internal/xr/XRSessionConfigLoader.class
Apr 28, 2022 3:57:07 PM com.sun.enterprise.v3.server.ReadableArchiveScannerAdapter handleEntry
SEVERE: Invalid InputStream returned for org/eclipse/persistence/internal/xr/XRSessionsFactory.class
Apr 28, 2022 3:57:07 PM com.sun.enterprise.v3.server.ReadableArchiveScannerAdapter handleEntry
SEVERE: Invalid InputStream returned for org/eclipse/persistence/javax/persistence/osgi/Activator.class
Apr 28, 2022 3:57:07 PM com.sun.enterprise.v3.server.ReadableArchiveScannerAdapter handleEntry
SEVERE: Invalid InputStream returned for org/eclipse/persistence/javax/persistence/osgi/OSGiProviderResolver$ForwardingProviderUtil.class
Apr 28, 2022 3:57:07 PM com.sun.enterprise.v3.server.ReadableArchiveScannerAdapter handleEntry
SEVERE: Invalid InputStream returned for org/eclipse/persistence/javax/persistence/osgi/OSGiProviderResolver.class
Apr 28, 2022 3:57:07 PM com.sun.enterprise.v3.server.ReadableArchiveScannerAdapter handleEntry
SEVERE: Invalid InputStream returned for org/eclipse/persistence/jaxb/attachment/AttachmentMarshallerAdapter.class
Apr 28, 2022 3:57:07 PM com.sun.enterprise.v3.server.ReadableArchiveScannerAdapter handleEntry
SEVERE: Invalid InputStream returned for org/eclipse/persistence/jaxb/attachment/AttachmentUnmarshallerAdapter.class
Apr 28, 2022 3:57:07 PM com.sun.enterprise.v3.server.ReadableArchiveScannerAdapter handleEntry
SEVERE: Invalid InputStream returned for org/eclipse/persistence/jaxb/AttributeNode.class
Apr 28, 2022 3:57:07 PM com.sun.enterprise.v3.server.ReadableArchiveScannerAdapter handleEntry
SEVERE: Invalid InputStream returned for org/eclipse/persistence/jaxb/BeanValidationChecker.class
Apr 28, 2022 3:57:07 PM com.sun.enterprise.v3.server.ReadableArchiveScannerAdapter handleEntry
SEVERE: Invalid InputStream returned for org/eclipse/persistence/jaxb/BeanValidationHelper$ConstraintsDetectorService.class
Apr 28, 2022 3:57:07 PM com.sun.enterprise.v3.server.ReadableArchiveScannerAdapter handleEntry
SEVERE: Invalid InputStream returned for org/eclipse/persistence/jaxb/BeanValidationHelper$Executor.class
Apr 28, 2022 3:57:07 PM com.sun.enterprise.v3.server.ReadableArchiveScannerAdapter handleEntry
SEVERE: Invalid InputStream returned for org/eclipse/persistence/jaxb/BeanValidationHelper.class
Apr 28, 2022 3:57:07 PM com.sun.enterprise.v3.server.ReadableArchiveScannerAdapter handleEntry
SEVERE: Invalid InputStream returned for org/eclipse/persistence/jaxb/BeanValidationMode.class
Apr 28, 2022 3:57:07 PM com.sun.enterprise.v3.server.ReadableArchiveScannerAdapter handleEntry
SEVERE: Invalid InputStream returned for org/eclipse/persistence/jaxb/compiler/AnnotationsProcessor$PropertyComparitor.class
Apr 28, 2022 3:57:07 PM com.sun.enterprise.v3.server.ReadableArchiveScannerAdapter handleEntry
SEVERE: Invalid InputStream returned for org/eclipse/persistence/jaxb/compiler/AnnotationsProcessor.class
Apr 28, 2022 3:57:07 PM com.sun.enterprise.v3.server.ReadableArchiveScannerAdapter handleEntry
SEVERE: Invalid InputStream returned for org/eclipse/persistence/jaxb/compiler/builder/helper/TransformerReflectionHelper.class
Apr 28, 2022 3:57:07 PM com.sun.enterprise.v3.server.ReadableArchiveScannerAdapter handleEntry
SEVERE: Invalid InputStream returned for org/eclipse/persistence/jaxb/compiler/builder/TransformerPropertyBuilder.class
Apr 28, 2022 3:57:07 PM com.sun.enterprise.v3.server.ReadableArchiveScannerAdapter handleEntry
SEVERE: Invalid InputStream returned for org/eclipse/persistence/jaxb/compiler/CompilerHelper$1.class
Apr 28, 2022 3:57:07 PM com.sun.enterprise.v3.server.ReadableArchiveScannerAdapter handleEntry
SEVERE: Invalid InputStream returned for org/eclipse/persistence/jaxb/compiler/CompilerHelper$2.class
Apr 28, 2022 3:57:07 PM com.sun.enterprise.v3.server.ReadableArchiveScannerAdapter handleEntry
SEVERE: Invalid InputStream returned for org/eclipse/persistence/jaxb/compiler/CompilerHelper.class
Apr 28, 2022 3:57:07 PM com.sun.enterprise.v3.server.ReadableArchiveScannerAdapter handleEntry
SEVERE: Invalid InputStream returned for org/eclipse/persistence/jaxb/compiler/ElementDeclaration.class
Apr 28, 2022 3:57:07 PM com.sun.enterprise.v3.server.ReadableArchiveScannerAdapter handleEntry
SEVERE: Invalid InputStream returned for org/eclipse/persistence/jaxb/compiler/EnumTypeInfo.class
Apr 28, 2022 3:57:07 PM com.sun.enterprise.v3.server.ReadableArchiveScannerAdapter handleEntry
SEVERE: Invalid InputStream returned for org/eclipse/persistence/jaxb/compiler/facets/DecimalMaxFacet.class
Apr 28, 2022 3:57:07 PM com.sun.enterprise.v3.server.ReadableArchiveScannerAdapter handleEntry
SEVERE: Invalid InputStream returned for org/eclipse/persistence/jaxb/compiler/facets/DecimalMinFacet.class
Apr 28, 2022 3:57:07 PM com.sun.enterprise.v3.server.ReadableArchiveScannerAdapter handleEntry
SEVERE: Invalid InputStream returned for org/eclipse/persistence/jaxb/compiler/facets/DigitsFacet.class
Apr 28, 2022 3:57:07 PM com.sun.enterprise.v3.server.ReadableArchiveScannerAdapter handleEntry
SEVERE: Invalid InputStream returned for org/eclipse/persistence/jaxb/compiler/facets/Facet.class
Apr 28, 2022 3:57:07 PM com.sun.enterprise.v3.server.ReadableArchiveScannerAdapter handleEntry
SEVERE: Invalid InputStream returned for org/eclipse/persistence/jaxb/compiler/facets/FacetVisitor.class
Apr 28, 2022 3:57:07 PM com.sun.enterprise.v3.server.ReadableArchiveScannerAdapter handleEntry
SEVERE: Invalid InputStream returned for org/eclipse/persistence/jaxb/compiler/facets/MaxFacet.class
Apr 28, 2022 3:57:07 PM com.sun.enterprise.v3.server.ReadableArchiveScannerAdapter handleEntry
SEVERE: Invalid InputStream returned for org/eclipse/persistence/jaxb/compiler/facets/MinFacet.class
Apr 28, 2022 3:57:07 PM com.sun.enterprise.v3.server.ReadableArchiveScannerAdapter handleEntry
SEVERE: Invalid InputStream returned for org/eclipse/persistence/jaxb/compiler/facets/PatternFacet.class
Apr 28, 2022 3:57:07 PM com.sun.enterprise.v3.server.ReadableArchiveScannerAdapter handleEntry
SEVERE: Invalid InputStream returned for org/eclipse/persistence/jaxb/compiler/facets/PatternListFacet.class
Apr 28, 2022 3:57:07 PM com.sun.enterprise.v3.server.ReadableArchiveScannerAdapter handleEntry
SEVERE: Invalid InputStream returned for org/eclipse/persistence/jaxb/compiler/facets/SizeFacet.class
Apr 28, 2022 3:57:07 PM com.sun.enterprise.v3.server.ReadableArchiveScannerAdapter handleEntry
SEVERE: Invalid InputStream returned for org/eclipse/persistence/jaxb/compiler/Generator.class
Apr 28, 2022 3:57:07 PM com.sun.enterprise.v3.server.ReadableArchiveScannerAdapter handleEntry
SEVERE: Invalid InputStream returned for org/eclipse/persistence/jaxb/compiler/JAXBMetadataLogger.class
Apr 28, 2022 3:57:07 PM com.sun.enterprise.v3.server.ReadableArchiveScannerAdapter handleEntry
SEVERE: Invalid InputStream returned for org/eclipse/persistence/jaxb/compiler/MappingsGenerator$MapEntryGeneratedKey.class
Apr 28, 2022 3:57:07 PM com.sun.enterprise.v3.server.ReadableArchiveScannerAdapter handleEntry
SEVERE: Invalid InputStream returned for org/eclipse/persistence/jaxb/compiler/MappingsGenerator$NullInstantiationPolicy.class
Apr 28, 2022 3:57:07 PM com.sun.enterprise.v3.server.ReadableArchiveScannerAdapter handleEntry
SEVERE: Invalid InputStream returned for org/eclipse/persistence/jaxb/compiler/MappingsGenerator.class
Apr 28, 2022 3:57:07 PM com.sun.enterprise.v3.server.ReadableArchiveScannerAdapter handleEntry
SEVERE: Invalid InputStream returned for org/eclipse/persistence/jaxb/compiler/MarshalCallback.class
Apr 28, 2022 3:57:07 PM com.sun.enterprise.v3.server.ReadableArchiveScannerAdapter handleEntry
SEVERE: Invalid InputStream returned for org/eclipse/persistence/jaxb/compiler/NamespaceInfo.class
Apr 28, 2022 3:57:07 PM com.sun.enterprise.v3.server.ReadableArchiveScannerAdapter handleEntry
SEVERE: Invalid InputStream returned for org/eclipse/persistence/jaxb/compiler/PackageInfo.class
Apr 28, 2022 3:57:07 PM com.sun.enterprise.v3.server.ReadableArchiveScannerAdapter handleEntry
SEVERE: Invalid InputStream returned for org/eclipse/persistence/jaxb/compiler/Property.class
Apr 28, 2022 3:57:07 PM com.sun.enterprise.v3.server.ReadableArchiveScannerAdapter handleEntry
SEVERE: Invalid InputStream returned for org/eclipse/persistence/jaxb/compiler/SchemaGenerator$AddToSchemaResult.class
Apr 28, 2022 3:57:07 PM com.sun.enterprise.v3.server.ReadableArchiveScannerAdapter handleEntry
SEVERE: Invalid InputStream returned for org/eclipse/persistence/jaxb/compiler/SchemaGenerator$FacetVisitorHolder$1.class
Apr 28, 2022 3:57:07 PM com.sun.enterprise.v3.server.ReadableArchiveScannerAdapter handleEntry
SEVERE: Invalid InputStream returned for org/eclipse/persistence/jaxb/compiler/SchemaGenerator$FacetVisitorHolder.class
Apr 28, 2022 3:57:07 PM com.sun.enterprise.v3.server.ReadableArchiveScannerAdapter handleEntry
SEVERE: Invalid InputStream returned for org/eclipse/persistence/jaxb/compiler/SchemaGenerator$RegexMutator$1.class
Apr 28, 2022 3:57:07 PM com.sun.enterprise.v3.server.ReadableArchiveScannerAdapter handleEntry
SEVERE: Invalid InputStream returned for org/eclipse/persistence/jaxb/compiler/SchemaGenerator$RegexMutator.class
Apr 28, 2022 3:57:07 PM com.sun.enterprise.v3.server.ReadableArchiveScannerAdapter handleEntry
SEVERE: Invalid InputStream returned for org/eclipse/persistence/jaxb/compiler/SchemaGenerator.class
Apr 28, 2022 3:57:07 PM com.sun.enterprise.v3.server.ReadableArchiveScannerAdapter handleEntry
SEVERE: Invalid InputStream returned for org/eclipse/persistence/jaxb/compiler/SchemaTypeInfo.class
Apr 28, 2022 3:57:07 PM com.sun.enterprise.v3.server.ReadableArchiveScannerAdapter handleEntry
SEVERE: Invalid InputStream returned for org/eclipse/persistence/jaxb/compiler/TypeInfo.class
Apr 28, 2022 3:57:07 PM com.sun.enterprise.v3.server.ReadableArchiveScannerAdapter handleEntry
SEVERE: Invalid InputStream returned for org/eclipse/persistence/jaxb/compiler/UnmarshalCallback.class
Apr 28, 2022 3:57:07 PM com.sun.enterprise.v3.server.ReadableArchiveScannerAdapter handleEntry
SEVERE: Invalid InputStream returned for org/eclipse/persistence/jaxb/compiler/XmlNillableInfo.class
Apr 28, 2022 3:57:07 PM com.sun.enterprise.v3.server.ReadableArchiveScannerAdapter handleEntry
SEVERE: Invalid InputStream returned for org/eclipse/persistence/jaxb/compiler/XMLProcessor.class
Apr 28, 2022 3:57:07 PM com.sun.enterprise.v3.server.ReadableArchiveScannerAdapter handleEntry
SEVERE: Invalid InputStream returned for org/eclipse/persistence/jaxb/ConstraintViolationWrapper.class
Apr 28, 2022 3:57:07 PM com.sun.enterprise.v3.server.ReadableArchiveScannerAdapter handleEntry
SEVERE: Invalid InputStream returned for org/eclipse/persistence/jaxb/DefaultXMLNameTransformer.class
Apr 28, 2022 3:57:07 PM com.sun.enterprise.v3.server.ReadableArchiveScannerAdapter handleEntry
SEVERE: Invalid InputStream returned for org/eclipse/persistence/jaxb/dynamic/DynamicJAXBContext$DynamicJAXBContextInput$1.class
Apr 28, 2022 3:57:07 PM com.sun.enterprise.v3.server.ReadableArchiveScannerAdapter handleEntry
SEVERE: Invalid InputStream returned for org/eclipse/persistence/jaxb/dynamic/DynamicJAXBContext$DynamicJAXBContextInput.class
Apr 28, 2022 3:57:07 PM com.sun.enterprise.v3.server.ReadableArchiveScannerAdapter handleEntry
SEVERE: Invalid InputStream returned for org/eclipse/persistence/jaxb/dynamic/DynamicJAXBContext$DynamicJAXBContextState.class
Apr 28, 2022 3:57:07 PM com.sun.enterprise.v3.server.ReadableArchiveScannerAdapter handleEntry
SEVERE: Invalid InputStream returned for org/eclipse/persistence/jaxb/dynamic/DynamicJAXBContext$MetadataContextInput.class
Apr 28, 2022 3:57:07 PM com.sun.enterprise.v3.server.ReadableArchiveScannerAdapter handleEntry
SEVERE: Invalid InputStream returned for org/eclipse/persistence/jaxb/dynamic/DynamicJAXBContext$SchemaContextInput.class
Apr 28, 2022 3:57:07 PM com.sun.enterprise.v3.server.ReadableArchiveScannerAdapter handleEntry
SEVERE: Invalid InputStream returned for org/eclipse/persistence/jaxb/dynamic/DynamicJAXBContext$SessionsXmlContextInput.class
Apr 28, 2022 3:57:07 PM com.sun.enterprise.v3.server.ReadableArchiveScannerAdapter handleEntry
SEVERE: Invalid InputStream returned for org/eclipse/persistence/jaxb/dynamic/DynamicJAXBContext.class
Apr 28, 2022 3:57:07 PM com.sun.enterprise.v3.server.ReadableArchiveScannerAdapter handleEntry
SEVERE: Invalid InputStream returned for org/eclipse/persistence/jaxb/dynamic/DynamicJAXBContextFactory.class
Apr 28, 2022 3:57:07 PM com.sun.enterprise.v3.server.ReadableArchiveScannerAdapter handleEntry
SEVERE: Invalid InputStream returned for org/eclipse/persistence/jaxb/dynamic/metadata/Metadata.class
Apr 28, 2022 3:57:07 PM com.sun.enterprise.v3.server.ReadableArchiveScannerAdapter handleEntry
SEVERE: Invalid InputStream returned for org/eclipse/persistence/jaxb/dynamic/metadata/OXMMetadata.class
Apr 28, 2022 3:57:07 PM com.sun.enterprise.v3.server.ReadableArchiveScannerAdapter handleEntry
SEVERE: Invalid InputStream returned for org/eclipse/persistence/jaxb/dynamic/metadata/SchemaMetadata$1.class
Apr 28, 2022 3:57:07 PM com.sun.enterprise.v3.server.ReadableArchiveScannerAdapter handleEntry
SEVERE: Invalid InputStream returned for org/eclipse/persistence/jaxb/dynamic/metadata/SchemaMetadata$XJCErrorListener.class
Apr 28, 2022 3:57:07 PM com.sun.enterprise.v3.server.ReadableArchiveScannerAdapter handleEntry
SEVERE: Invalid InputStream returned for org/eclipse/persistence/jaxb/dynamic/metadata/SchemaMetadata.class
Apr 28, 2022 3:57:07 PM com.sun.enterprise.v3.server.ReadableArchiveScannerAdapter handleEntry
SEVERE: Invalid InputStream returned for org/eclipse/persistence/jaxb/IDResolver.class
Apr 28, 2022 3:57:07 PM com.sun.enterprise.v3.server.ReadableArchiveScannerAdapter handleEntry
SEVERE: Invalid InputStream returned for org/eclipse/persistence/jaxb/javamodel/AnnotationProxy.class
Apr 28, 2022 3:57:07 PM com.sun.enterprise.v3.server.ReadableArchiveScannerAdapter handleEntry
SEVERE: Invalid InputStream returned for org/eclipse/persistence/jaxb/javamodel/Helper.class
Apr 28, 2022 3:57:07 PM com.sun.enterprise.v3.server.ReadableArchiveScannerAdapter handleEntry
SEVERE: Invalid InputStream returned for org/eclipse/persistence/jaxb/javamodel/JavaAnnotation.class
Apr 28, 2022 3:57:07 PM com.sun.enterprise.v3.server.ReadableArchiveScannerAdapter handleEntry
SEVERE: Invalid InputStream returned for org/eclipse/persistence/jaxb/javamodel/JavaClass.class
Apr 28, 2022 3:57:07 PM com.sun.enterprise.v3.server.ReadableArchiveScannerAdapter handleEntry
SEVERE: Invalid InputStream returned for org/eclipse/persistence/jaxb/javamodel/JavaClassInstanceOf.class
Apr 28, 2022 3:57:07 PM com.sun.enterprise.v3.server.ReadableArchiveScannerAdapter handleEntry
SEVERE: Invalid InputStream returned for org/eclipse/persistence/jaxb/javamodel/JavaConstructor.class
Apr 28, 2022 3:57:07 PM com.sun.enterprise.v3.server.ReadableArchiveScannerAdapter handleEntry
SEVERE: Invalid InputStream returned for org/eclipse/persistence/jaxb/javamodel/JavaField.class
Apr 28, 2022 3:57:07 PM com.sun.enterprise.v3.server.ReadableArchiveScannerAdapter handleEntry
SEVERE: Invalid InputStream returned for org/eclipse/persistence/jaxb/javamodel/JavaHasAnnotations.class
Apr 28, 2022 3:57:07 PM com.sun.enterprise.v3.server.ReadableArchiveScannerAdapter handleEntry
SEVERE: Invalid InputStream returned for org/eclipse/persistence/jaxb/javamodel/JavaMethod.class
Apr 28, 2022 3:57:07 PM com.sun.enterprise.v3.server.ReadableArchiveScannerAdapter handleEntry
SEVERE: Invalid InputStream returned for org/eclipse/persistence/jaxb/javamodel/JavaModel.class
Apr 28, 2022 3:57:07 PM com.sun.enterprise.v3.server.ReadableArchiveScannerAdapter handleEntry
SEVERE: Invalid InputStream returned for org/eclipse/persistence/jaxb/javamodel/JavaModelInput.class
Apr 28, 2022 3:57:07 PM com.sun.enterprise.v3.server.ReadableArchiveScannerAdapter handleEntry
SEVERE: Invalid InputStream returned for org/eclipse/persistence/jaxb/javamodel/JavaPackage.class
Apr 28, 2022 3:57:07 PM com.sun.enterprise.v3.server.ReadableArchiveScannerAdapter handleEntry
SEVERE: Invalid InputStream returned for org/eclipse/persistence/jaxb/javamodel/oxm/OXMJavaClassImpl.class
Apr 28, 2022 3:57:07 PM com.sun.enterprise.v3.server.ReadableArchiveScannerAdapter handleEntry
SEVERE: Invalid InputStream returned for org/eclipse/persistence/jaxb/javamodel/oxm/OXMJavaConstructorImpl.class
Apr 28, 2022 3:57:07 PM com.sun.enterprise.v3.server.ReadableArchiveScannerAdapter handleEntry
SEVERE: Invalid InputStream returned for org/eclipse/persistence/jaxb/javamodel/oxm/OXMJavaFieldImpl.class
Apr 28, 2022 3:57:07 PM com.sun.enterprise.v3.server.ReadableArchiveScannerAdapter handleEntry
SEVERE: Invalid InputStream returned for org/eclipse/persistence/jaxb/javamodel/oxm/OXMJavaMethodImpl.class
Apr 28, 2022 3:57:07 PM com.sun.enterprise.v3.server.ReadableArchiveScannerAdapter handleEntry
SEVERE: Invalid InputStream returned for org/eclipse/persistence/jaxb/javamodel/oxm/OXMJavaModelImpl.class
Apr 28, 2022 3:57:07 PM com.sun.enterprise.v3.server.ReadableArchiveScannerAdapter handleEntry
SEVERE: Invalid InputStream returned for org/eclipse/persistence/jaxb/javamodel/oxm/OXMJavaModelInputImpl.class
Apr 28, 2022 3:57:07 PM com.sun.enterprise.v3.server.ReadableArchiveScannerAdapter handleEntry
SEVERE: Invalid InputStream returned for org/eclipse/persistence/jaxb/javamodel/oxm/OXMJavaPackageImpl.class
Apr 28, 2022 3:57:07 PM com.sun.enterprise.v3.server.ReadableArchiveScannerAdapter handleEntry
SEVERE: Invalid InputStream returned for org/eclipse/persistence/jaxb/javamodel/oxm/OXMJAXBElementImpl.class
Apr 28, 2022 3:57:07 PM com.sun.enterprise.v3.server.ReadableArchiveScannerAdapter handleEntry
SEVERE: Invalid InputStream returned for org/eclipse/persistence/jaxb/javamodel/oxm/OXMObjectFactoryImpl.class
Apr 28, 2022 3:57:07 PM com.sun.enterprise.v3.server.ReadableArchiveScannerAdapter handleEntry
SEVERE: Invalid InputStream returned for org/eclipse/persistence/jaxb/javamodel/reflection/AnnotationHelper.class
Apr 28, 2022 3:57:07 PM com.sun.enterprise.v3.server.ReadableArchiveScannerAdapter handleEntry
SEVERE: Invalid InputStream returned for org/eclipse/persistence/jaxb/javamodel/reflection/JavaAnnotationImpl.class
Apr 28, 2022 3:57:07 PM com.sun.enterprise.v3.server.ReadableArchiveScannerAdapter handleEntry
SEVERE: Invalid InputStream returned for org/eclipse/persistence/jaxb/javamodel/reflection/JavaClassImpl.class
Apr 28, 2022 3:57:07 PM com.sun.enterprise.v3.server.ReadableArchiveScannerAdapter handleEntry
SEVERE: Invalid InputStream returned for org/eclipse/persistence/jaxb/javamodel/reflection/JavaConstructorImpl.class
Apr 28, 2022 3:57:07 PM com.sun.enterprise.v3.server.ReadableArchiveScannerAdapter handleEntry
SEVERE: Invalid InputStream returned for org/eclipse/persistence/jaxb/javamodel/reflection/JavaFieldImpl.class
Apr 28, 2022 3:57:07 PM com.sun.enterprise.v3.server.ReadableArchiveScannerAdapter handleEntry
SEVERE: Invalid InputStream returned for org/eclipse/persistence/jaxb/javamodel/reflection/JavaMethodImpl.class
Apr 28, 2022 3:57:07 PM com.sun.enterprise.v3.server.ReadableArchiveScannerAdapter handleEntry
SEVERE: Invalid InputStream returned for org/eclipse/persistence/jaxb/javamodel/reflection/JavaModelImpl.class
Apr 28, 2022 3:57:07 PM com.sun.enterprise.v3.server.ReadableArchiveScannerAdapter handleEntry
SEVERE: Invalid InputStream returned for org/eclipse/persistence/jaxb/javamodel/reflection/JavaModelInputImpl.class
Apr 28, 2022 3:57:07 PM com.sun.enterprise.v3.server.ReadableArchiveScannerAdapter handleEntry
SEVERE: Invalid InputStream returned for org/eclipse/persistence/jaxb/javamodel/reflection/JavaPackageImpl.class
Apr 28, 2022 3:57:07 PM com.sun.enterprise.v3.server.ReadableArchiveScannerAdapter handleEntry
SEVERE: Invalid InputStream returned for org/eclipse/persistence/jaxb/javamodel/xjc/XJCJavaAnnotationImpl.class
Apr 28, 2022 3:57:07 PM com.sun.enterprise.v3.server.ReadableArchiveScannerAdapter handleEntry
SEVERE: Invalid InputStream returned for org/eclipse/persistence/jaxb/javamodel/xjc/XJCJavaClassImpl.class
Apr 28, 2022 3:57:07 PM com.sun.enterprise.v3.server.ReadableArchiveScannerAdapter handleEntry
SEVERE: Invalid InputStream returned for org/eclipse/persistence/jaxb/javamodel/xjc/XJCJavaConstructorImpl.class
Apr 28, 2022 3:57:07 PM com.sun.enterprise.v3.server.ReadableArchiveScannerAdapter handleEntry
SEVERE: Invalid InputStream returned for org/eclipse/persistence/jaxb/javamodel/xjc/XJCJavaFieldImpl.class
Apr 28, 2022 3:57:07 PM com.sun.enterprise.v3.server.ReadableArchiveScannerAdapter handleEntry
SEVERE: Invalid InputStream returned for org/eclipse/persistence/jaxb/javamodel/xjc/XJCJavaMethodImpl.class
Apr 28, 2022 3:57:07 PM com.sun.enterprise.v3.server.ReadableArchiveScannerAdapter handleEntry
SEVERE: Invalid InputStream returned for org/eclipse/persistence/jaxb/javamodel/xjc/XJCJavaModelImpl.class
Apr 28, 2022 3:57:07 PM com.sun.enterprise.v3.server.ReadableArchiveScannerAdapter handleEntry
SEVERE: Invalid InputStream returned for org/eclipse/persistence/jaxb/javamodel/xjc/XJCJavaModelInputImpl.class
Apr 28, 2022 3:57:07 PM com.sun.enterprise.v3.server.ReadableArchiveScannerAdapter handleEntry
SEVERE: Invalid InputStream returned for org/eclipse/persistence/jaxb/javamodel/xjc/XJCJavaPackageImpl.class
Apr 28, 2022 3:57:07 PM com.sun.enterprise.v3.server.ReadableArchiveScannerAdapter handleEntry
SEVERE: Invalid InputStream returned for org/eclipse/persistence/jaxb/JAXBBeanValidator$1.class
Apr 28, 2022 3:57:07 PM com.sun.enterprise.v3.server.ReadableArchiveScannerAdapter handleEntry
SEVERE: Invalid InputStream returned for org/eclipse/persistence/jaxb/JAXBBeanValidator$2.class
Apr 28, 2022 3:57:07 PM com.sun.enterprise.v3.server.ReadableArchiveScannerAdapter handleEntry
SEVERE: Invalid InputStream returned for org/eclipse/persistence/jaxb/JAXBBeanValidator$ConstraintViolationInfo.class
Apr 28, 2022 3:57:07 PM com.sun.enterprise.v3.server.ReadableArchiveScannerAdapter handleEntry
SEVERE: Invalid InputStream returned for org/eclipse/persistence/jaxb/JAXBBeanValidator.class
Apr 28, 2022 3:57:07 PM com.sun.enterprise.v3.server.ReadableArchiveScannerAdapter handleEntry
SEVERE: Invalid InputStream returned for org/eclipse/persistence/jaxb/JAXBBinder.class
Apr 28, 2022 3:57:07 PM com.sun.enterprise.v3.server.ReadableArchiveScannerAdapter handleEntry
SEVERE: Invalid InputStream returned for org/eclipse/persistence/jaxb/JAXBContext$1.class
Apr 28, 2022 3:57:07 PM com.sun.enterprise.v3.server.ReadableArchiveScannerAdapter handleEntry
SEVERE: Invalid InputStream returned for org/eclipse/persistence/jaxb/JAXBContext$ContextPathInput$1.class
Apr 28, 2022 3:57:07 PM com.sun.enterprise.v3.server.ReadableArchiveScannerAdapter handleEntry
SEVERE: Invalid InputStream returned for org/eclipse/persistence/jaxb/JAXBContext$ContextPathInput.class
Apr 28, 2022 3:57:07 PM com.sun.enterprise.v3.server.ReadableArchiveScannerAdapter handleEntry
SEVERE: Invalid InputStream returned for org/eclipse/persistence/jaxb/JAXBContext$JAXBContextInput.class
Apr 28, 2022 3:57:07 PM com.sun.enterprise.v3.server.ReadableArchiveScannerAdapter handleEntry
SEVERE: Invalid InputStream returned for org/eclipse/persistence/jaxb/JAXBContext$JAXBContextState.class
Apr 28, 2022 3:57:07 PM com.sun.enterprise.v3.server.ReadableArchiveScannerAdapter handleEntry
SEVERE: Invalid InputStream returned for org/eclipse/persistence/jaxb/JAXBContext$RootLevelXmlAdapter.class
Apr 28, 2022 3:57:07 PM com.sun.enterprise.v3.server.ReadableArchiveScannerAdapter handleEntry
SEVERE: Invalid InputStream returned for org/eclipse/persistence/jaxb/JAXBContext$TypeMappingInfoInput$1.class
Apr 28, 2022 3:57:07 PM com.sun.enterprise.v3.server.ReadableArchiveScannerAdapter handleEntry
SEVERE: Invalid InputStream returned for org/eclipse/persistence/jaxb/JAXBContext$TypeMappingInfoInput$2.class
Apr 28, 2022 3:57:07 PM com.sun.enterprise.v3.server.ReadableArchiveScannerAdapter handleEntry
SEVERE: Invalid InputStream returned for org/eclipse/persistence/jaxb/JAXBContext$TypeMappingInfoInput.class
Apr 28, 2022 3:57:07 PM com.sun.enterprise.v3.server.ReadableArchiveScannerAdapter handleEntry
SEVERE: Invalid InputStream returned for org/eclipse/persistence/jaxb/JAXBContext.class
Apr 28, 2022 3:57:07 PM com.sun.enterprise.v3.server.ReadableArchiveScannerAdapter handleEntry
SEVERE: Invalid InputStream returned for org/eclipse/persistence/jaxb/JAXBContextFactory.class
Apr 28, 2022 3:57:07 PM com.sun.enterprise.v3.server.ReadableArchiveScannerAdapter handleEntry
SEVERE: Invalid InputStream returned for org/eclipse/persistence/jaxb/JAXBContextProperties.class
Apr 28, 2022 3:57:07 PM com.sun.enterprise.v3.server.ReadableArchiveScannerAdapter handleEntry
SEVERE: Invalid InputStream returned for org/eclipse/persistence/jaxb/JAXBEnumTypeConverter.class
Apr 28, 2022 3:57:07 PM com.sun.enterprise.v3.server.ReadableArchiveScannerAdapter handleEntry
SEVERE: Invalid InputStream returned for org/eclipse/persistence/jaxb/JAXBErrorHandler.class
Apr 28, 2022 3:57:07 PM com.sun.enterprise.v3.server.ReadableArchiveScannerAdapter handleEntry
SEVERE: Invalid InputStream returned for org/eclipse/persistence/jaxb/JAXBHelper.class
Apr 28, 2022 3:57:07 PM com.sun.enterprise.v3.server.ReadableArchiveScannerAdapter handleEntry
SEVERE: Invalid InputStream returned for org/eclipse/persistence/jaxb/JAXBIntrospector.class
Apr 28, 2022 3:57:07 PM com.sun.enterprise.v3.server.ReadableArchiveScannerAdapter handleEntry
SEVERE: Invalid InputStream returned for org/eclipse/persistence/jaxb/JAXBMarshaller$CharacterEscapeHandlerWrapper.class
Apr 28, 2022 3:57:07 PM com.sun.enterprise.v3.server.ReadableArchiveScannerAdapter handleEntry
SEVERE: Invalid InputStream returned for org/eclipse/persistence/jaxb/JAXBMarshaller.class
Apr 28, 2022 3:57:07 PM com.sun.enterprise.v3.server.ReadableArchiveScannerAdapter handleEntry
SEVERE: Invalid InputStream returned for org/eclipse/persistence/jaxb/JAXBMarshalListener.class
Apr 28, 2022 3:57:07 PM com.sun.enterprise.v3.server.ReadableArchiveScannerAdapter handleEntry
SEVERE: Invalid InputStream returned for org/eclipse/persistence/jaxb/JAXBTypeElement.class
Apr 28, 2022 3:57:07 PM com.sun.enterprise.v3.server.ReadableArchiveScannerAdapter handleEntry
SEVERE: Invalid InputStream returned for org/eclipse/persistence/jaxb/JAXBTypesafeEnumConverter.class
Apr 28, 2022 3:57:07 PM com.sun.enterprise.v3.server.ReadableArchiveScannerAdapter handleEntry
SEVERE: Invalid InputStream returned for org/eclipse/persistence/jaxb/JAXBUnmarshaller$PrimitiveArrayContentHandler.class
Apr 28, 2022 3:57:07 PM com.sun.enterprise.v3.server.ReadableArchiveScannerAdapter handleEntry
SEVERE: Invalid InputStream returned for org/eclipse/persistence/jaxb/JAXBUnmarshaller$PrimitiveContentHandler.class
Apr 28, 2022 3:57:07 PM com.sun.enterprise.v3.server.ReadableArchiveScannerAdapter handleEntry
SEVERE: Invalid InputStream returned for org/eclipse/persistence/jaxb/JAXBUnmarshaller.class
Apr 28, 2022 3:57:07 PM com.sun.enterprise.v3.server.ReadableArchiveScannerAdapter handleEntry
SEVERE: Invalid InputStream returned for org/eclipse/persistence/jaxb/JAXBUnmarshallerHandler.class
Apr 28, 2022 3:57:07 PM com.sun.enterprise.v3.server.ReadableArchiveScannerAdapter handleEntry
SEVERE: Invalid InputStream returned for org/eclipse/persistence/jaxb/JAXBUnmarshalListener.class
Apr 28, 2022 3:57:07 PM com.sun.enterprise.v3.server.ReadableArchiveScannerAdapter handleEntry
SEVERE: Invalid InputStream returned for org/eclipse/persistence/jaxb/JAXBValidator.class
Apr 28, 2022 3:57:07 PM com.sun.enterprise.v3.server.ReadableArchiveScannerAdapter handleEntry
SEVERE: Invalid InputStream returned for org/eclipse/persistence/jaxb/json/JsonSchemaOutputResolver.class
Apr 28, 2022 3:57:07 PM com.sun.enterprise.v3.server.ReadableArchiveScannerAdapter handleEntry
SEVERE: Invalid InputStream returned for org/eclipse/persistence/jaxb/MarshallerProperties.class
Apr 28, 2022 3:57:07 PM com.sun.enterprise.v3.server.ReadableArchiveScannerAdapter handleEntry
SEVERE: Invalid InputStream returned for org/eclipse/persistence/jaxb/metadata/MetadataSource.class
Apr 28, 2022 3:57:07 PM com.sun.enterprise.v3.server.ReadableArchiveScannerAdapter handleEntry
SEVERE: Invalid InputStream returned for org/eclipse/persistence/jaxb/metadata/MetadataSourceAdapter.class
Apr 28, 2022 3:57:07 PM com.sun.enterprise.v3.server.ReadableArchiveScannerAdapter handleEntry
SEVERE: Invalid InputStream returned for org/eclipse/persistence/jaxb/metadata/XMLMetadataSource.class
Apr 28, 2022 3:57:07 PM com.sun.enterprise.v3.server.ReadableArchiveScannerAdapter handleEntry
SEVERE: Invalid InputStream returned for org/eclipse/persistence/jaxb/MOXySystemProperties$1.class
Apr 28, 2022 3:57:07 PM com.sun.enterprise.v3.server.ReadableArchiveScannerAdapter handleEntry
SEVERE: Invalid InputStream returned for org/eclipse/persistence/jaxb/MOXySystemProperties.class
Apr 28, 2022 3:57:07 PM com.sun.enterprise.v3.server.ReadableArchiveScannerAdapter handleEntry
SEVERE: Invalid InputStream returned for org/eclipse/persistence/jaxb/ObjectGraph.class
Apr 28, 2022 3:57:07 PM com.sun.enterprise.v3.server.ReadableArchiveScannerAdapter handleEntry
SEVERE: Invalid InputStream returned for org/eclipse/persistence/jaxb/plugins/BeanValidationPlugin$1GroupsParser.class
Apr 28, 2022 3:57:07 PM com.sun.enterprise.v3.server.ReadableArchiveScannerAdapter handleEntry
SEVERE: Invalid InputStream returned for org/eclipse/persistence/jaxb/plugins/BeanValidationPlugin$ExistingBoundaryValueActionExecutor$1.class
Apr 28, 2022 3:57:07 PM com.sun.enterprise.v3.server.ReadableArchiveScannerAdapter handleEntry
SEVERE: Invalid InputStream returned for org/eclipse/persistence/jaxb/plugins/BeanValidationPlugin$ExistingBoundaryValueActionExecutor$PrivilegedActionWith.class
Apr 28, 2022 3:57:07 PM com.sun.enterprise.v3.server.ReadableArchiveScannerAdapter handleEntry
SEVERE: Invalid InputStream returned for org/eclipse/persistence/jaxb/plugins/BeanValidationPlugin$ExistingBoundaryValueActionExecutor.class
Apr 28, 2022 3:57:07 PM com.sun.enterprise.v3.server.ReadableArchiveScannerAdapter handleEntry
SEVERE: Invalid InputStream returned for org/eclipse/persistence/jaxb/plugins/BeanValidationPlugin$FacetCustomization$ClassNameTrimmer.class
Apr 28, 2022 3:57:07 PM com.sun.enterprise.v3.server.ReadableArchiveScannerAdapter handleEntry
SEVERE: Invalid InputStream returned for org/eclipse/persistence/jaxb/plugins/BeanValidationPlugin$FacetCustomization.class
Apr 28, 2022 3:57:07 PM com.sun.enterprise.v3.server.ReadableArchiveScannerAdapter handleEntry
SEVERE: Invalid InputStream returned for org/eclipse/persistence/jaxb/plugins/BeanValidationPlugin$FacetType.class
Apr 28, 2022 3:57:07 PM com.sun.enterprise.v3.server.ReadableArchiveScannerAdapter handleEntry
SEVERE: Invalid InputStream returned for org/eclipse/persistence/jaxb/plugins/BeanValidationPlugin$ForNameActionExecutor$1.class
Apr 28, 2022 3:57:07 PM com.sun.enterprise.v3.server.ReadableArchiveScannerAdapter handleEntry
SEVERE: Invalid InputStream returned for org/eclipse/persistence/jaxb/plugins/BeanValidationPlugin$ForNameActionExecutor$PrivilegedExceptionActionWith.class
Apr 28, 2022 3:57:07 PM com.sun.enterprise.v3.server.ReadableArchiveScannerAdapter handleEntry
SEVERE: Invalid InputStream returned for org/eclipse/persistence/jaxb/plugins/BeanValidationPlugin$ForNameActionExecutor.class
Apr 28, 2022 3:57:07 PM com.sun.enterprise.v3.server.ReadableArchiveScannerAdapter handleEntry
SEVERE: Invalid InputStream returned for org/eclipse/persistence/jaxb/plugins/BeanValidationPlugin$MinMaxTuple.class
Apr 28, 2022 3:57:07 PM com.sun.enterprise.v3.server.ReadableArchiveScannerAdapter handleEntry
SEVERE: Invalid InputStream returned for org/eclipse/persistence/jaxb/plugins/BeanValidationPlugin$OccursValueActionExecutor$1.class
Apr 28, 2022 3:57:07 PM com.sun.enterprise.v3.server.ReadableArchiveScannerAdapter handleEntry
SEVERE: Invalid InputStream returned for org/eclipse/persistence/jaxb/plugins/BeanValidationPlugin$OccursValueActionExecutor$PrivilegedActionWith.class
Apr 28, 2022 3:57:07 PM com.sun.enterprise.v3.server.ReadableArchiveScannerAdapter handleEntry
SEVERE: Invalid InputStream returned for org/eclipse/persistence/jaxb/plugins/BeanValidationPlugin$OccursValueActionExecutor.class
Apr 28, 2022 3:57:07 PM com.sun.enterprise.v3.server.ReadableArchiveScannerAdapter handleEntry
SEVERE: Invalid InputStream returned for org/eclipse/persistence/jaxb/plugins/BeanValidationPlugin$RegexMutator$1.class
Apr 28, 2022 3:57:07 PM com.sun.enterprise.v3.server.ReadableArchiveScannerAdapter handleEntry
SEVERE: Invalid InputStream returned for org/eclipse/persistence/jaxb/plugins/BeanValidationPlugin$RegexMutator$2.class
Apr 28, 2022 3:57:07 PM com.sun.enterprise.v3.server.ReadableArchiveScannerAdapter handleEntry
SEVERE: Invalid InputStream returned for org/eclipse/persistence/jaxb/plugins/BeanValidationPlugin$RegexMutator.class
Apr 28, 2022 3:57:07 PM com.sun.enterprise.v3.server.ReadableArchiveScannerAdapter handleEntry
SEVERE: Invalid InputStream returned for org/eclipse/persistence/jaxb/plugins/BeanValidationPlugin$Visitor.class
Apr 28, 2022 3:57:07 PM com.sun.enterprise.v3.server.ReadableArchiveScannerAdapter handleEntry
SEVERE: Invalid InputStream returned for org/eclipse/persistence/jaxb/plugins/BeanValidationPlugin.class
Apr 28, 2022 3:57:07 PM com.sun.enterprise.v3.server.ReadableArchiveScannerAdapter handleEntry
SEVERE: Invalid InputStream returned for org/eclipse/persistence/jaxb/ReflectionUtils$DeclaredConstructorsIODH$1.class
Apr 28, 2022 3:57:07 PM com.sun.enterprise.v3.server.ReadableArchiveScannerAdapter handleEntry
SEVERE: Invalid InputStream returned for org/eclipse/persistence/jaxb/ReflectionUtils$DeclaredConstructorsIODH.class
Apr 28, 2022 3:57:07 PM com.sun.enterprise.v3.server.ReadableArchiveScannerAdapter handleEntry
SEVERE: Invalid InputStream returned for org/eclipse/persistence/jaxb/ReflectionUtils$DeclaredFieldsIODH$1.class
Apr 28, 2022 3:57:07 PM com.sun.enterprise.v3.server.ReadableArchiveScannerAdapter handleEntry
SEVERE: Invalid InputStream returned for org/eclipse/persistence/jaxb/ReflectionUtils$DeclaredFieldsIODH.class
Apr 28, 2022 3:57:07 PM com.sun.enterprise.v3.server.ReadableArchiveScannerAdapter handleEntry
SEVERE: Invalid InputStream returned for org/eclipse/persistence/jaxb/ReflectionUtils$DeclaredMethodIODH$1.class
Apr 28, 2022 3:57:07 PM com.sun.enterprise.v3.server.ReadableArchiveScannerAdapter handleEntry
SEVERE: Invalid InputStream returned for org/eclipse/persistence/jaxb/ReflectionUtils$DeclaredMethodIODH.class
Apr 28, 2022 3:57:07 PM com.sun.enterprise.v3.server.ReadableArchiveScannerAdapter handleEntry
SEVERE: Invalid InputStream returned for org/eclipse/persistence/jaxb/ReflectionUtils$DeclaredMethodsIODH$1.class
Apr 28, 2022 3:57:07 PM com.sun.enterprise.v3.server.ReadableArchiveScannerAdapter handleEntry
SEVERE: Invalid InputStream returned for org/eclipse/persistence/jaxb/ReflectionUtils$DeclaredMethodsIODH.class
Apr 28, 2022 3:57:07 PM com.sun.enterprise.v3.server.ReadableArchiveScannerAdapter handleEntry
SEVERE: Invalid InputStream returned for org/eclipse/persistence/jaxb/ReflectionUtils$ForNameIODH$1.class
Apr 28, 2022 3:57:07 PM com.sun.enterprise.v3.server.ReadableArchiveScannerAdapter handleEntry
SEVERE: Invalid InputStream returned for org/eclipse/persistence/jaxb/ReflectionUtils$ForNameIODH.class
Apr 28, 2022 3:57:07 PM com.sun.enterprise.v3.server.ReadableArchiveScannerAdapter handleEntry
SEVERE: Invalid InputStream returned for org/eclipse/persistence/jaxb/ReflectionUtils$Predicate.class
Apr 28, 2022 3:57:07 PM com.sun.enterprise.v3.server.ReadableArchiveScannerAdapter handleEntry
SEVERE: Invalid InputStream returned for org/eclipse/persistence/jaxb/ReflectionUtils$PredicateWithException.class
Apr 28, 2022 3:57:07 PM com.sun.enterprise.v3.server.ReadableArchiveScannerAdapter handleEntry
SEVERE: Invalid InputStream returned for org/eclipse/persistence/jaxb/ReflectionUtils.class
Apr 28, 2022 3:57:07 PM com.sun.enterprise.v3.server.ReadableArchiveScannerAdapter handleEntry
SEVERE: Invalid InputStream returned for org/eclipse/persistence/jaxb/rs/MOXyJsonProvider.class
Apr 28, 2022 3:57:07 PM com.sun.enterprise.v3.server.ReadableArchiveScannerAdapter handleEntry
SEVERE: Invalid InputStream returned for org/eclipse/persistence/jaxb/Subgraph.class
Apr 28, 2022 3:57:07 PM com.sun.enterprise.v3.server.ReadableArchiveScannerAdapter handleEntry
SEVERE: Invalid InputStream returned for org/eclipse/persistence/jaxb/TypeMappingInfo$ElementScope.class
Apr 28, 2022 3:57:07 PM com.sun.enterprise.v3.server.ReadableArchiveScannerAdapter handleEntry
SEVERE: Invalid InputStream returned for org/eclipse/persistence/jaxb/TypeMappingInfo.class
Apr 28, 2022 3:57:07 PM com.sun.enterprise.v3.server.ReadableArchiveScannerAdapter handleEntry
SEVERE: Invalid InputStream returned for org/eclipse/persistence/jaxb/UnmarshallerProperties.class
Apr 28, 2022 3:57:07 PM com.sun.enterprise.v3.server.ReadableArchiveScannerAdapter handleEntry
SEVERE: Invalid InputStream returned for org/eclipse/persistence/jaxb/ValidationXMLReader$1.class
Apr 28, 2022 3:57:07 PM com.sun.enterprise.v3.server.ReadableArchiveScannerAdapter handleEntry
SEVERE: Invalid InputStream returned for org/eclipse/persistence/jaxb/ValidationXMLReader$1ConstrainedClassesDetector.class
Apr 28, 2022 3:57:07 PM com.sun.enterprise.v3.server.ReadableArchiveScannerAdapter handleEntry
SEVERE: Invalid InputStream returned for org/eclipse/persistence/jaxb/ValidationXMLReader.class
Apr 28, 2022 3:57:07 PM com.sun.enterprise.v3.server.ReadableArchiveScannerAdapter handleEntry
SEVERE: Invalid InputStream returned for org/eclipse/persistence/jaxb/xjc/MOXyXJC$Listener.class
Apr 28, 2022 3:57:07 PM com.sun.enterprise.v3.server.ReadableArchiveScannerAdapter handleEntry
SEVERE: Invalid InputStream returned for org/eclipse/persistence/jaxb/xjc/MOXyXJC.class
Apr 28, 2022 3:57:07 PM com.sun.enterprise.v3.server.ReadableArchiveScannerAdapter handleEntry
SEVERE: Invalid InputStream returned for org/eclipse/persistence/jaxb/xmlmodel/JavaAttribute.class
Apr 28, 2022 3:57:07 PM com.sun.enterprise.v3.server.ReadableArchiveScannerAdapter handleEntry
SEVERE: Invalid InputStream returned for org/eclipse/persistence/jaxb/xmlmodel/JavaType$JavaAttributes.class
Apr 28, 2022 3:57:07 PM com.sun.enterprise.v3.server.ReadableArchiveScannerAdapter handleEntry
SEVERE: Invalid InputStream returned for org/eclipse/persistence/jaxb/xmlmodel/JavaType.class
Apr 28, 2022 3:57:07 PM com.sun.enterprise.v3.server.ReadableArchiveScannerAdapter handleEntry
SEVERE: Invalid InputStream returned for org/eclipse/persistence/jaxb/xmlmodel/ObjectFactory.class
Apr 28, 2022 3:57:07 PM com.sun.enterprise.v3.server.ReadableArchiveScannerAdapter handleEntry
SEVERE: Invalid InputStream returned for org/eclipse/persistence/jaxb/xmlmodel/package-info.class
Apr 28, 2022 3:57:07 PM com.sun.enterprise.v3.server.ReadableArchiveScannerAdapter handleEntry
SEVERE: Invalid InputStream returned for org/eclipse/persistence/jaxb/xmlmodel/XmlAbstractNullPolicy.class
Apr 28, 2022 3:57:08 PM com.sun.enterprise.v3.server.ReadableArchiveScannerAdapter handleEntry
SEVERE: Invalid InputStream returned for org/eclipse/persistence/jaxb/xmlmodel/XmlAccessMethods.class
Apr 28, 2022 3:57:08 PM com.sun.enterprise.v3.server.ReadableArchiveScannerAdapter handleEntry
SEVERE: Invalid InputStream returned for org/eclipse/persistence/jaxb/xmlmodel/XmlAccessOrder.class
Apr 28, 2022 3:57:08 PM com.sun.enterprise.v3.server.ReadableArchiveScannerAdapter handleEntry
SEVERE: Invalid InputStream returned for org/eclipse/persistence/jaxb/xmlmodel/XmlAccessType.class
Apr 28, 2022 3:57:08 PM com.sun.enterprise.v3.server.ReadableArchiveScannerAdapter handleEntry
SEVERE: Invalid InputStream returned for org/eclipse/persistence/jaxb/xmlmodel/XmlAnyAttribute.class
Apr 28, 2022 3:57:08 PM com.sun.enterprise.v3.server.ReadableArchiveScannerAdapter handleEntry
SEVERE: Invalid InputStream returned for org/eclipse/persistence/jaxb/xmlmodel/XmlAnyElement.class
Apr 28, 2022 3:57:08 PM com.sun.enterprise.v3.server.ReadableArchiveScannerAdapter handleEntry
SEVERE: Invalid InputStream returned for org/eclipse/persistence/jaxb/xmlmodel/XmlAttribute.class
Apr 28, 2022 3:57:08 PM com.sun.enterprise.v3.server.ReadableArchiveScannerAdapter handleEntry
SEVERE: Invalid InputStream returned for org/eclipse/persistence/jaxb/xmlmodel/XmlBindings$JavaTypes.class
Apr 28, 2022 3:57:08 PM com.sun.enterprise.v3.server.ReadableArchiveScannerAdapter handleEntry
SEVERE: Invalid InputStream returned for org/eclipse/persistence/jaxb/xmlmodel/XmlBindings$XmlEnums.class
Apr 28, 2022 3:57:08 PM com.sun.enterprise.v3.server.ReadableArchiveScannerAdapter handleEntry
SEVERE: Invalid InputStream returned for org/eclipse/persistence/jaxb/xmlmodel/XmlBindings$XmlRegistries.class
Apr 28, 2022 3:57:08 PM com.sun.enterprise.v3.server.ReadableArchiveScannerAdapter handleEntry
SEVERE: Invalid InputStream returned for org/eclipse/persistence/jaxb/xmlmodel/XmlBindings.class
Apr 28, 2022 3:57:08 PM com.sun.enterprise.v3.server.ReadableArchiveScannerAdapter handleEntry
SEVERE: Invalid InputStream returned for org/eclipse/persistence/jaxb/xmlmodel/XmlClassExtractor.class
Apr 28, 2022 3:57:08 PM com.sun.enterprise.v3.server.ReadableArchiveScannerAdapter handleEntry
SEVERE: Invalid InputStream returned for org/eclipse/persistence/jaxb/xmlmodel/XmlElement$XmlInverseReference.class
Apr 28, 2022 3:57:08 PM com.sun.enterprise.v3.server.ReadableArchiveScannerAdapter handleEntry
SEVERE: Invalid InputStream returned for org/eclipse/persistence/jaxb/xmlmodel/XmlElement.class
Apr 28, 2022 3:57:08 PM com.sun.enterprise.v3.server.ReadableArchiveScannerAdapter handleEntry
SEVERE: Invalid InputStream returned for org/eclipse/persistence/jaxb/xmlmodel/XmlElementNillable.class
Apr 28, 2022 3:57:08 PM com.sun.enterprise.v3.server.ReadableArchiveScannerAdapter handleEntry
SEVERE: Invalid InputStream returned for org/eclipse/persistence/jaxb/xmlmodel/XmlElementRef.class
Apr 28, 2022 3:57:08 PM com.sun.enterprise.v3.server.ReadableArchiveScannerAdapter handleEntry
SEVERE: Invalid InputStream returned for org/eclipse/persistence/jaxb/xmlmodel/XmlElementRefs.class
Apr 28, 2022 3:57:08 PM com.sun.enterprise.v3.server.ReadableArchiveScannerAdapter handleEntry
SEVERE: Invalid InputStream returned for org/eclipse/persistence/jaxb/xmlmodel/XmlElements.class
Apr 28, 2022 3:57:08 PM com.sun.enterprise.v3.server.ReadableArchiveScannerAdapter handleEntry
SEVERE: Invalid InputStream returned for org/eclipse/persistence/jaxb/xmlmodel/XmlElementWrapper.class
Apr 28, 2022 3:57:08 PM com.sun.enterprise.v3.server.ReadableArchiveScannerAdapter handleEntry
SEVERE: Invalid InputStream returned for org/eclipse/persistence/jaxb/xmlmodel/XmlEnum.class
Apr 28, 2022 3:57:08 PM com.sun.enterprise.v3.server.ReadableArchiveScannerAdapter handleEntry
SEVERE: Invalid InputStream returned for org/eclipse/persistence/jaxb/xmlmodel/XmlEnumValue.class
Apr 28, 2022 3:57:08 PM com.sun.enterprise.v3.server.ReadableArchiveScannerAdapter handleEntry
SEVERE: Invalid InputStream returned for org/eclipse/persistence/jaxb/xmlmodel/XmlInverseReference.class
Apr 28, 2022 3:57:08 PM com.sun.enterprise.v3.server.ReadableArchiveScannerAdapter handleEntry
SEVERE: Invalid InputStream returned for org/eclipse/persistence/jaxb/xmlmodel/XmlIsSetNullPolicy$IsSetParameter.class
Apr 28, 2022 3:57:08 PM com.sun.enterprise.v3.server.ReadableArchiveScannerAdapter handleEntry
SEVERE: Invalid InputStream returned for org/eclipse/persistence/jaxb/xmlmodel/XmlIsSetNullPolicy.class
Apr 28, 2022 3:57:08 PM com.sun.enterprise.v3.server.ReadableArchiveScannerAdapter handleEntry
SEVERE: Invalid InputStream returned for org/eclipse/persistence/jaxb/xmlmodel/XmlJavaTypeAdapter.class
Apr 28, 2022 3:57:08 PM com.sun.enterprise.v3.server.ReadableArchiveScannerAdapter handleEntry
SEVERE: Invalid InputStream returned for org/eclipse/persistence/jaxb/xmlmodel/XmlJavaTypeAdapters.class
Apr 28, 2022 3:57:08 PM com.sun.enterprise.v3.server.ReadableArchiveScannerAdapter handleEntry
SEVERE: Invalid InputStream returned for org/eclipse/persistence/jaxb/xmlmodel/XmlJoinNodes$XmlJoinNode.class
Apr 28, 2022 3:57:08 PM com.sun.enterprise.v3.server.ReadableArchiveScannerAdapter handleEntry
SEVERE: Invalid InputStream returned for org/eclipse/persistence/jaxb/xmlmodel/XmlJoinNodes.class
Apr 28, 2022 3:57:08 PM com.sun.enterprise.v3.server.ReadableArchiveScannerAdapter handleEntry
SEVERE: Invalid InputStream returned for org/eclipse/persistence/jaxb/xmlmodel/XmlMap$Key.class
Apr 28, 2022 3:57:08 PM com.sun.enterprise.v3.server.ReadableArchiveScannerAdapter handleEntry
SEVERE: Invalid InputStream returned for org/eclipse/persistence/jaxb/xmlmodel/XmlMap$Value.class
Apr 28, 2022 3:57:08 PM com.sun.enterprise.v3.server.ReadableArchiveScannerAdapter handleEntry
SEVERE: Invalid InputStream returned for org/eclipse/persistence/jaxb/xmlmodel/XmlMap.class
Apr 28, 2022 3:57:08 PM com.sun.enterprise.v3.server.ReadableArchiveScannerAdapter handleEntry
SEVERE: Invalid InputStream returned for org/eclipse/persistence/jaxb/xmlmodel/XmlMarshalNullRepresentation.class
Apr 28, 2022 3:57:08 PM com.sun.enterprise.v3.server.ReadableArchiveScannerAdapter handleEntry
SEVERE: Invalid InputStream returned for org/eclipse/persistence/jaxb/xmlmodel/XmlNamedAttributeNode.class
Apr 28, 2022 3:57:08 PM com.sun.enterprise.v3.server.ReadableArchiveScannerAdapter handleEntry
SEVERE: Invalid InputStream returned for org/eclipse/persistence/jaxb/xmlmodel/XmlNamedObjectGraph.class
Apr 28, 2022 3:57:08 PM com.sun.enterprise.v3.server.ReadableArchiveScannerAdapter handleEntry
SEVERE: Invalid InputStream returned for org/eclipse/persistence/jaxb/xmlmodel/XmlNamedObjectGraphs.class
Apr 28, 2022 3:57:08 PM com.sun.enterprise.v3.server.ReadableArchiveScannerAdapter handleEntry
SEVERE: Invalid InputStream returned for org/eclipse/persistence/jaxb/xmlmodel/XmlNamedSubgraph.class
Apr 28, 2022 3:57:08 PM com.sun.enterprise.v3.server.ReadableArchiveScannerAdapter handleEntry
SEVERE: Invalid InputStream returned for org/eclipse/persistence/jaxb/xmlmodel/XmlNsForm.class
Apr 28, 2022 3:57:08 PM com.sun.enterprise.v3.server.ReadableArchiveScannerAdapter handleEntry
SEVERE: Invalid InputStream returned for org/eclipse/persistence/jaxb/xmlmodel/XmlNullPolicy.class
Apr 28, 2022 3:57:08 PM com.sun.enterprise.v3.server.ReadableArchiveScannerAdapter handleEntry
SEVERE: Invalid InputStream returned for org/eclipse/persistence/jaxb/xmlmodel/XmlProperties$XmlProperty.class
Apr 28, 2022 3:57:08 PM com.sun.enterprise.v3.server.ReadableArchiveScannerAdapter handleEntry
SEVERE: Invalid InputStream returned for org/eclipse/persistence/jaxb/xmlmodel/XmlProperties.class
Apr 28, 2022 3:57:08 PM com.sun.enterprise.v3.server.ReadableArchiveScannerAdapter handleEntry
SEVERE: Invalid InputStream returned for org/eclipse/persistence/jaxb/xmlmodel/XmlRegistry$XmlElementDecl.class
Apr 28, 2022 3:57:08 PM com.sun.enterprise.v3.server.ReadableArchiveScannerAdapter handleEntry
SEVERE: Invalid InputStream returned for org/eclipse/persistence/jaxb/xmlmodel/XmlRegistry.class
Apr 28, 2022 3:57:08 PM com.sun.enterprise.v3.server.ReadableArchiveScannerAdapter handleEntry
SEVERE: Invalid InputStream returned for org/eclipse/persistence/jaxb/xmlmodel/XmlRootElement.class
Apr 28, 2022 3:57:08 PM com.sun.enterprise.v3.server.ReadableArchiveScannerAdapter handleEntry
SEVERE: Invalid InputStream returned for org/eclipse/persistence/jaxb/xmlmodel/XmlSchema$XmlNs.class
Apr 28, 2022 3:57:08 PM com.sun.enterprise.v3.server.ReadableArchiveScannerAdapter handleEntry
SEVERE: Invalid InputStream returned for org/eclipse/persistence/jaxb/xmlmodel/XmlSchema.class
Apr 28, 2022 3:57:08 PM com.sun.enterprise.v3.server.ReadableArchiveScannerAdapter handleEntry
SEVERE: Invalid InputStream returned for org/eclipse/persistence/jaxb/xmlmodel/XmlSchemaType.class
Apr 28, 2022 3:57:08 PM com.sun.enterprise.v3.server.ReadableArchiveScannerAdapter handleEntry
SEVERE: Invalid InputStream returned for org/eclipse/persistence/jaxb/xmlmodel/XmlSchemaTypes.class
Apr 28, 2022 3:57:08 PM com.sun.enterprise.v3.server.ReadableArchiveScannerAdapter handleEntry
SEVERE: Invalid InputStream returned for org/eclipse/persistence/jaxb/xmlmodel/XmlTransformation$XmlReadTransformer.class
Apr 28, 2022 3:57:08 PM com.sun.enterprise.v3.server.ReadableArchiveScannerAdapter handleEntry
SEVERE: Invalid InputStream returned for org/eclipse/persistence/jaxb/xmlmodel/XmlTransformation$XmlWriteTransformer.class
Apr 28, 2022 3:57:08 PM com.sun.enterprise.v3.server.ReadableArchiveScannerAdapter handleEntry
SEVERE: Invalid InputStream returned for org/eclipse/persistence/jaxb/xmlmodel/XmlTransformation.class
Apr 28, 2022 3:57:08 PM com.sun.enterprise.v3.server.ReadableArchiveScannerAdapter handleEntry
SEVERE: Invalid InputStream returned for org/eclipse/persistence/jaxb/xmlmodel/XmlTransient.class
Apr 28, 2022 3:57:08 PM com.sun.enterprise.v3.server.ReadableArchiveScannerAdapter handleEntry
SEVERE: Invalid InputStream returned for org/eclipse/persistence/jaxb/xmlmodel/XmlType.class
Apr 28, 2022 3:57:08 PM com.sun.enterprise.v3.server.ReadableArchiveScannerAdapter handleEntry
SEVERE: Invalid InputStream returned for org/eclipse/persistence/jaxb/xmlmodel/XmlValue.class
Apr 28, 2022 3:57:08 PM com.sun.enterprise.v3.server.ReadableArchiveScannerAdapter handleEntry
SEVERE: Invalid InputStream returned for org/eclipse/persistence/jaxb/xmlmodel/XmlVariableNode.class
Apr 28, 2022 3:57:08 PM com.sun.enterprise.v3.server.ReadableArchiveScannerAdapter handleEntry
SEVERE: Invalid InputStream returned for org/eclipse/persistence/jaxb/xmlmodel/XmlVirtualAccessMethods.class
Apr 28, 2022 3:57:08 PM com.sun.enterprise.v3.server.ReadableArchiveScannerAdapter handleEntry
SEVERE: Invalid InputStream returned for org/eclipse/persistence/jaxb/xmlmodel/XmlVirtualAccessMethodsSchema.class
Apr 28, 2022 3:57:08 PM com.sun.enterprise.v3.server.ReadableArchiveScannerAdapter handleEntry
SEVERE: Invalid InputStream returned for org/eclipse/persistence/jpa/Archive.class
Apr 28, 2022 3:57:08 PM com.sun.enterprise.v3.server.ReadableArchiveScannerAdapter handleEntry
SEVERE: Invalid InputStream returned for org/eclipse/persistence/jpa/ArchiveFactory.class
Apr 28, 2022 3:57:08 PM com.sun.enterprise.v3.server.ReadableArchiveScannerAdapter handleEntry
SEVERE: Invalid InputStream returned for org/eclipse/persistence/jpa/config/AccessMethods.class
Apr 28, 2022 3:57:08 PM com.sun.enterprise.v3.server.ReadableArchiveScannerAdapter handleEntry
SEVERE: Invalid InputStream returned for org/eclipse/persistence/jpa/config/AdditionalCriteria.class
Apr 28, 2022 3:57:08 PM com.sun.enterprise.v3.server.ReadableArchiveScannerAdapter handleEntry
SEVERE: Invalid InputStream returned for org/eclipse/persistence/jpa/config/Array.class
Apr 28, 2022 3:57:08 PM com.sun.enterprise.v3.server.ReadableArchiveScannerAdapter handleEntry
SEVERE: Invalid InputStream returned for org/eclipse/persistence/jpa/config/AssociationOverride.class
Apr 28, 2022 3:57:08 PM com.sun.enterprise.v3.server.ReadableArchiveScannerAdapter handleEntry
SEVERE: Invalid InputStream returned for org/eclipse/persistence/jpa/config/AttributeOverride.class
Apr 28, 2022 3:57:08 PM com.sun.enterprise.v3.server.ReadableArchiveScannerAdapter handleEntry
SEVERE: Invalid InputStream returned for org/eclipse/persistence/jpa/config/Basic.class
Apr 28, 2022 3:57:08 PM com.sun.enterprise.v3.server.ReadableArchiveScannerAdapter handleEntry
SEVERE: Invalid InputStream returned for org/eclipse/persistence/jpa/config/BatchFetch.class
Apr 28, 2022 3:57:08 PM com.sun.enterprise.v3.server.ReadableArchiveScannerAdapter handleEntry
SEVERE: Invalid InputStream returned for org/eclipse/persistence/jpa/config/Cache.class
Apr 28, 2022 3:57:08 PM com.sun.enterprise.v3.server.ReadableArchiveScannerAdapter handleEntry
SEVERE: Invalid InputStream returned for org/eclipse/persistence/jpa/config/CacheIndex.class
Apr 28, 2022 3:57:08 PM com.sun.enterprise.v3.server.ReadableArchiveScannerAdapter handleEntry
SEVERE: Invalid InputStream returned for org/eclipse/persistence/jpa/config/CacheInterceptor.class
Apr 28, 2022 3:57:08 PM com.sun.enterprise.v3.server.ReadableArchiveScannerAdapter handleEntry
SEVERE: Invalid InputStream returned for org/eclipse/persistence/jpa/config/Cascade.class
Apr 28, 2022 3:57:08 PM com.sun.enterprise.v3.server.ReadableArchiveScannerAdapter handleEntry
SEVERE: Invalid InputStream returned for org/eclipse/persistence/jpa/config/ChangeTracking.class
Apr 28, 2022 3:57:08 PM com.sun.enterprise.v3.server.ReadableArchiveScannerAdapter handleEntry
SEVERE: Invalid InputStream returned for org/eclipse/persistence/jpa/config/CloneCopyPolicy.class
Apr 28, 2022 3:57:08 PM com.sun.enterprise.v3.server.ReadableArchiveScannerAdapter handleEntry
SEVERE: Invalid InputStream returned for org/eclipse/persistence/jpa/config/CollectionTable.class
Apr 28, 2022 3:57:08 PM com.sun.enterprise.v3.server.ReadableArchiveScannerAdapter handleEntry
SEVERE: Invalid InputStream returned for org/eclipse/persistence/jpa/config/Column.class
Apr 28, 2022 3:57:08 PM com.sun.enterprise.v3.server.ReadableArchiveScannerAdapter handleEntry
SEVERE: Invalid InputStream returned for org/eclipse/persistence/jpa/config/ColumnResult.class
Apr 28, 2022 3:57:08 PM com.sun.enterprise.v3.server.ReadableArchiveScannerAdapter handleEntry
SEVERE: Invalid InputStream returned for org/eclipse/persistence/jpa/config/ConstructorResult.class
Apr 28, 2022 3:57:08 PM com.sun.enterprise.v3.server.ReadableArchiveScannerAdapter handleEntry
SEVERE: Invalid InputStream returned for org/eclipse/persistence/jpa/config/ConversionValue.class
Apr 28, 2022 3:57:08 PM com.sun.enterprise.v3.server.ReadableArchiveScannerAdapter handleEntry
SEVERE: Invalid InputStream returned for org/eclipse/persistence/jpa/config/Convert.class
Apr 28, 2022 3:57:08 PM com.sun.enterprise.v3.server.ReadableArchiveScannerAdapter handleEntry
SEVERE: Invalid InputStream returned for org/eclipse/persistence/jpa/config/Converter.class
Apr 28, 2022 3:57:08 PM com.sun.enterprise.v3.server.ReadableArchiveScannerAdapter handleEntry
SEVERE: Invalid InputStream returned for org/eclipse/persistence/jpa/config/ConverterClass.class
Apr 28, 2022 3:57:08 PM com.sun.enterprise.v3.server.ReadableArchiveScannerAdapter handleEntry
SEVERE: Invalid InputStream returned for org/eclipse/persistence/jpa/config/CopyPolicy.class
Apr 28, 2022 3:57:08 PM com.sun.enterprise.v3.server.ReadableArchiveScannerAdapter handleEntry
SEVERE: Invalid InputStream returned for org/eclipse/persistence/jpa/config/DataService.class
Apr 28, 2022 3:57:08 PM com.sun.enterprise.v3.server.ReadableArchiveScannerAdapter handleEntry
SEVERE: Invalid InputStream returned for org/eclipse/persistence/jpa/config/DiscriminatorClass.class
Apr 28, 2022 3:57:08 PM com.sun.enterprise.v3.server.ReadableArchiveScannerAdapter handleEntry
SEVERE: Invalid InputStream returned for org/eclipse/persistence/jpa/config/DiscriminatorColumn.class
Apr 28, 2022 3:57:08 PM com.sun.enterprise.v3.server.ReadableArchiveScannerAdapter handleEntry
SEVERE: Invalid InputStream returned for org/eclipse/persistence/jpa/config/ElementCollection.class
Apr 28, 2022 3:57:08 PM com.sun.enterprise.v3.server.ReadableArchiveScannerAdapter handleEntry
SEVERE: Invalid InputStream returned for org/eclipse/persistence/jpa/config/Embeddable.class
Apr 28, 2022 3:57:08 PM com.sun.enterprise.v3.server.ReadableArchiveScannerAdapter handleEntry
SEVERE: Invalid InputStream returned for org/eclipse/persistence/jpa/config/Embedded.class
Apr 28, 2022 3:57:08 PM com.sun.enterprise.v3.server.ReadableArchiveScannerAdapter handleEntry
SEVERE: Invalid InputStream returned for org/eclipse/persistence/jpa/config/EmbeddedId.class
Apr 28, 2022 3:57:08 PM com.sun.enterprise.v3.server.ReadableArchiveScannerAdapter handleEntry
SEVERE: Invalid InputStream returned for org/eclipse/persistence/jpa/config/Entity.class
Apr 28, 2022 3:57:08 PM com.sun.enterprise.v3.server.ReadableArchiveScannerAdapter handleEntry
SEVERE: Invalid InputStream returned for org/eclipse/persistence/jpa/config/EntityListener.class
Apr 28, 2022 3:57:08 PM com.sun.enterprise.v3.server.ReadableArchiveScannerAdapter handleEntry
SEVERE: Invalid InputStream returned for org/eclipse/persistence/jpa/config/EntityResult.class
Apr 28, 2022 3:57:08 PM com.sun.enterprise.v3.server.ReadableArchiveScannerAdapter handleEntry
SEVERE: Invalid InputStream returned for org/eclipse/persistence/jpa/config/Enumerated.class
Apr 28, 2022 3:57:08 PM com.sun.enterprise.v3.server.ReadableArchiveScannerAdapter handleEntry
SEVERE: Invalid InputStream returned for org/eclipse/persistence/jpa/config/FetchAttribute.class
Apr 28, 2022 3:57:08 PM com.sun.enterprise.v3.server.ReadableArchiveScannerAdapter handleEntry
SEVERE: Invalid InputStream returned for org/eclipse/persistence/jpa/config/FetchGroup.class
Apr 28, 2022 3:57:08 PM com.sun.enterprise.v3.server.ReadableArchiveScannerAdapter handleEntry
SEVERE: Invalid InputStream returned for org/eclipse/persistence/jpa/config/Field.class
Apr 28, 2022 3:57:08 PM com.sun.enterprise.v3.server.ReadableArchiveScannerAdapter handleEntry
SEVERE: Invalid InputStream returned for org/eclipse/persistence/jpa/config/FieldResult.class
Apr 28, 2022 3:57:08 PM com.sun.enterprise.v3.server.ReadableArchiveScannerAdapter handleEntry
SEVERE: Invalid InputStream returned for org/eclipse/persistence/jpa/config/ForeignKey.class
Apr 28, 2022 3:57:08 PM com.sun.enterprise.v3.server.ReadableArchiveScannerAdapter handleEntry
SEVERE: Invalid InputStream returned for org/eclipse/persistence/jpa/config/GeneratedValue.class
Apr 28, 2022 3:57:08 PM com.sun.enterprise.v3.server.ReadableArchiveScannerAdapter handleEntry
SEVERE: Invalid InputStream returned for org/eclipse/persistence/jpa/config/HashPartitioning.class
Apr 28, 2022 3:57:08 PM com.sun.enterprise.v3.server.ReadableArchiveScannerAdapter handleEntry
SEVERE: Invalid InputStream returned for org/eclipse/persistence/jpa/config/Id.class
Apr 28, 2022 3:57:08 PM com.sun.enterprise.v3.server.ReadableArchiveScannerAdapter handleEntry
SEVERE: Invalid InputStream returned for org/eclipse/persistence/jpa/config/Index.class
Apr 28, 2022 3:57:08 PM com.sun.enterprise.v3.server.ReadableArchiveScannerAdapter handleEntry
SEVERE: Invalid InputStream returned for org/eclipse/persistence/jpa/config/Inheritance.class
Apr 28, 2022 3:57:08 PM com.sun.enterprise.v3.server.ReadableArchiveScannerAdapter handleEntry
SEVERE: Invalid InputStream returned for org/eclipse/persistence/jpa/config/InstantiationCopyPolicy.class
Apr 28, 2022 3:57:08 PM com.sun.enterprise.v3.server.ReadableArchiveScannerAdapter handleEntry
SEVERE: Invalid InputStream returned for org/eclipse/persistence/jpa/config/JoinColumn.class
Apr 28, 2022 3:57:08 PM com.sun.enterprise.v3.server.ReadableArchiveScannerAdapter handleEntry
SEVERE: Invalid InputStream returned for org/eclipse/persistence/jpa/config/JoinField.class
Apr 28, 2022 3:57:08 PM com.sun.enterprise.v3.server.ReadableArchiveScannerAdapter handleEntry
SEVERE: Invalid InputStream returned for org/eclipse/persistence/jpa/config/JoinTable.class
Apr 28, 2022 3:57:08 PM com.sun.enterprise.v3.server.ReadableArchiveScannerAdapter handleEntry
SEVERE: Invalid InputStream returned for org/eclipse/persistence/jpa/config/Lob.class
Apr 28, 2022 3:57:08 PM com.sun.enterprise.v3.server.ReadableArchiveScannerAdapter handleEntry
SEVERE: Invalid InputStream returned for org/eclipse/persistence/jpa/config/ManyToMany.class
Apr 28, 2022 3:57:08 PM com.sun.enterprise.v3.server.ReadableArchiveScannerAdapter handleEntry
SEVERE: Invalid InputStream returned for org/eclipse/persistence/jpa/config/ManyToOne.class
Apr 28, 2022 3:57:08 PM com.sun.enterprise.v3.server.ReadableArchiveScannerAdapter handleEntry
SEVERE: Invalid InputStream returned for org/eclipse/persistence/jpa/config/MapKey.class
Apr 28, 2022 3:57:08 PM com.sun.enterprise.v3.server.ReadableArchiveScannerAdapter handleEntry
SEVERE: Invalid InputStream returned for org/eclipse/persistence/jpa/config/MappedSuperclass.class
Apr 28, 2022 3:57:08 PM com.sun.enterprise.v3.server.ReadableArchiveScannerAdapter handleEntry
SEVERE: Invalid InputStream returned for org/eclipse/persistence/jpa/config/Mappings.class
Apr 28, 2022 3:57:08 PM com.sun.enterprise.v3.server.ReadableArchiveScannerAdapter handleEntry
SEVERE: Invalid InputStream returned for org/eclipse/persistence/jpa/config/Multitenant.class
Apr 28, 2022 3:57:08 PM com.sun.enterprise.v3.server.ReadableArchiveScannerAdapter handleEntry
SEVERE: Invalid InputStream returned for org/eclipse/persistence/jpa/config/NamedNativeQuery.class
Apr 28, 2022 3:57:08 PM com.sun.enterprise.v3.server.ReadableArchiveScannerAdapter handleEntry
SEVERE: Invalid InputStream returned for org/eclipse/persistence/jpa/config/NamedPlsqlStoredFunctionQuery.class
Apr 28, 2022 3:57:08 PM com.sun.enterprise.v3.server.ReadableArchiveScannerAdapter handleEntry
SEVERE: Invalid InputStream returned for org/eclipse/persistence/jpa/config/NamedPlsqlStoredProcedureQuery.class
Apr 28, 2022 3:57:08 PM com.sun.enterprise.v3.server.ReadableArchiveScannerAdapter handleEntry
SEVERE: Invalid InputStream returned for org/eclipse/persistence/jpa/config/NamedQuery.class
Apr 28, 2022 3:57:08 PM com.sun.enterprise.v3.server.ReadableArchiveScannerAdapter handleEntry
SEVERE: Invalid InputStream returned for org/eclipse/persistence/jpa/config/NamedStoredFunctionQuery.class
Apr 28, 2022 3:57:08 PM com.sun.enterprise.v3.server.ReadableArchiveScannerAdapter handleEntry
SEVERE: Invalid InputStream returned for org/eclipse/persistence/jpa/config/NamedStoredProcedureQuery.class
Apr 28, 2022 3:57:08 PM com.sun.enterprise.v3.server.ReadableArchiveScannerAdapter handleEntry
SEVERE: Invalid InputStream returned for org/eclipse/persistence/jpa/config/NoSql.class
Apr 28, 2022 3:57:08 PM com.sun.enterprise.v3.server.ReadableArchiveScannerAdapter handleEntry
SEVERE: Invalid InputStream returned for org/eclipse/persistence/jpa/config/ObjectTypeConverter.class
Apr 28, 2022 3:57:08 PM com.sun.enterprise.v3.server.ReadableArchiveScannerAdapter handleEntry
SEVERE: Invalid InputStream returned for org/eclipse/persistence/jpa/config/OneToMany.class
Apr 28, 2022 3:57:08 PM com.sun.enterprise.v3.server.ReadableArchiveScannerAdapter handleEntry
SEVERE: Invalid InputStream returned for org/eclipse/persistence/jpa/config/OneToOne.class
Apr 28, 2022 3:57:08 PM com.sun.enterprise.v3.server.ReadableArchiveScannerAdapter handleEntry
SEVERE: Invalid InputStream returned for org/eclipse/persistence/jpa/config/OptimisticLocking.class
Apr 28, 2022 3:57:08 PM com.sun.enterprise.v3.server.ReadableArchiveScannerAdapter handleEntry
SEVERE: Invalid InputStream returned for org/eclipse/persistence/jpa/config/OracleArray.class
Apr 28, 2022 3:57:08 PM com.sun.enterprise.v3.server.ReadableArchiveScannerAdapter handleEntry
SEVERE: Invalid InputStream returned for org/eclipse/persistence/jpa/config/OracleObject.class
Apr 28, 2022 3:57:08 PM com.sun.enterprise.v3.server.ReadableArchiveScannerAdapter handleEntry
SEVERE: Invalid InputStream returned for org/eclipse/persistence/jpa/config/OrderColumn.class
Apr 28, 2022 3:57:08 PM com.sun.enterprise.v3.server.ReadableArchiveScannerAdapter handleEntry
SEVERE: Invalid InputStream returned for org/eclipse/persistence/jpa/config/Partitioning.class
Apr 28, 2022 3:57:08 PM com.sun.enterprise.v3.server.ReadableArchiveScannerAdapter handleEntry
SEVERE: Invalid InputStream returned for org/eclipse/persistence/jpa/config/PersistenceUnit.class
Apr 28, 2022 3:57:08 PM com.sun.enterprise.v3.server.ReadableArchiveScannerAdapter handleEntry
SEVERE: Invalid InputStream returned for org/eclipse/persistence/jpa/config/PersistenceUnitDefaults.class
Apr 28, 2022 3:57:08 PM com.sun.enterprise.v3.server.ReadableArchiveScannerAdapter handleEntry
SEVERE: Invalid InputStream returned for org/eclipse/persistence/jpa/config/PersistenceUnitMetadata.class
Apr 28, 2022 3:57:08 PM com.sun.enterprise.v3.server.ReadableArchiveScannerAdapter handleEntry
SEVERE: Invalid InputStream returned for org/eclipse/persistence/jpa/config/PinnedPartitioning.class
Apr 28, 2022 3:57:08 PM com.sun.enterprise.v3.server.ReadableArchiveScannerAdapter handleEntry
SEVERE: Invalid InputStream returned for org/eclipse/persistence/jpa/config/PlsqlParameter.class
Apr 28, 2022 3:57:08 PM com.sun.enterprise.v3.server.ReadableArchiveScannerAdapter handleEntry
SEVERE: Invalid InputStream returned for org/eclipse/persistence/jpa/config/PlsqlRecord.class
Apr 28, 2022 3:57:08 PM com.sun.enterprise.v3.server.ReadableArchiveScannerAdapter handleEntry
SEVERE: Invalid InputStream returned for org/eclipse/persistence/jpa/config/PlsqlTable.class
Apr 28, 2022 3:57:08 PM com.sun.enterprise.v3.server.ReadableArchiveScannerAdapter handleEntry
SEVERE: Invalid InputStream returned for org/eclipse/persistence/jpa/config/PrimaryKey.class
Apr 28, 2022 3:57:08 PM com.sun.enterprise.v3.server.ReadableArchiveScannerAdapter handleEntry
SEVERE: Invalid InputStream returned for org/eclipse/persistence/jpa/config/PrimaryKeyJoinColumn.class
Apr 28, 2022 3:57:08 PM com.sun.enterprise.v3.server.ReadableArchiveScannerAdapter handleEntry
SEVERE: Invalid InputStream returned for org/eclipse/persistence/jpa/config/Property.class
Apr 28, 2022 3:57:08 PM com.sun.enterprise.v3.server.ReadableArchiveScannerAdapter handleEntry
SEVERE: Invalid InputStream returned for org/eclipse/persistence/jpa/config/QueryHint.class
Apr 28, 2022 3:57:08 PM com.sun.enterprise.v3.server.ReadableArchiveScannerAdapter handleEntry
SEVERE: Invalid InputStream returned for org/eclipse/persistence/jpa/config/QueryRedirectors.class
Apr 28, 2022 3:57:08 PM com.sun.enterprise.v3.server.ReadableArchiveScannerAdapter handleEntry
SEVERE: Invalid InputStream returned for org/eclipse/persistence/jpa/config/RangePartition.class
Apr 28, 2022 3:57:08 PM com.sun.enterprise.v3.server.ReadableArchiveScannerAdapter handleEntry
SEVERE: Invalid InputStream returned for org/eclipse/persistence/jpa/config/RangePartitioning.class
Apr 28, 2022 3:57:08 PM com.sun.enterprise.v3.server.ReadableArchiveScannerAdapter handleEntry
SEVERE: Invalid InputStream returned for org/eclipse/persistence/jpa/config/ReadTransformer.class
Apr 28, 2022 3:57:08 PM com.sun.enterprise.v3.server.ReadableArchiveScannerAdapter handleEntry
SEVERE: Invalid InputStream returned for org/eclipse/persistence/jpa/config/ReplicationPartitioning.class
Apr 28, 2022 3:57:08 PM com.sun.enterprise.v3.server.ReadableArchiveScannerAdapter handleEntry
SEVERE: Invalid InputStream returned for org/eclipse/persistence/jpa/config/ReturnInsert.class
Apr 28, 2022 3:57:08 PM com.sun.enterprise.v3.server.ReadableArchiveScannerAdapter handleEntry
SEVERE: Invalid InputStream returned for org/eclipse/persistence/jpa/config/RoundRobinPartitioning.class
Apr 28, 2022 3:57:08 PM com.sun.enterprise.v3.server.ReadableArchiveScannerAdapter handleEntry
SEVERE: Invalid InputStream returned for org/eclipse/persistence/jpa/config/RuntimeFactory.class
Apr 28, 2022 3:57:08 PM com.sun.enterprise.v3.server.ReadableArchiveScannerAdapter handleEntry
SEVERE: Invalid InputStream returned for org/eclipse/persistence/jpa/config/SecondaryTable.class
Apr 28, 2022 3:57:08 PM com.sun.enterprise.v3.server.ReadableArchiveScannerAdapter handleEntry
SEVERE: Invalid InputStream returned for org/eclipse/persistence/jpa/config/SequenceGenerator.class
Apr 28, 2022 3:57:08 PM com.sun.enterprise.v3.server.ReadableArchiveScannerAdapter handleEntry
SEVERE: Invalid InputStream returned for org/eclipse/persistence/jpa/config/SqlResultSetMapping.class
Apr 28, 2022 3:57:08 PM com.sun.enterprise.v3.server.ReadableArchiveScannerAdapter handleEntry
SEVERE: Invalid InputStream returned for org/eclipse/persistence/jpa/config/StoredProcedureParameter.class
Apr 28, 2022 3:57:08 PM com.sun.enterprise.v3.server.ReadableArchiveScannerAdapter handleEntry
SEVERE: Invalid InputStream returned for org/eclipse/persistence/jpa/config/Struct.class
Apr 28, 2022 3:57:08 PM com.sun.enterprise.v3.server.ReadableArchiveScannerAdapter handleEntry
SEVERE: Invalid InputStream returned for org/eclipse/persistence/jpa/config/StructConverter.class
Apr 28, 2022 3:57:08 PM com.sun.enterprise.v3.server.ReadableArchiveScannerAdapter handleEntry
SEVERE: Invalid InputStream returned for org/eclipse/persistence/jpa/config/Structure.class
Apr 28, 2022 3:57:08 PM com.sun.enterprise.v3.server.ReadableArchiveScannerAdapter handleEntry
SEVERE: Invalid InputStream returned for org/eclipse/persistence/jpa/config/Table.class
Apr 28, 2022 3:57:08 PM com.sun.enterprise.v3.server.ReadableArchiveScannerAdapter handleEntry
SEVERE: Invalid InputStream returned for org/eclipse/persistence/jpa/config/TableGenerator.class
Apr 28, 2022 3:57:08 PM com.sun.enterprise.v3.server.ReadableArchiveScannerAdapter handleEntry
SEVERE: Invalid InputStream returned for org/eclipse/persistence/jpa/config/Temporal.class
Apr 28, 2022 3:57:08 PM com.sun.enterprise.v3.server.ReadableArchiveScannerAdapter handleEntry
SEVERE: Invalid InputStream returned for org/eclipse/persistence/jpa/config/TenantDiscriminatorColumn.class
Apr 28, 2022 3:57:08 PM com.sun.enterprise.v3.server.ReadableArchiveScannerAdapter handleEntry
SEVERE: Invalid InputStream returned for org/eclipse/persistence/jpa/config/TenantTableDiscriminator.class
Apr 28, 2022 3:57:08 PM com.sun.enterprise.v3.server.ReadableArchiveScannerAdapter handleEntry
SEVERE: Invalid InputStream returned for org/eclipse/persistence/jpa/config/TimeOfDay.class
Apr 28, 2022 3:57:08 PM com.sun.enterprise.v3.server.ReadableArchiveScannerAdapter handleEntry
SEVERE: Invalid InputStream returned for org/eclipse/persistence/jpa/config/Transformation.class
Apr 28, 2022 3:57:08 PM com.sun.enterprise.v3.server.ReadableArchiveScannerAdapter handleEntry
SEVERE: Invalid InputStream returned for org/eclipse/persistence/jpa/config/Transient.class
Apr 28, 2022 3:57:08 PM com.sun.enterprise.v3.server.ReadableArchiveScannerAdapter handleEntry
SEVERE: Invalid InputStream returned for org/eclipse/persistence/jpa/config/TypeConverter.class
Apr 28, 2022 3:57:08 PM com.sun.enterprise.v3.server.ReadableArchiveScannerAdapter handleEntry
SEVERE: Invalid InputStream returned for org/eclipse/persistence/jpa/config/UnionPartitioning.class
Apr 28, 2022 3:57:08 PM com.sun.enterprise.v3.server.ReadableArchiveScannerAdapter handleEntry
SEVERE: Invalid InputStream returned for org/eclipse/persistence/jpa/config/UniqueConstraint.class
Apr 28, 2022 3:57:08 PM com.sun.enterprise.v3.server.ReadableArchiveScannerAdapter handleEntry
SEVERE: Invalid InputStream returned for org/eclipse/persistence/jpa/config/UuidGenerator.class
Apr 28, 2022 3:57:08 PM com.sun.enterprise.v3.server.ReadableArchiveScannerAdapter handleEntry
SEVERE: Invalid InputStream returned for org/eclipse/persistence/jpa/config/ValuePartition.class
Apr 28, 2022 3:57:08 PM com.sun.enterprise.v3.server.ReadableArchiveScannerAdapter handleEntry
SEVERE: Invalid InputStream returned for org/eclipse/persistence/jpa/config/ValuePartitioning.class
Apr 28, 2022 3:57:08 PM com.sun.enterprise.v3.server.ReadableArchiveScannerAdapter handleEntry
SEVERE: Invalid InputStream returned for org/eclipse/persistence/jpa/config/VariableOneToOne.class
Apr 28, 2022 3:57:08 PM com.sun.enterprise.v3.server.ReadableArchiveScannerAdapter handleEntry
SEVERE: Invalid InputStream returned for org/eclipse/persistence/jpa/config/Version.class
Apr 28, 2022 3:57:08 PM com.sun.enterprise.v3.server.ReadableArchiveScannerAdapter handleEntry
SEVERE: Invalid InputStream returned for org/eclipse/persistence/jpa/config/WriteTransformer.class
Apr 28, 2022 3:57:08 PM com.sun.enterprise.v3.server.ReadableArchiveScannerAdapter handleEntry
SEVERE: Invalid InputStream returned for org/eclipse/persistence/jpa/dynamic/DynamicIdentityPolicy.class
Apr 28, 2022 3:57:08 PM com.sun.enterprise.v3.server.ReadableArchiveScannerAdapter handleEntry
SEVERE: Invalid InputStream returned for org/eclipse/persistence/jpa/dynamic/JPADynamicHelper.class
Apr 28, 2022 3:57:08 PM com.sun.enterprise.v3.server.ReadableArchiveScannerAdapter handleEntry
SEVERE: Invalid InputStream returned for org/eclipse/persistence/jpa/dynamic/JPADynamicTypeBuilder.class
Apr 28, 2022 3:57:08 PM com.sun.enterprise.v3.server.ReadableArchiveScannerAdapter handleEntry
SEVERE: Invalid InputStream returned for org/eclipse/persistence/jpa/JpaCache.class
Apr 28, 2022 3:57:08 PM com.sun.enterprise.v3.server.ReadableArchiveScannerAdapter handleEntry
SEVERE: Invalid InputStream returned for org/eclipse/persistence/jpa/JpaCriteriaBuilder.class
Apr 28, 2022 3:57:08 PM com.sun.enterprise.v3.server.ReadableArchiveScannerAdapter handleEntry
SEVERE: Invalid InputStream returned for org/eclipse/persistence/jpa/JpaEntityManager.class
Apr 28, 2022 3:57:08 PM com.sun.enterprise.v3.server.ReadableArchiveScannerAdapter handleEntry
SEVERE: Invalid InputStream returned for org/eclipse/persistence/jpa/JpaEntityManagerFactory.class
Apr 28, 2022 3:57:08 PM com.sun.enterprise.v3.server.ReadableArchiveScannerAdapter handleEntry
SEVERE: Invalid InputStream returned for org/eclipse/persistence/jpa/JpaHelper.class
Apr 28, 2022 3:57:08 PM com.sun.enterprise.v3.server.ReadableArchiveScannerAdapter handleEntry
SEVERE: Invalid InputStream returned for org/eclipse/persistence/jpa/JpaQuery.class
Apr 28, 2022 3:57:08 PM com.sun.enterprise.v3.server.ReadableArchiveScannerAdapter handleEntry
SEVERE: Invalid InputStream returned for org/eclipse/persistence/jpa/jpql/AbstractEclipseLinkParameterTypeVisitor.class
Apr 28, 2022 3:57:08 PM com.sun.enterprise.v3.server.ReadableArchiveScannerAdapter handleEntry
SEVERE: Invalid InputStream returned for org/eclipse/persistence/jpa/jpql/AbstractEclipseLinkSemanticValidator$EclipseLinkOwningClauseVisitor.class
Apr 28, 2022 3:57:08 PM com.sun.enterprise.v3.server.ReadableArchiveScannerAdapter handleEntry
SEVERE: Invalid InputStream returned for org/eclipse/persistence/jpa/jpql/AbstractEclipseLinkSemanticValidator$SubquerySelectItemCalculator.class
Apr 28, 2022 3:57:08 PM com.sun.enterprise.v3.server.ReadableArchiveScannerAdapter handleEntry
SEVERE: Invalid InputStream returned for org/eclipse/persistence/jpa/jpql/AbstractEclipseLinkSemanticValidator$TableExpressionVisitor.class
Apr 28, 2022 3:57:08 PM com.sun.enterprise.v3.server.ReadableArchiveScannerAdapter handleEntry
SEVERE: Invalid InputStream returned for org/eclipse/persistence/jpa/jpql/AbstractEclipseLinkSemanticValidator$TopLevelFirstDeclarationVisitor.class
Apr 28, 2022 3:57:08 PM com.sun.enterprise.v3.server.ReadableArchiveScannerAdapter handleEntry
SEVERE: Invalid InputStream returned for org/eclipse/persistence/jpa/jpql/AbstractEclipseLinkSemanticValidator.class
Apr 28, 2022 3:57:08 PM com.sun.enterprise.v3.server.ReadableArchiveScannerAdapter handleEntry
SEVERE: Invalid InputStream returned for org/eclipse/persistence/jpa/jpql/AbstractGrammarValidator$1.class
Apr 28, 2022 3:57:08 PM com.sun.enterprise.v3.server.ReadableArchiveScannerAdapter handleEntry
SEVERE: Invalid InputStream returned for org/eclipse/persistence/jpa/jpql/AbstractGrammarValidator$10.class
Apr 28, 2022 3:57:08 PM com.sun.enterprise.v3.server.ReadableArchiveScannerAdapter handleEntry
SEVERE: Invalid InputStream returned for org/eclipse/persistence/jpa/jpql/AbstractGrammarValidator$11.class
Apr 28, 2022 3:57:08 PM com.sun.enterprise.v3.server.ReadableArchiveScannerAdapter handleEntry
SEVERE: Invalid InputStream returned for org/eclipse/persistence/jpa/jpql/AbstractGrammarValidator$12.class
Apr 28, 2022 3:57:08 PM com.sun.enterprise.v3.server.ReadableArchiveScannerAdapter handleEntry
SEVERE: Invalid InputStream returned for org/eclipse/persistence/jpa/jpql/AbstractGrammarValidator$13.class
Apr 28, 2022 3:57:08 PM com.sun.enterprise.v3.server.ReadableArchiveScannerAdapter handleEntry
SEVERE: Invalid InputStream returned for org/eclipse/persistence/jpa/jpql/AbstractGrammarValidator$14.class
Apr 28, 2022 3:57:08 PM com.sun.enterprise.v3.server.ReadableArchiveScannerAdapter handleEntry
SEVERE: Invalid InputStream returned for org/eclipse/persistence/jpa/jpql/AbstractGrammarValidator$15.class
Apr 28, 2022 3:57:08 PM com.sun.enterprise.v3.server.ReadableArchiveScannerAdapter handleEntry
SEVERE: Invalid InputStream returned for org/eclipse/persistence/jpa/jpql/AbstractGrammarValidator$16.class
Apr 28, 2022 3:57:08 PM com.sun.enterprise.v3.server.ReadableArchiveScannerAdapter handleEntry
SEVERE: Invalid InputStream returned for org/eclipse/persistence/jpa/jpql/AbstractGrammarValidator$17.class
Apr 28, 2022 3:57:08 PM com.sun.enterprise.v3.server.ReadableArchiveScannerAdapter handleEntry
SEVERE: Invalid InputStream returned for org/eclipse/persistence/jpa/jpql/AbstractGrammarValidator$18.class
Apr 28, 2022 3:57:08 PM com.sun.enterprise.v3.server.ReadableArchiveScannerAdapter handleEntry
SEVERE: Invalid InputStream returned for org/eclipse/persistence/jpa/jpql/AbstractGrammarValidator$19.class
Apr 28, 2022 3:57:08 PM com.sun.enterprise.v3.server.ReadableArchiveScannerAdapter handleEntry
SEVERE: Invalid InputStream returned for org/eclipse/persistence/jpa/jpql/AbstractGrammarValidator$2.class
Apr 28, 2022 3:57:08 PM com.sun.enterprise.v3.server.ReadableArchiveScannerAdapter handleEntry
SEVERE: Invalid InputStream returned for org/eclipse/persistence/jpa/jpql/AbstractGrammarValidator$20.class
Apr 28, 2022 3:57:08 PM com.sun.enterprise.v3.server.ReadableArchiveScannerAdapter handleEntry
SEVERE: Invalid InputStream returned for org/eclipse/persistence/jpa/jpql/AbstractGrammarValidator$21.class
Apr 28, 2022 3:57:08 PM com.sun.enterprise.v3.server.ReadableArchiveScannerAdapter handleEntry
SEVERE: Invalid InputStream returned for org/eclipse/persistence/jpa/jpql/AbstractGrammarValidator$22.class
Apr 28, 2022 3:57:08 PM com.sun.enterprise.v3.server.ReadableArchiveScannerAdapter handleEntry
SEVERE: Invalid InputStream returned for org/eclipse/persistence/jpa/jpql/AbstractGrammarValidator$23.class
Apr 28, 2022 3:57:08 PM com.sun.enterprise.v3.server.ReadableArchiveScannerAdapter handleEntry
SEVERE: Invalid InputStream returned for org/eclipse/persistence/jpa/jpql/AbstractGrammarValidator$24.class
Apr 28, 2022 3:57:08 PM com.sun.enterprise.v3.server.ReadableArchiveScannerAdapter handleEntry
SEVERE: Invalid InputStream returned for org/eclipse/persistence/jpa/jpql/AbstractGrammarValidator$25.class
Apr 28, 2022 3:57:08 PM com.sun.enterprise.v3.server.ReadableArchiveScannerAdapter handleEntry
SEVERE: Invalid InputStream returned for org/eclipse/persistence/jpa/jpql/AbstractGrammarValidator$26.class
Apr 28, 2022 3:57:08 PM com.sun.enterprise.v3.server.ReadableArchiveScannerAdapter handleEntry
SEVERE: Invalid InputStream returned for org/eclipse/persistence/jpa/jpql/AbstractGrammarValidator$27.class
Apr 28, 2022 3:57:08 PM com.sun.enterprise.v3.server.ReadableArchiveScannerAdapter handleEntry
SEVERE: Invalid InputStream returned for org/eclipse/persistence/jpa/jpql/AbstractGrammarValidator$3.class
Apr 28, 2022 3:57:08 PM com.sun.enterprise.v3.server.ReadableArchiveScannerAdapter handleEntry
SEVERE: Invalid InputStream returned for org/eclipse/persistence/jpa/jpql/AbstractGrammarValidator$4.class
Apr 28, 2022 3:57:08 PM com.sun.enterprise.v3.server.ReadableArchiveScannerAdapter handleEntry
SEVERE: Invalid InputStream returned for org/eclipse/persistence/jpa/jpql/AbstractGrammarValidator$5.class
Apr 28, 2022 3:57:08 PM com.sun.enterprise.v3.server.ReadableArchiveScannerAdapter handleEntry
SEVERE: Invalid InputStream returned for org/eclipse/persistence/jpa/jpql/AbstractGrammarValidator$6.class
Apr 28, 2022 3:57:08 PM com.sun.enterprise.v3.server.ReadableArchiveScannerAdapter handleEntry
SEVERE: Invalid InputStream returned for org/eclipse/persistence/jpa/jpql/AbstractGrammarValidator$7.class
Apr 28, 2022 3:57:08 PM com.sun.enterprise.v3.server.ReadableArchiveScannerAdapter handleEntry
SEVERE: Invalid InputStream returned for org/eclipse/persistence/jpa/jpql/AbstractGrammarValidator$8.class
Apr 28, 2022 3:57:08 PM com.sun.enterprise.v3.server.ReadableArchiveScannerAdapter handleEntry
SEVERE: Invalid InputStream returned for org/eclipse/persistence/jpa/jpql/AbstractGrammarValidator$9.class
Apr 28, 2022 3:57:08 PM com.sun.enterprise.v3.server.ReadableArchiveScannerAdapter handleEntry
SEVERE: Invalid InputStream returned for org/eclipse/persistence/jpa/jpql/AbstractGrammarValidator$AbstractCollectionValidator.class
Apr 28, 2022 3:57:08 PM com.sun.enterprise.v3.server.ReadableArchiveScannerAdapter handleEntry
SEVERE: Invalid InputStream returned for org/eclipse/persistence/jpa/jpql/AbstractGrammarValidator$AbstractDoubleEncapsulatedExpressionHelper.class
Apr 28, 2022 3:57:08 PM com.sun.enterprise.v3.server.ReadableArchiveScannerAdapter handleEntry
SEVERE: Invalid InputStream returned for org/eclipse/persistence/jpa/jpql/AbstractGrammarValidator$AbstractEncapsulatedExpressionHelper.class
Apr 28, 2022 3:57:08 PM com.sun.enterprise.v3.server.ReadableArchiveScannerAdapter handleEntry
SEVERE: Invalid InputStream returned for org/eclipse/persistence/jpa/jpql/AbstractGrammarValidator$AbstractSingleEncapsulatedExpressionHelper.class
Apr 28, 2022 3:57:08 PM com.sun.enterprise.v3.server.ReadableArchiveScannerAdapter handleEntry
SEVERE: Invalid InputStream returned for org/eclipse/persistence/jpa/jpql/AbstractGrammarValidator$AbstractTripleEncapsulatedExpressionHelper.class
Apr 28, 2022 3:57:08 PM com.sun.enterprise.v3.server.ReadableArchiveScannerAdapter handleEntry
SEVERE: Invalid InputStream returned for org/eclipse/persistence/jpa/jpql/AbstractGrammarValidator$AbstractValidator.class
Apr 28, 2022 3:57:08 PM com.sun.enterprise.v3.server.ReadableArchiveScannerAdapter handleEntry
SEVERE: Invalid InputStream returned for org/eclipse/persistence/jpa/jpql/AbstractGrammarValidator$CollectionExpressionVisitor.class
Apr 28, 2022 3:57:08 PM com.sun.enterprise.v3.server.ReadableArchiveScannerAdapter handleEntry
SEVERE: Invalid InputStream returned for org/eclipse/persistence/jpa/jpql/AbstractGrammarValidator$CollectionSeparatedByCommaValidator.class
Apr 28, 2022 3:57:08 PM com.sun.enterprise.v3.server.ReadableArchiveScannerAdapter handleEntry
SEVERE: Invalid InputStream returned for org/eclipse/persistence/jpa/jpql/AbstractGrammarValidator$CollectionSeparatedBySpaceValidator.class
Apr 28, 2022 3:57:08 PM com.sun.enterprise.v3.server.ReadableArchiveScannerAdapter handleEntry
SEVERE: Invalid InputStream returned for org/eclipse/persistence/jpa/jpql/AbstractGrammarValidator$ComparisonExpressionVisitor.class
Apr 28, 2022 3:57:08 PM com.sun.enterprise.v3.server.ReadableArchiveScannerAdapter handleEntry
SEVERE: Invalid InputStream returned for org/eclipse/persistence/jpa/jpql/AbstractGrammarValidator$DateTimeVisitor.class
Apr 28, 2022 3:57:08 PM com.sun.enterprise.v3.server.ReadableArchiveScannerAdapter handleEntry
SEVERE: Invalid InputStream returned for org/eclipse/persistence/jpa/jpql/AbstractGrammarValidator$NullExpressionVisitor.class
Apr 28, 2022 3:57:08 PM com.sun.enterprise.v3.server.ReadableArchiveScannerAdapter handleEntry
SEVERE: Invalid InputStream returned for org/eclipse/persistence/jpa/jpql/AbstractGrammarValidator.class
Apr 28, 2022 3:57:08 PM com.sun.enterprise.v3.server.ReadableArchiveScannerAdapter handleEntry
SEVERE: Invalid InputStream returned for org/eclipse/persistence/jpa/jpql/AbstractSemanticValidator$CollectionValuedPathExpressionVisitor.class
Apr 28, 2022 3:57:08 PM com.sun.enterprise.v3.server.ReadableArchiveScannerAdapter handleEntry
SEVERE: Invalid InputStream returned for org/eclipse/persistence/jpa/jpql/AbstractSemanticValidator$ComparingEntityTypeLiteralVisitor.class
Apr 28, 2022 3:57:08 PM com.sun.enterprise.v3.server.ReadableArchiveScannerAdapter handleEntry
SEVERE: Invalid InputStream returned for org/eclipse/persistence/jpa/jpql/AbstractSemanticValidator$ComparisonExpressionVisitor.class
Apr 28, 2022 3:57:08 PM com.sun.enterprise.v3.server.ReadableArchiveScannerAdapter handleEntry
SEVERE: Invalid InputStream returned for org/eclipse/persistence/jpa/jpql/AbstractSemanticValidator$FirstDeclarationVisitor.class
Apr 28, 2022 3:57:08 PM com.sun.enterprise.v3.server.ReadableArchiveScannerAdapter handleEntry
SEVERE: Invalid InputStream returned for org/eclipse/persistence/jpa/jpql/AbstractSemanticValidator$InItemsVisitor.class
Apr 28, 2022 3:57:08 PM com.sun.enterprise.v3.server.ReadableArchiveScannerAdapter handleEntry
SEVERE: Invalid InputStream returned for org/eclipse/persistence/jpa/jpql/AbstractSemanticValidator$PathType.class
Apr 28, 2022 3:57:08 PM com.sun.enterprise.v3.server.ReadableArchiveScannerAdapter handleEntry
SEVERE: Invalid InputStream returned for org/eclipse/persistence/jpa/jpql/AbstractSemanticValidator$StateFieldPathExpressionVisitor.class
Apr 28, 2022 3:57:08 PM com.sun.enterprise.v3.server.ReadableArchiveScannerAdapter handleEntry
SEVERE: Invalid InputStream returned for org/eclipse/persistence/jpa/jpql/AbstractSemanticValidator$SubqueryFirstDeclarationVisitor.class
Apr 28, 2022 3:57:08 PM com.sun.enterprise.v3.server.ReadableArchiveScannerAdapter handleEntry
SEVERE: Invalid InputStream returned for org/eclipse/persistence/jpa/jpql/AbstractSemanticValidator$TopLevelFirstDeclarationVisitor.class
Apr 28, 2022 3:57:08 PM com.sun.enterprise.v3.server.ReadableArchiveScannerAdapter handleEntry
SEVERE: Invalid InputStream returned for org/eclipse/persistence/jpa/jpql/AbstractSemanticValidator.class
Apr 28, 2022 3:57:08 PM com.sun.enterprise.v3.server.ReadableArchiveScannerAdapter handleEntry
SEVERE: Invalid InputStream returned for org/eclipse/persistence/jpa/jpql/AbstractValidator$BypassChildCollectionExpressionVisitor.class
Apr 28, 2022 3:57:08 PM com.sun.enterprise.v3.server.ReadableArchiveScannerAdapter handleEntry
SEVERE: Invalid InputStream returned for org/eclipse/persistence/jpa/jpql/AbstractValidator$BypassParentSubExpressionVisitor.class
Apr 28, 2022 3:57:08 PM com.sun.enterprise.v3.server.ReadableArchiveScannerAdapter handleEntry
SEVERE: Invalid InputStream returned for org/eclipse/persistence/jpa/jpql/AbstractValidator$ChildrenCollectorVisitor.class
Apr 28, 2022 3:57:08 PM com.sun.enterprise.v3.server.ReadableArchiveScannerAdapter handleEntry
SEVERE: Invalid InputStream returned for org/eclipse/persistence/jpa/jpql/AbstractValidator$JPQLQueryBNFValidator.class
Apr 28, 2022 3:57:08 PM com.sun.enterprise.v3.server.ReadableArchiveScannerAdapter handleEntry
SEVERE: Invalid InputStream returned for org/eclipse/persistence/jpa/jpql/AbstractValidator$NestedArrayVisitor.class
Apr 28, 2022 3:57:08 PM com.sun.enterprise.v3.server.ReadableArchiveScannerAdapter handleEntry
SEVERE: Invalid InputStream returned for org/eclipse/persistence/jpa/jpql/AbstractValidator$OwningClauseVisitor.class
Apr 28, 2022 3:57:08 PM com.sun.enterprise.v3.server.ReadableArchiveScannerAdapter handleEntry
SEVERE: Invalid InputStream returned for org/eclipse/persistence/jpa/jpql/AbstractValidator$OwningStatementVisitor.class
Apr 28, 2022 3:57:08 PM com.sun.enterprise.v3.server.ReadableArchiveScannerAdapter handleEntry
SEVERE: Invalid InputStream returned for org/eclipse/persistence/jpa/jpql/AbstractValidator$SubqueryVisitor.class
Apr 28, 2022 3:57:08 PM com.sun.enterprise.v3.server.ReadableArchiveScannerAdapter handleEntry
SEVERE: Invalid InputStream returned for org/eclipse/persistence/jpa/jpql/AbstractValidator.class
Apr 28, 2022 3:57:08 PM com.sun.enterprise.v3.server.ReadableArchiveScannerAdapter handleEntry
SEVERE: Invalid InputStream returned for org/eclipse/persistence/jpa/jpql/Assert$AssertException.class
Apr 28, 2022 3:57:08 PM com.sun.enterprise.v3.server.ReadableArchiveScannerAdapter handleEntry
SEVERE: Invalid InputStream returned for org/eclipse/persistence/jpa/jpql/Assert.class
Apr 28, 2022 3:57:08 PM com.sun.enterprise.v3.server.ReadableArchiveScannerAdapter handleEntry
SEVERE: Invalid InputStream returned for org/eclipse/persistence/jpa/jpql/BaseDeclarationIdentificationVariableFinder.class
Apr 28, 2022 3:57:08 PM com.sun.enterprise.v3.server.ReadableArchiveScannerAdapter handleEntry
SEVERE: Invalid InputStream returned for org/eclipse/persistence/jpa/jpql/DefaultJPQLQueryProblem.class
Apr 28, 2022 3:57:08 PM com.sun.enterprise.v3.server.ReadableArchiveScannerAdapter handleEntry
SEVERE: Invalid InputStream returned for org/eclipse/persistence/jpa/jpql/EclipseLinkGrammarValidator$1.class
Apr 28, 2022 3:57:08 PM com.sun.enterprise.v3.server.ReadableArchiveScannerAdapter handleEntry
SEVERE: Invalid InputStream returned for org/eclipse/persistence/jpa/jpql/EclipseLinkGrammarValidator$2.class
Apr 28, 2022 3:57:08 PM com.sun.enterprise.v3.server.ReadableArchiveScannerAdapter handleEntry
SEVERE: Invalid InputStream returned for org/eclipse/persistence/jpa/jpql/EclipseLinkGrammarValidator$3.class
Apr 28, 2022 3:57:08 PM com.sun.enterprise.v3.server.ReadableArchiveScannerAdapter handleEntry
SEVERE: Invalid InputStream returned for org/eclipse/persistence/jpa/jpql/EclipseLinkGrammarValidator$4.class
Apr 28, 2022 3:57:08 PM com.sun.enterprise.v3.server.ReadableArchiveScannerAdapter handleEntry
SEVERE: Invalid InputStream returned for org/eclipse/persistence/jpa/jpql/EclipseLinkGrammarValidator$InExpressionVisitor.class
Apr 28, 2022 3:57:08 PM com.sun.enterprise.v3.server.ReadableArchiveScannerAdapter handleEntry
SEVERE: Invalid InputStream returned for org/eclipse/persistence/jpa/jpql/EclipseLinkGrammarValidator$InExpressionWithNestedArrayVisitor.class
Apr 28, 2022 3:57:08 PM com.sun.enterprise.v3.server.ReadableArchiveScannerAdapter handleEntry
SEVERE: Invalid InputStream returned for org/eclipse/persistence/jpa/jpql/EclipseLinkGrammarValidator.class
Apr 28, 2022 3:57:08 PM com.sun.enterprise.v3.server.ReadableArchiveScannerAdapter handleEntry
SEVERE: Invalid InputStream returned for org/eclipse/persistence/jpa/jpql/EclipseLinkLiteralVisitor.class
Apr 28, 2022 3:57:08 PM com.sun.enterprise.v3.server.ReadableArchiveScannerAdapter handleEntry
SEVERE: Invalid InputStream returned for org/eclipse/persistence/jpa/jpql/EclipseLinkSemanticValidatorExtension$1.class
Apr 28, 2022 3:57:08 PM com.sun.enterprise.v3.server.ReadableArchiveScannerAdapter handleEntry
SEVERE: Invalid InputStream returned for org/eclipse/persistence/jpa/jpql/EclipseLinkSemanticValidatorExtension.class
Apr 28, 2022 3:57:08 PM com.sun.enterprise.v3.server.ReadableArchiveScannerAdapter handleEntry
SEVERE: Invalid InputStream returned for org/eclipse/persistence/jpa/jpql/EclipseLinkVersion.class
Apr 28, 2022 3:57:08 PM com.sun.enterprise.v3.server.ReadableArchiveScannerAdapter handleEntry
SEVERE: Invalid InputStream returned for org/eclipse/persistence/jpa/jpql/ExpressionTools.class
Apr 28, 2022 3:57:08 PM com.sun.enterprise.v3.server.ReadableArchiveScannerAdapter handleEntry
SEVERE: Invalid InputStream returned for org/eclipse/persistence/jpa/jpql/ITypeHelper.class
Apr 28, 2022 3:57:08 PM com.sun.enterprise.v3.server.ReadableArchiveScannerAdapter handleEntry
SEVERE: Invalid InputStream returned for org/eclipse/persistence/jpa/jpql/JPAVersion.class
Apr 28, 2022 3:57:08 PM com.sun.enterprise.v3.server.ReadableArchiveScannerAdapter handleEntry
SEVERE: Invalid InputStream returned for org/eclipse/persistence/jpa/jpql/JPQLQueryDeclaration$Type.class
Apr 28, 2022 3:57:08 PM com.sun.enterprise.v3.server.ReadableArchiveScannerAdapter handleEntry
SEVERE: Invalid InputStream returned for org/eclipse/persistence/jpa/jpql/JPQLQueryDeclaration.class
Apr 28, 2022 3:57:08 PM com.sun.enterprise.v3.server.ReadableArchiveScannerAdapter handleEntry
SEVERE: Invalid InputStream returned for org/eclipse/persistence/jpa/jpql/JPQLQueryProblem.class
Apr 28, 2022 3:57:08 PM com.sun.enterprise.v3.server.ReadableArchiveScannerAdapter handleEntry
SEVERE: Invalid InputStream returned for org/eclipse/persistence/jpa/jpql/JPQLQueryProblemMessages.class
Apr 28, 2022 3:57:08 PM com.sun.enterprise.v3.server.ReadableArchiveScannerAdapter handleEntry
SEVERE: Invalid InputStream returned for org/eclipse/persistence/jpa/jpql/JPQLQueryProblemResourceBundle.class
Apr 28, 2022 3:57:08 PM com.sun.enterprise.v3.server.ReadableArchiveScannerAdapter handleEntry
SEVERE: Invalid InputStream returned for org/eclipse/persistence/jpa/jpql/LiteralType.class
Apr 28, 2022 3:57:08 PM com.sun.enterprise.v3.server.ReadableArchiveScannerAdapter handleEntry
SEVERE: Invalid InputStream returned for org/eclipse/persistence/jpa/jpql/LiteralVisitor.class
Apr 28, 2022 3:57:08 PM com.sun.enterprise.v3.server.ReadableArchiveScannerAdapter handleEntry
SEVERE: Invalid InputStream returned for org/eclipse/persistence/jpa/jpql/package-info.class
Apr 28, 2022 3:57:08 PM com.sun.enterprise.v3.server.ReadableArchiveScannerAdapter handleEntry
SEVERE: Invalid InputStream returned for org/eclipse/persistence/jpa/jpql/ParameterTypeVisitor.class
Apr 28, 2022 3:57:08 PM com.sun.enterprise.v3.server.ReadableArchiveScannerAdapter handleEntry
SEVERE: Invalid InputStream returned for org/eclipse/persistence/jpa/jpql/parser/AbsExpression.class
Apr 28, 2022 3:57:08 PM com.sun.enterprise.v3.server.ReadableArchiveScannerAdapter handleEntry
SEVERE: Invalid InputStream returned for org/eclipse/persistence/jpa/jpql/parser/AbsExpressionFactory.class
Apr 28, 2022 3:57:08 PM com.sun.enterprise.v3.server.ReadableArchiveScannerAdapter handleEntry
SEVERE: Invalid InputStream returned for org/eclipse/persistence/jpa/jpql/parser/AbstractConditionalClause.class
Apr 28, 2022 3:57:08 PM com.sun.enterprise.v3.server.ReadableArchiveScannerAdapter handleEntry
SEVERE: Invalid InputStream returned for org/eclipse/persistence/jpa/jpql/parser/AbstractDoubleEncapsulatedExpression.class
Apr 28, 2022 3:57:08 PM com.sun.enterprise.v3.server.ReadableArchiveScannerAdapter handleEntry
SEVERE: Invalid InputStream returned for org/eclipse/persistence/jpa/jpql/parser/AbstractEclipseLinkExpressionVisitor.class
Apr 28, 2022 3:57:08 PM com.sun.enterprise.v3.server.ReadableArchiveScannerAdapter handleEntry
SEVERE: Invalid InputStream returned for org/eclipse/persistence/jpa/jpql/parser/AbstractEclipseLinkTraverseChildrenVisitor.class
Apr 28, 2022 3:57:08 PM com.sun.enterprise.v3.server.ReadableArchiveScannerAdapter handleEntry
SEVERE: Invalid InputStream returned for org/eclipse/persistence/jpa/jpql/parser/AbstractEclipseLinkTraverseParentVisitor.class
Apr 28, 2022 3:57:08 PM com.sun.enterprise.v3.server.ReadableArchiveScannerAdapter handleEntry
SEVERE: Invalid InputStream returned for org/eclipse/persistence/jpa/jpql/parser/AbstractEncapsulatedExpression.class
Apr 28, 2022 3:57:08 PM com.sun.enterprise.v3.server.ReadableArchiveScannerAdapter handleEntry
SEVERE: Invalid InputStream returned for org/eclipse/persistence/jpa/jpql/parser/AbstractExpression$Info.class
Apr 28, 2022 3:57:08 PM com.sun.enterprise.v3.server.ReadableArchiveScannerAdapter handleEntry
SEVERE: Invalid InputStream returned for org/eclipse/persistence/jpa/jpql/parser/AbstractExpression.class
Apr 28, 2022 3:57:08 PM com.sun.enterprise.v3.server.ReadableArchiveScannerAdapter handleEntry
SEVERE: Invalid InputStream returned for org/eclipse/persistence/jpa/jpql/parser/AbstractExpressionVisitor.class
Apr 28, 2022 3:57:08 PM com.sun.enterprise.v3.server.ReadableArchiveScannerAdapter handleEntry
SEVERE: Invalid InputStream returned for org/eclipse/persistence/jpa/jpql/parser/AbstractFromClause.class
Apr 28, 2022 3:57:08 PM com.sun.enterprise.v3.server.ReadableArchiveScannerAdapter handleEntry
SEVERE: Invalid InputStream returned for org/eclipse/persistence/jpa/jpql/parser/AbstractJPQLGrammar.class
Apr 28, 2022 3:57:08 PM com.sun.enterprise.v3.server.ReadableArchiveScannerAdapter handleEntry
SEVERE: Invalid InputStream returned for org/eclipse/persistence/jpa/jpql/parser/AbstractLiteralExpressionFactory.class
Apr 28, 2022 3:57:08 PM com.sun.enterprise.v3.server.ReadableArchiveScannerAdapter handleEntry
SEVERE: Invalid InputStream returned for org/eclipse/persistence/jpa/jpql/parser/AbstractOrderByClause.class
Apr 28, 2022 3:57:08 PM com.sun.enterprise.v3.server.ReadableArchiveScannerAdapter handleEntry
SEVERE: Invalid InputStream returned for org/eclipse/persistence/jpa/jpql/parser/AbstractPathExpression.class
Apr 28, 2022 3:57:08 PM com.sun.enterprise.v3.server.ReadableArchiveScannerAdapter handleEntry
SEVERE: Invalid InputStream returned for org/eclipse/persistence/jpa/jpql/parser/AbstractSchemaName.class
Apr 28, 2022 3:57:08 PM com.sun.enterprise.v3.server.ReadableArchiveScannerAdapter handleEntry
SEVERE: Invalid InputStream returned for org/eclipse/persistence/jpa/jpql/parser/AbstractSchemaNameBNF.class
Apr 28, 2022 3:57:08 PM com.sun.enterprise.v3.server.ReadableArchiveScannerAdapter handleEntry
SEVERE: Invalid InputStream returned for org/eclipse/persistence/jpa/jpql/parser/AbstractSchemaNameFactory.class
Apr 28, 2022 3:57:08 PM com.sun.enterprise.v3.server.ReadableArchiveScannerAdapter handleEntry
SEVERE: Invalid InputStream returned for org/eclipse/persistence/jpa/jpql/parser/AbstractSelectClause.class
Apr 28, 2022 3:57:08 PM com.sun.enterprise.v3.server.ReadableArchiveScannerAdapter handleEntry
SEVERE: Invalid InputStream returned for org/eclipse/persistence/jpa/jpql/parser/AbstractSelectStatement.class
Apr 28, 2022 3:57:08 PM com.sun.enterprise.v3.server.ReadableArchiveScannerAdapter handleEntry
SEVERE: Invalid InputStream returned for org/eclipse/persistence/jpa/jpql/parser/AbstractSingleEncapsulatedExpression.class
Apr 28, 2022 3:57:08 PM com.sun.enterprise.v3.server.ReadableArchiveScannerAdapter handleEntry
SEVERE: Invalid InputStream returned for org/eclipse/persistence/jpa/jpql/parser/AbstractTraverseChildrenVisitor.class
Apr 28, 2022 3:57:08 PM com.sun.enterprise.v3.server.ReadableArchiveScannerAdapter handleEntry
SEVERE: Invalid InputStream returned for org/eclipse/persistence/jpa/jpql/parser/AbstractTraverseParentVisitor.class
Apr 28, 2022 3:57:08 PM com.sun.enterprise.v3.server.ReadableArchiveScannerAdapter handleEntry
SEVERE: Invalid InputStream returned for org/eclipse/persistence/jpa/jpql/parser/AbstractTripleEncapsulatedExpression.class
Apr 28, 2022 3:57:08 PM com.sun.enterprise.v3.server.ReadableArchiveScannerAdapter handleEntry
SEVERE: Invalid InputStream returned for org/eclipse/persistence/jpa/jpql/parser/AdditionExpression.class
Apr 28, 2022 3:57:08 PM com.sun.enterprise.v3.server.ReadableArchiveScannerAdapter handleEntry
SEVERE: Invalid InputStream returned for org/eclipse/persistence/jpa/jpql/parser/AggregateExpressionBNF.class
Apr 28, 2022 3:57:08 PM com.sun.enterprise.v3.server.ReadableArchiveScannerAdapter handleEntry
SEVERE: Invalid InputStream returned for org/eclipse/persistence/jpa/jpql/parser/AggregateFunction.class
Apr 28, 2022 3:57:08 PM com.sun.enterprise.v3.server.ReadableArchiveScannerAdapter handleEntry
SEVERE: Invalid InputStream returned for org/eclipse/persistence/jpa/jpql/parser/AllOrAnyExpression.class
Apr 28, 2022 3:57:08 PM com.sun.enterprise.v3.server.ReadableArchiveScannerAdapter handleEntry
SEVERE: Invalid InputStream returned for org/eclipse/persistence/jpa/jpql/parser/AllOrAnyExpressionBNF.class
Apr 28, 2022 3:57:08 PM com.sun.enterprise.v3.server.ReadableArchiveScannerAdapter handleEntry
SEVERE: Invalid InputStream returned for org/eclipse/persistence/jpa/jpql/parser/AllOrAnyExpressionFactory.class
Apr 28, 2022 3:57:08 PM com.sun.enterprise.v3.server.ReadableArchiveScannerAdapter handleEntry
SEVERE: Invalid InputStream returned for org/eclipse/persistence/jpa/jpql/parser/AndExpression.class
Apr 28, 2022 3:57:08 PM com.sun.enterprise.v3.server.ReadableArchiveScannerAdapter handleEntry
SEVERE: Invalid InputStream returned for org/eclipse/persistence/jpa/jpql/parser/AndExpressionFactory$OrExpressionVisitor.class
Apr 28, 2022 3:57:08 PM com.sun.enterprise.v3.server.ReadableArchiveScannerAdapter handleEntry
SEVERE: Invalid InputStream returned for org/eclipse/persistence/jpa/jpql/parser/AndExpressionFactory.class
Apr 28, 2022 3:57:08 PM com.sun.enterprise.v3.server.ReadableArchiveScannerAdapter handleEntry
SEVERE: Invalid InputStream returned for org/eclipse/persistence/jpa/jpql/parser/AnonymousExpressionVisitor.class
Apr 28, 2022 3:57:08 PM com.sun.enterprise.v3.server.ReadableArchiveScannerAdapter handleEntry
SEVERE: Invalid InputStream returned for org/eclipse/persistence/jpa/jpql/parser/ArithmeticExpression.class
Apr 28, 2022 3:57:08 PM com.sun.enterprise.v3.server.ReadableArchiveScannerAdapter handleEntry
SEVERE: Invalid InputStream returned for org/eclipse/persistence/jpa/jpql/parser/ArithmeticExpressionBNF.class
Apr 28, 2022 3:57:08 PM com.sun.enterprise.v3.server.ReadableArchiveScannerAdapter handleEntry
SEVERE: Invalid InputStream returned for org/eclipse/persistence/jpa/jpql/parser/ArithmeticExpressionFactory$ArithmeticExpressionVisitor.class
Apr 28, 2022 3:57:08 PM com.sun.enterprise.v3.server.ReadableArchiveScannerAdapter handleEntry
SEVERE: Invalid InputStream returned for org/eclipse/persistence/jpa/jpql/parser/ArithmeticExpressionFactory.class
Apr 28, 2022 3:57:08 PM com.sun.enterprise.v3.server.ReadableArchiveScannerAdapter handleEntry
SEVERE: Invalid InputStream returned for org/eclipse/persistence/jpa/jpql/parser/ArithmeticFactor.class
Apr 28, 2022 3:57:08 PM com.sun.enterprise.v3.server.ReadableArchiveScannerAdapter handleEntry
SEVERE: Invalid InputStream returned for org/eclipse/persistence/jpa/jpql/parser/ArithmeticFactorBNF.class
Apr 28, 2022 3:57:08 PM com.sun.enterprise.v3.server.ReadableArchiveScannerAdapter handleEntry
SEVERE: Invalid InputStream returned for org/eclipse/persistence/jpa/jpql/parser/ArithmeticPrimaryBNF.class
Apr 28, 2022 3:57:08 PM com.sun.enterprise.v3.server.ReadableArchiveScannerAdapter handleEntry
SEVERE: Invalid InputStream returned for org/eclipse/persistence/jpa/jpql/parser/ArithmeticTermBNF.class
Apr 28, 2022 3:57:08 PM com.sun.enterprise.v3.server.ReadableArchiveScannerAdapter handleEntry
SEVERE: Invalid InputStream returned for org/eclipse/persistence/jpa/jpql/parser/AsOfClause.class
Apr 28, 2022 3:57:08 PM com.sun.enterprise.v3.server.ReadableArchiveScannerAdapter handleEntry
SEVERE: Invalid InputStream returned for org/eclipse/persistence/jpa/jpql/parser/AsOfClauseBNF.class
Apr 28, 2022 3:57:08 PM com.sun.enterprise.v3.server.ReadableArchiveScannerAdapter handleEntry
SEVERE: Invalid InputStream returned for org/eclipse/persistence/jpa/jpql/parser/AsOfClauseFactory.class
Apr 28, 2022 3:57:08 PM com.sun.enterprise.v3.server.ReadableArchiveScannerAdapter handleEntry
SEVERE: Invalid InputStream returned for org/eclipse/persistence/jpa/jpql/parser/AvgFunction.class
Apr 28, 2022 3:57:08 PM com.sun.enterprise.v3.server.ReadableArchiveScannerAdapter handleEntry
SEVERE: Invalid InputStream returned for org/eclipse/persistence/jpa/jpql/parser/AvgFunctionFactory.class
Apr 28, 2022 3:57:08 PM com.sun.enterprise.v3.server.ReadableArchiveScannerAdapter handleEntry
SEVERE: Invalid InputStream returned for org/eclipse/persistence/jpa/jpql/parser/BadExpression.class
Apr 28, 2022 3:57:08 PM com.sun.enterprise.v3.server.ReadableArchiveScannerAdapter handleEntry
SEVERE: Invalid InputStream returned for org/eclipse/persistence/jpa/jpql/parser/BadExpressionBNF.class
Apr 28, 2022 3:57:08 PM com.sun.enterprise.v3.server.ReadableArchiveScannerAdapter handleEntry
SEVERE: Invalid InputStream returned for org/eclipse/persistence/jpa/jpql/parser/BadExpressionFactory.class
Apr 28, 2022 3:57:08 PM com.sun.enterprise.v3.server.ReadableArchiveScannerAdapter handleEntry
SEVERE: Invalid InputStream returned for org/eclipse/persistence/jpa/jpql/parser/BetweenExpression.class
Apr 28, 2022 3:57:08 PM com.sun.enterprise.v3.server.ReadableArchiveScannerAdapter handleEntry
SEVERE: Invalid InputStream returned for org/eclipse/persistence/jpa/jpql/parser/BetweenExpressionBNF.class
Apr 28, 2022 3:57:08 PM com.sun.enterprise.v3.server.ReadableArchiveScannerAdapter handleEntry
SEVERE: Invalid InputStream returned for org/eclipse/persistence/jpa/jpql/parser/BetweenExpressionFactory.class
Apr 28, 2022 3:57:08 PM com.sun.enterprise.v3.server.ReadableArchiveScannerAdapter handleEntry
SEVERE: Invalid InputStream returned for org/eclipse/persistence/jpa/jpql/parser/BooleanExpressionBNF.class
Apr 28, 2022 3:57:08 PM com.sun.enterprise.v3.server.ReadableArchiveScannerAdapter handleEntry
SEVERE: Invalid InputStream returned for org/eclipse/persistence/jpa/jpql/parser/BooleanLiteralBNF.class
Apr 28, 2022 3:57:08 PM com.sun.enterprise.v3.server.ReadableArchiveScannerAdapter handleEntry
SEVERE: Invalid InputStream returned for org/eclipse/persistence/jpa/jpql/parser/BooleanPrimaryBNF.class
Apr 28, 2022 3:57:08 PM com.sun.enterprise.v3.server.ReadableArchiveScannerAdapter handleEntry
SEVERE: Invalid InputStream returned for org/eclipse/persistence/jpa/jpql/parser/CaseExpression$ParsingType.class
Apr 28, 2022 3:57:08 PM com.sun.enterprise.v3.server.ReadableArchiveScannerAdapter handleEntry
SEVERE: Invalid InputStream returned for org/eclipse/persistence/jpa/jpql/parser/CaseExpression.class
Apr 28, 2022 3:57:08 PM com.sun.enterprise.v3.server.ReadableArchiveScannerAdapter handleEntry
SEVERE: Invalid InputStream returned for org/eclipse/persistence/jpa/jpql/parser/CaseExpressionBNF.class
Apr 28, 2022 3:57:08 PM com.sun.enterprise.v3.server.ReadableArchiveScannerAdapter handleEntry
SEVERE: Invalid InputStream returned for org/eclipse/persistence/jpa/jpql/parser/CaseExpressionFactory.class
Apr 28, 2022 3:57:08 PM com.sun.enterprise.v3.server.ReadableArchiveScannerAdapter handleEntry
SEVERE: Invalid InputStream returned for org/eclipse/persistence/jpa/jpql/parser/CaseOperandBNF.class
Apr 28, 2022 3:57:08 PM com.sun.enterprise.v3.server.ReadableArchiveScannerAdapter handleEntry
SEVERE: Invalid InputStream returned for org/eclipse/persistence/jpa/jpql/parser/CastExpression.class
Apr 28, 2022 3:57:08 PM com.sun.enterprise.v3.server.ReadableArchiveScannerAdapter handleEntry
SEVERE: Invalid InputStream returned for org/eclipse/persistence/jpa/jpql/parser/CastExpressionBNF.class
Apr 28, 2022 3:57:08 PM com.sun.enterprise.v3.server.ReadableArchiveScannerAdapter handleEntry
SEVERE: Invalid InputStream returned for org/eclipse/persistence/jpa/jpql/parser/CastExpressionFactory.class
Apr 28, 2022 3:57:08 PM com.sun.enterprise.v3.server.ReadableArchiveScannerAdapter handleEntry
SEVERE: Invalid InputStream returned for org/eclipse/persistence/jpa/jpql/parser/CoalesceExpression.class
Apr 28, 2022 3:57:08 PM com.sun.enterprise.v3.server.ReadableArchiveScannerAdapter handleEntry
SEVERE: Invalid InputStream returned for org/eclipse/persistence/jpa/jpql/parser/CoalesceExpressionBNF.class
Apr 28, 2022 3:57:08 PM com.sun.enterprise.v3.server.ReadableArchiveScannerAdapter handleEntry
SEVERE: Invalid InputStream returned for org/eclipse/persistence/jpa/jpql/parser/CoalesceExpressionFactory.class
Apr 28, 2022 3:57:08 PM com.sun.enterprise.v3.server.ReadableArchiveScannerAdapter handleEntry
SEVERE: Invalid InputStream returned for org/eclipse/persistence/jpa/jpql/parser/CollectionExpression.class
Apr 28, 2022 3:57:08 PM com.sun.enterprise.v3.server.ReadableArchiveScannerAdapter handleEntry
SEVERE: Invalid InputStream returned for org/eclipse/persistence/jpa/jpql/parser/CollectionMemberDeclaration.class
Apr 28, 2022 3:57:08 PM com.sun.enterprise.v3.server.ReadableArchiveScannerAdapter handleEntry
SEVERE: Invalid InputStream returned for org/eclipse/persistence/jpa/jpql/parser/CollectionMemberDeclarationBNF.class
Apr 28, 2022 3:57:08 PM com.sun.enterprise.v3.server.ReadableArchiveScannerAdapter handleEntry
SEVERE: Invalid InputStream returned for org/eclipse/persistence/jpa/jpql/parser/CollectionMemberDeclarationFactory.class
Apr 28, 2022 3:57:08 PM com.sun.enterprise.v3.server.ReadableArchiveScannerAdapter handleEntry
SEVERE: Invalid InputStream returned for org/eclipse/persistence/jpa/jpql/parser/CollectionMemberExpression.class
Apr 28, 2022 3:57:08 PM com.sun.enterprise.v3.server.ReadableArchiveScannerAdapter handleEntry
SEVERE: Invalid InputStream returned for org/eclipse/persistence/jpa/jpql/parser/CollectionMemberExpressionBNF.class
Apr 28, 2022 3:57:08 PM com.sun.enterprise.v3.server.ReadableArchiveScannerAdapter handleEntry
SEVERE: Invalid InputStream returned for org/eclipse/persistence/jpa/jpql/parser/CollectionMemberExpressionFactory.class
Apr 28, 2022 3:57:08 PM com.sun.enterprise.v3.server.ReadableArchiveScannerAdapter handleEntry
SEVERE: Invalid InputStream returned for org/eclipse/persistence/jpa/jpql/parser/CollectionValuedPathExpression.class
Apr 28, 2022 3:57:08 PM com.sun.enterprise.v3.server.ReadableArchiveScannerAdapter handleEntry
SEVERE: Invalid InputStream returned for org/eclipse/persistence/jpa/jpql/parser/CollectionValuedPathExpressionBNF.class
Apr 28, 2022 3:57:08 PM com.sun.enterprise.v3.server.ReadableArchiveScannerAdapter handleEntry
SEVERE: Invalid InputStream returned for org/eclipse/persistence/jpa/jpql/parser/CollectionValuedPathExpressionFactory.class
Apr 28, 2022 3:57:08 PM com.sun.enterprise.v3.server.ReadableArchiveScannerAdapter handleEntry
SEVERE: Invalid InputStream returned for org/eclipse/persistence/jpa/jpql/parser/ComparisonExpression.class
Apr 28, 2022 3:57:08 PM com.sun.enterprise.v3.server.ReadableArchiveScannerAdapter handleEntry
SEVERE: Invalid InputStream returned for org/eclipse/persistence/jpa/jpql/parser/ComparisonExpressionBNF.class
Apr 28, 2022 3:57:08 PM com.sun.enterprise.v3.server.ReadableArchiveScannerAdapter handleEntry
SEVERE: Invalid InputStream returned for org/eclipse/persistence/jpa/jpql/parser/ComparisonExpressionFactory.class
Apr 28, 2022 3:57:08 PM com.sun.enterprise.v3.server.ReadableArchiveScannerAdapter handleEntry
SEVERE: Invalid InputStream returned for org/eclipse/persistence/jpa/jpql/parser/CompoundExpression.class
Apr 28, 2022 3:57:08 PM com.sun.enterprise.v3.server.ReadableArchiveScannerAdapter handleEntry
SEVERE: Invalid InputStream returned for org/eclipse/persistence/jpa/jpql/parser/ConcatExpression.class
Apr 28, 2022 3:57:08 PM com.sun.enterprise.v3.server.ReadableArchiveScannerAdapter handleEntry
SEVERE: Invalid InputStream returned for org/eclipse/persistence/jpa/jpql/parser/ConcatExpressionFactory.class
Apr 28, 2022 3:57:08 PM com.sun.enterprise.v3.server.ReadableArchiveScannerAdapter handleEntry
SEVERE: Invalid InputStream returned for org/eclipse/persistence/jpa/jpql/parser/ConditionalExpressionBNF.class
Apr 28, 2022 3:57:08 PM com.sun.enterprise.v3.server.ReadableArchiveScannerAdapter handleEntry
SEVERE: Invalid InputStream returned for org/eclipse/persistence/jpa/jpql/parser/ConditionalFactorBNF.class
Apr 28, 2022 3:57:08 PM com.sun.enterprise.v3.server.ReadableArchiveScannerAdapter handleEntry
SEVERE: Invalid InputStream returned for org/eclipse/persistence/jpa/jpql/parser/ConditionalPrimaryBNF.class
Apr 28, 2022 3:57:08 PM com.sun.enterprise.v3.server.ReadableArchiveScannerAdapter handleEntry
SEVERE: Invalid InputStream returned for org/eclipse/persistence/jpa/jpql/parser/ConditionalTermBNF.class
Apr 28, 2022 3:57:08 PM com.sun.enterprise.v3.server.ReadableArchiveScannerAdapter handleEntry
SEVERE: Invalid InputStream returned for org/eclipse/persistence/jpa/jpql/parser/ConnectByClause.class
Apr 28, 2022 3:57:08 PM com.sun.enterprise.v3.server.ReadableArchiveScannerAdapter handleEntry
SEVERE: Invalid InputStream returned for org/eclipse/persistence/jpa/jpql/parser/ConnectByClauseBNF.class
Apr 28, 2022 3:57:08 PM com.sun.enterprise.v3.server.ReadableArchiveScannerAdapter handleEntry
SEVERE: Invalid InputStream returned for org/eclipse/persistence/jpa/jpql/parser/ConnectByClauseFactory.class
Apr 28, 2022 3:57:08 PM com.sun.enterprise.v3.server.ReadableArchiveScannerAdapter handleEntry
SEVERE: Invalid InputStream returned for org/eclipse/persistence/jpa/jpql/parser/ConstructorExpression.class
Apr 28, 2022 3:57:08 PM com.sun.enterprise.v3.server.ReadableArchiveScannerAdapter handleEntry
SEVERE: Invalid InputStream returned for org/eclipse/persistence/jpa/jpql/parser/ConstructorExpressionBNF.class
Apr 28, 2022 3:57:08 PM com.sun.enterprise.v3.server.ReadableArchiveScannerAdapter handleEntry
SEVERE: Invalid InputStream returned for org/eclipse/persistence/jpa/jpql/parser/ConstructorExpressionFactory.class
Apr 28, 2022 3:57:08 PM com.sun.enterprise.v3.server.ReadableArchiveScannerAdapter handleEntry
SEVERE: Invalid InputStream returned for org/eclipse/persistence/jpa/jpql/parser/ConstructorItemBNF.class
Apr 28, 2022 3:57:08 PM com.sun.enterprise.v3.server.ReadableArchiveScannerAdapter handleEntry
SEVERE: Invalid InputStream returned for org/eclipse/persistence/jpa/jpql/parser/CountFunction.class
Apr 28, 2022 3:57:08 PM com.sun.enterprise.v3.server.ReadableArchiveScannerAdapter handleEntry
SEVERE: Invalid InputStream returned for org/eclipse/persistence/jpa/jpql/parser/CountFunctionFactory.class
Apr 28, 2022 3:57:08 PM com.sun.enterprise.v3.server.ReadableArchiveScannerAdapter handleEntry
SEVERE: Invalid InputStream returned for org/eclipse/persistence/jpa/jpql/parser/DatabaseType.class
Apr 28, 2022 3:57:08 PM com.sun.enterprise.v3.server.ReadableArchiveScannerAdapter handleEntry
SEVERE: Invalid InputStream returned for org/eclipse/persistence/jpa/jpql/parser/DatabaseTypeFactory.class
Apr 28, 2022 3:57:08 PM com.sun.enterprise.v3.server.ReadableArchiveScannerAdapter handleEntry
SEVERE: Invalid InputStream returned for org/eclipse/persistence/jpa/jpql/parser/DatabaseTypeQueryBNF.class
Apr 28, 2022 3:57:08 PM com.sun.enterprise.v3.server.ReadableArchiveScannerAdapter handleEntry
SEVERE: Invalid InputStream returned for org/eclipse/persistence/jpa/jpql/parser/DateTime.class
Apr 28, 2022 3:57:08 PM com.sun.enterprise.v3.server.ReadableArchiveScannerAdapter handleEntry
SEVERE: Invalid InputStream returned for org/eclipse/persistence/jpa/jpql/parser/DatetimeExpressionBNF.class
Apr 28, 2022 3:57:08 PM com.sun.enterprise.v3.server.ReadableArchiveScannerAdapter handleEntry
SEVERE: Invalid InputStream returned for org/eclipse/persistence/jpa/jpql/parser/DateTimeFactory.class
Apr 28, 2022 3:57:08 PM com.sun.enterprise.v3.server.ReadableArchiveScannerAdapter handleEntry
SEVERE: Invalid InputStream returned for org/eclipse/persistence/jpa/jpql/parser/DateTimePrimaryBNF.class
Apr 28, 2022 3:57:08 PM com.sun.enterprise.v3.server.ReadableArchiveScannerAdapter handleEntry
SEVERE: Invalid InputStream returned for org/eclipse/persistence/jpa/jpql/parser/DateTimeTimestampLiteralBNF.class
Apr 28, 2022 3:57:08 PM com.sun.enterprise.v3.server.ReadableArchiveScannerAdapter handleEntry
SEVERE: Invalid InputStream returned for org/eclipse/persistence/jpa/jpql/parser/DefaultEclipseLinkJPQLGrammar.class
Apr 28, 2022 3:57:08 PM com.sun.enterprise.v3.server.ReadableArchiveScannerAdapter handleEntry
SEVERE: Invalid InputStream returned for org/eclipse/persistence/jpa/jpql/parser/DefaultJPQLGrammar.class
Apr 28, 2022 3:57:08 PM com.sun.enterprise.v3.server.ReadableArchiveScannerAdapter handleEntry
SEVERE: Invalid InputStream returned for org/eclipse/persistence/jpa/jpql/parser/DefaultStringExpression.class
Apr 28, 2022 3:57:08 PM com.sun.enterprise.v3.server.ReadableArchiveScannerAdapter handleEntry
SEVERE: Invalid InputStream returned for org/eclipse/persistence/jpa/jpql/parser/DeleteClause.class
Apr 28, 2022 3:57:08 PM com.sun.enterprise.v3.server.ReadableArchiveScannerAdapter handleEntry
SEVERE: Invalid InputStream returned for org/eclipse/persistence/jpa/jpql/parser/DeleteClauseBNF.class
Apr 28, 2022 3:57:08 PM com.sun.enterprise.v3.server.ReadableArchiveScannerAdapter handleEntry
SEVERE: Invalid InputStream returned for org/eclipse/persistence/jpa/jpql/parser/DeleteClauseFactory.class
Apr 28, 2022 3:57:08 PM com.sun.enterprise.v3.server.ReadableArchiveScannerAdapter handleEntry
SEVERE: Invalid InputStream returned for org/eclipse/persistence/jpa/jpql/parser/DeleteClauseRangeVariableDeclarationBNF.class
Apr 28, 2022 3:57:08 PM com.sun.enterprise.v3.server.ReadableArchiveScannerAdapter handleEntry
SEVERE: Invalid InputStream returned for org/eclipse/persistence/jpa/jpql/parser/DeleteStatement.class
Apr 28, 2022 3:57:08 PM com.sun.enterprise.v3.server.ReadableArchiveScannerAdapter handleEntry
SEVERE: Invalid InputStream returned for org/eclipse/persistence/jpa/jpql/parser/DeleteStatementBNF.class
Apr 28, 2022 3:57:08 PM com.sun.enterprise.v3.server.ReadableArchiveScannerAdapter handleEntry
SEVERE: Invalid InputStream returned for org/eclipse/persistence/jpa/jpql/parser/DeleteStatementFactory.class
Apr 28, 2022 3:57:08 PM com.sun.enterprise.v3.server.ReadableArchiveScannerAdapter handleEntry
SEVERE: Invalid InputStream returned for org/eclipse/persistence/jpa/jpql/parser/DerivedCollectionMemberDeclarationBNF.class
Apr 28, 2022 3:57:08 PM com.sun.enterprise.v3.server.ReadableArchiveScannerAdapter handleEntry
SEVERE: Invalid InputStream returned for org/eclipse/persistence/jpa/jpql/parser/DivisionExpression.class
Apr 28, 2022 3:57:08 PM com.sun.enterprise.v3.server.ReadableArchiveScannerAdapter handleEntry
SEVERE: Invalid InputStream returned for org/eclipse/persistence/jpa/jpql/parser/EclipseLinkAnonymousExpressionVisitor.class
Apr 28, 2022 3:57:08 PM com.sun.enterprise.v3.server.ReadableArchiveScannerAdapter handleEntry
SEVERE: Invalid InputStream returned for org/eclipse/persistence/jpa/jpql/parser/EclipseLinkExpressionVisitor.class
Apr 28, 2022 3:57:08 PM com.sun.enterprise.v3.server.ReadableArchiveScannerAdapter handleEntry
SEVERE: Invalid InputStream returned for org/eclipse/persistence/jpa/jpql/parser/EclipseLinkJPQLGrammar1.class
Apr 28, 2022 3:57:08 PM com.sun.enterprise.v3.server.ReadableArchiveScannerAdapter handleEntry
SEVERE: Invalid InputStream returned for org/eclipse/persistence/jpa/jpql/parser/EclipseLinkJPQLGrammar2_0.class
Apr 28, 2022 3:57:08 PM com.sun.enterprise.v3.server.ReadableArchiveScannerAdapter handleEntry
SEVERE: Invalid InputStream returned for org/eclipse/persistence/jpa/jpql/parser/EclipseLinkJPQLGrammar2_1.class
Apr 28, 2022 3:57:08 PM com.sun.enterprise.v3.server.ReadableArchiveScannerAdapter handleEntry
SEVERE: Invalid InputStream returned for org/eclipse/persistence/jpa/jpql/parser/EclipseLinkJPQLGrammar2_2.class
Apr 28, 2022 3:57:08 PM com.sun.enterprise.v3.server.ReadableArchiveScannerAdapter handleEntry
SEVERE: Invalid InputStream returned for org/eclipse/persistence/jpa/jpql/parser/EclipseLinkJPQLGrammar2_3.class
Apr 28, 2022 3:57:08 PM com.sun.enterprise.v3.server.ReadableArchiveScannerAdapter handleEntry
SEVERE: Invalid InputStream returned for org/eclipse/persistence/jpa/jpql/parser/EclipseLinkJPQLGrammar2_4.class
Apr 28, 2022 3:57:08 PM com.sun.enterprise.v3.server.ReadableArchiveScannerAdapter handleEntry
SEVERE: Invalid InputStream returned for org/eclipse/persistence/jpa/jpql/parser/EclipseLinkJPQLGrammar2_5.class
Apr 28, 2022 3:57:08 PM com.sun.enterprise.v3.server.ReadableArchiveScannerAdapter handleEntry
SEVERE: Invalid InputStream returned for org/eclipse/persistence/jpa/jpql/parser/EclipseLinkJPQLGrammar2_6.class
Apr 28, 2022 3:57:08 PM com.sun.enterprise.v3.server.ReadableArchiveScannerAdapter handleEntry
SEVERE: Invalid InputStream returned for org/eclipse/persistence/jpa/jpql/parser/ElseExpressionBNF.class
Apr 28, 2022 3:57:08 PM com.sun.enterprise.v3.server.ReadableArchiveScannerAdapter handleEntry
SEVERE: Invalid InputStream returned for org/eclipse/persistence/jpa/jpql/parser/EmptyCollectionComparisonExpression$StateFieldPathToCollectionValuedPathConverter.class
Apr 28, 2022 3:57:08 PM com.sun.enterprise.v3.server.ReadableArchiveScannerAdapter handleEntry
SEVERE: Invalid InputStream returned for org/eclipse/persistence/jpa/jpql/parser/EmptyCollectionComparisonExpression.class
Apr 28, 2022 3:57:08 PM com.sun.enterprise.v3.server.ReadableArchiveScannerAdapter handleEntry
SEVERE: Invalid InputStream returned for org/eclipse/persistence/jpa/jpql/parser/EmptyCollectionComparisonExpressionBNF.class
Apr 28, 2022 3:57:08 PM com.sun.enterprise.v3.server.ReadableArchiveScannerAdapter handleEntry
SEVERE: Invalid InputStream returned for org/eclipse/persistence/jpa/jpql/parser/EncapsulatedIdentificationVariableExpression.class
Apr 28, 2022 3:57:08 PM com.sun.enterprise.v3.server.ReadableArchiveScannerAdapter handleEntry
SEVERE: Invalid InputStream returned for org/eclipse/persistence/jpa/jpql/parser/EntityExpressionBNF.class
Apr 28, 2022 3:57:08 PM com.sun.enterprise.v3.server.ReadableArchiveScannerAdapter handleEntry
SEVERE: Invalid InputStream returned for org/eclipse/persistence/jpa/jpql/parser/EntityOrValueExpressionBNF.class
Apr 28, 2022 3:57:08 PM com.sun.enterprise.v3.server.ReadableArchiveScannerAdapter handleEntry
SEVERE: Invalid InputStream returned for org/eclipse/persistence/jpa/jpql/parser/EntityTypeExpressionBNF.class
Apr 28, 2022 3:57:08 PM com.sun.enterprise.v3.server.ReadableArchiveScannerAdapter handleEntry
SEVERE: Invalid InputStream returned for org/eclipse/persistence/jpa/jpql/parser/EntityTypeLiteral.class
Apr 28, 2022 3:57:08 PM com.sun.enterprise.v3.server.ReadableArchiveScannerAdapter handleEntry
SEVERE: Invalid InputStream returned for org/eclipse/persistence/jpa/jpql/parser/EntityTypeLiteralBNF.class
Apr 28, 2022 3:57:08 PM com.sun.enterprise.v3.server.ReadableArchiveScannerAdapter handleEntry
SEVERE: Invalid InputStream returned for org/eclipse/persistence/jpa/jpql/parser/EntityTypeLiteralFactory.class
Apr 28, 2022 3:57:08 PM com.sun.enterprise.v3.server.ReadableArchiveScannerAdapter handleEntry
SEVERE: Invalid InputStream returned for org/eclipse/persistence/jpa/jpql/parser/EntryExpression.class
Apr 28, 2022 3:57:08 PM com.sun.enterprise.v3.server.ReadableArchiveScannerAdapter handleEntry
SEVERE: Invalid InputStream returned for org/eclipse/persistence/jpa/jpql/parser/EntryExpressionFactory.class
Apr 28, 2022 3:57:08 PM com.sun.enterprise.v3.server.ReadableArchiveScannerAdapter handleEntry
SEVERE: Invalid InputStream returned for org/eclipse/persistence/jpa/jpql/parser/EnumExpressionBNF.class
Apr 28, 2022 3:57:08 PM com.sun.enterprise.v3.server.ReadableArchiveScannerAdapter handleEntry
SEVERE: Invalid InputStream returned for org/eclipse/persistence/jpa/jpql/parser/EnumLiteralBNF.class
Apr 28, 2022 3:57:08 PM com.sun.enterprise.v3.server.ReadableArchiveScannerAdapter handleEntry
SEVERE: Invalid InputStream returned for org/eclipse/persistence/jpa/jpql/parser/EnumPrimaryBNF.class
Apr 28, 2022 3:57:08 PM com.sun.enterprise.v3.server.ReadableArchiveScannerAdapter handleEntry
SEVERE: Invalid InputStream returned for org/eclipse/persistence/jpa/jpql/parser/ExistsExpression.class
Apr 28, 2022 3:57:08 PM com.sun.enterprise.v3.server.ReadableArchiveScannerAdapter handleEntry
SEVERE: Invalid InputStream returned for org/eclipse/persistence/jpa/jpql/parser/ExistsExpressionBNF.class
Apr 28, 2022 3:57:08 PM com.sun.enterprise.v3.server.ReadableArchiveScannerAdapter handleEntry
SEVERE: Invalid InputStream returned for org/eclipse/persistence/jpa/jpql/parser/ExistsExpressionFactory.class
Apr 28, 2022 3:57:08 PM com.sun.enterprise.v3.server.ReadableArchiveScannerAdapter handleEntry
SEVERE: Invalid InputStream returned for org/eclipse/persistence/jpa/jpql/parser/Expression.class
Apr 28, 2022 3:57:08 PM com.sun.enterprise.v3.server.ReadableArchiveScannerAdapter handleEntry
SEVERE: Invalid InputStream returned for org/eclipse/persistence/jpa/jpql/parser/ExpressionFactory.class
Apr 28, 2022 3:57:08 PM com.sun.enterprise.v3.server.ReadableArchiveScannerAdapter handleEntry
SEVERE: Invalid InputStream returned for org/eclipse/persistence/jpa/jpql/parser/ExpressionRegistry.class
Apr 28, 2022 3:57:08 PM com.sun.enterprise.v3.server.ReadableArchiveScannerAdapter handleEntry
SEVERE: Invalid InputStream returned for org/eclipse/persistence/jpa/jpql/parser/ExpressionVisitor.class
Apr 28, 2022 3:57:08 PM com.sun.enterprise.v3.server.ReadableArchiveScannerAdapter handleEntry
SEVERE: Invalid InputStream returned for org/eclipse/persistence/jpa/jpql/parser/ExpressionVisitorWrapper.class
Apr 28, 2022 3:57:08 PM com.sun.enterprise.v3.server.ReadableArchiveScannerAdapter handleEntry
SEVERE: Invalid InputStream returned for org/eclipse/persistence/jpa/jpql/parser/ExtractExpression.class
Apr 28, 2022 3:57:08 PM com.sun.enterprise.v3.server.ReadableArchiveScannerAdapter handleEntry
SEVERE: Invalid InputStream returned for org/eclipse/persistence/jpa/jpql/parser/ExtractExpressionBNF.class
Apr 28, 2022 3:57:08 PM com.sun.enterprise.v3.server.ReadableArchiveScannerAdapter handleEntry
SEVERE: Invalid InputStream returned for org/eclipse/persistence/jpa/jpql/parser/ExtractExpressionFactory.class
Apr 28, 2022 3:57:08 PM com.sun.enterprise.v3.server.ReadableArchiveScannerAdapter handleEntry
SEVERE: Invalid InputStream returned for org/eclipse/persistence/jpa/jpql/parser/FromClause.class
Apr 28, 2022 3:57:08 PM com.sun.enterprise.v3.server.ReadableArchiveScannerAdapter handleEntry
SEVERE: Invalid InputStream returned for org/eclipse/persistence/jpa/jpql/parser/FromClauseBNF.class
Apr 28, 2022 3:57:08 PM com.sun.enterprise.v3.server.ReadableArchiveScannerAdapter handleEntry
SEVERE: Invalid InputStream returned for org/eclipse/persistence/jpa/jpql/parser/FromClauseFactory.class
Apr 28, 2022 3:57:08 PM com.sun.enterprise.v3.server.ReadableArchiveScannerAdapter handleEntry
SEVERE: Invalid InputStream returned for org/eclipse/persistence/jpa/jpql/parser/FullyQualifyPathExpressionVisitor$GeneralIdentificationVariableVisitor.class
Apr 28, 2022 3:57:08 PM com.sun.enterprise.v3.server.ReadableArchiveScannerAdapter handleEntry
SEVERE: Invalid InputStream returned for org/eclipse/persistence/jpa/jpql/parser/FullyQualifyPathExpressionVisitor.class
Apr 28, 2022 3:57:08 PM com.sun.enterprise.v3.server.ReadableArchiveScannerAdapter handleEntry
SEVERE: Invalid InputStream returned for org/eclipse/persistence/jpa/jpql/parser/FunctionExpression.class
Apr 28, 2022 3:57:08 PM com.sun.enterprise.v3.server.ReadableArchiveScannerAdapter handleEntry
SEVERE: Invalid InputStream returned for org/eclipse/persistence/jpa/jpql/parser/FunctionExpressionBNF.class
Apr 28, 2022 3:57:08 PM com.sun.enterprise.v3.server.ReadableArchiveScannerAdapter handleEntry
SEVERE: Invalid InputStream returned for org/eclipse/persistence/jpa/jpql/parser/FunctionExpressionFactory$ParameterCount.class
Apr 28, 2022 3:57:08 PM com.sun.enterprise.v3.server.ReadableArchiveScannerAdapter handleEntry
SEVERE: Invalid InputStream returned for org/eclipse/persistence/jpa/jpql/parser/FunctionExpressionFactory.class
Apr 28, 2022 3:57:08 PM com.sun.enterprise.v3.server.ReadableArchiveScannerAdapter handleEntry
SEVERE: Invalid InputStream returned for org/eclipse/persistence/jpa/jpql/parser/FunctionItemBNF.class
Apr 28, 2022 3:57:08 PM com.sun.enterprise.v3.server.ReadableArchiveScannerAdapter handleEntry
SEVERE: Invalid InputStream returned for org/eclipse/persistence/jpa/jpql/parser/FunctionsReturningDatetimeBNF.class
Apr 28, 2022 3:57:08 PM com.sun.enterprise.v3.server.ReadableArchiveScannerAdapter handleEntry
SEVERE: Invalid InputStream returned for org/eclipse/persistence/jpa/jpql/parser/FunctionsReturningNumericsBNF.class
Apr 28, 2022 3:57:08 PM com.sun.enterprise.v3.server.ReadableArchiveScannerAdapter handleEntry
SEVERE: Invalid InputStream returned for org/eclipse/persistence/jpa/jpql/parser/FunctionsReturningStringsBNF.class
Apr 28, 2022 3:57:08 PM com.sun.enterprise.v3.server.ReadableArchiveScannerAdapter handleEntry
SEVERE: Invalid InputStream returned for org/eclipse/persistence/jpa/jpql/parser/GeneralCaseExpressionBNF.class
Apr 28, 2022 3:57:08 PM com.sun.enterprise.v3.server.ReadableArchiveScannerAdapter handleEntry
SEVERE: Invalid InputStream returned for org/eclipse/persistence/jpa/jpql/parser/GeneralIdentificationExpressionFactory.class
Apr 28, 2022 3:57:08 PM com.sun.enterprise.v3.server.ReadableArchiveScannerAdapter handleEntry
SEVERE: Invalid InputStream returned for org/eclipse/persistence/jpa/jpql/parser/GeneralIdentificationVariableBNF.class
Apr 28, 2022 3:57:08 PM com.sun.enterprise.v3.server.ReadableArchiveScannerAdapter handleEntry
SEVERE: Invalid InputStream returned for org/eclipse/persistence/jpa/jpql/parser/GenericQueryBNF.class
Apr 28, 2022 3:57:08 PM com.sun.enterprise.v3.server.ReadableArchiveScannerAdapter handleEntry
SEVERE: Invalid InputStream returned for org/eclipse/persistence/jpa/jpql/parser/GroupByClause.class
Apr 28, 2022 3:57:08 PM com.sun.enterprise.v3.server.ReadableArchiveScannerAdapter handleEntry
SEVERE: Invalid InputStream returned for org/eclipse/persistence/jpa/jpql/parser/GroupByClauseBNF.class
Apr 28, 2022 3:57:08 PM com.sun.enterprise.v3.server.ReadableArchiveScannerAdapter handleEntry
SEVERE: Invalid InputStream returned for org/eclipse/persistence/jpa/jpql/parser/GroupByClauseFactory.class
Apr 28, 2022 3:57:08 PM com.sun.enterprise.v3.server.ReadableArchiveScannerAdapter handleEntry
SEVERE: Invalid InputStream returned for org/eclipse/persistence/jpa/jpql/parser/GroupByItemBNF.class
Apr 28, 2022 3:57:08 PM com.sun.enterprise.v3.server.ReadableArchiveScannerAdapter handleEntry
SEVERE: Invalid InputStream returned for org/eclipse/persistence/jpa/jpql/parser/GroupByItemFactory.class
Apr 28, 2022 3:57:08 PM com.sun.enterprise.v3.server.ReadableArchiveScannerAdapter handleEntry
SEVERE: Invalid InputStream returned for org/eclipse/persistence/jpa/jpql/parser/HavingClause.class
Apr 28, 2022 3:57:08 PM com.sun.enterprise.v3.server.ReadableArchiveScannerAdapter handleEntry
SEVERE: Invalid InputStream returned for org/eclipse/persistence/jpa/jpql/parser/HavingClauseBNF.class
Apr 28, 2022 3:57:08 PM com.sun.enterprise.v3.server.ReadableArchiveScannerAdapter handleEntry
SEVERE: Invalid InputStream returned for org/eclipse/persistence/jpa/jpql/parser/HavingClauseFactory.class
Apr 28, 2022 3:57:08 PM com.sun.enterprise.v3.server.ReadableArchiveScannerAdapter handleEntry
SEVERE: Invalid InputStream returned for org/eclipse/persistence/jpa/jpql/parser/HierarchicalQueryClause.class
Apr 28, 2022 3:57:08 PM com.sun.enterprise.v3.server.ReadableArchiveScannerAdapter handleEntry
SEVERE: Invalid InputStream returned for org/eclipse/persistence/jpa/jpql/parser/HierarchicalQueryClauseBNF.class
Apr 28, 2022 3:57:08 PM com.sun.enterprise.v3.server.ReadableArchiveScannerAdapter handleEntry
SEVERE: Invalid InputStream returned for org/eclipse/persistence/jpa/jpql/parser/HierarchicalQueryClauseFactory.class
Apr 28, 2022 3:57:08 PM com.sun.enterprise.v3.server.ReadableArchiveScannerAdapter handleEntry
SEVERE: Invalid InputStream returned for org/eclipse/persistence/jpa/jpql/parser/IdentificationVariable.class
Apr 28, 2022 3:57:08 PM com.sun.enterprise.v3.server.ReadableArchiveScannerAdapter handleEntry
SEVERE: Invalid InputStream returned for org/eclipse/persistence/jpa/jpql/parser/IdentificationVariableBNF.class
Apr 28, 2022 3:57:08 PM com.sun.enterprise.v3.server.ReadableArchiveScannerAdapter handleEntry
SEVERE: Invalid InputStream returned for org/eclipse/persistence/jpa/jpql/parser/IdentificationVariableDeclaration.class
Apr 28, 2022 3:57:08 PM com.sun.enterprise.v3.server.ReadableArchiveScannerAdapter handleEntry
SEVERE: Invalid InputStream returned for org/eclipse/persistence/jpa/jpql/parser/IdentificationVariableDeclarationBNF.class
Apr 28, 2022 3:57:08 PM com.sun.enterprise.v3.server.ReadableArchiveScannerAdapter handleEntry
SEVERE: Invalid InputStream returned for org/eclipse/persistence/jpa/jpql/parser/IdentificationVariableDeclarationFactory.class
Apr 28, 2022 3:57:08 PM com.sun.enterprise.v3.server.ReadableArchiveScannerAdapter handleEntry
SEVERE: Invalid InputStream returned for org/eclipse/persistence/jpa/jpql/parser/IdentificationVariableFactory.class
Apr 28, 2022 3:57:08 PM com.sun.enterprise.v3.server.ReadableArchiveScannerAdapter handleEntry
SEVERE: Invalid InputStream returned for org/eclipse/persistence/jpa/jpql/parser/IdentifierRole.class
Apr 28, 2022 3:57:08 PM com.sun.enterprise.v3.server.ReadableArchiveScannerAdapter handleEntry
SEVERE: Invalid InputStream returned for org/eclipse/persistence/jpa/jpql/parser/IndexExpression.class
Apr 28, 2022 3:57:08 PM com.sun.enterprise.v3.server.ReadableArchiveScannerAdapter handleEntry
SEVERE: Invalid InputStream returned for org/eclipse/persistence/jpa/jpql/parser/IndexExpressionFactory.class
Apr 28, 2022 3:57:08 PM com.sun.enterprise.v3.server.ReadableArchiveScannerAdapter handleEntry
SEVERE: Invalid InputStream returned for org/eclipse/persistence/jpa/jpql/parser/InExpression.class
Apr 28, 2022 3:57:08 PM com.sun.enterprise.v3.server.ReadableArchiveScannerAdapter handleEntry
SEVERE: Invalid InputStream returned for org/eclipse/persistence/jpa/jpql/parser/InExpressionBNF.class
Apr 28, 2022 3:57:08 PM com.sun.enterprise.v3.server.ReadableArchiveScannerAdapter handleEntry
SEVERE: Invalid InputStream returned for org/eclipse/persistence/jpa/jpql/parser/InExpressionExpressionBNF.class
Apr 28, 2022 3:57:08 PM com.sun.enterprise.v3.server.ReadableArchiveScannerAdapter handleEntry
SEVERE: Invalid InputStream returned for org/eclipse/persistence/jpa/jpql/parser/InExpressionFactory.class
Apr 28, 2022 3:57:08 PM com.sun.enterprise.v3.server.ReadableArchiveScannerAdapter handleEntry
SEVERE: Invalid InputStream returned for org/eclipse/persistence/jpa/jpql/parser/InExpressionItemBNF.class
Apr 28, 2022 3:57:08 PM com.sun.enterprise.v3.server.ReadableArchiveScannerAdapter handleEntry
SEVERE: Invalid InputStream returned for org/eclipse/persistence/jpa/jpql/parser/InputParameter.class
Apr 28, 2022 3:57:08 PM com.sun.enterprise.v3.server.ReadableArchiveScannerAdapter handleEntry
SEVERE: Invalid InputStream returned for org/eclipse/persistence/jpa/jpql/parser/InputParameterBNF.class
Apr 28, 2022 3:57:08 PM com.sun.enterprise.v3.server.ReadableArchiveScannerAdapter handleEntry
SEVERE: Invalid InputStream returned for org/eclipse/persistence/jpa/jpql/parser/InternalAggregateFunctionBNF.class
Apr 28, 2022 3:57:08 PM com.sun.enterprise.v3.server.ReadableArchiveScannerAdapter handleEntry
SEVERE: Invalid InputStream returned for org/eclipse/persistence/jpa/jpql/parser/InternalBetweenExpressionBNF.class
Apr 28, 2022 3:57:08 PM com.sun.enterprise.v3.server.ReadableArchiveScannerAdapter handleEntry
SEVERE: Invalid InputStream returned for org/eclipse/persistence/jpa/jpql/parser/InternalCoalesceExpressionBNF.class
Apr 28, 2022 3:57:08 PM com.sun.enterprise.v3.server.ReadableArchiveScannerAdapter handleEntry
SEVERE: Invalid InputStream returned for org/eclipse/persistence/jpa/jpql/parser/InternalColumnExpressionBNF.class
Apr 28, 2022 3:57:08 PM com.sun.enterprise.v3.server.ReadableArchiveScannerAdapter handleEntry
SEVERE: Invalid InputStream returned for org/eclipse/persistence/jpa/jpql/parser/InternalConcatExpressionBNF.class
Apr 28, 2022 3:57:08 PM com.sun.enterprise.v3.server.ReadableArchiveScannerAdapter handleEntry
SEVERE: Invalid InputStream returned for org/eclipse/persistence/jpa/jpql/parser/InternalConnectByClauseBNF.class
Apr 28, 2022 3:57:08 PM com.sun.enterprise.v3.server.ReadableArchiveScannerAdapter handleEntry
SEVERE: Invalid InputStream returned for org/eclipse/persistence/jpa/jpql/parser/InternalCountBNF.class
Apr 28, 2022 3:57:08 PM com.sun.enterprise.v3.server.ReadableArchiveScannerAdapter handleEntry
SEVERE: Invalid InputStream returned for org/eclipse/persistence/jpa/jpql/parser/InternalEntityTypeExpressionBNF.class
Apr 28, 2022 3:57:08 PM com.sun.enterprise.v3.server.ReadableArchiveScannerAdapter handleEntry
SEVERE: Invalid InputStream returned for org/eclipse/persistence/jpa/jpql/parser/InternalFromClauseBNF.class
Apr 28, 2022 3:57:08 PM com.sun.enterprise.v3.server.ReadableArchiveScannerAdapter handleEntry
SEVERE: Invalid InputStream returned for org/eclipse/persistence/jpa/jpql/parser/InternalJoinBNF.class
Apr 28, 2022 3:57:08 PM com.sun.enterprise.v3.server.ReadableArchiveScannerAdapter handleEntry
SEVERE: Invalid InputStream returned for org/eclipse/persistence/jpa/jpql/parser/InternalLengthExpressionBNF.class
Apr 28, 2022 3:57:08 PM com.sun.enterprise.v3.server.ReadableArchiveScannerAdapter handleEntry
SEVERE: Invalid InputStream returned for org/eclipse/persistence/jpa/jpql/parser/InternalLocateStringExpressionBNF.class
Apr 28, 2022 3:57:08 PM com.sun.enterprise.v3.server.ReadableArchiveScannerAdapter handleEntry
SEVERE: Invalid InputStream returned for org/eclipse/persistence/jpa/jpql/parser/InternalLocateThirdExpressionBNF.class
Apr 28, 2022 3:57:08 PM com.sun.enterprise.v3.server.ReadableArchiveScannerAdapter handleEntry
SEVERE: Invalid InputStream returned for org/eclipse/persistence/jpa/jpql/parser/InternalLowerExpressionBNF.class
Apr 28, 2022 3:57:08 PM com.sun.enterprise.v3.server.ReadableArchiveScannerAdapter handleEntry
SEVERE: Invalid InputStream returned for org/eclipse/persistence/jpa/jpql/parser/InternalModExpressionBNF.class
Apr 28, 2022 3:57:08 PM com.sun.enterprise.v3.server.ReadableArchiveScannerAdapter handleEntry
SEVERE: Invalid InputStream returned for org/eclipse/persistence/jpa/jpql/parser/InternalOrderByItemBNF.class
Apr 28, 2022 3:57:08 PM com.sun.enterprise.v3.server.ReadableArchiveScannerAdapter handleEntry
SEVERE: Invalid InputStream returned for org/eclipse/persistence/jpa/jpql/parser/InternalOrderByItemFactory.class
Apr 28, 2022 3:57:08 PM com.sun.enterprise.v3.server.ReadableArchiveScannerAdapter handleEntry
SEVERE: Invalid InputStream returned for org/eclipse/persistence/jpa/jpql/parser/InternalSelectExpressionBNF.class
Apr 28, 2022 3:57:08 PM com.sun.enterprise.v3.server.ReadableArchiveScannerAdapter handleEntry
SEVERE: Invalid InputStream returned for org/eclipse/persistence/jpa/jpql/parser/InternalSimpleFromClauseBNF.class
Apr 28, 2022 3:57:08 PM com.sun.enterprise.v3.server.ReadableArchiveScannerAdapter handleEntry
SEVERE: Invalid InputStream returned for org/eclipse/persistence/jpa/jpql/parser/InternalSimpleSelectExpressionBNF.class
Apr 28, 2022 3:57:08 PM com.sun.enterprise.v3.server.ReadableArchiveScannerAdapter handleEntry
SEVERE: Invalid InputStream returned for org/eclipse/persistence/jpa/jpql/parser/InternalSqrtExpressionBNF.class
Apr 28, 2022 3:57:08 PM com.sun.enterprise.v3.server.ReadableArchiveScannerAdapter handleEntry
SEVERE: Invalid InputStream returned for org/eclipse/persistence/jpa/jpql/parser/InternalSubstringPositionExpressionBNF.class
Apr 28, 2022 3:57:08 PM com.sun.enterprise.v3.server.ReadableArchiveScannerAdapter handleEntry
SEVERE: Invalid InputStream returned for org/eclipse/persistence/jpa/jpql/parser/InternalSubstringStringExpressionBNF.class
Apr 28, 2022 3:57:08 PM com.sun.enterprise.v3.server.ReadableArchiveScannerAdapter handleEntry
SEVERE: Invalid InputStream returned for org/eclipse/persistence/jpa/jpql/parser/InternalUpdateClauseBNF.class
Apr 28, 2022 3:57:08 PM com.sun.enterprise.v3.server.ReadableArchiveScannerAdapter handleEntry
SEVERE: Invalid InputStream returned for org/eclipse/persistence/jpa/jpql/parser/InternalUpperExpressionBNF.class
Apr 28, 2022 3:57:08 PM com.sun.enterprise.v3.server.ReadableArchiveScannerAdapter handleEntry
SEVERE: Invalid InputStream returned for org/eclipse/persistence/jpa/jpql/parser/InternalWhenClauseBNF.class
Apr 28, 2022 3:57:08 PM com.sun.enterprise.v3.server.ReadableArchiveScannerAdapter handleEntry
SEVERE: Invalid InputStream returned for org/eclipse/persistence/jpa/jpql/parser/IsExpressionFactory.class
Apr 28, 2022 3:57:08 PM com.sun.enterprise.v3.server.ReadableArchiveScannerAdapter handleEntry
SEVERE: Invalid InputStream returned for org/eclipse/persistence/jpa/jpql/parser/Join.class
Apr 28, 2022 3:57:08 PM com.sun.enterprise.v3.server.ReadableArchiveScannerAdapter handleEntry
SEVERE: Invalid InputStream returned for org/eclipse/persistence/jpa/jpql/parser/JoinAssociationPathExpressionBNF.class
Apr 28, 2022 3:57:08 PM com.sun.enterprise.v3.server.ReadableArchiveScannerAdapter handleEntry
SEVERE: Invalid InputStream returned for org/eclipse/persistence/jpa/jpql/parser/JoinBNF.class
Apr 28, 2022 3:57:08 PM com.sun.enterprise.v3.server.ReadableArchiveScannerAdapter handleEntry
SEVERE: Invalid InputStream returned for org/eclipse/persistence/jpa/jpql/parser/JoinCollectionValuedPathExpressionFactory.class
Apr 28, 2022 3:57:08 PM com.sun.enterprise.v3.server.ReadableArchiveScannerAdapter handleEntry
SEVERE: Invalid InputStream returned for org/eclipse/persistence/jpa/jpql/parser/JoinFactory.class
Apr 28, 2022 3:57:08 PM com.sun.enterprise.v3.server.ReadableArchiveScannerAdapter handleEntry
SEVERE: Invalid InputStream returned for org/eclipse/persistence/jpa/jpql/parser/JoinFetchBNF.class
Apr 28, 2022 3:57:08 PM com.sun.enterprise.v3.server.ReadableArchiveScannerAdapter handleEntry
SEVERE: Invalid InputStream returned for org/eclipse/persistence/jpa/jpql/parser/JPQLExpression.class
Apr 28, 2022 3:57:08 PM com.sun.enterprise.v3.server.ReadableArchiveScannerAdapter handleEntry
SEVERE: Invalid InputStream returned for org/eclipse/persistence/jpa/jpql/parser/JPQLGrammar.class
Apr 28, 2022 3:57:08 PM com.sun.enterprise.v3.server.ReadableArchiveScannerAdapter handleEntry
SEVERE: Invalid InputStream returned for org/eclipse/persistence/jpa/jpql/parser/JPQLGrammar1_0.class
Apr 28, 2022 3:57:08 PM com.sun.enterprise.v3.server.ReadableArchiveScannerAdapter handleEntry
SEVERE: Invalid InputStream returned for org/eclipse/persistence/jpa/jpql/parser/JPQLGrammar2_0.class
Apr 28, 2022 3:57:08 PM com.sun.enterprise.v3.server.ReadableArchiveScannerAdapter handleEntry
SEVERE: Invalid InputStream returned for org/eclipse/persistence/jpa/jpql/parser/JPQLGrammar2_1.class
Apr 28, 2022 3:57:08 PM com.sun.enterprise.v3.server.ReadableArchiveScannerAdapter handleEntry
SEVERE: Invalid InputStream returned for org/eclipse/persistence/jpa/jpql/parser/JPQLQueryBNF$1.class
Apr 28, 2022 3:57:08 PM com.sun.enterprise.v3.server.ReadableArchiveScannerAdapter handleEntry
SEVERE: Invalid InputStream returned for org/eclipse/persistence/jpa/jpql/parser/JPQLQueryBNF.class
Apr 28, 2022 3:57:08 PM com.sun.enterprise.v3.server.ReadableArchiveScannerAdapter handleEntry
SEVERE: Invalid InputStream returned for org/eclipse/persistence/jpa/jpql/parser/JPQLStatementBNF.class
Apr 28, 2022 3:57:08 PM com.sun.enterprise.v3.server.ReadableArchiveScannerAdapter handleEntry
SEVERE: Invalid InputStream returned for org/eclipse/persistence/jpa/jpql/parser/KeyExpression.class
Apr 28, 2022 3:57:08 PM com.sun.enterprise.v3.server.ReadableArchiveScannerAdapter handleEntry
SEVERE: Invalid InputStream returned for org/eclipse/persistence/jpa/jpql/parser/KeyExpressionFactory.class
Apr 28, 2022 3:57:08 PM com.sun.enterprise.v3.server.ReadableArchiveScannerAdapter handleEntry
SEVERE: Invalid InputStream returned for org/eclipse/persistence/jpa/jpql/parser/KeywordExpression.class
Apr 28, 2022 3:57:08 PM com.sun.enterprise.v3.server.ReadableArchiveScannerAdapter handleEntry
SEVERE: Invalid InputStream returned for org/eclipse/persistence/jpa/jpql/parser/KeywordExpressionFactory.class
Apr 28, 2022 3:57:08 PM com.sun.enterprise.v3.server.ReadableArchiveScannerAdapter handleEntry
SEVERE: Invalid InputStream returned for org/eclipse/persistence/jpa/jpql/parser/LengthExpression.class
Apr 28, 2022 3:57:08 PM com.sun.enterprise.v3.server.ReadableArchiveScannerAdapter handleEntry
SEVERE: Invalid InputStream returned for org/eclipse/persistence/jpa/jpql/parser/LengthExpressionFactory.class
Apr 28, 2022 3:57:08 PM com.sun.enterprise.v3.server.ReadableArchiveScannerAdapter handleEntry
SEVERE: Invalid InputStream returned for org/eclipse/persistence/jpa/jpql/parser/LikeExpression.class
Apr 28, 2022 3:57:08 PM com.sun.enterprise.v3.server.ReadableArchiveScannerAdapter handleEntry
SEVERE: Invalid InputStream returned for org/eclipse/persistence/jpa/jpql/parser/LikeExpressionEscapeCharacterBNF.class
Apr 28, 2022 3:57:08 PM com.sun.enterprise.v3.server.ReadableArchiveScannerAdapter handleEntry
SEVERE: Invalid InputStream returned for org/eclipse/persistence/jpa/jpql/parser/LikeExpressionFactory.class
Apr 28, 2022 3:57:08 PM com.sun.enterprise.v3.server.ReadableArchiveScannerAdapter handleEntry
SEVERE: Invalid InputStream returned for org/eclipse/persistence/jpa/jpql/parser/LiteralBNF.class
Apr 28, 2022 3:57:08 PM com.sun.enterprise.v3.server.ReadableArchiveScannerAdapter handleEntry
SEVERE: Invalid InputStream returned for org/eclipse/persistence/jpa/jpql/parser/LiteralExpressionFactory.class
Apr 28, 2022 3:57:08 PM com.sun.enterprise.v3.server.ReadableArchiveScannerAdapter handleEntry
SEVERE: Invalid InputStream returned for org/eclipse/persistence/jpa/jpql/parser/LocateExpression.class
Apr 28, 2022 3:57:08 PM com.sun.enterprise.v3.server.ReadableArchiveScannerAdapter handleEntry
SEVERE: Invalid InputStream returned for org/eclipse/persistence/jpa/jpql/parser/LocateExpressionFactory.class
Apr 28, 2022 3:57:08 PM com.sun.enterprise.v3.server.ReadableArchiveScannerAdapter handleEntry
SEVERE: Invalid InputStream returned for org/eclipse/persistence/jpa/jpql/parser/LogicalExpression.class
Apr 28, 2022 3:57:08 PM com.sun.enterprise.v3.server.ReadableArchiveScannerAdapter handleEntry
SEVERE: Invalid InputStream returned for org/eclipse/persistence/jpa/jpql/parser/LowerExpression.class
Apr 28, 2022 3:57:08 PM com.sun.enterprise.v3.server.ReadableArchiveScannerAdapter handleEntry
SEVERE: Invalid InputStream returned for org/eclipse/persistence/jpa/jpql/parser/LowerExpressionFactory.class
Apr 28, 2022 3:57:08 PM com.sun.enterprise.v3.server.ReadableArchiveScannerAdapter handleEntry
SEVERE: Invalid InputStream returned for org/eclipse/persistence/jpa/jpql/parser/MaxFunction.class
Apr 28, 2022 3:57:08 PM com.sun.enterprise.v3.server.ReadableArchiveScannerAdapter handleEntry
SEVERE: Invalid InputStream returned for org/eclipse/persistence/jpa/jpql/parser/MaxFunctionFactory.class
Apr 28, 2022 3:57:08 PM com.sun.enterprise.v3.server.ReadableArchiveScannerAdapter handleEntry
SEVERE: Invalid InputStream returned for org/eclipse/persistence/jpa/jpql/parser/MinFunction.class
Apr 28, 2022 3:57:08 PM com.sun.enterprise.v3.server.ReadableArchiveScannerAdapter handleEntry
SEVERE: Invalid InputStream returned for org/eclipse/persistence/jpa/jpql/parser/MinFunctionFactory.class
Apr 28, 2022 3:57:08 PM com.sun.enterprise.v3.server.ReadableArchiveScannerAdapter handleEntry
SEVERE: Invalid InputStream returned for org/eclipse/persistence/jpa/jpql/parser/ModExpression.class
Apr 28, 2022 3:57:08 PM com.sun.enterprise.v3.server.ReadableArchiveScannerAdapter handleEntry
SEVERE: Invalid InputStream returned for org/eclipse/persistence/jpa/jpql/parser/MultiplicationExpression.class
Apr 28, 2022 3:57:08 PM com.sun.enterprise.v3.server.ReadableArchiveScannerAdapter handleEntry
SEVERE: Invalid InputStream returned for org/eclipse/persistence/jpa/jpql/parser/NewValueBNF.class
Apr 28, 2022 3:57:08 PM com.sun.enterprise.v3.server.ReadableArchiveScannerAdapter handleEntry
SEVERE: Invalid InputStream returned for org/eclipse/persistence/jpa/jpql/parser/NotExpression.class
Apr 28, 2022 3:57:08 PM com.sun.enterprise.v3.server.ReadableArchiveScannerAdapter handleEntry
SEVERE: Invalid InputStream returned for org/eclipse/persistence/jpa/jpql/parser/NotExpressionFactory.class
Apr 28, 2022 3:57:08 PM com.sun.enterprise.v3.server.ReadableArchiveScannerAdapter handleEntry
SEVERE: Invalid InputStream returned for org/eclipse/persistence/jpa/jpql/parser/NullComparisonExpression.class
Apr 28, 2022 3:57:08 PM com.sun.enterprise.v3.server.ReadableArchiveScannerAdapter handleEntry
SEVERE: Invalid InputStream returned for org/eclipse/persistence/jpa/jpql/parser/NullComparisonExpressionBNF.class
Apr 28, 2022 3:57:08 PM com.sun.enterprise.v3.server.ReadableArchiveScannerAdapter handleEntry
SEVERE: Invalid InputStream returned for org/eclipse/persistence/jpa/jpql/parser/NullExpression.class
Apr 28, 2022 3:57:08 PM com.sun.enterprise.v3.server.ReadableArchiveScannerAdapter handleEntry
SEVERE: Invalid InputStream returned for org/eclipse/persistence/jpa/jpql/parser/NullIfExpression.class
Apr 28, 2022 3:57:08 PM com.sun.enterprise.v3.server.ReadableArchiveScannerAdapter handleEntry
SEVERE: Invalid InputStream returned for org/eclipse/persistence/jpa/jpql/parser/NullIfExpressionBNF.class
Apr 28, 2022 3:57:08 PM com.sun.enterprise.v3.server.ReadableArchiveScannerAdapter handleEntry
SEVERE: Invalid InputStream returned for org/eclipse/persistence/jpa/jpql/parser/NullIfExpressionFactory.class
Apr 28, 2022 3:57:08 PM com.sun.enterprise.v3.server.ReadableArchiveScannerAdapter handleEntry
SEVERE: Invalid InputStream returned for org/eclipse/persistence/jpa/jpql/parser/NumericLiteral.class
Apr 28, 2022 3:57:08 PM com.sun.enterprise.v3.server.ReadableArchiveScannerAdapter handleEntry
SEVERE: Invalid InputStream returned for org/eclipse/persistence/jpa/jpql/parser/NumericLiteralBNF.class
Apr 28, 2022 3:57:08 PM com.sun.enterprise.v3.server.ReadableArchiveScannerAdapter handleEntry
SEVERE: Invalid InputStream returned for org/eclipse/persistence/jpa/jpql/parser/ObjectExpression.class
Apr 28, 2022 3:57:08 PM com.sun.enterprise.v3.server.ReadableArchiveScannerAdapter handleEntry
SEVERE: Invalid InputStream returned for org/eclipse/persistence/jpa/jpql/parser/ObjectExpressionBNF.class
Apr 28, 2022 3:57:08 PM com.sun.enterprise.v3.server.ReadableArchiveScannerAdapter handleEntry
SEVERE: Invalid InputStream returned for org/eclipse/persistence/jpa/jpql/parser/ObjectExpressionFactory.class
Apr 28, 2022 3:57:08 PM com.sun.enterprise.v3.server.ReadableArchiveScannerAdapter handleEntry
SEVERE: Invalid InputStream returned for org/eclipse/persistence/jpa/jpql/parser/OnClause.class
Apr 28, 2022 3:57:08 PM com.sun.enterprise.v3.server.ReadableArchiveScannerAdapter handleEntry
SEVERE: Invalid InputStream returned for org/eclipse/persistence/jpa/jpql/parser/OnClauseBNF.class
Apr 28, 2022 3:57:08 PM com.sun.enterprise.v3.server.ReadableArchiveScannerAdapter handleEntry
SEVERE: Invalid InputStream returned for org/eclipse/persistence/jpa/jpql/parser/OnClauseFactory.class
Apr 28, 2022 3:57:08 PM com.sun.enterprise.v3.server.ReadableArchiveScannerAdapter handleEntry
SEVERE: Invalid InputStream returned for org/eclipse/persistence/jpa/jpql/parser/OrderByClause.class
Apr 28, 2022 3:57:08 PM com.sun.enterprise.v3.server.ReadableArchiveScannerAdapter handleEntry
SEVERE: Invalid InputStream returned for org/eclipse/persistence/jpa/jpql/parser/OrderByClauseBNF.class
Apr 28, 2022 3:57:08 PM com.sun.enterprise.v3.server.ReadableArchiveScannerAdapter handleEntry
SEVERE: Invalid InputStream returned for org/eclipse/persistence/jpa/jpql/parser/OrderByClauseFactory.class
Apr 28, 2022 3:57:08 PM com.sun.enterprise.v3.server.ReadableArchiveScannerAdapter handleEntry
SEVERE: Invalid InputStream returned for org/eclipse/persistence/jpa/jpql/parser/OrderByItem$NullOrdering.class
Apr 28, 2022 3:57:08 PM com.sun.enterprise.v3.server.ReadableArchiveScannerAdapter handleEntry
SEVERE: Invalid InputStream returned for org/eclipse/persistence/jpa/jpql/parser/OrderByItem$Ordering.class
Apr 28, 2022 3:57:08 PM com.sun.enterprise.v3.server.ReadableArchiveScannerAdapter handleEntry
SEVERE: Invalid InputStream returned for org/eclipse/persistence/jpa/jpql/parser/OrderByItem.class
Apr 28, 2022 3:57:08 PM com.sun.enterprise.v3.server.ReadableArchiveScannerAdapter handleEntry
SEVERE: Invalid InputStream returned for org/eclipse/persistence/jpa/jpql/parser/OrderByItemBNF.class
Apr 28, 2022 3:57:08 PM com.sun.enterprise.v3.server.ReadableArchiveScannerAdapter handleEntry
SEVERE: Invalid InputStream returned for org/eclipse/persistence/jpa/jpql/parser/OrderSiblingsByClause.class
Apr 28, 2022 3:57:08 PM com.sun.enterprise.v3.server.ReadableArchiveScannerAdapter handleEntry
SEVERE: Invalid InputStream returned for org/eclipse/persistence/jpa/jpql/parser/OrderSiblingsByClauseBNF.class
Apr 28, 2022 3:57:08 PM com.sun.enterprise.v3.server.ReadableArchiveScannerAdapter handleEntry
SEVERE: Invalid InputStream returned for org/eclipse/persistence/jpa/jpql/parser/OrderSiblingsByClauseFactory.class
Apr 28, 2022 3:57:08 PM com.sun.enterprise.v3.server.ReadableArchiveScannerAdapter handleEntry
SEVERE: Invalid InputStream returned for org/eclipse/persistence/jpa/jpql/parser/OrExpression.class
Apr 28, 2022 3:57:08 PM com.sun.enterprise.v3.server.ReadableArchiveScannerAdapter handleEntry
SEVERE: Invalid InputStream returned for org/eclipse/persistence/jpa/jpql/parser/OrExpressionFactory.class
Apr 28, 2022 3:57:08 PM com.sun.enterprise.v3.server.ReadableArchiveScannerAdapter handleEntry
SEVERE: Invalid InputStream returned for org/eclipse/persistence/jpa/jpql/parser/package-info.class
Apr 28, 2022 3:57:08 PM com.sun.enterprise.v3.server.ReadableArchiveScannerAdapter handleEntry
SEVERE: Invalid InputStream returned for org/eclipse/persistence/jpa/jpql/parser/PatternValueBNF.class
Apr 28, 2022 3:57:08 PM com.sun.enterprise.v3.server.ReadableArchiveScannerAdapter handleEntry
SEVERE: Invalid InputStream returned for org/eclipse/persistence/jpa/jpql/parser/QualifiedIdentificationVariableBNF.class
Apr 28, 2022 3:57:08 PM com.sun.enterprise.v3.server.ReadableArchiveScannerAdapter handleEntry
SEVERE: Invalid InputStream returned for org/eclipse/persistence/jpa/jpql/parser/QueryPosition.class
Apr 28, 2022 3:57:08 PM com.sun.enterprise.v3.server.ReadableArchiveScannerAdapter handleEntry
SEVERE: Invalid InputStream returned for org/eclipse/persistence/jpa/jpql/parser/RangeDeclarationBNF.class
Apr 28, 2022 3:57:08 PM com.sun.enterprise.v3.server.ReadableArchiveScannerAdapter handleEntry
SEVERE: Invalid InputStream returned for org/eclipse/persistence/jpa/jpql/parser/RangeDeclarationFactory.class
Apr 28, 2022 3:57:08 PM com.sun.enterprise.v3.server.ReadableArchiveScannerAdapter handleEntry
SEVERE: Invalid InputStream returned for org/eclipse/persistence/jpa/jpql/parser/RangeVariableDeclaration.class
Apr 28, 2022 3:57:08 PM com.sun.enterprise.v3.server.ReadableArchiveScannerAdapter handleEntry
SEVERE: Invalid InputStream returned for org/eclipse/persistence/jpa/jpql/parser/RangeVariableDeclarationBNF.class
Apr 28, 2022 3:57:08 PM com.sun.enterprise.v3.server.ReadableArchiveScannerAdapter handleEntry
SEVERE: Invalid InputStream returned for org/eclipse/persistence/jpa/jpql/parser/RangeVariableDeclarationFactory.class
Apr 28, 2022 3:57:08 PM com.sun.enterprise.v3.server.ReadableArchiveScannerAdapter handleEntry
SEVERE: Invalid InputStream returned for org/eclipse/persistence/jpa/jpql/parser/RegexpExpression.class
Apr 28, 2022 3:57:08 PM com.sun.enterprise.v3.server.ReadableArchiveScannerAdapter handleEntry
SEVERE: Invalid InputStream returned for org/eclipse/persistence/jpa/jpql/parser/RegexpExpressionBNF.class
Apr 28, 2022 3:57:08 PM com.sun.enterprise.v3.server.ReadableArchiveScannerAdapter handleEntry
SEVERE: Invalid InputStream returned for org/eclipse/persistence/jpa/jpql/parser/RegexpExpressionFactory.class
Apr 28, 2022 3:57:08 PM com.sun.enterprise.v3.server.ReadableArchiveScannerAdapter handleEntry
SEVERE: Invalid InputStream returned for org/eclipse/persistence/jpa/jpql/parser/ResultVariable.class
Apr 28, 2022 3:57:08 PM com.sun.enterprise.v3.server.ReadableArchiveScannerAdapter handleEntry
SEVERE: Invalid InputStream returned for org/eclipse/persistence/jpa/jpql/parser/ResultVariableBNF.class
Apr 28, 2022 3:57:08 PM com.sun.enterprise.v3.server.ReadableArchiveScannerAdapter handleEntry
SEVERE: Invalid InputStream returned for org/eclipse/persistence/jpa/jpql/parser/ResultVariableFactory$SelectClauseVisitor.class
Apr 28, 2022 3:57:08 PM com.sun.enterprise.v3.server.ReadableArchiveScannerAdapter handleEntry
SEVERE: Invalid InputStream returned for org/eclipse/persistence/jpa/jpql/parser/ResultVariableFactory.class
Apr 28, 2022 3:57:08 PM com.sun.enterprise.v3.server.ReadableArchiveScannerAdapter handleEntry
SEVERE: Invalid InputStream returned for org/eclipse/persistence/jpa/jpql/parser/ScalarExpressionBNF.class
Apr 28, 2022 3:57:08 PM com.sun.enterprise.v3.server.ReadableArchiveScannerAdapter handleEntry
SEVERE: Invalid InputStream returned for org/eclipse/persistence/jpa/jpql/parser/SelectClause.class
Apr 28, 2022 3:57:08 PM com.sun.enterprise.v3.server.ReadableArchiveScannerAdapter handleEntry
SEVERE: Invalid InputStream returned for org/eclipse/persistence/jpa/jpql/parser/SelectClauseBNF.class
Apr 28, 2022 3:57:08 PM com.sun.enterprise.v3.server.ReadableArchiveScannerAdapter handleEntry
SEVERE: Invalid InputStream returned for org/eclipse/persistence/jpa/jpql/parser/SelectClauseFactory.class
Apr 28, 2022 3:57:08 PM com.sun.enterprise.v3.server.ReadableArchiveScannerAdapter handleEntry
SEVERE: Invalid InputStream returned for org/eclipse/persistence/jpa/jpql/parser/SelectExpressionBNF.class
Apr 28, 2022 3:57:08 PM com.sun.enterprise.v3.server.ReadableArchiveScannerAdapter handleEntry
SEVERE: Invalid InputStream returned for org/eclipse/persistence/jpa/jpql/parser/SelectStatement.class
Apr 28, 2022 3:57:08 PM com.sun.enterprise.v3.server.ReadableArchiveScannerAdapter handleEntry
SEVERE: Invalid InputStream returned for org/eclipse/persistence/jpa/jpql/parser/SelectStatementBNF.class
Apr 28, 2022 3:57:08 PM com.sun.enterprise.v3.server.ReadableArchiveScannerAdapter handleEntry
SEVERE: Invalid InputStream returned for org/eclipse/persistence/jpa/jpql/parser/SelectStatementFactory.class
Apr 28, 2022 3:57:08 PM com.sun.enterprise.v3.server.ReadableArchiveScannerAdapter handleEntry
SEVERE: Invalid InputStream returned for org/eclipse/persistence/jpa/jpql/parser/SimpleArithmeticExpressionBNF.class
Apr 28, 2022 3:57:08 PM com.sun.enterprise.v3.server.ReadableArchiveScannerAdapter handleEntry
SEVERE: Invalid InputStream returned for org/eclipse/persistence/jpa/jpql/parser/SimpleCaseExpressionBNF.class
Apr 28, 2022 3:57:08 PM com.sun.enterprise.v3.server.ReadableArchiveScannerAdapter handleEntry
SEVERE: Invalid InputStream returned for org/eclipse/persistence/jpa/jpql/parser/SimpleConditionalExpressionBNF.class
Apr 28, 2022 3:57:08 PM com.sun.enterprise.v3.server.ReadableArchiveScannerAdapter handleEntry
SEVERE: Invalid InputStream returned for org/eclipse/persistence/jpa/jpql/parser/SimpleEntityExpressionBNF.class
Apr 28, 2022 3:57:08 PM com.sun.enterprise.v3.server.ReadableArchiveScannerAdapter handleEntry
SEVERE: Invalid InputStream returned for org/eclipse/persistence/jpa/jpql/parser/SimpleEntityOrValueExpressionBNF.class
Apr 28, 2022 3:57:08 PM com.sun.enterprise.v3.server.ReadableArchiveScannerAdapter handleEntry
SEVERE: Invalid InputStream returned for org/eclipse/persistence/jpa/jpql/parser/SimpleFromClause.class
Apr 28, 2022 3:57:08 PM com.sun.enterprise.v3.server.ReadableArchiveScannerAdapter handleEntry
SEVERE: Invalid InputStream returned for org/eclipse/persistence/jpa/jpql/parser/SimpleResultVariableBNF.class
Apr 28, 2022 3:57:08 PM com.sun.enterprise.v3.server.ReadableArchiveScannerAdapter handleEntry
SEVERE: Invalid InputStream returned for org/eclipse/persistence/jpa/jpql/parser/SimpleSelectClause.class
Apr 28, 2022 3:57:08 PM com.sun.enterprise.v3.server.ReadableArchiveScannerAdapter handleEntry
SEVERE: Invalid InputStream returned for org/eclipse/persistence/jpa/jpql/parser/SimpleSelectClauseBNF.class
Apr 28, 2022 3:57:08 PM com.sun.enterprise.v3.server.ReadableArchiveScannerAdapter handleEntry
SEVERE: Invalid InputStream returned for org/eclipse/persistence/jpa/jpql/parser/SimpleSelectExpressionBNF.class
Apr 28, 2022 3:57:08 PM com.sun.enterprise.v3.server.ReadableArchiveScannerAdapter handleEntry
SEVERE: Invalid InputStream returned for org/eclipse/persistence/jpa/jpql/parser/SimpleSelectStatement.class
Apr 28, 2022 3:57:08 PM com.sun.enterprise.v3.server.ReadableArchiveScannerAdapter handleEntry
SEVERE: Invalid InputStream returned for org/eclipse/persistence/jpa/jpql/parser/SimpleSelectStatementFactory.class
Apr 28, 2022 3:57:08 PM com.sun.enterprise.v3.server.ReadableArchiveScannerAdapter handleEntry
SEVERE: Invalid InputStream returned for org/eclipse/persistence/jpa/jpql/parser/SingleValuedObjectPathExpressionBNF.class
Apr 28, 2022 3:57:08 PM com.sun.enterprise.v3.server.ReadableArchiveScannerAdapter handleEntry
SEVERE: Invalid InputStream returned for org/eclipse/persistence/jpa/jpql/parser/SingleValuedPathExpressionBNF.class
Apr 28, 2022 3:57:08 PM com.sun.enterprise.v3.server.ReadableArchiveScannerAdapter handleEntry
SEVERE: Invalid InputStream returned for org/eclipse/persistence/jpa/jpql/parser/SizeExpression.class
Apr 28, 2022 3:57:08 PM com.sun.enterprise.v3.server.ReadableArchiveScannerAdapter handleEntry
SEVERE: Invalid InputStream returned for org/eclipse/persistence/jpa/jpql/parser/SizeExpressionFactory.class
Apr 28, 2022 3:57:08 PM com.sun.enterprise.v3.server.ReadableArchiveScannerAdapter handleEntry
SEVERE: Invalid InputStream returned for org/eclipse/persistence/jpa/jpql/parser/SqrtExpression.class
Apr 28, 2022 3:57:08 PM com.sun.enterprise.v3.server.ReadableArchiveScannerAdapter handleEntry
SEVERE: Exception while processing org/eclipse/persistence/jpa/jpql/parser/SqrtExpressionFactory.class inside file:/tmp/gfembed15257743656685566532tmp/applications/classes/ of size 1,529, exception: java.io.FileNotFoundException: /tmp/gfembed15257743656685566532tmp/applications/classes/org/eclipse/persistence/jpa/jpql/parser/SqrtExpressionFactory.class (No such file or directory)
Apr 28, 2022 3:57:08 PM com.sun.enterprise.v3.server.ReadableArchiveScannerAdapter handleEntry
SEVERE: Invalid InputStream returned for org/eclipse/persistence/jpa/jpql/parser/StartWithClause.class
Apr 28, 2022 3:57:08 PM com.sun.enterprise.v3.server.ReadableArchiveScannerAdapter handleEntry
SEVERE: Invalid InputStream returned for org/eclipse/persistence/jpa/jpql/parser/StartWithClauseBNF.class
Apr 28, 2022 3:57:08 PM com.sun.enterprise.v3.server.ReadableArchiveScannerAdapter handleEntry
SEVERE: Invalid InputStream returned for org/eclipse/persistence/jpa/jpql/parser/StartWithClauseFactory.class
Apr 28, 2022 3:57:08 PM com.sun.enterprise.v3.server.ReadableArchiveScannerAdapter handleEntry
SEVERE: Invalid InputStream returned for org/eclipse/persistence/jpa/jpql/parser/StateFieldPathExpression.class
Apr 28, 2022 3:57:08 PM com.sun.enterprise.v3.server.ReadableArchiveScannerAdapter handleEntry
SEVERE: Exception while processing org/eclipse/persistence/jpa/jpql/parser/StateFieldPathExpressionBNF.class inside file:/tmp/gfembed15257743656685566532tmp/applications/classes/ of size 745, exception: java.io.FileNotFoundException: /tmp/gfembed15257743656685566532tmp/applications/classes/org/eclipse/persistence/jpa/jpql/parser/StateFieldPathExpressionBNF.class (No such file or directory)
Apr 28, 2022 3:57:08 PM com.sun.enterprise.v3.server.ReadableArchiveScannerAdapter handleEntry
SEVERE: Invalid InputStream returned for org/eclipse/persistence/jpa/jpql/parser/StateFieldPathExpressionFactory.class
Apr 28, 2022 3:57:08 PM com.sun.enterprise.v3.server.ReadableArchiveScannerAdapter handleEntry
SEVERE: Invalid InputStream returned for org/eclipse/persistence/jpa/jpql/parser/StringLiteral.class
Apr 28, 2022 3:57:08 PM com.sun.enterprise.v3.server.ReadableArchiveScannerAdapter handleEntry
SEVERE: Invalid InputStream returned for org/eclipse/persistence/jpa/jpql/parser/StringLiteralBNF.class
Apr 28, 2022 3:57:08 PM com.sun.enterprise.v3.server.ReadableArchiveScannerAdapter handleEntry
SEVERE: Invalid InputStream returned for org/eclipse/persistence/jpa/jpql/parser/StringLiteralFactory.class
Apr 28, 2022 3:57:08 PM com.sun.enterprise.v3.server.ReadableArchiveScannerAdapter handleEntry
SEVERE: Invalid InputStream returned for org/eclipse/persistence/jpa/jpql/parser/StringPrimaryBNF.class
Apr 28, 2022 3:57:08 PM com.sun.enterprise.v3.server.ReadableArchiveScannerAdapter handleEntry
SEVERE: Invalid InputStream returned for org/eclipse/persistence/jpa/jpql/parser/SubExpression.class
Apr 28, 2022 3:57:08 PM com.sun.enterprise.v3.server.ReadableArchiveScannerAdapter handleEntry
SEVERE: Invalid InputStream returned for org/eclipse/persistence/jpa/jpql/parser/SubqueryBNF.class
Apr 28, 2022 3:57:08 PM com.sun.enterprise.v3.server.ReadableArchiveScannerAdapter handleEntry
SEVERE: Invalid InputStream returned for org/eclipse/persistence/jpa/jpql/parser/SubqueryFromClauseBNF.class
Apr 28, 2022 3:57:08 PM com.sun.enterprise.v3.server.ReadableArchiveScannerAdapter handleEntry
SEVERE: Invalid InputStream returned for org/eclipse/persistence/jpa/jpql/parser/SubSelectIdentificationVariableDeclarationBNF.class
Apr 28, 2022 3:57:08 PM com.sun.enterprise.v3.server.ReadableArchiveScannerAdapter handleEntry
SEVERE: Invalid InputStream returned for org/eclipse/persistence/jpa/jpql/parser/SubstringExpression.class
Apr 28, 2022 3:57:08 PM com.sun.enterprise.v3.server.ReadableArchiveScannerAdapter handleEntry
SEVERE: Invalid InputStream returned for org/eclipse/persistence/jpa/jpql/parser/SubstringExpressionFactory.class
Apr 28, 2022 3:57:08 PM com.sun.enterprise.v3.server.ReadableArchiveScannerAdapter handleEntry
SEVERE: Invalid InputStream returned for org/eclipse/persistence/jpa/jpql/parser/SubtractionExpression.class
Apr 28, 2022 3:57:08 PM com.sun.enterprise.v3.server.ReadableArchiveScannerAdapter handleEntry
SEVERE: Invalid InputStream returned for org/eclipse/persistence/jpa/jpql/parser/SumFunction.class
Apr 28, 2022 3:57:08 PM com.sun.enterprise.v3.server.ReadableArchiveScannerAdapter handleEntry
SEVERE: Invalid InputStream returned for org/eclipse/persistence/jpa/jpql/parser/SumFunctionFactory.class
Apr 28, 2022 3:57:08 PM com.sun.enterprise.v3.server.ReadableArchiveScannerAdapter handleEntry
SEVERE: Invalid InputStream returned for org/eclipse/persistence/jpa/jpql/parser/TableExpression.class
Apr 28, 2022 3:57:08 PM com.sun.enterprise.v3.server.ReadableArchiveScannerAdapter handleEntry
SEVERE: Invalid InputStream returned for org/eclipse/persistence/jpa/jpql/parser/TableExpressionBNF.class
Apr 28, 2022 3:57:08 PM com.sun.enterprise.v3.server.ReadableArchiveScannerAdapter handleEntry
SEVERE: Invalid InputStream returned for org/eclipse/persistence/jpa/jpql/parser/TableExpressionFactory.class
Apr 28, 2022 3:57:08 PM com.sun.enterprise.v3.server.ReadableArchiveScannerAdapter handleEntry
SEVERE: Invalid InputStream returned for org/eclipse/persistence/jpa/jpql/parser/TableVariableDeclaration.class
Apr 28, 2022 3:57:08 PM com.sun.enterprise.v3.server.ReadableArchiveScannerAdapter handleEntry
SEVERE: Invalid InputStream returned for org/eclipse/persistence/jpa/jpql/parser/TableVariableDeclarationBNF.class
Apr 28, 2022 3:57:08 PM com.sun.enterprise.v3.server.ReadableArchiveScannerAdapter handleEntry
SEVERE: Invalid InputStream returned for org/eclipse/persistence/jpa/jpql/parser/TableVariableDeclarationFactory.class
Apr 28, 2022 3:57:08 PM com.sun.enterprise.v3.server.ReadableArchiveScannerAdapter handleEntry
SEVERE: Invalid InputStream returned for org/eclipse/persistence/jpa/jpql/parser/TreatExpression.class
Apr 28, 2022 3:57:08 PM com.sun.enterprise.v3.server.ReadableArchiveScannerAdapter handleEntry
SEVERE: Invalid InputStream returned for org/eclipse/persistence/jpa/jpql/parser/TreatExpressionBNF.class
Apr 28, 2022 3:57:08 PM com.sun.enterprise.v3.server.ReadableArchiveScannerAdapter handleEntry
SEVERE: Invalid InputStream returned for org/eclipse/persistence/jpa/jpql/parser/TreatExpressionFactory.class
Apr 28, 2022 3:57:08 PM com.sun.enterprise.v3.server.ReadableArchiveScannerAdapter handleEntry
SEVERE: Invalid InputStream returned for org/eclipse/persistence/jpa/jpql/parser/TrimExpression$Specification.class
Apr 28, 2022 3:57:08 PM com.sun.enterprise.v3.server.ReadableArchiveScannerAdapter handleEntry
SEVERE: Invalid InputStream returned for org/eclipse/persistence/jpa/jpql/parser/TrimExpression.class
Apr 28, 2022 3:57:08 PM com.sun.enterprise.v3.server.ReadableArchiveScannerAdapter handleEntry
SEVERE: Invalid InputStream returned for org/eclipse/persistence/jpa/jpql/parser/TrimExpressionFactory.class
Apr 28, 2022 3:57:08 PM com.sun.enterprise.v3.server.ReadableArchiveScannerAdapter handleEntry
SEVERE: Invalid InputStream returned for org/eclipse/persistence/jpa/jpql/parser/TypeExpression.class
Apr 28, 2022 3:57:08 PM com.sun.enterprise.v3.server.ReadableArchiveScannerAdapter handleEntry
SEVERE: Invalid InputStream returned for org/eclipse/persistence/jpa/jpql/parser/TypeExpressionBNF.class
Apr 28, 2022 3:57:08 PM com.sun.enterprise.v3.server.ReadableArchiveScannerAdapter handleEntry
SEVERE: Invalid InputStream returned for org/eclipse/persistence/jpa/jpql/parser/TypeExpressionFactory.class
Apr 28, 2022 3:57:08 PM com.sun.enterprise.v3.server.ReadableArchiveScannerAdapter handleEntry
SEVERE: Invalid InputStream returned for org/eclipse/persistence/jpa/jpql/parser/UnionClause.class
Apr 28, 2022 3:57:08 PM com.sun.enterprise.v3.server.ReadableArchiveScannerAdapter handleEntry
SEVERE: Invalid InputStream returned for org/eclipse/persistence/jpa/jpql/parser/UnionClauseBNF.class
Apr 28, 2022 3:57:08 PM com.sun.enterprise.v3.server.ReadableArchiveScannerAdapter handleEntry
SEVERE: Invalid InputStream returned for org/eclipse/persistence/jpa/jpql/parser/UnionClauseFactory.class
Apr 28, 2022 3:57:08 PM com.sun.enterprise.v3.server.ReadableArchiveScannerAdapter handleEntry
SEVERE: Invalid InputStream returned for org/eclipse/persistence/jpa/jpql/parser/UnknownExpression.class
Apr 28, 2022 3:57:08 PM com.sun.enterprise.v3.server.ReadableArchiveScannerAdapter handleEntry
SEVERE: Invalid InputStream returned for org/eclipse/persistence/jpa/jpql/parser/UnknownExpressionFactory.class
Apr 28, 2022 3:57:08 PM com.sun.enterprise.v3.server.ReadableArchiveScannerAdapter handleEntry
SEVERE: Invalid InputStream returned for org/eclipse/persistence/jpa/jpql/parser/UpdateClause.class
Apr 28, 2022 3:57:08 PM com.sun.enterprise.v3.server.ReadableArchiveScannerAdapter handleEntry
SEVERE: Invalid InputStream returned for org/eclipse/persistence/jpa/jpql/parser/UpdateClauseBNF.class
Apr 28, 2022 3:57:08 PM com.sun.enterprise.v3.server.ReadableArchiveScannerAdapter handleEntry
SEVERE: Invalid InputStream returned for org/eclipse/persistence/jpa/jpql/parser/UpdateClauseFactory.class
Apr 28, 2022 3:57:08 PM com.sun.enterprise.v3.server.ReadableArchiveScannerAdapter handleEntry
SEVERE: Invalid InputStream returned for org/eclipse/persistence/jpa/jpql/parser/UpdateItem.class
Apr 28, 2022 3:57:08 PM com.sun.enterprise.v3.server.ReadableArchiveScannerAdapter handleEntry
SEVERE: Invalid InputStream returned for org/eclipse/persistence/jpa/jpql/parser/VirtualJPQLQueryBNF.class
Apr 28, 2022 3:57:08 PM com.sun.enterprise.v3.server.ReadableArchiveScannerAdapter handleEntry
SEVERE: Invalid InputStream returned for org/eclipse/persistence/jpa/jpql/parser/WhenClause.class
Apr 28, 2022 3:57:08 PM com.sun.enterprise.v3.server.ReadableArchiveScannerAdapter handleEntry
SEVERE: Invalid InputStream returned for org/eclipse/persistence/jpa/jpql/parser/WhenClauseBNF.class
Apr 28, 2022 3:57:08 PM com.sun.enterprise.v3.server.ReadableArchiveScannerAdapter handleEntry
SEVERE: Invalid InputStream returned for org/eclipse/persistence/jpa/jpql/parser/WhenClauseFactory.class
Apr 28, 2022 3:57:08 PM com.sun.enterprise.v3.server.ReadableArchiveScannerAdapter handleEntry
SEVERE: Invalid InputStream returned for org/eclipse/persistence/jpa/jpql/parser/WhereClause.class
Apr 28, 2022 3:57:08 PM com.sun.enterprise.v3.server.ReadableArchiveScannerAdapter handleEntry
SEVERE: Invalid InputStream returned for org/eclipse/persistence/jpa/jpql/parser/WhereClauseBNF.class
Apr 28, 2022 3:57:08 PM com.sun.enterprise.v3.server.ReadableArchiveScannerAdapter handleEntry
SEVERE: Invalid InputStream returned for org/eclipse/persistence/jpa/jpql/parser/WhereClauseFactory.class
Apr 28, 2022 3:57:08 PM com.sun.enterprise.v3.server.ReadableArchiveScannerAdapter handleEntry
SEVERE: Invalid InputStream returned for org/eclipse/persistence/jpa/jpql/SemanticValidatorHelper.class
Apr 28, 2022 3:57:08 PM com.sun.enterprise.v3.server.ReadableArchiveScannerAdapter handleEntry
SEVERE: Invalid InputStream returned for org/eclipse/persistence/jpa/jpql/utility/CollectionTools.class
Apr 28, 2022 3:57:08 PM com.sun.enterprise.v3.server.ReadableArchiveScannerAdapter handleEntry
SEVERE: Invalid InputStream returned for org/eclipse/persistence/jpa/jpql/utility/filter/Filter.class
Apr 28, 2022 3:57:08 PM com.sun.enterprise.v3.server.ReadableArchiveScannerAdapter handleEntry
SEVERE: Invalid InputStream returned for org/eclipse/persistence/jpa/jpql/utility/filter/NullFilter.class
Apr 28, 2022 3:57:08 PM com.sun.enterprise.v3.server.ReadableArchiveScannerAdapter handleEntry
SEVERE: Invalid InputStream returned for org/eclipse/persistence/jpa/jpql/utility/iterable/ArrayIterable.class
Apr 28, 2022 3:57:08 PM com.sun.enterprise.v3.server.ReadableArchiveScannerAdapter handleEntry
SEVERE: Invalid InputStream returned for org/eclipse/persistence/jpa/jpql/utility/iterable/CloneListIterable$DefaultMutator.class
Apr 28, 2022 3:57:08 PM com.sun.enterprise.v3.server.ReadableArchiveScannerAdapter handleEntry
SEVERE: Invalid InputStream returned for org/eclipse/persistence/jpa/jpql/utility/iterable/CloneListIterable.class
Apr 28, 2022 3:57:08 PM com.sun.enterprise.v3.server.ReadableArchiveScannerAdapter handleEntry
SEVERE: Invalid InputStream returned for org/eclipse/persistence/jpa/jpql/utility/iterable/ListIterable.class
Apr 28, 2022 3:57:08 PM com.sun.enterprise.v3.server.ReadableArchiveScannerAdapter handleEntry
SEVERE: Invalid InputStream returned for org/eclipse/persistence/jpa/jpql/utility/iterable/SnapshotCloneListIterable$LocalCloneListIterator.class
Apr 28, 2022 3:57:08 PM com.sun.enterprise.v3.server.ReadableArchiveScannerAdapter handleEntry
SEVERE: Exception while processing org/eclipse/persistence/jpa/jpql/utility/iterable/SnapshotCloneListIterable.class inside file:/tmp/gfembed15257743656685566532tmp/applications/classes/ of size 2,482, exception: java.io.FileNotFoundException: /tmp/gfembed15257743656685566532tmp/applications/classes/org/eclipse/persistence/jpa/jpql/utility/iterable/SnapshotCloneListIterable.class (No such file or directory)
Apr 28, 2022 3:57:08 PM com.sun.enterprise.v3.server.ReadableArchiveScannerAdapter handleEntry
SEVERE: Invalid InputStream returned for org/eclipse/persistence/jpa/jpql/utility/iterator/CloneListIterator$Mutator$ReadOnly.class
Apr 28, 2022 3:57:08 PM com.sun.enterprise.v3.server.ReadableArchiveScannerAdapter handleEntry
SEVERE: Exception while processing org/eclipse/persistence/jpa/jpql/utility/iterator/CloneListIterator$Mutator.class inside file:/tmp/gfembed15257743656685566532tmp/applications/classes/ of size 562, exception: java.io.FileNotFoundException: /tmp/gfembed15257743656685566532tmp/applications/classes/org/eclipse/persistence/jpa/jpql/utility/iterator/CloneListIterator$Mutator.class (No such file or directory)
Apr 28, 2022 3:57:08 PM com.sun.enterprise.v3.server.ReadableArchiveScannerAdapter handleEntry
SEVERE: Invalid InputStream returned for org/eclipse/persistence/jpa/jpql/utility/iterator/CloneListIterator$State.class
Apr 28, 2022 3:57:08 PM com.sun.enterprise.v3.server.ReadableArchiveScannerAdapter handleEntry
SEVERE: Invalid InputStream returned for org/eclipse/persistence/jpa/jpql/utility/iterator/CloneListIterator.class
Apr 28, 2022 3:57:08 PM com.sun.enterprise.v3.server.ReadableArchiveScannerAdapter handleEntry
SEVERE: Invalid InputStream returned for org/eclipse/persistence/jpa/jpql/WordParser$WordType.class
Apr 28, 2022 3:57:08 PM com.sun.enterprise.v3.server.ReadableArchiveScannerAdapter handleEntry
SEVERE: Invalid InputStream returned for org/eclipse/persistence/jpa/jpql/WordParser.class
Apr 28, 2022 3:57:08 PM com.sun.enterprise.v3.server.ReadableArchiveScannerAdapter handleEntry
SEVERE: Invalid InputStream returned for org/eclipse/persistence/jpa/metadata/FileBasedProjectCache.class
Apr 28, 2022 3:57:08 PM com.sun.enterprise.v3.server.ReadableArchiveScannerAdapter handleEntry
SEVERE: Invalid InputStream returned for org/eclipse/persistence/jpa/metadata/MetadataSource.class
Apr 28, 2022 3:57:08 PM com.sun.enterprise.v3.server.ReadableArchiveScannerAdapter handleEntry
SEVERE: Invalid InputStream returned for org/eclipse/persistence/jpa/metadata/MetadataSourceAdapter.class
Apr 28, 2022 3:57:08 PM com.sun.enterprise.v3.server.ReadableArchiveScannerAdapter handleEntry
SEVERE: Invalid InputStream returned for org/eclipse/persistence/jpa/metadata/ProjectCache.class
Apr 28, 2022 3:57:08 PM com.sun.enterprise.v3.server.ReadableArchiveScannerAdapter handleEntry
SEVERE: Invalid InputStream returned for org/eclipse/persistence/jpa/metadata/XMLMetadataSource.class
Apr 28, 2022 3:57:08 PM com.sun.enterprise.v3.server.ReadableArchiveScannerAdapter handleEntry
SEVERE: Invalid InputStream returned for org/eclipse/persistence/jpa/PersistenceProvider.class
Apr 28, 2022 3:57:08 PM com.sun.enterprise.v3.server.ReadableArchiveScannerAdapter handleEntry
SEVERE: Invalid InputStream returned for org/eclipse/persistence/jpa/rs/DataStorage.class
Apr 28, 2022 3:57:08 PM com.sun.enterprise.v3.server.ReadableArchiveScannerAdapter handleEntry
SEVERE: Invalid InputStream returned for org/eclipse/persistence/jpa/rs/eventlistener/ChangeListener.class
Apr 28, 2022 3:57:08 PM com.sun.enterprise.v3.server.ReadableArchiveScannerAdapter handleEntry
SEVERE: Invalid InputStream returned for org/eclipse/persistence/jpa/rs/eventlistener/DatabaseEventListenerFactory.class
Apr 28, 2022 3:57:08 PM com.sun.enterprise.v3.server.ReadableArchiveScannerAdapter handleEntry
SEVERE: Invalid InputStream returned for org/eclipse/persistence/jpa/rs/eventlistener/DescriptorBasedDatabaseEventListener.class
Apr 28, 2022 3:57:08 PM com.sun.enterprise.v3.server.ReadableArchiveScannerAdapter handleEntry
SEVERE: Invalid InputStream returned for org/eclipse/persistence/jpa/rs/exceptions/AbstractExceptionMapper$1.class
Apr 28, 2022 3:57:08 PM com.sun.enterprise.v3.server.ReadableArchiveScannerAdapter handleEntry
SEVERE: Invalid InputStream returned for org/eclipse/persistence/jpa/rs/exceptions/AbstractExceptionMapper.class
Apr 28, 2022 3:57:08 PM com.sun.enterprise.v3.server.ReadableArchiveScannerAdapter handleEntry
SEVERE: Invalid InputStream returned for org/eclipse/persistence/jpa/rs/exceptions/ErrorResponse.class
Apr 28, 2022 3:57:08 PM com.sun.enterprise.v3.server.ReadableArchiveScannerAdapter handleEntry
SEVERE: Invalid InputStream returned for org/eclipse/persistence/jpa/rs/exceptions/JPARSException.class
Apr 28, 2022 3:57:08 PM com.sun.enterprise.v3.server.ReadableArchiveScannerAdapter handleEntry
SEVERE: Invalid InputStream returned for org/eclipse/persistence/jpa/rs/exceptions/JPARSExceptionMapper.class
Apr 28, 2022 3:57:08 PM com.sun.enterprise.v3.server.ReadableArchiveScannerAdapter handleEntry
SEVERE: Invalid InputStream returned for org/eclipse/persistence/jpa/rs/features/core/selflinks/SelfLinksResponseBuilder.class
Apr 28, 2022 3:57:08 PM com.sun.enterprise.v3.server.ReadableArchiveScannerAdapter handleEntry
SEVERE: Invalid InputStream returned for org/eclipse/persistence/jpa/rs/features/FeatureResponseBuilder.class
Apr 28, 2022 3:57:08 PM com.sun.enterprise.v3.server.ReadableArchiveScannerAdapter handleEntry
SEVERE: Invalid InputStream returned for org/eclipse/persistence/jpa/rs/features/FeatureResponseBuilderImpl.class
Apr 28, 2022 3:57:08 PM com.sun.enterprise.v3.server.ReadableArchiveScannerAdapter handleEntry
SEVERE: Invalid InputStream returned for org/eclipse/persistence/jpa/rs/features/FeatureSet$Feature.class
Apr 28, 2022 3:57:08 PM com.sun.enterprise.v3.server.ReadableArchiveScannerAdapter handleEntry
SEVERE: Invalid InputStream returned for org/eclipse/persistence/jpa/rs/features/FeatureSet.class
Apr 28, 2022 3:57:08 PM com.sun.enterprise.v3.server.ReadableArchiveScannerAdapter handleEntry
SEVERE: Invalid InputStream returned for org/eclipse/persistence/jpa/rs/features/FeatureSetPreV2.class
Apr 28, 2022 3:57:08 PM com.sun.enterprise.v3.server.ReadableArchiveScannerAdapter handleEntry
SEVERE: Invalid InputStream returned for org/eclipse/persistence/jpa/rs/features/FeatureSetV2.class
Apr 28, 2022 3:57:08 PM com.sun.enterprise.v3.server.ReadableArchiveScannerAdapter handleEntry
SEVERE: Invalid InputStream returned for org/eclipse/persistence/jpa/rs/features/fieldsfiltering/FieldsFilter.class
Apr 28, 2022 3:57:08 PM com.sun.enterprise.v3.server.ReadableArchiveScannerAdapter handleEntry
SEVERE: Invalid InputStream returned for org/eclipse/persistence/jpa/rs/features/fieldsfiltering/FieldsFilteringValidator.class
Apr 28, 2022 3:57:08 PM com.sun.enterprise.v3.server.ReadableArchiveScannerAdapter handleEntry
SEVERE: Invalid InputStream returned for org/eclipse/persistence/jpa/rs/features/fieldsfiltering/FieldsFilterType.class
Apr 28, 2022 3:57:08 PM com.sun.enterprise.v3.server.ReadableArchiveScannerAdapter handleEntry
SEVERE: Invalid InputStream returned for org/eclipse/persistence/jpa/rs/features/ItemLinksBuilder.class
Apr 28, 2022 3:57:08 PM com.sun.enterprise.v3.server.ReadableArchiveScannerAdapter handleEntry
SEVERE: Invalid InputStream returned for org/eclipse/persistence/jpa/rs/features/paging/AbstractPagingValidator.class
Apr 28, 2022 3:57:08 PM com.sun.enterprise.v3.server.ReadableArchiveScannerAdapter handleEntry
SEVERE: Invalid InputStream returned for org/eclipse/persistence/jpa/rs/features/paging/PageableFieldValidator.class
Apr 28, 2022 3:57:08 PM com.sun.enterprise.v3.server.ReadableArchiveScannerAdapter handleEntry
SEVERE: Invalid InputStream returned for org/eclipse/persistence/jpa/rs/features/paging/PageableQueryValidator.class
Apr 28, 2022 3:57:08 PM com.sun.enterprise.v3.server.ReadableArchiveScannerAdapter handleEntry
SEVERE: Invalid InputStream returned for org/eclipse/persistence/jpa/rs/features/paging/PagingResponseBuilder.class
Apr 28, 2022 3:57:08 PM com.sun.enterprise.v3.server.ReadableArchiveScannerAdapter handleEntry
SEVERE: Invalid InputStream returned for org/eclipse/persistence/jpa/rs/features/ServiceVersion.class
Apr 28, 2022 3:57:08 PM com.sun.enterprise.v3.server.ReadableArchiveScannerAdapter handleEntry
SEVERE: Invalid InputStream returned for org/eclipse/persistence/jpa/rs/logging/LoggingLocalization.class
Apr 28, 2022 3:57:08 PM com.sun.enterprise.v3.server.ReadableArchiveScannerAdapter handleEntry
SEVERE: Invalid InputStream returned for org/eclipse/persistence/jpa/rs/MatrixParameters.class
Apr 28, 2022 3:57:08 PM com.sun.enterprise.v3.server.ReadableArchiveScannerAdapter handleEntry
SEVERE: Invalid InputStream returned for org/eclipse/persistence/jpa/rs/PersistenceContext$1.class
Apr 28, 2022 3:57:08 PM com.sun.enterprise.v3.server.ReadableArchiveScannerAdapter handleEntry
SEVERE: Invalid InputStream returned for org/eclipse/persistence/jpa/rs/PersistenceContext.class
Apr 28, 2022 3:57:08 PM com.sun.enterprise.v3.server.ReadableArchiveScannerAdapter handleEntry
SEVERE: Invalid InputStream returned for org/eclipse/persistence/jpa/rs/PersistenceContextFactory.class
Apr 28, 2022 3:57:08 PM com.sun.enterprise.v3.server.ReadableArchiveScannerAdapter handleEntry
SEVERE: Invalid InputStream returned for org/eclipse/persistence/jpa/rs/PersistenceContextFactoryProvider.class
Apr 28, 2022 3:57:08 PM com.sun.enterprise.v3.server.ReadableArchiveScannerAdapter handleEntry
SEVERE: Invalid InputStream returned for org/eclipse/persistence/jpa/rs/PersistenceFactoryBase.class
Apr 28, 2022 3:57:08 PM com.sun.enterprise.v3.server.ReadableArchiveScannerAdapter handleEntry
SEVERE: Invalid InputStream returned for org/eclipse/persistence/jpa/rs/QueryParameters.class
Apr 28, 2022 3:57:08 PM com.sun.enterprise.v3.server.ReadableArchiveScannerAdapter handleEntry
SEVERE: Invalid InputStream returned for org/eclipse/persistence/jpa/rs/ReservedWords.class
Apr 28, 2022 3:57:09 PM com.sun.enterprise.v3.server.ReadableArchiveScannerAdapter handleEntry
SEVERE: Invalid InputStream returned for org/eclipse/persistence/jpa/rs/resources/MetadataResource.class
Apr 28, 2022 3:57:09 PM com.sun.enterprise.v3.server.ReadableArchiveScannerAdapter handleEntry
SEVERE: Invalid InputStream returned for org/eclipse/persistence/jpa/rs/resources/PersistenceResource.class
Apr 28, 2022 3:57:09 PM com.sun.enterprise.v3.server.ReadableArchiveScannerAdapter handleEntry
SEVERE: Invalid InputStream returned for org/eclipse/persistence/jpa/rs/resources/PersistenceUnitResource.class
Apr 28, 2022 3:57:09 PM com.sun.enterprise.v3.server.ReadableArchiveScannerAdapter handleEntry
SEVERE: Invalid InputStream returned for org/eclipse/persistence/jpa/rs/resources/QueryResource.class
Apr 28, 2022 3:57:09 PM com.sun.enterprise.v3.server.ReadableArchiveScannerAdapter handleEntry
SEVERE: Invalid InputStream returned for org/eclipse/persistence/jpa/rs/resources/SingleResultQueryResource.class
Apr 28, 2022 3:57:09 PM com.sun.enterprise.v3.server.ReadableArchiveScannerAdapter handleEntry
SEVERE: Invalid InputStream returned for org/eclipse/persistence/jpa/rs/resources/unversioned/EntityResource.class
Apr 28, 2022 3:57:09 PM com.sun.enterprise.v3.server.ReadableArchiveScannerAdapter handleEntry
SEVERE: Invalid InputStream returned for org/eclipse/persistence/jpa/rs/resources/unversioned/PersistenceResource.class
Apr 28, 2022 3:57:09 PM com.sun.enterprise.v3.server.ReadableArchiveScannerAdapter handleEntry
SEVERE: Invalid InputStream returned for org/eclipse/persistence/jpa/rs/resources/unversioned/PersistenceUnitResource.class
Apr 28, 2022 3:57:09 PM com.sun.enterprise.v3.server.ReadableArchiveScannerAdapter handleEntry
SEVERE: Invalid InputStream returned for org/eclipse/persistence/jpa/rs/resources/unversioned/QueryResource.class
Apr 28, 2022 3:57:09 PM com.sun.enterprise.v3.server.ReadableArchiveScannerAdapter handleEntry
SEVERE: Invalid InputStream returned for org/eclipse/persistence/jpa/rs/resources/unversioned/SingleResultQueryResource.class
Apr 28, 2022 3:57:09 PM com.sun.enterprise.v3.server.ReadableArchiveScannerAdapter handleEntry
SEVERE: Invalid InputStream returned for org/eclipse/persistence/jpa/rs/SystemDefaults.class
Apr 28, 2022 3:57:09 PM com.sun.enterprise.v3.server.ReadableArchiveScannerAdapter handleEntry
SEVERE: Invalid InputStream returned for org/eclipse/persistence/jpa/rs/util/CollectionProxy.class
Apr 28, 2022 3:57:09 PM com.sun.enterprise.v3.server.ReadableArchiveScannerAdapter handleEntry
SEVERE: Invalid InputStream returned for org/eclipse/persistence/jpa/rs/util/CollectionWrapperBuilder.class
Apr 28, 2022 3:57:09 PM com.sun.enterprise.v3.server.ReadableArchiveScannerAdapter handleEntry
SEVERE: Invalid InputStream returned for org/eclipse/persistence/jpa/rs/util/ConcreteSubclassFactory.class
Apr 28, 2022 3:57:09 PM com.sun.enterprise.v3.server.ReadableArchiveScannerAdapter handleEntry
SEVERE: Invalid InputStream returned for org/eclipse/persistence/jpa/rs/util/HrefHelper.class
Apr 28, 2022 3:57:09 PM com.sun.enterprise.v3.server.ReadableArchiveScannerAdapter handleEntry
SEVERE: Invalid InputStream returned for org/eclipse/persistence/jpa/rs/util/IdHelper$SortableKey.class
Apr 28, 2022 3:57:09 PM com.sun.enterprise.v3.server.ReadableArchiveScannerAdapter handleEntry
SEVERE: Invalid InputStream returned for org/eclipse/persistence/jpa/rs/util/IdHelper.class
Apr 28, 2022 3:57:09 PM com.sun.enterprise.v3.server.ReadableArchiveScannerAdapter handleEntry
SEVERE: Invalid InputStream returned for org/eclipse/persistence/jpa/rs/util/InMemoryArchive.class
Apr 28, 2022 3:57:09 PM com.sun.enterprise.v3.server.ReadableArchiveScannerAdapter handleEntry
SEVERE: Invalid InputStream returned for org/eclipse/persistence/jpa/rs/util/JPARSLogger.class
Apr 28, 2022 3:57:09 PM com.sun.enterprise.v3.server.ReadableArchiveScannerAdapter handleEntry
SEVERE: Invalid InputStream returned for org/eclipse/persistence/jpa/rs/util/JTATransactionWrapper.class
Apr 28, 2022 3:57:09 PM com.sun.enterprise.v3.server.ReadableArchiveScannerAdapter handleEntry
SEVERE: Invalid InputStream returned for org/eclipse/persistence/jpa/rs/util/list/LinkList.class
Apr 28, 2022 3:57:09 PM com.sun.enterprise.v3.server.ReadableArchiveScannerAdapter handleEntry
SEVERE: Invalid InputStream returned for org/eclipse/persistence/jpa/rs/util/list/PageableCollection.class
Apr 28, 2022 3:57:09 PM com.sun.enterprise.v3.server.ReadableArchiveScannerAdapter handleEntry
SEVERE: Invalid InputStream returned for org/eclipse/persistence/jpa/rs/util/list/QueryList.class
Apr 28, 2022 3:57:09 PM com.sun.enterprise.v3.server.ReadableArchiveScannerAdapter handleEntry
SEVERE: Invalid InputStream returned for org/eclipse/persistence/jpa/rs/util/list/ReadAllQueryResultCollection.class
Apr 28, 2022 3:57:09 PM com.sun.enterprise.v3.server.ReadableArchiveScannerAdapter handleEntry
SEVERE: Invalid InputStream returned for org/eclipse/persistence/jpa/rs/util/list/ReportQueryResultCollection.class
Apr 28, 2022 3:57:09 PM com.sun.enterprise.v3.server.ReadableArchiveScannerAdapter handleEntry
SEVERE: Invalid InputStream returned for org/eclipse/persistence/jpa/rs/util/list/ReportQueryResultList.class
Apr 28, 2022 3:57:09 PM com.sun.enterprise.v3.server.ReadableArchiveScannerAdapter handleEntry
SEVERE: Invalid InputStream returned for org/eclipse/persistence/jpa/rs/util/list/ReportQueryResultListItem.class
Apr 28, 2022 3:57:09 PM com.sun.enterprise.v3.server.ReadableArchiveScannerAdapter handleEntry
SEVERE: Invalid InputStream returned for org/eclipse/persistence/jpa/rs/util/list/SimpleHomogeneousList.class
Apr 28, 2022 3:57:09 PM com.sun.enterprise.v3.server.ReadableArchiveScannerAdapter handleEntry
SEVERE: Invalid InputStream returned for org/eclipse/persistence/jpa/rs/util/list/SingleResultQuery.class
Apr 28, 2022 3:57:09 PM com.sun.enterprise.v3.server.ReadableArchiveScannerAdapter handleEntry
SEVERE: Invalid InputStream returned for org/eclipse/persistence/jpa/rs/util/list/SingleResultQueryList.class
Apr 28, 2022 3:57:09 PM com.sun.enterprise.v3.server.ReadableArchiveScannerAdapter handleEntry
SEVERE: Invalid InputStream returned for org/eclipse/persistence/jpa/rs/util/list/SingleResultQueryResult.class
Apr 28, 2022 3:57:09 PM com.sun.enterprise.v3.server.ReadableArchiveScannerAdapter handleEntry
SEVERE: Invalid InputStream returned for org/eclipse/persistence/jpa/rs/util/metadatasources/CollectionWrapperMetadataSource.class
Apr 28, 2022 3:57:09 PM com.sun.enterprise.v3.server.ReadableArchiveScannerAdapter handleEntry
SEVERE: Invalid InputStream returned for org/eclipse/persistence/jpa/rs/util/metadatasources/DynamicXMLMetadataSource.class
Apr 28, 2022 3:57:09 PM com.sun.enterprise.v3.server.ReadableArchiveScannerAdapter handleEntry
SEVERE: Invalid InputStream returned for org/eclipse/persistence/jpa/rs/util/metadatasources/DynamicXmlV2MetadataSource.class
Apr 28, 2022 3:57:09 PM com.sun.enterprise.v3.server.ReadableArchiveScannerAdapter handleEntry
SEVERE: Invalid InputStream returned for org/eclipse/persistence/jpa/rs/util/metadatasources/ErrorResponseMetadataSource.class
Apr 28, 2022 3:57:09 PM com.sun.enterprise.v3.server.ReadableArchiveScannerAdapter handleEntry
SEVERE: Invalid InputStream returned for org/eclipse/persistence/jpa/rs/util/metadatasources/ItemLinksMetadataSource.class
Apr 28, 2022 3:57:09 PM com.sun.enterprise.v3.server.ReadableArchiveScannerAdapter handleEntry
SEVERE: Invalid InputStream returned for org/eclipse/persistence/jpa/rs/util/metadatasources/JavaLangMetadataSource.class
Apr 28, 2022 3:57:09 PM com.sun.enterprise.v3.server.ReadableArchiveScannerAdapter handleEntry
SEVERE: Invalid InputStream returned for org/eclipse/persistence/jpa/rs/util/metadatasources/JavaMathMetadataSource.class
Apr 28, 2022 3:57:09 PM com.sun.enterprise.v3.server.ReadableArchiveScannerAdapter handleEntry
SEVERE: Invalid InputStream returned for org/eclipse/persistence/jpa/rs/util/metadatasources/JavaUtilMetadataSource.class
Apr 28, 2022 3:57:09 PM com.sun.enterprise.v3.server.ReadableArchiveScannerAdapter handleEntry
SEVERE: Invalid InputStream returned for org/eclipse/persistence/jpa/rs/util/metadatasources/LinkMetadataSource.class
Apr 28, 2022 3:57:09 PM com.sun.enterprise.v3.server.ReadableArchiveScannerAdapter handleEntry
SEVERE: Invalid InputStream returned for org/eclipse/persistence/jpa/rs/util/metadatasources/LinkV2MetadataSource.class
Apr 28, 2022 3:57:09 PM com.sun.enterprise.v3.server.ReadableArchiveScannerAdapter handleEntry
SEVERE: Invalid InputStream returned for org/eclipse/persistence/jpa/rs/util/metadatasources/ReadAllQueryResultCollectionMetadataSource.class
Apr 28, 2022 3:57:09 PM com.sun.enterprise.v3.server.ReadableArchiveScannerAdapter handleEntry
SEVERE: Invalid InputStream returned for org/eclipse/persistence/jpa/rs/util/metadatasources/ReportQueryResultCollectionMetadataSource.class
Apr 28, 2022 3:57:09 PM com.sun.enterprise.v3.server.ReadableArchiveScannerAdapter handleEntry
SEVERE: Invalid InputStream returned for org/eclipse/persistence/jpa/rs/util/metadatasources/ReportQueryResultListItemMetadataSource.class
Apr 28, 2022 3:57:09 PM com.sun.enterprise.v3.server.ReadableArchiveScannerAdapter handleEntry
SEVERE: Invalid InputStream returned for org/eclipse/persistence/jpa/rs/util/metadatasources/ReportQueryResultListMetadataSource.class
Apr 28, 2022 3:57:09 PM com.sun.enterprise.v3.server.ReadableArchiveScannerAdapter handleEntry
SEVERE: Invalid InputStream returned for org/eclipse/persistence/jpa/rs/util/metadatasources/SimpleHomogeneousListMetadataSource.class
Apr 28, 2022 3:57:09 PM com.sun.enterprise.v3.server.ReadableArchiveScannerAdapter handleEntry
SEVERE: Invalid InputStream returned for org/eclipse/persistence/jpa/rs/util/metadatasources/SingleResultQueryListMetadataSource.class
Apr 28, 2022 3:57:09 PM com.sun.enterprise.v3.server.ReadableArchiveScannerAdapter handleEntry
SEVERE: Invalid InputStream returned for org/eclipse/persistence/jpa/rs/util/metadatasources/SingleResultQueryResultMetadataSource.class
Apr 28, 2022 3:57:09 PM com.sun.enterprise.v3.server.ReadableArchiveScannerAdapter handleEntry
SEVERE: Invalid InputStream returned for org/eclipse/persistence/jpa/rs/util/MethodExitLogData.class
Apr 28, 2022 3:57:09 PM com.sun.enterprise.v3.server.ReadableArchiveScannerAdapter handleEntry
SEVERE: Invalid InputStream returned for org/eclipse/persistence/jpa/rs/util/ObjectGraphBuilder$Node.class
Apr 28, 2022 3:57:09 PM com.sun.enterprise.v3.server.ReadableArchiveScannerAdapter handleEntry
SEVERE: Invalid InputStream returned for org/eclipse/persistence/jpa/rs/util/ObjectGraphBuilder.class
Apr 28, 2022 3:57:09 PM com.sun.enterprise.v3.server.ReadableArchiveScannerAdapter handleEntry
SEVERE: Invalid InputStream returned for org/eclipse/persistence/jpa/rs/util/PreLoginMappingAdapter.class
Apr 28, 2022 3:57:09 PM com.sun.enterprise.v3.server.ReadableArchiveScannerAdapter handleEntry
SEVERE: Invalid InputStream returned for org/eclipse/persistence/jpa/rs/util/PreLoginMappingAdapterV2.class
Apr 28, 2022 3:57:09 PM com.sun.enterprise.v3.server.ReadableArchiveScannerAdapter handleEntry
SEVERE: Invalid InputStream returned for org/eclipse/persistence/jpa/rs/util/ResourceLocalTransactionWrapper.class
Apr 28, 2022 3:57:09 PM com.sun.enterprise.v3.server.ReadableArchiveScannerAdapter handleEntry
SEVERE: Invalid InputStream returned for org/eclipse/persistence/jpa/rs/util/StreamingOutputMarshaller$1.class
Apr 28, 2022 3:57:09 PM com.sun.enterprise.v3.server.ReadableArchiveScannerAdapter handleEntry
SEVERE: Invalid InputStream returned for org/eclipse/persistence/jpa/rs/util/StreamingOutputMarshaller.class
Apr 28, 2022 3:57:09 PM com.sun.enterprise.v3.server.ReadableArchiveScannerAdapter handleEntry
SEVERE: Invalid InputStream returned for org/eclipse/persistence/jpa/rs/util/TransactionWrapper.class
Apr 28, 2022 3:57:09 PM com.sun.enterprise.v3.server.ReadableArchiveScannerAdapter handleEntry
SEVERE: Invalid InputStream returned for org/eclipse/persistence/jpa/rs/util/xmladapters/LinkAdapter.class
Apr 28, 2022 3:57:09 PM com.sun.enterprise.v3.server.ReadableArchiveScannerAdapter handleEntry
SEVERE: Invalid InputStream returned for org/eclipse/persistence/jpa/rs/util/xmladapters/ReferenceAdapter.class
Apr 28, 2022 3:57:09 PM com.sun.enterprise.v3.server.ReadableArchiveScannerAdapter handleEntry
SEVERE: Invalid InputStream returned for org/eclipse/persistence/jpa/rs/util/xmladapters/ReferenceAdapterV2.class
Apr 28, 2022 3:57:09 PM com.sun.enterprise.v3.server.ReadableArchiveScannerAdapter handleEntry
SEVERE: Invalid InputStream returned for org/eclipse/persistence/jpa/rs/util/xmladapters/RelationshipLinkAdapter.class
Apr 28, 2022 3:57:09 PM com.sun.enterprise.v3.server.ReadableArchiveScannerAdapter handleEntry
SEVERE: Invalid InputStream returned for org/eclipse/persistence/jpa/rs/util/xmladapters/RestCollectionAdapter.class
Apr 28, 2022 3:57:09 PM com.sun.enterprise.v3.server.ReadableArchiveScannerAdapter handleEntry
SEVERE: Invalid InputStream returned for org/eclipse/persistence/logging/AbstractSessionLog.class
Apr 28, 2022 3:57:09 PM com.sun.enterprise.v3.server.ReadableArchiveScannerAdapter handleEntry
SEVERE: Invalid InputStream returned for org/eclipse/persistence/logging/DefaultSessionLog.class
Apr 28, 2022 3:57:09 PM com.sun.enterprise.v3.server.ReadableArchiveScannerAdapter handleEntry
SEVERE: Invalid InputStream returned for org/eclipse/persistence/logging/EclipseLinkLogRecord.class
Apr 28, 2022 3:57:09 PM com.sun.enterprise.v3.server.ReadableArchiveScannerAdapter handleEntry
SEVERE: Invalid InputStream returned for org/eclipse/persistence/logging/JavaLog$1.class
Apr 28, 2022 3:57:09 PM com.sun.enterprise.v3.server.ReadableArchiveScannerAdapter handleEntry
SEVERE: Invalid InputStream returned for org/eclipse/persistence/logging/JavaLog.class
Apr 28, 2022 3:57:09 PM com.sun.enterprise.v3.server.ReadableArchiveScannerAdapter handleEntry
SEVERE: Invalid InputStream returned for org/eclipse/persistence/logging/LogCategory.class
Apr 28, 2022 3:57:09 PM com.sun.enterprise.v3.server.ReadableArchiveScannerAdapter handleEntry
SEVERE: Invalid InputStream returned for org/eclipse/persistence/logging/LogFormatter.class
Apr 28, 2022 3:57:09 PM com.sun.enterprise.v3.server.ReadableArchiveScannerAdapter handleEntry
SEVERE: Invalid InputStream returned for org/eclipse/persistence/logging/LogLevel.class
Apr 28, 2022 3:57:09 PM com.sun.enterprise.v3.server.ReadableArchiveScannerAdapter handleEntry
SEVERE: Invalid InputStream returned for org/eclipse/persistence/logging/SessionLog.class
Apr 28, 2022 3:57:09 PM com.sun.enterprise.v3.server.ReadableArchiveScannerAdapter handleEntry
SEVERE: Invalid InputStream returned for org/eclipse/persistence/logging/SessionLogEntry.class
Apr 28, 2022 3:57:09 PM com.sun.enterprise.v3.server.ReadableArchiveScannerAdapter handleEntry
SEVERE: Invalid InputStream returned for org/eclipse/persistence/logging/XMLLogFormatter.class
Apr 28, 2022 3:57:09 PM com.sun.enterprise.v3.server.ReadableArchiveScannerAdapter handleEntry
SEVERE: Invalid InputStream returned for org/eclipse/persistence/mappings/AggregateCollectionMapping.class
Apr 28, 2022 3:57:09 PM com.sun.enterprise.v3.server.ReadableArchiveScannerAdapter handleEntry
SEVERE: Invalid InputStream returned for org/eclipse/persistence/mappings/AggregateMapping.class
Apr 28, 2022 3:57:09 PM com.sun.enterprise.v3.server.ReadableArchiveScannerAdapter handleEntry
SEVERE: Invalid InputStream returned for org/eclipse/persistence/mappings/AggregateObjectMapping.class
Apr 28, 2022 3:57:09 PM com.sun.enterprise.v3.server.ReadableArchiveScannerAdapter handleEntry
SEVERE: Invalid InputStream returned for org/eclipse/persistence/mappings/Association.class
Apr 28, 2022 3:57:09 PM com.sun.enterprise.v3.server.ReadableArchiveScannerAdapter handleEntry
SEVERE: Invalid InputStream returned for org/eclipse/persistence/mappings/AttributeAccessor.class
Apr 28, 2022 3:57:09 PM com.sun.enterprise.v3.server.ReadableArchiveScannerAdapter handleEntry
SEVERE: Invalid InputStream returned for org/eclipse/persistence/mappings/CollectionMapping.class
Apr 28, 2022 3:57:09 PM com.sun.enterprise.v3.server.ReadableArchiveScannerAdapter handleEntry
SEVERE: Invalid InputStream returned for org/eclipse/persistence/mappings/ContainerMapping.class
Apr 28, 2022 3:57:09 PM com.sun.enterprise.v3.server.ReadableArchiveScannerAdapter handleEntry
SEVERE: Invalid InputStream returned for org/eclipse/persistence/mappings/converters/ClassInstanceConverter.class
Apr 28, 2022 3:57:09 PM com.sun.enterprise.v3.server.ReadableArchiveScannerAdapter handleEntry
SEVERE: Invalid InputStream returned for org/eclipse/persistence/mappings/converters/Converter.class
Apr 28, 2022 3:57:09 PM com.sun.enterprise.v3.server.ReadableArchiveScannerAdapter handleEntry
SEVERE: Invalid InputStream returned for org/eclipse/persistence/mappings/converters/ConverterClass.class
Apr 28, 2022 3:57:09 PM com.sun.enterprise.v3.server.ReadableArchiveScannerAdapter handleEntry
SEVERE: Invalid InputStream returned for org/eclipse/persistence/mappings/converters/EnumTypeConverter.class
Apr 28, 2022 3:57:09 PM com.sun.enterprise.v3.server.ReadableArchiveScannerAdapter handleEntry
SEVERE: Invalid InputStream returned for org/eclipse/persistence/mappings/converters/ObjectTypeConverter.class
Apr 28, 2022 3:57:09 PM com.sun.enterprise.v3.server.ReadableArchiveScannerAdapter handleEntry
SEVERE: Invalid InputStream returned for org/eclipse/persistence/mappings/converters/SerializedObjectConverter.class
Apr 28, 2022 3:57:09 PM com.sun.enterprise.v3.server.ReadableArchiveScannerAdapter handleEntry
SEVERE: Invalid InputStream returned for org/eclipse/persistence/mappings/converters/TypeConversionConverter.class
Apr 28, 2022 3:57:09 PM com.sun.enterprise.v3.server.ReadableArchiveScannerAdapter handleEntry
SEVERE: Invalid InputStream returned for org/eclipse/persistence/mappings/DatabaseMapping$WriteType.class
Apr 28, 2022 3:57:09 PM com.sun.enterprise.v3.server.ReadableArchiveScannerAdapter handleEntry
SEVERE: Invalid InputStream returned for org/eclipse/persistence/mappings/DatabaseMapping.class
Apr 28, 2022 3:57:09 PM com.sun.enterprise.v3.server.ReadableArchiveScannerAdapter handleEntry
SEVERE: Invalid InputStream returned for org/eclipse/persistence/mappings/DirectCollectionMapping.class
Apr 28, 2022 3:57:09 PM com.sun.enterprise.v3.server.ReadableArchiveScannerAdapter handleEntry
SEVERE: Invalid InputStream returned for org/eclipse/persistence/mappings/DirectMapMapping.class
Apr 28, 2022 3:57:09 PM com.sun.enterprise.v3.server.ReadableArchiveScannerAdapter handleEntry
SEVERE: Invalid InputStream returned for org/eclipse/persistence/mappings/DirectToFieldMapping.class
Apr 28, 2022 3:57:09 PM com.sun.enterprise.v3.server.ReadableArchiveScannerAdapter handleEntry
SEVERE: Invalid InputStream returned for org/eclipse/persistence/mappings/EmbeddableMapping.class
Apr 28, 2022 3:57:09 PM com.sun.enterprise.v3.server.ReadableArchiveScannerAdapter handleEntry
SEVERE: Invalid InputStream returned for org/eclipse/persistence/mappings/ForeignReferenceMapping$ExtendPessimisticLockScope.class
Apr 28, 2022 3:57:09 PM com.sun.enterprise.v3.server.ReadableArchiveScannerAdapter handleEntry
SEVERE: Invalid InputStream returned for org/eclipse/persistence/mappings/ForeignReferenceMapping.class
Apr 28, 2022 3:57:09 PM com.sun.enterprise.v3.server.ReadableArchiveScannerAdapter handleEntry
SEVERE: Invalid InputStream returned for org/eclipse/persistence/mappings/foundation/AbstractColumnMapping.class
Apr 28, 2022 3:57:09 PM com.sun.enterprise.v3.server.ReadableArchiveScannerAdapter handleEntry
SEVERE: Invalid InputStream returned for org/eclipse/persistence/mappings/foundation/AbstractCompositeCollectionMapping.class
Apr 28, 2022 3:57:09 PM com.sun.enterprise.v3.server.ReadableArchiveScannerAdapter handleEntry
SEVERE: Invalid InputStream returned for org/eclipse/persistence/mappings/foundation/AbstractCompositeDirectCollectionMapping.class
Apr 28, 2022 3:57:09 PM com.sun.enterprise.v3.server.ReadableArchiveScannerAdapter handleEntry
SEVERE: Invalid InputStream returned for org/eclipse/persistence/mappings/foundation/AbstractCompositeObjectMapping.class
Apr 28, 2022 3:57:09 PM com.sun.enterprise.v3.server.ReadableArchiveScannerAdapter handleEntry
SEVERE: Invalid InputStream returned for org/eclipse/persistence/mappings/foundation/AbstractDirectMapping.class
Apr 28, 2022 3:57:09 PM com.sun.enterprise.v3.server.ReadableArchiveScannerAdapter handleEntry
SEVERE: Invalid InputStream returned for org/eclipse/persistence/mappings/foundation/AbstractTransformationMapping.class
Apr 28, 2022 3:57:09 PM com.sun.enterprise.v3.server.ReadableArchiveScannerAdapter handleEntry
SEVERE: Invalid InputStream returned for org/eclipse/persistence/mappings/foundation/MapComponentMapping.class
Apr 28, 2022 3:57:09 PM com.sun.enterprise.v3.server.ReadableArchiveScannerAdapter handleEntry
SEVERE: Invalid InputStream returned for org/eclipse/persistence/mappings/foundation/MapKeyMapping.class
Apr 28, 2022 3:57:09 PM com.sun.enterprise.v3.server.ReadableArchiveScannerAdapter handleEntry
SEVERE: Invalid InputStream returned for org/eclipse/persistence/mappings/ManyToManyMapping.class
Apr 28, 2022 3:57:09 PM com.sun.enterprise.v3.server.ReadableArchiveScannerAdapter handleEntry
SEVERE: Invalid InputStream returned for org/eclipse/persistence/mappings/ManyToOneMapping.class
Apr 28, 2022 3:57:09 PM com.sun.enterprise.v3.server.ReadableArchiveScannerAdapter handleEntry
SEVERE: Invalid InputStream returned for org/eclipse/persistence/mappings/MultitenantPrimaryKeyMapping.class
Apr 28, 2022 3:57:09 PM com.sun.enterprise.v3.server.ReadableArchiveScannerAdapter handleEntry
SEVERE: Invalid InputStream returned for org/eclipse/persistence/mappings/ObjectReferenceMapping.class
Apr 28, 2022 3:57:09 PM com.sun.enterprise.v3.server.ReadableArchiveScannerAdapter handleEntry
SEVERE: Invalid InputStream returned for org/eclipse/persistence/mappings/OneToManyMapping.class
Apr 28, 2022 3:57:09 PM com.sun.enterprise.v3.server.ReadableArchiveScannerAdapter handleEntry
SEVERE: Invalid InputStream returned for org/eclipse/persistence/mappings/OneToOneMapping$ShallowMode.class
Apr 28, 2022 3:57:09 PM com.sun.enterprise.v3.server.ReadableArchiveScannerAdapter handleEntry
SEVERE: Invalid InputStream returned for org/eclipse/persistence/mappings/OneToOneMapping.class
Apr 28, 2022 3:57:09 PM com.sun.enterprise.v3.server.ReadableArchiveScannerAdapter handleEntry
SEVERE: Invalid InputStream returned for org/eclipse/persistence/mappings/PropertyAssociation.class
Apr 28, 2022 3:57:09 PM com.sun.enterprise.v3.server.ReadableArchiveScannerAdapter handleEntry
SEVERE: Invalid InputStream returned for org/eclipse/persistence/mappings/transformers/ConstantTransformer.class
Apr 28, 2022 3:57:09 PM com.sun.enterprise.v3.server.ReadableArchiveScannerAdapter handleEntry
SEVERE: Invalid InputStream returned for org/eclipse/persistence/mappings/transformers/FieldTransformer.class
Apr 28, 2022 3:57:09 PM com.sun.enterprise.v3.server.ReadableArchiveScannerAdapter handleEntry
SEVERE: Invalid InputStream returned for org/eclipse/persistence/mappings/transformers/FieldTransformerAdapter.class
Apr 28, 2022 3:57:09 PM com.sun.enterprise.v3.server.ReadableArchiveScannerAdapter handleEntry
SEVERE: Invalid InputStream returned for org/eclipse/persistence/mappings/transformers/MethodBasedAttributeTransformer.class
Apr 28, 2022 3:57:09 PM com.sun.enterprise.v3.server.ReadableArchiveScannerAdapter handleEntry
SEVERE: Invalid InputStream returned for org/eclipse/persistence/mappings/transformers/MethodBasedFieldTransformer.class
Apr 28, 2022 3:57:09 PM com.sun.enterprise.v3.server.ReadableArchiveScannerAdapter handleEntry
SEVERE: Invalid InputStream returned for org/eclipse/persistence/mappings/TypedAssociation.class
Apr 28, 2022 3:57:09 PM com.sun.enterprise.v3.server.ReadableArchiveScannerAdapter handleEntry
SEVERE: Invalid InputStream returned for org/eclipse/persistence/mappings/UnidirectionalOneToManyMapping.class
Apr 28, 2022 3:57:09 PM com.sun.enterprise.v3.server.ReadableArchiveScannerAdapter handleEntry
SEVERE: Invalid InputStream returned for org/eclipse/persistence/mappings/VariableOneToOneMapping.class
Apr 28, 2022 3:57:09 PM com.sun.enterprise.v3.server.ReadableArchiveScannerAdapter handleEntry
SEVERE: Invalid InputStream returned for org/eclipse/persistence/mappings/xdb/DirectToXMLTypeMapping.class
Apr 28, 2022 3:57:09 PM com.sun.enterprise.v3.server.ReadableArchiveScannerAdapter handleEntry
SEVERE: Invalid InputStream returned for org/eclipse/persistence/oxm/annotations/XmlCDATA.class
Apr 28, 2022 3:57:09 PM com.sun.enterprise.v3.server.ReadableArchiveScannerAdapter handleEntry
SEVERE: Invalid InputStream returned for org/eclipse/persistence/oxm/annotations/XmlClassExtractor.class
Apr 28, 2022 3:57:09 PM com.sun.enterprise.v3.server.ReadableArchiveScannerAdapter handleEntry
SEVERE: Invalid InputStream returned for org/eclipse/persistence/oxm/annotations/XmlContainerProperty.class
Apr 28, 2022 3:57:09 PM com.sun.enterprise.v3.server.ReadableArchiveScannerAdapter handleEntry
SEVERE: Invalid InputStream returned for org/eclipse/persistence/oxm/annotations/XmlCustomizer.class
Apr 28, 2022 3:57:09 PM com.sun.enterprise.v3.server.ReadableArchiveScannerAdapter handleEntry
SEVERE: Invalid InputStream returned for org/eclipse/persistence/oxm/annotations/XmlDiscriminatorNode.class
Apr 28, 2022 3:57:09 PM com.sun.enterprise.v3.server.ReadableArchiveScannerAdapter handleEntry
SEVERE: Invalid InputStream returned for org/eclipse/persistence/oxm/annotations/XmlDiscriminatorValue.class
Apr 28, 2022 3:57:09 PM com.sun.enterprise.v3.server.ReadableArchiveScannerAdapter handleEntry
SEVERE: Invalid InputStream returned for org/eclipse/persistence/oxm/annotations/XmlElementNillable.class
Apr 28, 2022 3:57:09 PM com.sun.enterprise.v3.server.ReadableArchiveScannerAdapter handleEntry
SEVERE: Invalid InputStream returned for org/eclipse/persistence/oxm/annotations/XmlElementsJoinNodes.class
Apr 28, 2022 3:57:09 PM com.sun.enterprise.v3.server.ReadableArchiveScannerAdapter handleEntry
SEVERE: Invalid InputStream returned for org/eclipse/persistence/oxm/annotations/XmlIDExtension.class
Apr 28, 2022 3:57:09 PM com.sun.enterprise.v3.server.ReadableArchiveScannerAdapter handleEntry
SEVERE: Invalid InputStream returned for org/eclipse/persistence/oxm/annotations/XmlInverseReference.class
Apr 28, 2022 3:57:09 PM com.sun.enterprise.v3.server.ReadableArchiveScannerAdapter handleEntry
SEVERE: Invalid InputStream returned for org/eclipse/persistence/oxm/annotations/XmlIsSetNullPolicy.class
Apr 28, 2022 3:57:09 PM com.sun.enterprise.v3.server.ReadableArchiveScannerAdapter handleEntry
SEVERE: Invalid InputStream returned for org/eclipse/persistence/oxm/annotations/XmlJoinNode.class
Apr 28, 2022 3:57:09 PM com.sun.enterprise.v3.server.ReadableArchiveScannerAdapter handleEntry
SEVERE: Invalid InputStream returned for org/eclipse/persistence/oxm/annotations/XmlJoinNodes.class
Apr 28, 2022 3:57:09 PM com.sun.enterprise.v3.server.ReadableArchiveScannerAdapter handleEntry
SEVERE: Invalid InputStream returned for org/eclipse/persistence/oxm/annotations/XmlKey.class
Apr 28, 2022 3:57:09 PM com.sun.enterprise.v3.server.ReadableArchiveScannerAdapter handleEntry
SEVERE: Invalid InputStream returned for org/eclipse/persistence/oxm/annotations/XmlLocation.class
Apr 28, 2022 3:57:10 PM com.sun.enterprise.v3.server.ReadableArchiveScannerAdapter handleEntry
SEVERE: Invalid InputStream returned for org/eclipse/persistence/oxm/annotations/XmlPath.class
Apr 28, 2022 3:57:10 PM com.sun.enterprise.v3.server.ReadableArchiveScannerAdapter handleEntry
SEVERE: Invalid InputStream returned for org/eclipse/persistence/oxm/annotations/XmlPaths.class
Apr 28, 2022 3:57:10 PM com.sun.enterprise.v3.server.ReadableArchiveScannerAdapter handleEntry
SEVERE: Invalid InputStream returned for org/eclipse/persistence/oxm/annotations/XmlProperties.class
Apr 28, 2022 3:57:10 PM com.sun.enterprise.v3.server.ReadableArchiveScannerAdapter handleEntry
SEVERE: Invalid InputStream returned for org/eclipse/persistence/oxm/annotations/XmlProperty.class
Apr 28, 2022 3:57:10 PM com.sun.enterprise.v3.server.ReadableArchiveScannerAdapter handleEntry
SEVERE: Invalid InputStream returned for org/eclipse/persistence/oxm/annotations/XmlReadOnly.class
Apr 28, 2022 3:57:10 PM com.sun.enterprise.v3.server.ReadableArchiveScannerAdapter handleEntry
SEVERE: Invalid InputStream returned for org/eclipse/persistence/oxm/annotations/XmlReadTransformer.class
Apr 28, 2022 3:57:10 PM com.sun.enterprise.v3.server.ReadableArchiveScannerAdapter handleEntry
SEVERE: Invalid InputStream returned for org/eclipse/persistence/oxm/annotations/XmlTransformation.class
Apr 28, 2022 3:57:10 PM com.sun.enterprise.v3.server.ReadableArchiveScannerAdapter handleEntry
SEVERE: Invalid InputStream returned for org/eclipse/persistence/oxm/annotations/XmlValueExtension.class
Apr 28, 2022 3:57:10 PM com.sun.enterprise.v3.server.ReadableArchiveScannerAdapter handleEntry
SEVERE: Invalid InputStream returned for org/eclipse/persistence/oxm/annotations/XmlVariableNode$DEFAULT.class
Apr 28, 2022 3:57:10 PM com.sun.enterprise.v3.server.ReadableArchiveScannerAdapter handleEntry
SEVERE: Invalid InputStream returned for org/eclipse/persistence/oxm/annotations/XmlVariableNode.class
Apr 28, 2022 3:57:10 PM com.sun.enterprise.v3.server.ReadableArchiveScannerAdapter handleEntry
SEVERE: Invalid InputStream returned for org/eclipse/persistence/oxm/annotations/XmlVirtualAccessMethods.class
Apr 28, 2022 3:57:10 PM com.sun.enterprise.v3.server.ReadableArchiveScannerAdapter handleEntry
SEVERE: Invalid InputStream returned for org/eclipse/persistence/oxm/annotations/XmlWriteOnly.class
Apr 28, 2022 3:57:10 PM com.sun.enterprise.v3.server.ReadableArchiveScannerAdapter handleEntry
SEVERE: Invalid InputStream returned for org/eclipse/persistence/oxm/annotations/XmlWriteTransformer.class
Apr 28, 2022 3:57:10 PM com.sun.enterprise.v3.server.ReadableArchiveScannerAdapter handleEntry
SEVERE: Invalid InputStream returned for org/eclipse/persistence/oxm/annotations/XmlWriteTransformers.class
Apr 28, 2022 3:57:10 PM com.sun.enterprise.v3.server.ReadableArchiveScannerAdapter handleEntry
SEVERE: Invalid InputStream returned for org/eclipse/persistence/oxm/attachment/XMLAttachmentMarshaller.class
Apr 28, 2022 3:57:10 PM com.sun.enterprise.v3.server.ReadableArchiveScannerAdapter handleEntry
SEVERE: Invalid InputStream returned for org/eclipse/persistence/oxm/attachment/XMLAttachmentUnmarshaller.class
Apr 28, 2022 3:57:10 PM com.sun.enterprise.v3.server.ReadableArchiveScannerAdapter handleEntry
SEVERE: Invalid InputStream returned for org/eclipse/persistence/oxm/CharacterEscapeHandler.class
Apr 28, 2022 3:57:10 PM com.sun.enterprise.v3.server.ReadableArchiveScannerAdapter handleEntry
SEVERE: Invalid InputStream returned for org/eclipse/persistence/oxm/documentpreservation/AppendNewElementsOrderingPolicy.class
Apr 28, 2022 3:57:10 PM com.sun.enterprise.v3.server.ReadableArchiveScannerAdapter handleEntry
SEVERE: Invalid InputStream returned for org/eclipse/persistence/oxm/documentpreservation/DocumentPreservationPolicy.class
Apr 28, 2022 3:57:10 PM com.sun.enterprise.v3.server.ReadableArchiveScannerAdapter handleEntry
SEVERE: Invalid InputStream returned for org/eclipse/persistence/oxm/documentpreservation/IgnoreNewElementsOrderingPolicy.class
Apr 28, 2022 3:57:10 PM com.sun.enterprise.v3.server.ReadableArchiveScannerAdapter handleEntry
SEVERE: Invalid InputStream returned for org/eclipse/persistence/oxm/documentpreservation/NodeOrderingPolicy.class
Apr 28, 2022 3:57:10 PM com.sun.enterprise.v3.server.ReadableArchiveScannerAdapter handleEntry
SEVERE: Invalid InputStream returned for org/eclipse/persistence/oxm/documentpreservation/RelativePositionOrderingPolicy.class
Apr 28, 2022 3:57:10 PM com.sun.enterprise.v3.server.ReadableArchiveScannerAdapter handleEntry
SEVERE: Invalid InputStream returned for org/eclipse/persistence/oxm/IDResolver.class
Apr 28, 2022 3:57:10 PM com.sun.enterprise.v3.server.ReadableArchiveScannerAdapter handleEntry
SEVERE: Exception while processing org/eclipse/persistence/oxm/json/JsonArrayBuilderResult.class inside file:/tmp/gfembed15257743656685566532tmp/applications/classes/ of size 977, exception: java.io.FileNotFoundException: /tmp/gfembed15257743656685566532tmp/applications/classes/org/eclipse/persistence/oxm/json/JsonArrayBuilderResult.class (No such file or directory)
Apr 28, 2022 3:57:10 PM com.sun.enterprise.v3.server.ReadableArchiveScannerAdapter handleEntry
SEVERE: Invalid InputStream returned for org/eclipse/persistence/oxm/json/JsonGeneratorResult.class
Apr 28, 2022 3:57:10 PM com.sun.enterprise.v3.server.ReadableArchiveScannerAdapter handleEntry
SEVERE: Invalid InputStream returned for org/eclipse/persistence/oxm/mappings/XMLAnyCollectionMapping.class
Apr 28, 2022 3:57:10 PM com.sun.enterprise.v3.server.ReadableArchiveScannerAdapter handleEntry
SEVERE: Invalid InputStream returned for org/eclipse/persistence/oxm/mappings/XMLAnyObjectMapping.class
Apr 28, 2022 3:57:10 PM com.sun.enterprise.v3.server.ReadableArchiveScannerAdapter handleEntry
SEVERE: Invalid InputStream returned for org/eclipse/persistence/oxm/mappings/XMLBinaryDataCollectionMapping.class
Apr 28, 2022 3:57:10 PM com.sun.enterprise.v3.server.ReadableArchiveScannerAdapter handleEntry
SEVERE: Invalid InputStream returned for org/eclipse/persistence/oxm/mappings/XMLBinaryDataMapping.class
Apr 28, 2022 3:57:10 PM com.sun.enterprise.v3.server.ReadableArchiveScannerAdapter handleEntry
SEVERE: Invalid InputStream returned for org/eclipse/persistence/oxm/mappings/XMLChoiceCollectionMapping.class
Apr 28, 2022 3:57:10 PM com.sun.enterprise.v3.server.ReadableArchiveScannerAdapter handleEntry
SEVERE: Invalid InputStream returned for org/eclipse/persistence/oxm/mappings/XMLChoiceObjectMapping.class
Apr 28, 2022 3:57:10 PM com.sun.enterprise.v3.server.ReadableArchiveScannerAdapter handleEntry
SEVERE: Invalid InputStream returned for org/eclipse/persistence/oxm/mappings/XMLCollectionReferenceMapping.class
Apr 28, 2022 3:57:10 PM com.sun.enterprise.v3.server.ReadableArchiveScannerAdapter handleEntry
SEVERE: Invalid InputStream returned for org/eclipse/persistence/oxm/mappings/XMLCompositeCollectionMapping.class
Apr 28, 2022 3:57:10 PM com.sun.enterprise.v3.server.ReadableArchiveScannerAdapter handleEntry
SEVERE: Invalid InputStream returned for org/eclipse/persistence/oxm/mappings/XMLCompositeDirectCollectionMapping.class
Apr 28, 2022 3:57:10 PM com.sun.enterprise.v3.server.ReadableArchiveScannerAdapter handleEntry
SEVERE: Invalid InputStream returned for org/eclipse/persistence/oxm/mappings/XMLCompositeObjectMapping.class
Apr 28, 2022 3:57:10 PM com.sun.enterprise.v3.server.ReadableArchiveScannerAdapter handleEntry
SEVERE: Invalid InputStream returned for org/eclipse/persistence/oxm/mappings/XMLDirectMapping.class
Apr 28, 2022 3:57:10 PM com.sun.enterprise.v3.server.ReadableArchiveScannerAdapter handleEntry
SEVERE: Invalid InputStream returned for org/eclipse/persistence/oxm/mappings/XMLFragmentCollectionMapping.class
Apr 28, 2022 3:57:10 PM com.sun.enterprise.v3.server.ReadableArchiveScannerAdapter handleEntry
SEVERE: Invalid InputStream returned for org/eclipse/persistence/oxm/mappings/XMLFragmentMapping.class
Apr 28, 2022 3:57:10 PM com.sun.enterprise.v3.server.ReadableArchiveScannerAdapter handleEntry
SEVERE: Invalid InputStream returned for org/eclipse/persistence/oxm/mappings/XMLInverseReferenceMapping.class
Apr 28, 2022 3:57:10 PM com.sun.enterprise.v3.server.ReadableArchiveScannerAdapter handleEntry
SEVERE: Invalid InputStream returned for org/eclipse/persistence/oxm/mappings/XMLMapping.class
Apr 28, 2022 3:57:10 PM com.sun.enterprise.v3.server.ReadableArchiveScannerAdapter handleEntry
SEVERE: Invalid InputStream returned for org/eclipse/persistence/oxm/mappings/XMLNillableMapping.class
Apr 28, 2022 3:57:10 PM com.sun.enterprise.v3.server.ReadableArchiveScannerAdapter handleEntry
SEVERE: Invalid InputStream returned for org/eclipse/persistence/oxm/mappings/XMLObjectReferenceMapping.class
Apr 28, 2022 3:57:10 PM com.sun.enterprise.v3.server.ReadableArchiveScannerAdapter handleEntry
SEVERE: Invalid InputStream returned for org/eclipse/persistence/oxm/mappings/XMLTransformationMapping.class
Apr 28, 2022 3:57:10 PM com.sun.enterprise.v3.server.ReadableArchiveScannerAdapter handleEntry
SEVERE: Invalid InputStream returned for org/eclipse/persistence/oxm/mappings/XMLVariableXPathCollectionMapping.class
Apr 28, 2022 3:57:10 PM com.sun.enterprise.v3.server.ReadableArchiveScannerAdapter handleEntry
SEVERE: Invalid InputStream returned for org/eclipse/persistence/oxm/mappings/XMLVariableXPathObjectMapping.class
Apr 28, 2022 3:57:10 PM com.sun.enterprise.v3.server.ReadableArchiveScannerAdapter handleEntry
SEVERE: Invalid InputStream returned for org/eclipse/persistence/oxm/MediaType.class
Apr 28, 2022 3:57:10 PM com.sun.enterprise.v3.server.ReadableArchiveScannerAdapter handleEntry
SEVERE: Invalid InputStream returned for org/eclipse/persistence/oxm/NamespacePrefixMapper.class
Apr 28, 2022 3:57:10 PM com.sun.enterprise.v3.server.ReadableArchiveScannerAdapter handleEntry
SEVERE: Invalid InputStream returned for org/eclipse/persistence/oxm/NamespaceResolver.class
Apr 28, 2022 3:57:10 PM com.sun.enterprise.v3.server.ReadableArchiveScannerAdapter handleEntry
SEVERE: Invalid InputStream returned for org/eclipse/persistence/oxm/platform/DOMPlatform.class
Apr 28, 2022 3:57:10 PM com.sun.enterprise.v3.server.ReadableArchiveScannerAdapter handleEntry
SEVERE: Invalid InputStream returned for org/eclipse/persistence/oxm/platform/SAXPlatform.class
Apr 28, 2022 3:57:10 PM com.sun.enterprise.v3.server.ReadableArchiveScannerAdapter handleEntry
SEVERE: Invalid InputStream returned for org/eclipse/persistence/oxm/platform/XMLPlatform.class
Apr 28, 2022 3:57:10 PM com.sun.enterprise.v3.server.ReadableArchiveScannerAdapter handleEntry
SEVERE: Invalid InputStream returned for org/eclipse/persistence/oxm/record/ContentHandlerRecord.class
Apr 28, 2022 3:57:10 PM com.sun.enterprise.v3.server.ReadableArchiveScannerAdapter handleEntry
SEVERE: Invalid InputStream returned for org/eclipse/persistence/oxm/record/DOMRecord.class
Apr 28, 2022 3:57:10 PM com.sun.enterprise.v3.server.ReadableArchiveScannerAdapter handleEntry
SEVERE: Invalid InputStream returned for org/eclipse/persistence/oxm/record/FormattedOutputStreamRecord$FormattedOutputStreamRecordContentHandler.class
Apr 28, 2022 3:57:10 PM com.sun.enterprise.v3.server.ReadableArchiveScannerAdapter handleEntry
SEVERE: Invalid InputStream returned for org/eclipse/persistence/oxm/record/FormattedWriterRecord$FormattedWriterRecordContentHandler.class
Apr 28, 2022 3:57:10 PM com.sun.enterprise.v3.server.ReadableArchiveScannerAdapter handleEntry
SEVERE: Invalid InputStream returned for org/eclipse/persistence/oxm/record/FormattedWriterRecord.class
Apr 28, 2022 3:57:10 PM com.sun.enterprise.v3.server.ReadableArchiveScannerAdapter handleEntry
SEVERE: Invalid InputStream returned for org/eclipse/persistence/oxm/record/JsonBuilderRecord$Level.class
Apr 28, 2022 3:57:10 PM com.sun.enterprise.v3.server.ReadableArchiveScannerAdapter handleEntry
SEVERE: Invalid InputStream returned for org/eclipse/persistence/oxm/record/JsonBuilderRecord.class
Apr 28, 2022 3:57:10 PM com.sun.enterprise.v3.server.ReadableArchiveScannerAdapter handleEntry
SEVERE: Invalid InputStream returned for org/eclipse/persistence/oxm/record/JSONFormattedWriterRecord$JSONFormattedWriterRecordContentHandler.class
Apr 28, 2022 3:57:10 PM com.sun.enterprise.v3.server.ReadableArchiveScannerAdapter handleEntry
SEVERE: Invalid InputStream returned for org/eclipse/persistence/oxm/record/JSONFormattedWriterRecord.class
Apr 28, 2022 3:57:10 PM com.sun.enterprise.v3.server.ReadableArchiveScannerAdapter handleEntry
SEVERE: Invalid InputStream returned for org/eclipse/persistence/oxm/record/JsonGeneratorRecord.class
Apr 28, 2022 3:57:10 PM com.sun.enterprise.v3.server.ReadableArchiveScannerAdapter handleEntry
SEVERE: Invalid InputStream returned for org/eclipse/persistence/oxm/record/JsonRecord$JsonRecordContentHandler.class
Apr 28, 2022 3:57:10 PM com.sun.enterprise.v3.server.ReadableArchiveScannerAdapter handleEntry
SEVERE: Invalid InputStream returned for org/eclipse/persistence/oxm/record/JsonRecord$Level.class
Apr 28, 2022 3:57:10 PM com.sun.enterprise.v3.server.ReadableArchiveScannerAdapter handleEntry
SEVERE: Invalid InputStream returned for org/eclipse/persistence/oxm/record/JsonRecord.class
Apr 28, 2022 3:57:10 PM com.sun.enterprise.v3.server.ReadableArchiveScannerAdapter handleEntry
SEVERE: Invalid InputStream returned for org/eclipse/persistence/oxm/record/JSONWriterRecord$JSONWriterRecordContentHandler.class
Apr 28, 2022 3:57:10 PM com.sun.enterprise.v3.server.ReadableArchiveScannerAdapter handleEntry
SEVERE: Invalid InputStream returned for org/eclipse/persistence/oxm/record/JSONWriterRecord$Level.class
Apr 28, 2022 3:57:10 PM com.sun.enterprise.v3.server.ReadableArchiveScannerAdapter handleEntry
SEVERE: Invalid InputStream returned for org/eclipse/persistence/oxm/record/JSONWriterRecord$Output.class
Apr 28, 2022 3:57:10 PM com.sun.enterprise.v3.server.ReadableArchiveScannerAdapter handleEntry
SEVERE: Invalid InputStream returned for org/eclipse/persistence/oxm/record/JSONWriterRecord$OutputStreamOutput.class
Apr 28, 2022 3:57:10 PM com.sun.enterprise.v3.server.ReadableArchiveScannerAdapter handleEntry
SEVERE: Invalid InputStream returned for org/eclipse/persistence/oxm/record/JSONWriterRecord$WriterOutput.class
Apr 28, 2022 3:57:10 PM com.sun.enterprise.v3.server.ReadableArchiveScannerAdapter handleEntry
SEVERE: Invalid InputStream returned for org/eclipse/persistence/oxm/record/JSONWriterRecord.class
Apr 28, 2022 3:57:10 PM com.sun.enterprise.v3.server.ReadableArchiveScannerAdapter handleEntry
SEVERE: Invalid InputStream returned for org/eclipse/persistence/oxm/record/MarshalRecord.class
Apr 28, 2022 3:57:10 PM com.sun.enterprise.v3.server.ReadableArchiveScannerAdapter handleEntry
SEVERE: Invalid InputStream returned for org/eclipse/persistence/oxm/record/NodeRecord$NodeRecordContentHandler.class
Apr 28, 2022 3:57:10 PM com.sun.enterprise.v3.server.ReadableArchiveScannerAdapter handleEntry
SEVERE: Invalid InputStream returned for org/eclipse/persistence/oxm/record/NodeRecord.class
Apr 28, 2022 3:57:10 PM com.sun.enterprise.v3.server.ReadableArchiveScannerAdapter handleEntry
SEVERE: Invalid InputStream returned for org/eclipse/persistence/oxm/record/OutputStreamRecord$OutputStreamRecordContentHandler.class
Apr 28, 2022 3:57:10 PM com.sun.enterprise.v3.server.ReadableArchiveScannerAdapter handleEntry
SEVERE: Invalid InputStream returned for org/eclipse/persistence/oxm/record/OutputStreamRecord.class
Apr 28, 2022 3:57:10 PM com.sun.enterprise.v3.server.ReadableArchiveScannerAdapter handleEntry
SEVERE: Invalid InputStream returned for org/eclipse/persistence/oxm/record/UnmarshalRecord.class
Apr 28, 2022 3:57:10 PM com.sun.enterprise.v3.server.ReadableArchiveScannerAdapter handleEntry
SEVERE: Invalid InputStream returned for org/eclipse/persistence/oxm/record/ValidatingMarshalRecord$MarshalSAXParseException.class
Apr 28, 2022 3:57:10 PM com.sun.enterprise.v3.server.ReadableArchiveScannerAdapter handleEntry
SEVERE: Invalid InputStream returned for org/eclipse/persistence/oxm/record/ValidatingMarshalRecord$ValidatingMarshalRecordErrorHandler.class
Apr 28, 2022 3:57:10 PM com.sun.enterprise.v3.server.ReadableArchiveScannerAdapter handleEntry
SEVERE: Invalid InputStream returned for org/eclipse/persistence/oxm/record/ValidatingMarshalRecord.class
Apr 28, 2022 3:57:10 PM com.sun.enterprise.v3.server.ReadableArchiveScannerAdapter handleEntry
SEVERE: Invalid InputStream returned for org/eclipse/persistence/oxm/record/WriterRecord$WriterRecordContentHandler.class
Apr 28, 2022 3:57:10 PM com.sun.enterprise.v3.server.ReadableArchiveScannerAdapter handleEntry
SEVERE: Invalid InputStream returned for org/eclipse/persistence/oxm/record/WriterRecord.class
Apr 28, 2022 3:57:10 PM com.sun.enterprise.v3.server.ReadableArchiveScannerAdapter handleEntry
SEVERE: Invalid InputStream returned for org/eclipse/persistence/oxm/record/XMLEventWriterRecord.class
Apr 28, 2022 3:57:10 PM com.sun.enterprise.v3.server.ReadableArchiveScannerAdapter handleEntry
SEVERE: Invalid InputStream returned for org/eclipse/persistence/oxm/record/XMLRecord.class
Apr 28, 2022 3:57:10 PM com.sun.enterprise.v3.server.ReadableArchiveScannerAdapter handleEntry
SEVERE: Invalid InputStream returned for org/eclipse/persistence/oxm/record/XMLRootRecord.class
Apr 28, 2022 3:57:10 PM com.sun.enterprise.v3.server.ReadableArchiveScannerAdapter handleEntry
SEVERE: Invalid InputStream returned for org/eclipse/persistence/oxm/record/XMLStreamWriterRecord.class
Apr 28, 2022 3:57:10 PM com.sun.enterprise.v3.server.ReadableArchiveScannerAdapter handleEntry
SEVERE: Invalid InputStream returned for org/eclipse/persistence/oxm/schema/XMLSchemaClassPathReference.class
Apr 28, 2022 3:57:10 PM com.sun.enterprise.v3.server.ReadableArchiveScannerAdapter handleEntry
SEVERE: Invalid InputStream returned for org/eclipse/persistence/oxm/schema/XMLSchemaFileReference.class
Apr 28, 2022 3:57:10 PM com.sun.enterprise.v3.server.ReadableArchiveScannerAdapter handleEntry
SEVERE: Invalid InputStream returned for org/eclipse/persistence/oxm/schema/XMLSchemaReference.class
Apr 28, 2022 3:57:10 PM com.sun.enterprise.v3.server.ReadableArchiveScannerAdapter handleEntry
SEVERE: Invalid InputStream returned for org/eclipse/persistence/oxm/schema/XMLSchemaURLReference.class
Apr 28, 2022 3:57:10 PM com.sun.enterprise.v3.server.ReadableArchiveScannerAdapter handleEntry
SEVERE: Invalid InputStream returned for org/eclipse/persistence/oxm/sequenced/SequencedObject.class
Apr 28, 2022 3:57:10 PM com.sun.enterprise.v3.server.ReadableArchiveScannerAdapter handleEntry
SEVERE: Invalid InputStream returned for org/eclipse/persistence/oxm/sequenced/Setting.class
Apr 28, 2022 3:57:10 PM com.sun.enterprise.v3.server.ReadableArchiveScannerAdapter handleEntry
SEVERE: Invalid InputStream returned for org/eclipse/persistence/oxm/unmapped/DefaultUnmappedContentHandler.class
Apr 28, 2022 3:57:10 PM com.sun.enterprise.v3.server.ReadableArchiveScannerAdapter handleEntry
SEVERE: Invalid InputStream returned for org/eclipse/persistence/oxm/unmapped/UnmappedContentHandler.class
Apr 28, 2022 3:57:10 PM com.sun.enterprise.v3.server.ReadableArchiveScannerAdapter handleEntry
SEVERE: Invalid InputStream returned for org/eclipse/persistence/oxm/XMLBinder.class
Apr 28, 2022 3:57:10 PM com.sun.enterprise.v3.server.ReadableArchiveScannerAdapter handleEntry
SEVERE: Invalid InputStream returned for org/eclipse/persistence/oxm/XMLConstants.class
Apr 28, 2022 3:57:10 PM com.sun.enterprise.v3.server.ReadableArchiveScannerAdapter handleEntry
SEVERE: Invalid InputStream returned for org/eclipse/persistence/oxm/XMLContext$XMLContextState.class
Apr 28, 2022 3:57:10 PM com.sun.enterprise.v3.server.ReadableArchiveScannerAdapter handleEntry
SEVERE: Invalid InputStream returned for org/eclipse/persistence/oxm/XMLContext.class
Apr 28, 2022 3:57:10 PM com.sun.enterprise.v3.server.ReadableArchiveScannerAdapter handleEntry
SEVERE: Invalid InputStream returned for org/eclipse/persistence/oxm/XMLDescriptor.class
Apr 28, 2022 3:57:10 PM com.sun.enterprise.v3.server.ReadableArchiveScannerAdapter handleEntry
SEVERE: Invalid InputStream returned for org/eclipse/persistence/oxm/XMLField.class
Apr 28, 2022 3:57:10 PM com.sun.enterprise.v3.server.ReadableArchiveScannerAdapter handleEntry
SEVERE: Invalid InputStream returned for org/eclipse/persistence/oxm/XMLLogin.class
Apr 28, 2022 3:57:10 PM com.sun.enterprise.v3.server.ReadableArchiveScannerAdapter handleEntry
SEVERE: Invalid InputStream returned for org/eclipse/persistence/oxm/XMLMarshaller.class
Apr 28, 2022 3:57:10 PM com.sun.enterprise.v3.server.ReadableArchiveScannerAdapter handleEntry
SEVERE: Invalid InputStream returned for org/eclipse/persistence/oxm/XMLMarshalListener.class
Apr 28, 2022 3:57:10 PM com.sun.enterprise.v3.server.ReadableArchiveScannerAdapter handleEntry
SEVERE: Invalid InputStream returned for org/eclipse/persistence/oxm/XMLNameTransformer.class
Apr 28, 2022 3:57:10 PM com.sun.enterprise.v3.server.ReadableArchiveScannerAdapter handleEntry
SEVERE: Invalid InputStream returned for org/eclipse/persistence/oxm/XMLRoot.class
Apr 28, 2022 3:57:10 PM com.sun.enterprise.v3.server.ReadableArchiveScannerAdapter handleEntry
SEVERE: Invalid InputStream returned for org/eclipse/persistence/oxm/XMLUnionField.class
Apr 28, 2022 3:57:10 PM com.sun.enterprise.v3.server.ReadableArchiveScannerAdapter handleEntry
SEVERE: Invalid InputStream returned for org/eclipse/persistence/oxm/XMLUnmarshaller.class
Apr 28, 2022 3:57:10 PM com.sun.enterprise.v3.server.ReadableArchiveScannerAdapter handleEntry
SEVERE: Invalid InputStream returned for org/eclipse/persistence/oxm/XMLUnmarshallerHandler.class
Apr 28, 2022 3:57:10 PM com.sun.enterprise.v3.server.ReadableArchiveScannerAdapter handleEntry
SEVERE: Exception while processing org/eclipse/persistence/oxm/XMLUnmarshalListener.class inside file:/tmp/gfembed15257743656685566532tmp/applications/classes/ of size 312, exception: java.io.FileNotFoundException: /tmp/gfembed15257743656685566532tmp/applications/classes/org/eclipse/persistence/oxm/XMLUnmarshalListener.class (No such file or directory)
Apr 28, 2022 3:57:10 PM com.sun.enterprise.v3.server.ReadableArchiveScannerAdapter handleEntry
SEVERE: Invalid InputStream returned for org/eclipse/persistence/oxm/XMLValidator.class
Apr 28, 2022 3:57:10 PM com.sun.enterprise.v3.server.ReadableArchiveScannerAdapter handleEntry
SEVERE: Invalid InputStream returned for org/eclipse/persistence/platform/database/AttunityPlatform.class
Apr 28, 2022 3:57:10 PM com.sun.enterprise.v3.server.ReadableArchiveScannerAdapter handleEntry
SEVERE: Invalid InputStream returned for org/eclipse/persistence/platform/database/CloudscapePlatform.class
Apr 28, 2022 3:57:10 PM com.sun.enterprise.v3.server.ReadableArchiveScannerAdapter handleEntry
SEVERE: Invalid InputStream returned for org/eclipse/persistence/platform/database/converters/StructConverter.class
Apr 28, 2022 3:57:10 PM com.sun.enterprise.v3.server.ReadableArchiveScannerAdapter handleEntry
SEVERE: Invalid InputStream returned for org/eclipse/persistence/platform/database/DatabasePlatform.class
Apr 28, 2022 3:57:10 PM com.sun.enterprise.v3.server.ReadableArchiveScannerAdapter handleEntry
SEVERE: Invalid InputStream returned for org/eclipse/persistence/platform/database/DB2MainframePlatform.class
Apr 28, 2022 3:57:10 PM com.sun.enterprise.v3.server.ReadableArchiveScannerAdapter handleEntry
SEVERE: Invalid InputStream returned for org/eclipse/persistence/platform/database/DB2Platform.class
Apr 28, 2022 3:57:10 PM com.sun.enterprise.v3.server.ReadableArchiveScannerAdapter handleEntry
SEVERE: Invalid InputStream returned for org/eclipse/persistence/platform/database/DB2ZPlatform.class
Apr 28, 2022 3:57:10 PM com.sun.enterprise.v3.server.ReadableArchiveScannerAdapter handleEntry
SEVERE: Invalid InputStream returned for org/eclipse/persistence/platform/database/DBasePlatform.class
Apr 28, 2022 3:57:10 PM com.sun.enterprise.v3.server.ReadableArchiveScannerAdapter handleEntry
SEVERE: Invalid InputStream returned for org/eclipse/persistence/platform/database/DerbyPlatform.class
Apr 28, 2022 3:57:10 PM com.sun.enterprise.v3.server.ReadableArchiveScannerAdapter handleEntry
SEVERE: Invalid InputStream returned for org/eclipse/persistence/platform/database/FirebirdPlatform.class
Apr 28, 2022 3:57:10 PM com.sun.enterprise.v3.server.ReadableArchiveScannerAdapter handleEntry
SEVERE: Invalid InputStream returned for org/eclipse/persistence/platform/database/H2Platform.class
Apr 28, 2022 3:57:10 PM com.sun.enterprise.v3.server.ReadableArchiveScannerAdapter handleEntry
SEVERE: Invalid InputStream returned for org/eclipse/persistence/platform/database/HANAPlatform.class
Apr 28, 2022 3:57:10 PM com.sun.enterprise.v3.server.ReadableArchiveScannerAdapter handleEntry
SEVERE: Invalid InputStream returned for org/eclipse/persistence/platform/database/HSQLPlatform.class
Apr 28, 2022 3:57:10 PM com.sun.enterprise.v3.server.ReadableArchiveScannerAdapter handleEntry
SEVERE: Invalid InputStream returned for org/eclipse/persistence/platform/database/Informix11Platform.class
Apr 28, 2022 3:57:10 PM com.sun.enterprise.v3.server.ReadableArchiveScannerAdapter handleEntry
SEVERE: Invalid InputStream returned for org/eclipse/persistence/platform/database/InformixPlatform.class
Apr 28, 2022 3:57:10 PM com.sun.enterprise.v3.server.ReadableArchiveScannerAdapter handleEntry
SEVERE: Invalid InputStream returned for org/eclipse/persistence/platform/database/JavaDBPlatform.class
Apr 28, 2022 3:57:10 PM com.sun.enterprise.v3.server.ReadableArchiveScannerAdapter handleEntry
SEVERE: Invalid InputStream returned for org/eclipse/persistence/platform/database/jdbc/JDBCType.class
Apr 28, 2022 3:57:10 PM com.sun.enterprise.v3.server.ReadableArchiveScannerAdapter handleEntry
SEVERE: Invalid InputStream returned for org/eclipse/persistence/platform/database/jdbc/JDBCTypes$2.class
Apr 28, 2022 3:57:10 PM com.sun.enterprise.v3.server.ReadableArchiveScannerAdapter handleEntry
SEVERE: Invalid InputStream returned for org/eclipse/persistence/platform/database/jdbc/JDBCTypes$3.class
Apr 28, 2022 3:57:10 PM com.sun.enterprise.v3.server.ReadableArchiveScannerAdapter handleEntry
SEVERE: Invalid InputStream returned for org/eclipse/persistence/platform/database/jdbc/JDBCTypes$4.class
Apr 28, 2022 3:57:10 PM com.sun.enterprise.v3.server.ReadableArchiveScannerAdapter handleEntry
SEVERE: Invalid InputStream returned for org/eclipse/persistence/platform/database/jdbc/JDBCTypes.class
Apr 28, 2022 3:57:10 PM com.sun.enterprise.v3.server.ReadableArchiveScannerAdapter handleEntry
SEVERE: Invalid InputStream returned for org/eclipse/persistence/platform/database/MaxDBPlatform.class
Apr 28, 2022 3:57:10 PM com.sun.enterprise.v3.server.ReadableArchiveScannerAdapter handleEntry
SEVERE: Invalid InputStream returned for org/eclipse/persistence/platform/database/MySQLPlatform.class
Apr 28, 2022 3:57:10 PM com.sun.enterprise.v3.server.ReadableArchiveScannerAdapter handleEntry
SEVERE: Invalid InputStream returned for org/eclipse/persistence/platform/database/oracle/annotations/NamedPLSQLStoredFunctionQueries.class
Apr 28, 2022 3:57:10 PM com.sun.enterprise.v3.server.ReadableArchiveScannerAdapter handleEntry
SEVERE: Invalid InputStream returned for org/eclipse/persistence/platform/database/oracle/annotations/NamedPLSQLStoredFunctionQuery.class
Apr 28, 2022 3:57:10 PM com.sun.enterprise.v3.server.ReadableArchiveScannerAdapter handleEntry
SEVERE: Invalid InputStream returned for org/eclipse/persistence/platform/database/oracle/annotations/NamedPLSQLStoredProcedureQueries.class
Apr 28, 2022 3:57:10 PM com.sun.enterprise.v3.server.ReadableArchiveScannerAdapter handleEntry
SEVERE: Invalid InputStream returned for org/eclipse/persistence/platform/database/oracle/annotations/NamedPLSQLStoredProcedureQuery.class
Apr 28, 2022 3:57:10 PM com.sun.enterprise.v3.server.ReadableArchiveScannerAdapter handleEntry
SEVERE: Invalid InputStream returned for org/eclipse/persistence/platform/database/oracle/annotations/OracleArray.class
Apr 28, 2022 3:57:10 PM com.sun.enterprise.v3.server.ReadableArchiveScannerAdapter handleEntry
SEVERE: Invalid InputStream returned for org/eclipse/persistence/platform/database/oracle/annotations/OracleArrays.class
Apr 28, 2022 3:57:10 PM com.sun.enterprise.v3.server.ReadableArchiveScannerAdapter handleEntry
SEVERE: Invalid InputStream returned for org/eclipse/persistence/platform/database/oracle/annotations/OracleObject.class
Apr 28, 2022 3:57:10 PM com.sun.enterprise.v3.server.ReadableArchiveScannerAdapter handleEntry
SEVERE: Invalid InputStream returned for org/eclipse/persistence/platform/database/oracle/annotations/OracleObjects.class
Apr 28, 2022 3:57:10 PM com.sun.enterprise.v3.server.ReadableArchiveScannerAdapter handleEntry
SEVERE: Invalid InputStream returned for org/eclipse/persistence/platform/database/oracle/annotations/PLSQLParameter.class
Apr 28, 2022 3:57:10 PM com.sun.enterprise.v3.server.ReadableArchiveScannerAdapter handleEntry
SEVERE: Invalid InputStream returned for org/eclipse/persistence/platform/database/oracle/annotations/PLSQLRecord.class
Apr 28, 2022 3:57:10 PM com.sun.enterprise.v3.server.ReadableArchiveScannerAdapter handleEntry
SEVERE: Invalid InputStream returned for org/eclipse/persistence/platform/database/oracle/annotations/PLSQLRecords.class
Apr 28, 2022 3:57:10 PM com.sun.enterprise.v3.server.ReadableArchiveScannerAdapter handleEntry
SEVERE: Invalid InputStream returned for org/eclipse/persistence/platform/database/oracle/annotations/PLSQLTable.class
Apr 28, 2022 3:57:10 PM com.sun.enterprise.v3.server.ReadableArchiveScannerAdapter handleEntry
SEVERE: Invalid InputStream returned for org/eclipse/persistence/platform/database/oracle/annotations/PLSQLTables.class
Apr 28, 2022 3:57:10 PM com.sun.enterprise.v3.server.ReadableArchiveScannerAdapter handleEntry
SEVERE: Invalid InputStream returned for org/eclipse/persistence/platform/database/oracle/converters/JGeometryConverter.class
Apr 28, 2022 3:57:10 PM com.sun.enterprise.v3.server.ReadableArchiveScannerAdapter handleEntry
SEVERE: Invalid InputStream returned for org/eclipse/persistence/platform/database/oracle/dcn/OracleChangeNotificationListener$1.class
Apr 28, 2022 3:57:10 PM com.sun.enterprise.v3.server.ReadableArchiveScannerAdapter handleEntry
SEVERE: Invalid InputStream returned for org/eclipse/persistence/platform/database/oracle/dcn/OracleChangeNotificationListener$2.class
Apr 28, 2022 3:57:10 PM com.sun.enterprise.v3.server.ReadableArchiveScannerAdapter handleEntry
SEVERE: Invalid InputStream returned for org/eclipse/persistence/platform/database/oracle/dcn/OracleChangeNotificationListener.class
Apr 28, 2022 3:57:10 PM com.sun.enterprise.v3.server.ReadableArchiveScannerAdapter handleEntry
SEVERE: Invalid InputStream returned for org/eclipse/persistence/platform/database/oracle/jdbc/OracleArrayType.class
Apr 28, 2022 3:57:10 PM com.sun.enterprise.v3.server.ReadableArchiveScannerAdapter handleEntry
SEVERE: Invalid InputStream returned for org/eclipse/persistence/platform/database/oracle/jdbc/OracleObjectType.class
Apr 28, 2022 3:57:10 PM com.sun.enterprise.v3.server.ReadableArchiveScannerAdapter handleEntry
SEVERE: Invalid InputStream returned for org/eclipse/persistence/platform/database/oracle/NString.class
Apr 28, 2022 3:57:10 PM com.sun.enterprise.v3.server.ReadableArchiveScannerAdapter handleEntry
SEVERE: Invalid InputStream returned for org/eclipse/persistence/platform/database/oracle/Oracle10Platform.class
Apr 28, 2022 3:57:10 PM com.sun.enterprise.v3.server.ReadableArchiveScannerAdapter handleEntry
SEVERE: Invalid InputStream returned for org/eclipse/persistence/platform/database/oracle/Oracle11Platform.class
Apr 28, 2022 3:57:10 PM com.sun.enterprise.v3.server.ReadableArchiveScannerAdapter handleEntry
SEVERE: Invalid InputStream returned for org/eclipse/persistence/platform/database/oracle/Oracle12Platform.class
Apr 28, 2022 3:57:10 PM com.sun.enterprise.v3.server.ReadableArchiveScannerAdapter handleEntry
SEVERE: Invalid InputStream returned for org/eclipse/persistence/platform/database/oracle/Oracle18Platform.class
Apr 28, 2022 3:57:10 PM com.sun.enterprise.v3.server.ReadableArchiveScannerAdapter handleEntry
SEVERE: Invalid InputStream returned for org/eclipse/persistence/platform/database/oracle/Oracle8Platform.class
Apr 28, 2022 3:57:10 PM com.sun.enterprise.v3.server.ReadableArchiveScannerAdapter handleEntry
SEVERE: Invalid InputStream returned for org/eclipse/persistence/platform/database/oracle/Oracle9Platform$NTypeBindCallCustomParameter.class
Apr 28, 2022 3:57:10 PM com.sun.enterprise.v3.server.ReadableArchiveScannerAdapter handleEntry
SEVERE: Invalid InputStream returned for org/eclipse/persistence/platform/database/oracle/Oracle9Platform.class
Apr 28, 2022 3:57:10 PM com.sun.enterprise.v3.server.ReadableArchiveScannerAdapter handleEntry
SEVERE: Invalid InputStream returned for org/eclipse/persistence/platform/database/oracle/OracleJDBC_10_1_0_2ProxyConnectionCustomizer.class
Apr 28, 2022 3:57:10 PM com.sun.enterprise.v3.server.ReadableArchiveScannerAdapter handleEntry
SEVERE: Invalid InputStream returned for org/eclipse/persistence/platform/database/oracle/OracleOCIProxyConnector.class
Apr 28, 2022 3:57:10 PM com.sun.enterprise.v3.server.ReadableArchiveScannerAdapter handleEntry
SEVERE: Invalid InputStream returned for org/eclipse/persistence/platform/database/oracle/plsql/OraclePLSQLType.class
Apr 28, 2022 3:57:10 PM com.sun.enterprise.v3.server.ReadableArchiveScannerAdapter handleEntry
SEVERE: Invalid InputStream returned for org/eclipse/persistence/platform/database/oracle/plsql/OraclePLSQLTypes$1.class
Apr 28, 2022 3:57:10 PM com.sun.enterprise.v3.server.ReadableArchiveScannerAdapter handleEntry
SEVERE: Invalid InputStream returned for org/eclipse/persistence/platform/database/oracle/plsql/OraclePLSQLTypes$2.class
Apr 28, 2022 3:57:10 PM com.sun.enterprise.v3.server.ReadableArchiveScannerAdapter handleEntry
SEVERE: Invalid InputStream returned for org/eclipse/persistence/platform/database/oracle/plsql/OraclePLSQLTypes$3.class
Apr 28, 2022 3:57:10 PM com.sun.enterprise.v3.server.ReadableArchiveScannerAdapter handleEntry
SEVERE: Invalid InputStream returned for org/eclipse/persistence/platform/database/oracle/plsql/OraclePLSQLTypes$4.class
Apr 28, 2022 3:57:10 PM com.sun.enterprise.v3.server.ReadableArchiveScannerAdapter handleEntry
SEVERE: Invalid InputStream returned for org/eclipse/persistence/platform/database/oracle/plsql/OraclePLSQLTypes.class
Apr 28, 2022 3:57:10 PM com.sun.enterprise.v3.server.ReadableArchiveScannerAdapter handleEntry
SEVERE: Invalid InputStream returned for org/eclipse/persistence/platform/database/oracle/plsql/PLSQLargument.class
Apr 28, 2022 3:57:10 PM com.sun.enterprise.v3.server.ReadableArchiveScannerAdapter handleEntry
SEVERE: Invalid InputStream returned for org/eclipse/persistence/platform/database/oracle/plsql/PLSQLCollection.class
Apr 28, 2022 3:57:10 PM com.sun.enterprise.v3.server.ReadableArchiveScannerAdapter handleEntry
SEVERE: Invalid InputStream returned for org/eclipse/persistence/platform/database/oracle/plsql/PLSQLCursor.class
Apr 28, 2022 3:57:10 PM com.sun.enterprise.v3.server.ReadableArchiveScannerAdapter handleEntry
SEVERE: Invalid InputStream returned for org/eclipse/persistence/platform/database/oracle/plsql/PLSQLrecord.class
Apr 28, 2022 3:57:10 PM com.sun.enterprise.v3.server.ReadableArchiveScannerAdapter handleEntry
SEVERE: Invalid InputStream returned for org/eclipse/persistence/platform/database/oracle/plsql/PLSQLStoredFunctionCall.class
Apr 28, 2022 3:57:10 PM com.sun.enterprise.v3.server.ReadableArchiveScannerAdapter handleEntry
SEVERE: Invalid InputStream returned for org/eclipse/persistence/platform/database/oracle/plsql/PLSQLStoredProcedureCall$1.class
Apr 28, 2022 3:57:10 PM com.sun.enterprise.v3.server.ReadableArchiveScannerAdapter handleEntry
SEVERE: Exception while processing org/eclipse/persistence/platform/database/oracle/plsql/PLSQLStoredProcedureCall$2.class inside file:/tmp/gfembed15257743656685566532tmp/applications/classes/ of size 1,556, exception: java.io.FileNotFoundException: /tmp/gfembed15257743656685566532tmp/applications/classes/org/eclipse/persistence/platform/database/oracle/plsql/PLSQLStoredProcedureCall$2.class (No such file or directory)
Apr 28, 2022 3:57:10 PM com.sun.enterprise.v3.server.ReadableArchiveScannerAdapter handleEntry
SEVERE: Invalid InputStream returned for org/eclipse/persistence/platform/database/oracle/plsql/PLSQLStoredProcedureCall$3.class
Apr 28, 2022 3:57:10 PM com.sun.enterprise.v3.server.ReadableArchiveScannerAdapter handleEntry
SEVERE: Invalid InputStream returned for org/eclipse/persistence/platform/database/oracle/plsql/PLSQLStoredProcedureCall$InArgComparer.class
Apr 28, 2022 3:57:10 PM com.sun.enterprise.v3.server.ReadableArchiveScannerAdapter handleEntry
SEVERE: Invalid InputStream returned for org/eclipse/persistence/platform/database/oracle/plsql/PLSQLStoredProcedureCall$OutArgComparer.class
Apr 28, 2022 3:57:10 PM com.sun.enterprise.v3.server.ReadableArchiveScannerAdapter handleEntry
SEVERE: Exception while processing org/eclipse/persistence/platform/database/oracle/plsql/PLSQLStoredProcedureCall$TypeInfo.class inside file:/tmp/gfembed15257743656685566532tmp/applications/classes/ of size 1,156, exception: java.io.FileNotFoundException: /tmp/gfembed15257743656685566532tmp/applications/classes/org/eclipse/persistence/platform/database/oracle/plsql/PLSQLStoredProcedureCall$TypeInfo.class (No such file or directory)
Apr 28, 2022 3:57:10 PM com.sun.enterprise.v3.server.ReadableArchiveScannerAdapter handleEntry
SEVERE: Invalid InputStream returned for org/eclipse/persistence/platform/database/oracle/plsql/PLSQLStoredProcedureCall.class
Apr 28, 2022 3:57:10 PM com.sun.enterprise.v3.server.ReadableArchiveScannerAdapter handleEntry
SEVERE: Invalid InputStream returned for org/eclipse/persistence/platform/database/Oracle12Platform.class
Apr 28, 2022 3:57:10 PM com.sun.enterprise.v3.server.ReadableArchiveScannerAdapter handleEntry
SEVERE: Invalid InputStream returned for org/eclipse/persistence/platform/database/Oracle18Platform.class
Apr 28, 2022 3:57:10 PM com.sun.enterprise.v3.server.ReadableArchiveScannerAdapter handleEntry
SEVERE: Invalid InputStream returned for org/eclipse/persistence/platform/database/Oracle8Platform.class
Apr 28, 2022 3:57:10 PM com.sun.enterprise.v3.server.ReadableArchiveScannerAdapter handleEntry
SEVERE: Invalid InputStream returned for org/eclipse/persistence/platform/database/Oracle9Platform.class
Apr 28, 2022 3:57:10 PM com.sun.enterprise.v3.server.ReadableArchiveScannerAdapter handleEntry
SEVERE: Invalid InputStream returned for org/eclipse/persistence/platform/database/OraclePlatform.class
Apr 28, 2022 3:57:10 PM com.sun.enterprise.v3.server.ReadableArchiveScannerAdapter handleEntry
SEVERE: Invalid InputStream returned for org/eclipse/persistence/platform/database/partitioning/DataPartitioningCallback.class
Apr 28, 2022 3:57:10 PM com.sun.enterprise.v3.server.ReadableArchiveScannerAdapter handleEntry
SEVERE: Invalid InputStream returned for org/eclipse/persistence/platform/database/PointBasePlatform.class
Apr 28, 2022 3:57:10 PM com.sun.enterprise.v3.server.ReadableArchiveScannerAdapter handleEntry
SEVERE: Invalid InputStream returned for org/eclipse/persistence/platform/database/PostgreSQLPlatform.class
Apr 28, 2022 3:57:10 PM com.sun.enterprise.v3.server.ReadableArchiveScannerAdapter handleEntry
SEVERE: Invalid InputStream returned for org/eclipse/persistence/platform/database/SQLAnywherePlatform.class
Apr 28, 2022 3:57:10 PM com.sun.enterprise.v3.server.ReadableArchiveScannerAdapter handleEntry
SEVERE: Invalid InputStream returned for org/eclipse/persistence/platform/database/SQLServerPlatform.class
Apr 28, 2022 3:57:10 PM com.sun.enterprise.v3.server.ReadableArchiveScannerAdapter handleEntry
SEVERE: Invalid InputStream returned for org/eclipse/persistence/platform/database/SybasePlatform.class
Apr 28, 2022 3:57:10 PM com.sun.enterprise.v3.server.ReadableArchiveScannerAdapter handleEntry
SEVERE: Invalid InputStream returned for org/eclipse/persistence/platform/database/SymfowarePlatform.class
Apr 28, 2022 3:57:10 PM com.sun.enterprise.v3.server.ReadableArchiveScannerAdapter handleEntry
SEVERE: Invalid InputStream returned for org/eclipse/persistence/platform/database/TimesTen7Platform.class
Apr 28, 2022 3:57:10 PM com.sun.enterprise.v3.server.ReadableArchiveScannerAdapter handleEntry
SEVERE: Invalid InputStream returned for org/eclipse/persistence/platform/database/TimesTenPlatform.class
Apr 28, 2022 3:57:10 PM com.sun.enterprise.v3.server.ReadableArchiveScannerAdapter handleEntry
SEVERE: Invalid InputStream returned for org/eclipse/persistence/platform/server/CustomServerPlatform.class
Apr 28, 2022 3:57:10 PM com.sun.enterprise.v3.server.ReadableArchiveScannerAdapter handleEntry
SEVERE: Invalid InputStream returned for org/eclipse/persistence/platform/server/glassfish/GlassfishPlatform$1.class
Apr 28, 2022 3:57:10 PM com.sun.enterprise.v3.server.ReadableArchiveScannerAdapter handleEntry
SEVERE: Invalid InputStream returned for org/eclipse/persistence/platform/server/glassfish/GlassfishPlatform.class
Apr 28, 2022 3:57:10 PM com.sun.enterprise.v3.server.ReadableArchiveScannerAdapter handleEntry
SEVERE: Invalid InputStream returned for org/eclipse/persistence/platform/server/glassfish/GlassfishPlatformDetector.class
Apr 28, 2022 3:57:10 PM com.sun.enterprise.v3.server.ReadableArchiveScannerAdapter handleEntry
SEVERE: Invalid InputStream returned for org/eclipse/persistence/platform/server/jboss/JBossPlatform.class
Apr 28, 2022 3:57:10 PM com.sun.enterprise.v3.server.ReadableArchiveScannerAdapter handleEntry
SEVERE: Invalid InputStream returned for org/eclipse/persistence/platform/server/JMXEnabledPlatform.class
Apr 28, 2022 3:57:10 PM com.sun.enterprise.v3.server.ReadableArchiveScannerAdapter handleEntry
SEVERE: Invalid InputStream returned for org/eclipse/persistence/platform/server/JMXServerPlatformBase$1.class
Apr 28, 2022 3:57:10 PM com.sun.enterprise.v3.server.ReadableArchiveScannerAdapter handleEntry
SEVERE: Invalid InputStream returned for org/eclipse/persistence/platform/server/JMXServerPlatformBase.class
Apr 28, 2022 3:57:10 PM com.sun.enterprise.v3.server.ReadableArchiveScannerAdapter handleEntry
SEVERE: Invalid InputStream returned for org/eclipse/persistence/platform/server/NoServerPlatform.class
Apr 28, 2022 3:57:10 PM com.sun.enterprise.v3.server.ReadableArchiveScannerAdapter handleEntry
SEVERE: Invalid InputStream returned for org/eclipse/persistence/platform/server/NoServerPlatformDetector.class
Apr 28, 2022 3:57:10 PM com.sun.enterprise.v3.server.ReadableArchiveScannerAdapter handleEntry
SEVERE: Invalid InputStream returned for org/eclipse/persistence/platform/server/oc4j/Oc4jPlatform.class
Apr 28, 2022 3:57:10 PM com.sun.enterprise.v3.server.ReadableArchiveScannerAdapter handleEntry
SEVERE: Invalid InputStream returned for org/eclipse/persistence/platform/server/sap/SAPNetWeaver_7_1_Platform.class
Apr 28, 2022 3:57:10 PM com.sun.enterprise.v3.server.ReadableArchiveScannerAdapter handleEntry
SEVERE: Invalid InputStream returned for org/eclipse/persistence/platform/server/ServerLog.class
Apr 28, 2022 3:57:10 PM com.sun.enterprise.v3.server.ReadableArchiveScannerAdapter handleEntry
SEVERE: Invalid InputStream returned for org/eclipse/persistence/platform/server/ServerPlatform.class
Apr 28, 2022 3:57:10 PM com.sun.enterprise.v3.server.ReadableArchiveScannerAdapter handleEntry
SEVERE: Invalid InputStream returned for org/eclipse/persistence/platform/server/ServerPlatformBase.class
Apr 28, 2022 3:57:10 PM com.sun.enterprise.v3.server.ReadableArchiveScannerAdapter handleEntry
SEVERE: Invalid InputStream returned for org/eclipse/persistence/platform/server/ServerPlatformDetector.class
Apr 28, 2022 3:57:10 PM com.sun.enterprise.v3.server.ReadableArchiveScannerAdapter handleEntry
SEVERE: Invalid InputStream returned for org/eclipse/persistence/platform/server/ServerPlatformUtils$1.class
Apr 28, 2022 3:57:10 PM com.sun.enterprise.v3.server.ReadableArchiveScannerAdapter handleEntry
SEVERE: Invalid InputStream returned for org/eclipse/persistence/platform/server/ServerPlatformUtils.class
Apr 28, 2022 3:57:10 PM com.sun.enterprise.v3.server.ReadableArchiveScannerAdapter handleEntry
SEVERE: Invalid InputStream returned for org/eclipse/persistence/platform/server/sunas/SunAS9ServerPlatform.class
Apr 28, 2022 3:57:10 PM com.sun.enterprise.v3.server.ReadableArchiveScannerAdapter handleEntry
SEVERE: Invalid InputStream returned for org/eclipse/persistence/platform/server/was/WebSpherePlatform.class
Apr 28, 2022 3:57:10 PM com.sun.enterprise.v3.server.ReadableArchiveScannerAdapter handleEntry
SEVERE: Invalid InputStream returned for org/eclipse/persistence/platform/server/was/WebSpherePlatformDetector$1.class
Apr 28, 2022 3:57:10 PM com.sun.enterprise.v3.server.ReadableArchiveScannerAdapter handleEntry
SEVERE: Invalid InputStream returned for org/eclipse/persistence/platform/server/was/WebSpherePlatformDetector$2.class
Apr 28, 2022 3:57:10 PM com.sun.enterprise.v3.server.ReadableArchiveScannerAdapter handleEntry
SEVERE: Invalid InputStream returned for org/eclipse/persistence/platform/server/was/WebSpherePlatformDetector.class
Apr 28, 2022 3:57:10 PM com.sun.enterprise.v3.server.ReadableArchiveScannerAdapter handleEntry
SEVERE: Invalid InputStream returned for org/eclipse/persistence/platform/server/was/WebSphere_6_1_Platform.class
Apr 28, 2022 3:57:10 PM com.sun.enterprise.v3.server.ReadableArchiveScannerAdapter handleEntry
SEVERE: Invalid InputStream returned for org/eclipse/persistence/platform/server/was/WebSphere_7_Platform$1.class
Apr 28, 2022 3:57:10 PM com.sun.enterprise.v3.server.ReadableArchiveScannerAdapter handleEntry
SEVERE: Invalid InputStream returned for org/eclipse/persistence/platform/server/was/WebSphere_7_Platform.class
Apr 28, 2022 3:57:10 PM com.sun.enterprise.v3.server.ReadableArchiveScannerAdapter handleEntry
SEVERE: Invalid InputStream returned for org/eclipse/persistence/platform/server/was/WebSphere_EJBEmbeddable_Platform.class
Apr 28, 2022 3:57:10 PM com.sun.enterprise.v3.server.ReadableArchiveScannerAdapter handleEntry
SEVERE: Invalid InputStream returned for org/eclipse/persistence/platform/server/was/WebSphere_Liberty_Platform.class
Apr 28, 2022 3:57:10 PM com.sun.enterprise.v3.server.ReadableArchiveScannerAdapter handleEntry
SEVERE: Invalid InputStream returned for org/eclipse/persistence/platform/server/wls/WebLogicPlatformDetector.class
Apr 28, 2022 3:57:10 PM com.sun.enterprise.v3.server.ReadableArchiveScannerAdapter handleEntry
SEVERE: Invalid InputStream returned for org/eclipse/persistence/platform/server/wls/WebLogic_10_Platform.class
Apr 28, 2022 3:57:10 PM com.sun.enterprise.v3.server.ReadableArchiveScannerAdapter handleEntry
SEVERE: Invalid InputStream returned for org/eclipse/persistence/platform/server/wls/WebLogic_12_Platform$ContextHelper$1.class
Apr 28, 2022 3:57:10 PM com.sun.enterprise.v3.server.ReadableArchiveScannerAdapter handleEntry
SEVERE: Invalid InputStream returned for org/eclipse/persistence/platform/server/wls/WebLogic_12_Platform$ContextHelper$2.class
Apr 28, 2022 3:57:10 PM com.sun.enterprise.v3.server.ReadableArchiveScannerAdapter handleEntry
SEVERE: Invalid InputStream returned for org/eclipse/persistence/platform/server/wls/WebLogic_12_Platform$ContextHelper$3.class
Apr 28, 2022 3:57:10 PM com.sun.enterprise.v3.server.ReadableArchiveScannerAdapter handleEntry
SEVERE: Invalid InputStream returned for org/eclipse/persistence/platform/server/wls/WebLogic_12_Platform$ContextHelper$4.class
Apr 28, 2022 3:57:10 PM com.sun.enterprise.v3.server.ReadableArchiveScannerAdapter handleEntry
SEVERE: Invalid InputStream returned for org/eclipse/persistence/platform/server/wls/WebLogic_12_Platform$ContextHelper.class
Apr 28, 2022 3:57:10 PM com.sun.enterprise.v3.server.ReadableArchiveScannerAdapter handleEntry
SEVERE: Invalid InputStream returned for org/eclipse/persistence/platform/server/wls/WebLogic_12_Platform.class
Apr 28, 2022 3:57:10 PM com.sun.enterprise.v3.server.ReadableArchiveScannerAdapter handleEntry
SEVERE: Invalid InputStream returned for org/eclipse/persistence/platform/server/wls/WebLogic_9_Platform.class
Apr 28, 2022 3:57:10 PM com.sun.enterprise.v3.server.ReadableArchiveScannerAdapter handleEntry
SEVERE: Invalid InputStream returned for org/eclipse/persistence/platform/xml/DefaultErrorHandler.class
Apr 28, 2022 3:57:10 PM com.sun.enterprise.v3.server.ReadableArchiveScannerAdapter handleEntry
SEVERE: Invalid InputStream returned for org/eclipse/persistence/platform/xml/jaxp/JAXPNamespaceContext.class
Apr 28, 2022 3:57:10 PM com.sun.enterprise.v3.server.ReadableArchiveScannerAdapter handleEntry
SEVERE: Invalid InputStream returned for org/eclipse/persistence/platform/xml/jaxp/JAXPParser.class
Apr 28, 2022 3:57:10 PM com.sun.enterprise.v3.server.ReadableArchiveScannerAdapter handleEntry
SEVERE: Invalid InputStream returned for org/eclipse/persistence/platform/xml/jaxp/JAXPPlatform.class
Apr 28, 2022 3:57:10 PM com.sun.enterprise.v3.server.ReadableArchiveScannerAdapter handleEntry
SEVERE: Invalid InputStream returned for org/eclipse/persistence/platform/xml/jaxp/JAXPTransformer$TransformerFactoryHelper.class
Apr 28, 2022 3:57:10 PM com.sun.enterprise.v3.server.ReadableArchiveScannerAdapter handleEntry
SEVERE: Invalid InputStream returned for org/eclipse/persistence/platform/xml/jaxp/JAXPTransformer$TransformErrorListener.class
Apr 28, 2022 3:57:10 PM com.sun.enterprise.v3.server.ReadableArchiveScannerAdapter handleEntry
SEVERE: Invalid InputStream returned for org/eclipse/persistence/platform/xml/jaxp/JAXPTransformer.class
Apr 28, 2022 3:57:10 PM com.sun.enterprise.v3.server.ReadableArchiveScannerAdapter handleEntry
SEVERE: Invalid InputStream returned for org/eclipse/persistence/platform/xml/SAXDocumentBuilder.class
Apr 28, 2022 3:57:10 PM com.sun.enterprise.v3.server.ReadableArchiveScannerAdapter handleEntry
SEVERE: Invalid InputStream returned for org/eclipse/persistence/platform/xml/xdk/XDKNamespaceResolver.class
Apr 28, 2022 3:57:10 PM com.sun.enterprise.v3.server.ReadableArchiveScannerAdapter handleEntry
SEVERE: Invalid InputStream returned for org/eclipse/persistence/platform/xml/xdk/XDKParser.class
Apr 28, 2022 3:57:10 PM com.sun.enterprise.v3.server.ReadableArchiveScannerAdapter handleEntry
SEVERE: Invalid InputStream returned for org/eclipse/persistence/platform/xml/xdk/XDKPlatform.class
Apr 28, 2022 3:57:10 PM com.sun.enterprise.v3.server.ReadableArchiveScannerAdapter handleEntry
SEVERE: Invalid InputStream returned for org/eclipse/persistence/platform/xml/xdk/XDKPrintDriver.class
Apr 28, 2022 3:57:10 PM com.sun.enterprise.v3.server.ReadableArchiveScannerAdapter handleEntry
SEVERE: Invalid InputStream returned for org/eclipse/persistence/platform/xml/xdk/XDKTransformer.class
Apr 28, 2022 3:57:10 PM com.sun.enterprise.v3.server.ReadableArchiveScannerAdapter handleEntry
SEVERE: Invalid InputStream returned for org/eclipse/persistence/platform/xml/XMLComparer.class
Apr 28, 2022 3:57:10 PM com.sun.enterprise.v3.server.ReadableArchiveScannerAdapter handleEntry
SEVERE: Invalid InputStream returned for org/eclipse/persistence/platform/xml/XMLNodeList.class
Apr 28, 2022 3:57:10 PM com.sun.enterprise.v3.server.ReadableArchiveScannerAdapter handleEntry
SEVERE: Invalid InputStream returned for org/eclipse/persistence/platform/xml/XMLParser.class
Apr 28, 2022 3:57:10 PM com.sun.enterprise.v3.server.ReadableArchiveScannerAdapter handleEntry
SEVERE: Invalid InputStream returned for org/eclipse/persistence/platform/xml/XMLPlatform.class
Apr 28, 2022 3:57:10 PM com.sun.enterprise.v3.server.ReadableArchiveScannerAdapter handleEntry
SEVERE: Invalid InputStream returned for org/eclipse/persistence/platform/xml/XMLPlatformException.class
Apr 28, 2022 3:57:10 PM com.sun.enterprise.v3.server.ReadableArchiveScannerAdapter handleEntry
SEVERE: Invalid InputStream returned for org/eclipse/persistence/platform/xml/XMLPlatformFactory.class
Apr 28, 2022 3:57:10 PM com.sun.enterprise.v3.server.ReadableArchiveScannerAdapter handleEntry
SEVERE: Invalid InputStream returned for org/eclipse/persistence/platform/xml/XMLSchemaReference.class
Apr 28, 2022 3:57:10 PM com.sun.enterprise.v3.server.ReadableArchiveScannerAdapter handleEntry
SEVERE: Invalid InputStream returned for org/eclipse/persistence/platform/xml/XMLTransformer.class
Apr 28, 2022 3:57:10 PM com.sun.enterprise.v3.server.ReadableArchiveScannerAdapter handleEntry
SEVERE: Invalid InputStream returned for org/eclipse/persistence/queries/ANTLRQueryBuilder.class
Apr 28, 2022 3:57:10 PM com.sun.enterprise.v3.server.ReadableArchiveScannerAdapter handleEntry
SEVERE: Invalid InputStream returned for org/eclipse/persistence/queries/AttributeGroup.class
Apr 28, 2022 3:57:10 PM com.sun.enterprise.v3.server.ReadableArchiveScannerAdapter handleEntry
SEVERE: Invalid InputStream returned for org/eclipse/persistence/queries/BatchFetchPolicy.class
Apr 28, 2022 3:57:10 PM com.sun.enterprise.v3.server.ReadableArchiveScannerAdapter handleEntry
SEVERE: Invalid InputStream returned for org/eclipse/persistence/queries/Call.class
Apr 28, 2022 3:57:10 PM com.sun.enterprise.v3.server.ReadableArchiveScannerAdapter handleEntry
SEVERE: Invalid InputStream returned for org/eclipse/persistence/queries/ColumnResult.class
Apr 28, 2022 3:57:10 PM com.sun.enterprise.v3.server.ReadableArchiveScannerAdapter handleEntry
SEVERE: Invalid InputStream returned for org/eclipse/persistence/queries/ComplexQueryResult.class
Apr 28, 2022 3:57:10 PM com.sun.enterprise.v3.server.ReadableArchiveScannerAdapter handleEntry
SEVERE: Invalid InputStream returned for org/eclipse/persistence/queries/ConstructorReportItem.class
Apr 28, 2022 3:57:10 PM com.sun.enterprise.v3.server.ReadableArchiveScannerAdapter handleEntry
SEVERE: Invalid InputStream returned for org/eclipse/persistence/queries/ConstructorResult.class
Apr 28, 2022 3:57:10 PM com.sun.enterprise.v3.server.ReadableArchiveScannerAdapter handleEntry
SEVERE: Invalid InputStream returned for org/eclipse/persistence/queries/Cursor.class
Apr 28, 2022 3:57:10 PM com.sun.enterprise.v3.server.ReadableArchiveScannerAdapter handleEntry
SEVERE: Invalid InputStream returned for org/eclipse/persistence/queries/CursoredStream.class
Apr 28, 2022 3:57:10 PM com.sun.enterprise.v3.server.ReadableArchiveScannerAdapter handleEntry
SEVERE: Invalid InputStream returned for org/eclipse/persistence/queries/CursoredStreamPolicy.class
Apr 28, 2022 3:57:10 PM com.sun.enterprise.v3.server.ReadableArchiveScannerAdapter handleEntry
SEVERE: Invalid InputStream returned for org/eclipse/persistence/queries/CursorPolicy.class
Apr 28, 2022 3:57:10 PM com.sun.enterprise.v3.server.ReadableArchiveScannerAdapter handleEntry
SEVERE: Invalid InputStream returned for org/eclipse/persistence/queries/DatabaseQuery$ParameterType.class
Apr 28, 2022 3:57:10 PM com.sun.enterprise.v3.server.ReadableArchiveScannerAdapter handleEntry
SEVERE: Invalid InputStream returned for org/eclipse/persistence/queries/DatabaseQuery.class
Apr 28, 2022 3:57:10 PM com.sun.enterprise.v3.server.ReadableArchiveScannerAdapter handleEntry
SEVERE: Invalid InputStream returned for org/eclipse/persistence/queries/DataModifyQuery.class
Apr 28, 2022 3:57:10 PM com.sun.enterprise.v3.server.ReadableArchiveScannerAdapter handleEntry
SEVERE: Invalid InputStream returned for org/eclipse/persistence/queries/DataReadQuery.class
Apr 28, 2022 3:57:10 PM com.sun.enterprise.v3.server.ReadableArchiveScannerAdapter handleEntry
SEVERE: Invalid InputStream returned for org/eclipse/persistence/queries/DeleteAllQuery.class
Apr 28, 2022 3:57:10 PM com.sun.enterprise.v3.server.ReadableArchiveScannerAdapter handleEntry
SEVERE: Invalid InputStream returned for org/eclipse/persistence/queries/DirectReadQuery.class
Apr 28, 2022 3:57:10 PM com.sun.enterprise.v3.server.ReadableArchiveScannerAdapter handleEntry
SEVERE: Invalid InputStream returned for org/eclipse/persistence/queries/DoesExistQuery.class
Apr 28, 2022 3:57:10 PM com.sun.enterprise.v3.server.ReadableArchiveScannerAdapter handleEntry
SEVERE: Invalid InputStream returned for org/eclipse/persistence/queries/EntityResult.class
Apr 28, 2022 3:57:10 PM com.sun.enterprise.v3.server.ReadableArchiveScannerAdapter handleEntry
SEVERE: Invalid InputStream returned for org/eclipse/persistence/queries/FetchGroup.class
Apr 28, 2022 3:57:10 PM com.sun.enterprise.v3.server.ReadableArchiveScannerAdapter handleEntry
SEVERE: Invalid InputStream returned for org/eclipse/persistence/queries/FetchGroupTracker.class
Apr 28, 2022 3:57:10 PM com.sun.enterprise.v3.server.ReadableArchiveScannerAdapter handleEntry
SEVERE: Invalid InputStream returned for org/eclipse/persistence/queries/FieldResult.class
Apr 28, 2022 3:57:10 PM com.sun.enterprise.v3.server.ReadableArchiveScannerAdapter handleEntry
SEVERE: Invalid InputStream returned for org/eclipse/persistence/queries/InMemoryQueryIndirectionPolicy.class
Apr 28, 2022 3:57:10 PM com.sun.enterprise.v3.server.ReadableArchiveScannerAdapter handleEntry
SEVERE: Invalid InputStream returned for org/eclipse/persistence/queries/InsertObjectQuery.class
Apr 28, 2022 3:57:10 PM com.sun.enterprise.v3.server.ReadableArchiveScannerAdapter handleEntry
SEVERE: Invalid InputStream returned for org/eclipse/persistence/queries/JPAQueryBuilder.class
Apr 28, 2022 3:57:10 PM com.sun.enterprise.v3.server.ReadableArchiveScannerAdapter handleEntry
SEVERE: Invalid InputStream returned for org/eclipse/persistence/queries/JPQLCall.class
Apr 28, 2022 3:57:10 PM com.sun.enterprise.v3.server.ReadableArchiveScannerAdapter handleEntry
SEVERE: Invalid InputStream returned for org/eclipse/persistence/queries/LoadGroup.class
Apr 28, 2022 3:57:10 PM com.sun.enterprise.v3.server.ReadableArchiveScannerAdapter handleEntry
SEVERE: Invalid InputStream returned for org/eclipse/persistence/queries/MethodBaseQueryRedirector.class
Apr 28, 2022 3:57:10 PM com.sun.enterprise.v3.server.ReadableArchiveScannerAdapter handleEntry
SEVERE: Invalid InputStream returned for org/eclipse/persistence/queries/ModifyAllQuery.class
Apr 28, 2022 3:57:10 PM com.sun.enterprise.v3.server.ReadableArchiveScannerAdapter handleEntry
SEVERE: Invalid InputStream returned for org/eclipse/persistence/queries/ModifyQuery.class
Apr 28, 2022 3:57:10 PM com.sun.enterprise.v3.server.ReadableArchiveScannerAdapter handleEntry
SEVERE: Invalid InputStream returned for org/eclipse/persistence/queries/ObjectBuildingQuery.class
Apr 28, 2022 3:57:10 PM com.sun.enterprise.v3.server.ReadableArchiveScannerAdapter handleEntry
SEVERE: Invalid InputStream returned for org/eclipse/persistence/queries/ObjectLevelModifyQuery.class
Apr 28, 2022 3:57:10 PM com.sun.enterprise.v3.server.ReadableArchiveScannerAdapter handleEntry
SEVERE: Invalid InputStream returned for org/eclipse/persistence/queries/ObjectLevelReadQuery.class
Apr 28, 2022 3:57:10 PM com.sun.enterprise.v3.server.ReadableArchiveScannerAdapter handleEntry
SEVERE: Invalid InputStream returned for org/eclipse/persistence/queries/QueryByExamplePolicy.class
Apr 28, 2022 3:57:10 PM com.sun.enterprise.v3.server.ReadableArchiveScannerAdapter handleEntry
SEVERE: Invalid InputStream returned for org/eclipse/persistence/queries/QueryRedirector.class
Apr 28, 2022 3:57:10 PM com.sun.enterprise.v3.server.ReadableArchiveScannerAdapter handleEntry
SEVERE: Invalid InputStream returned for org/eclipse/persistence/queries/QueryRedirectorHelper.class
Apr 28, 2022 3:57:10 PM com.sun.enterprise.v3.server.ReadableArchiveScannerAdapter handleEntry
SEVERE: Invalid InputStream returned for org/eclipse/persistence/queries/QueryResultsCachePolicy.class
Apr 28, 2022 3:57:10 PM com.sun.enterprise.v3.server.ReadableArchiveScannerAdapter handleEntry
SEVERE: Invalid InputStream returned for org/eclipse/persistence/queries/ReadAllQuery$Direction.class
Apr 28, 2022 3:57:10 PM com.sun.enterprise.v3.server.ReadableArchiveScannerAdapter handleEntry
SEVERE: Invalid InputStream returned for org/eclipse/persistence/queries/ReadAllQuery.class
Apr 28, 2022 3:57:10 PM com.sun.enterprise.v3.server.ReadableArchiveScannerAdapter handleEntry
SEVERE: Invalid InputStream returned for org/eclipse/persistence/queries/ReadObjectQuery.class
Apr 28, 2022 3:57:10 PM com.sun.enterprise.v3.server.ReadableArchiveScannerAdapter handleEntry
SEVERE: Invalid InputStream returned for org/eclipse/persistence/queries/ReadQuery.class
Apr 28, 2022 3:57:10 PM com.sun.enterprise.v3.server.ReadableArchiveScannerAdapter handleEntry
SEVERE: Invalid InputStream returned for org/eclipse/persistence/queries/ReportQuery.class
Apr 28, 2022 3:57:10 PM com.sun.enterprise.v3.server.ReadableArchiveScannerAdapter handleEntry
SEVERE: Invalid InputStream returned for org/eclipse/persistence/queries/ReportQueryResult$EntryIterator.class
Apr 28, 2022 3:57:10 PM com.sun.enterprise.v3.server.ReadableArchiveScannerAdapter handleEntry
SEVERE: Invalid InputStream returned for org/eclipse/persistence/queries/ReportQueryResult$EntrySet.class
Apr 28, 2022 3:57:10 PM com.sun.enterprise.v3.server.ReadableArchiveScannerAdapter handleEntry
SEVERE: Invalid InputStream returned for org/eclipse/persistence/queries/ReportQueryResult$KeyIterator.class
Apr 28, 2022 3:57:10 PM com.sun.enterprise.v3.server.ReadableArchiveScannerAdapter handleEntry
SEVERE: Invalid InputStream returned for org/eclipse/persistence/queries/ReportQueryResult$KeySet.class
Apr 28, 2022 3:57:10 PM com.sun.enterprise.v3.server.ReadableArchiveScannerAdapter handleEntry
SEVERE: Invalid InputStream returned for org/eclipse/persistence/queries/ReportQueryResult$RecordEntry.class
Apr 28, 2022 3:57:10 PM com.sun.enterprise.v3.server.ReadableArchiveScannerAdapter handleEntry
SEVERE: Invalid InputStream returned for org/eclipse/persistence/queries/ReportQueryResult.class
Apr 28, 2022 3:57:10 PM com.sun.enterprise.v3.server.ReadableArchiveScannerAdapter handleEntry
SEVERE: Invalid InputStream returned for org/eclipse/persistence/queries/ResultSetMappingQuery.class
Apr 28, 2022 3:57:10 PM com.sun.enterprise.v3.server.ReadableArchiveScannerAdapter handleEntry
SEVERE: Invalid InputStream returned for org/eclipse/persistence/queries/ScrollableCursor.class
Apr 28, 2022 3:57:10 PM com.sun.enterprise.v3.server.ReadableArchiveScannerAdapter handleEntry
SEVERE: Invalid InputStream returned for org/eclipse/persistence/queries/ScrollableCursorPolicy.class
Apr 28, 2022 3:57:10 PM com.sun.enterprise.v3.server.ReadableArchiveScannerAdapter handleEntry
SEVERE: Invalid InputStream returned for org/eclipse/persistence/queries/SQLCall.class
Apr 28, 2022 3:57:10 PM com.sun.enterprise.v3.server.ReadableArchiveScannerAdapter handleEntry
SEVERE: Invalid InputStream returned for org/eclipse/persistence/queries/SQLResult.class
Apr 28, 2022 3:57:10 PM com.sun.enterprise.v3.server.ReadableArchiveScannerAdapter handleEntry
SEVERE: Invalid InputStream returned for org/eclipse/persistence/queries/SQLResultSetMapping.class
Apr 28, 2022 3:57:10 PM com.sun.enterprise.v3.server.ReadableArchiveScannerAdapter handleEntry
SEVERE: Invalid InputStream returned for org/eclipse/persistence/queries/StoredFunctionCall.class
Apr 28, 2022 3:57:10 PM com.sun.enterprise.v3.server.ReadableArchiveScannerAdapter handleEntry
SEVERE: Invalid InputStream returned for org/eclipse/persistence/queries/StoredProcedureCall.class
Apr 28, 2022 3:57:10 PM com.sun.enterprise.v3.server.ReadableArchiveScannerAdapter handleEntry
SEVERE: Invalid InputStream returned for org/eclipse/persistence/queries/UpdateAllQuery.class
Apr 28, 2022 3:57:10 PM com.sun.enterprise.v3.server.ReadableArchiveScannerAdapter handleEntry
SEVERE: Invalid InputStream returned for org/eclipse/persistence/queries/UpdateObjectQuery.class
Apr 28, 2022 3:57:10 PM com.sun.enterprise.v3.server.ReadableArchiveScannerAdapter handleEntry
SEVERE: Invalid InputStream returned for org/eclipse/persistence/queries/ValueReadQuery.class
Apr 28, 2022 3:57:10 PM com.sun.enterprise.v3.server.ReadableArchiveScannerAdapter handleEntry
SEVERE: Invalid InputStream returned for org/eclipse/persistence/queries/WriteObjectQuery.class
Apr 28, 2022 3:57:10 PM com.sun.enterprise.v3.server.ReadableArchiveScannerAdapter handleEntry
SEVERE: Invalid InputStream returned for org/eclipse/persistence/sdo/AbstractExternalizableDelegator.class
Apr 28, 2022 3:57:10 PM com.sun.enterprise.v3.server.ReadableArchiveScannerAdapter handleEntry
SEVERE: Invalid InputStream returned for org/eclipse/persistence/sdo/dataobjects/OpenSequencedType.class
Apr 28, 2022 3:57:10 PM com.sun.enterprise.v3.server.ReadableArchiveScannerAdapter handleEntry
SEVERE: Invalid InputStream returned for org/eclipse/persistence/sdo/dataobjects/OpenSequencedTypeImpl.class
Apr 28, 2022 3:57:10 PM com.sun.enterprise.v3.server.ReadableArchiveScannerAdapter handleEntry
SEVERE: Invalid InputStream returned for org/eclipse/persistence/sdo/DefaultValueStore.class
Apr 28, 2022 3:57:10 PM com.sun.enterprise.v3.server.ReadableArchiveScannerAdapter handleEntry
SEVERE: Invalid InputStream returned for org/eclipse/persistence/sdo/helper/ApplicationResolver.class
Apr 28, 2022 3:57:10 PM com.sun.enterprise.v3.server.ReadableArchiveScannerAdapter handleEntry
SEVERE: Invalid InputStream returned for org/eclipse/persistence/sdo/helper/AttributeMimeTypePolicy.class
Apr 28, 2022 3:57:10 PM com.sun.enterprise.v3.server.ReadableArchiveScannerAdapter handleEntry
SEVERE: Invalid InputStream returned for org/eclipse/persistence/sdo/helper/ClassBuffer.class
Apr 28, 2022 3:57:10 PM com.sun.enterprise.v3.server.ReadableArchiveScannerAdapter handleEntry
SEVERE: Invalid InputStream returned for org/eclipse/persistence/sdo/helper/CodeWriter.class
Apr 28, 2022 3:57:10 PM com.sun.enterprise.v3.server.ReadableArchiveScannerAdapter handleEntry
SEVERE: Invalid InputStream returned for org/eclipse/persistence/sdo/helper/DataObjectInputStream.class
Apr 28, 2022 3:57:10 PM com.sun.enterprise.v3.server.ReadableArchiveScannerAdapter handleEntry
SEVERE: Invalid InputStream returned for org/eclipse/persistence/sdo/helper/DefaultSchemaLocationResolver.class
Apr 28, 2022 3:57:10 PM com.sun.enterprise.v3.server.ReadableArchiveScannerAdapter handleEntry
SEVERE: Invalid InputStream returned for org/eclipse/persistence/sdo/helper/DefaultSchemaResolver.class
Apr 28, 2022 3:57:10 PM com.sun.enterprise.v3.server.ReadableArchiveScannerAdapter handleEntry
SEVERE: Invalid InputStream returned for org/eclipse/persistence/sdo/helper/delegates/AbstractHelperDelegator.class
Apr 28, 2022 3:57:10 PM com.sun.enterprise.v3.server.ReadableArchiveScannerAdapter handleEntry
SEVERE: Invalid InputStream returned for org/eclipse/persistence/sdo/helper/delegates/SDODataFactoryDelegate.class
Apr 28, 2022 3:57:10 PM com.sun.enterprise.v3.server.ReadableArchiveScannerAdapter handleEntry
SEVERE: Invalid InputStream returned for org/eclipse/persistence/sdo/helper/delegates/SDODataFactoryDelegator.class
Apr 28, 2022 3:57:10 PM com.sun.enterprise.v3.server.ReadableArchiveScannerAdapter handleEntry
SEVERE: Invalid InputStream returned for org/eclipse/persistence/sdo/helper/delegates/SDOTypeHelperDelegate$SDOWrapperTypeId.class
Apr 28, 2022 3:57:10 PM com.sun.enterprise.v3.server.ReadableArchiveScannerAdapter handleEntry
SEVERE: Invalid InputStream returned for org/eclipse/persistence/sdo/helper/delegates/SDOTypeHelperDelegate.class
Apr 28, 2022 3:57:10 PM com.sun.enterprise.v3.server.ReadableArchiveScannerAdapter handleEntry
SEVERE: Invalid InputStream returned for org/eclipse/persistence/sdo/helper/delegates/SDOTypeHelperDelegator.class
Apr 28, 2022 3:57:10 PM com.sun.enterprise.v3.server.ReadableArchiveScannerAdapter handleEntry
SEVERE: Invalid InputStream returned for org/eclipse/persistence/sdo/helper/delegates/SDOXMLHelperDelegate.class
Apr 28, 2022 3:57:10 PM com.sun.enterprise.v3.server.ReadableArchiveScannerAdapter handleEntry
SEVERE: Invalid InputStream returned for org/eclipse/persistence/sdo/helper/delegates/SDOXMLHelperDelegator.class
Apr 28, 2022 3:57:10 PM com.sun.enterprise.v3.server.ReadableArchiveScannerAdapter handleEntry
SEVERE: Invalid InputStream returned for org/eclipse/persistence/sdo/helper/delegates/SDOXSDHelperDelegate.class
Apr 28, 2022 3:57:10 PM com.sun.enterprise.v3.server.ReadableArchiveScannerAdapter handleEntry
SEVERE: Invalid InputStream returned for org/eclipse/persistence/sdo/helper/delegates/SDOXSDHelperDelegator.class
Apr 28, 2022 3:57:10 PM com.sun.enterprise.v3.server.ReadableArchiveScannerAdapter handleEntry
SEVERE: Invalid InputStream returned for org/eclipse/persistence/sdo/helper/DynamicClassWriter.class
Apr 28, 2022 3:57:10 PM com.sun.enterprise.v3.server.ReadableArchiveScannerAdapter handleEntry
SEVERE: Invalid InputStream returned for org/eclipse/persistence/sdo/helper/extension/OPStack.class
Apr 28, 2022 3:57:10 PM com.sun.enterprise.v3.server.ReadableArchiveScannerAdapter handleEntry
SEVERE: Invalid InputStream returned for org/eclipse/persistence/sdo/helper/extension/SDOUtil.class
Apr 28, 2022 3:57:10 PM com.sun.enterprise.v3.server.ReadableArchiveScannerAdapter handleEntry
SEVERE: Invalid InputStream returned for org/eclipse/persistence/sdo/helper/extension/Token.class
Apr 28, 2022 3:57:10 PM com.sun.enterprise.v3.server.ReadableArchiveScannerAdapter handleEntry
SEVERE: Invalid InputStream returned for org/eclipse/persistence/sdo/helper/extension/XPathExpression.class
Apr 28, 2022 3:57:10 PM com.sun.enterprise.v3.server.ReadableArchiveScannerAdapter handleEntry
SEVERE: Invalid InputStream returned for org/eclipse/persistence/sdo/helper/extension/XPathHelper$QueryPart.class
Apr 28, 2022 3:57:10 PM com.sun.enterprise.v3.server.ReadableArchiveScannerAdapter handleEntry
SEVERE: Invalid InputStream returned for org/eclipse/persistence/sdo/helper/extension/XPathHelper.class
Apr 28, 2022 3:57:10 PM com.sun.enterprise.v3.server.ReadableArchiveScannerAdapter handleEntry
SEVERE: Invalid InputStream returned for org/eclipse/persistence/sdo/helper/FileCodeWriter.class
Apr 28, 2022 3:57:10 PM com.sun.enterprise.v3.server.ReadableArchiveScannerAdapter handleEntry
SEVERE: Invalid InputStream returned for org/eclipse/persistence/sdo/helper/InstanceClassConverter.class
Apr 28, 2022 3:57:10 PM com.sun.enterprise.v3.server.ReadableArchiveScannerAdapter handleEntry
SEVERE: Invalid InputStream returned for org/eclipse/persistence/sdo/helper/jaxb/JAXBClassGenerator.class
Apr 28, 2022 3:57:10 PM com.sun.enterprise.v3.server.ReadableArchiveScannerAdapter handleEntry
SEVERE: Invalid InputStream returned for org/eclipse/persistence/sdo/helper/jaxb/JAXBDataFactory.class
Apr 28, 2022 3:57:10 PM com.sun.enterprise.v3.server.ReadableArchiveScannerAdapter handleEntry
SEVERE: Invalid InputStream returned for org/eclipse/persistence/sdo/helper/jaxb/JAXBHelperContext.class
Apr 28, 2022 3:57:10 PM com.sun.enterprise.v3.server.ReadableArchiveScannerAdapter handleEntry
SEVERE: Invalid InputStream returned for org/eclipse/persistence/sdo/helper/jaxb/JAXBList.class
Apr 28, 2022 3:57:10 PM com.sun.enterprise.v3.server.ReadableArchiveScannerAdapter handleEntry
SEVERE: Invalid InputStream returned for org/eclipse/persistence/sdo/helper/jaxb/JAXBListWrapper.class
Apr 28, 2022 3:57:10 PM com.sun.enterprise.v3.server.ReadableArchiveScannerAdapter handleEntry
SEVERE: Invalid InputStream returned for org/eclipse/persistence/sdo/helper/jaxb/JAXBValueStore.class
Apr 28, 2022 3:57:10 PM com.sun.enterprise.v3.server.ReadableArchiveScannerAdapter handleEntry
SEVERE: Invalid InputStream returned for org/eclipse/persistence/sdo/helper/jaxb/JAXBXMLHelper.class
Apr 28, 2022 3:57:10 PM com.sun.enterprise.v3.server.ReadableArchiveScannerAdapter handleEntry
SEVERE: Invalid InputStream returned for org/eclipse/persistence/sdo/helper/ListWrapper.class
Apr 28, 2022 3:57:10 PM com.sun.enterprise.v3.server.ReadableArchiveScannerAdapter handleEntry
SEVERE: Invalid InputStream returned for org/eclipse/persistence/sdo/helper/MapKeyLookupResult.class
Apr 28, 2022 3:57:10 PM com.sun.enterprise.v3.server.ReadableArchiveScannerAdapter handleEntry
SEVERE: Invalid InputStream returned for org/eclipse/persistence/sdo/helper/metadata/NamespaceURITransformer.class
Apr 28, 2022 3:57:10 PM com.sun.enterprise.v3.server.ReadableArchiveScannerAdapter handleEntry
SEVERE: Invalid InputStream returned for org/eclipse/persistence/sdo/helper/metadata/QNameTransformer.class
Apr 28, 2022 3:57:10 PM com.sun.enterprise.v3.server.ReadableArchiveScannerAdapter handleEntry
SEVERE: Invalid InputStream returned for org/eclipse/persistence/sdo/helper/metadata/TypeStringConverter.class
Apr 28, 2022 3:57:10 PM com.sun.enterprise.v3.server.ReadableArchiveScannerAdapter handleEntry
SEVERE: Invalid InputStream returned for org/eclipse/persistence/sdo/helper/SchemaLocationResolver.class
Apr 28, 2022 3:57:10 PM com.sun.enterprise.v3.server.ReadableArchiveScannerAdapter handleEntry
SEVERE: Invalid InputStream returned for org/eclipse/persistence/sdo/helper/SchemaResolver.class
Apr 28, 2022 3:57:10 PM com.sun.enterprise.v3.server.ReadableArchiveScannerAdapter handleEntry
SEVERE: Invalid InputStream returned for org/eclipse/persistence/sdo/helper/SchemaResolverWrapper.class
Apr 28, 2022 3:57:10 PM com.sun.enterprise.v3.server.ReadableArchiveScannerAdapter handleEntry
SEVERE: Invalid InputStream returned for org/eclipse/persistence/sdo/helper/SDOClassGeneratorListener.class
Apr 28, 2022 3:57:10 PM com.sun.enterprise.v3.server.ReadableArchiveScannerAdapter handleEntry
SEVERE: Invalid InputStream returned for org/eclipse/persistence/sdo/helper/SDOClassLoader.class
Apr 28, 2022 3:57:10 PM com.sun.enterprise.v3.server.ReadableArchiveScannerAdapter handleEntry
SEVERE: Invalid InputStream returned for org/eclipse/persistence/sdo/helper/SDOCopyHelper.class
Apr 28, 2022 3:57:10 PM com.sun.enterprise.v3.server.ReadableArchiveScannerAdapter handleEntry
SEVERE: Invalid InputStream returned for org/eclipse/persistence/sdo/helper/SDOCSUnmarshalListener.class
Apr 28, 2022 3:57:10 PM com.sun.enterprise.v3.server.ReadableArchiveScannerAdapter handleEntry
SEVERE: Invalid InputStream returned for org/eclipse/persistence/sdo/helper/SDODataFactory.class
Apr 28, 2022 3:57:10 PM com.sun.enterprise.v3.server.ReadableArchiveScannerAdapter handleEntry
SEVERE: Invalid InputStream returned for org/eclipse/persistence/sdo/helper/SDODataHelper.class
Apr 28, 2022 3:57:10 PM com.sun.enterprise.v3.server.ReadableArchiveScannerAdapter handleEntry
SEVERE: Invalid InputStream returned for org/eclipse/persistence/sdo/helper/SDOEqualityHelper.class
Apr 28, 2022 3:57:10 PM com.sun.enterprise.v3.server.ReadableArchiveScannerAdapter handleEntry
SEVERE: Invalid InputStream returned for org/eclipse/persistence/sdo/helper/SDOFragmentMappingAttributeAccessor.class
Apr 28, 2022 3:57:10 PM com.sun.enterprise.v3.server.ReadableArchiveScannerAdapter handleEntry
SEVERE: Invalid InputStream returned for org/eclipse/persistence/sdo/helper/SDOHelperContext$DefaultHelperContextResolver.class
Apr 28, 2022 3:57:10 PM com.sun.enterprise.v3.server.ReadableArchiveScannerAdapter handleEntry
SEVERE: Invalid InputStream returned for org/eclipse/persistence/sdo/helper/SDOHelperContext$HelperContextResolver.class
Apr 28, 2022 3:57:10 PM com.sun.enterprise.v3.server.ReadableArchiveScannerAdapter handleEntry
SEVERE: Invalid InputStream returned for org/eclipse/persistence/sdo/helper/SDOHelperContext$MyNotificationFilter.class
Apr 28, 2022 3:57:10 PM com.sun.enterprise.v3.server.ReadableArchiveScannerAdapter handleEntry
SEVERE: Invalid InputStream returned for org/eclipse/persistence/sdo/helper/SDOHelperContext$MyNotificationListener.class
Apr 28, 2022 3:57:10 PM com.sun.enterprise.v3.server.ReadableArchiveScannerAdapter handleEntry
SEVERE: Invalid InputStream returned for org/eclipse/persistence/sdo/helper/SDOHelperContext$ReflectionHelperContextResolver.class
Apr 28, 2022 3:57:10 PM com.sun.enterprise.v3.server.ReadableArchiveScannerAdapter handleEntry
SEVERE: Invalid InputStream returned for org/eclipse/persistence/sdo/helper/SDOHelperContext.class
Apr 28, 2022 3:57:10 PM com.sun.enterprise.v3.server.ReadableArchiveScannerAdapter handleEntry
SEVERE: Invalid InputStream returned for org/eclipse/persistence/sdo/helper/SDOMarshalListener.class
Apr 28, 2022 3:57:10 PM com.sun.enterprise.v3.server.ReadableArchiveScannerAdapter handleEntry
SEVERE: Invalid InputStream returned for org/eclipse/persistence/sdo/helper/SDOMethodAttributeAccessor.class
Apr 28, 2022 3:57:10 PM com.sun.enterprise.v3.server.ReadableArchiveScannerAdapter handleEntry
SEVERE: Invalid InputStream returned for org/eclipse/persistence/sdo/helper/SDOSchemaGenerator.class
Apr 28, 2022 3:57:10 PM com.sun.enterprise.v3.server.ReadableArchiveScannerAdapter handleEntry
SEVERE: Invalid InputStream returned for org/eclipse/persistence/sdo/helper/SDOTypeHelper.class
Apr 28, 2022 3:57:10 PM com.sun.enterprise.v3.server.ReadableArchiveScannerAdapter handleEntry
SEVERE: Invalid InputStream returned for org/eclipse/persistence/sdo/helper/SDOTypesGenerator$GlobalRef.class
Apr 28, 2022 3:57:10 PM com.sun.enterprise.v3.server.ReadableArchiveScannerAdapter handleEntry
SEVERE: Invalid InputStream returned for org/eclipse/persistence/sdo/helper/SDOTypesGenerator$NonContainmentReference.class
Apr 28, 2022 3:57:10 PM com.sun.enterprise.v3.server.ReadableArchiveScannerAdapter handleEntry
SEVERE: Invalid InputStream returned for org/eclipse/persistence/sdo/helper/SDOTypesGenerator.class
Apr 28, 2022 3:57:10 PM com.sun.enterprise.v3.server.ReadableArchiveScannerAdapter handleEntry
SEVERE: Invalid InputStream returned for org/eclipse/persistence/sdo/helper/SDOUnmappedContentHandler.class
Apr 28, 2022 3:57:10 PM com.sun.enterprise.v3.server.ReadableArchiveScannerAdapter handleEntry
SEVERE: Invalid InputStream returned for org/eclipse/persistence/sdo/helper/SDOUnmarshalListener.class
Apr 28, 2022 3:57:10 PM com.sun.enterprise.v3.server.ReadableArchiveScannerAdapter handleEntry
SEVERE: Invalid InputStream returned for org/eclipse/persistence/sdo/helper/SDOXMLHelper.class
Apr 28, 2022 3:57:10 PM com.sun.enterprise.v3.server.ReadableArchiveScannerAdapter handleEntry
SEVERE: Invalid InputStream returned for org/eclipse/persistence/sdo/helper/SDOXSDHelper.class
Apr 28, 2022 3:57:10 PM com.sun.enterprise.v3.server.ReadableArchiveScannerAdapter handleEntry
SEVERE: Invalid InputStream returned for org/eclipse/persistence/sdo/helper/XPathEngine.class
Apr 28, 2022 3:57:10 PM com.sun.enterprise.v3.server.ReadableArchiveScannerAdapter handleEntry
SEVERE: Invalid InputStream returned for org/eclipse/persistence/sdo/SDOChangeSummary.class
Apr 28, 2022 3:57:10 PM com.sun.enterprise.v3.server.ReadableArchiveScannerAdapter handleEntry
SEVERE: Invalid InputStream returned for org/eclipse/persistence/sdo/SDOConstants$1.class
Apr 28, 2022 3:57:10 PM com.sun.enterprise.v3.server.ReadableArchiveScannerAdapter handleEntry
SEVERE: Invalid InputStream returned for org/eclipse/persistence/sdo/SDOConstants.class
Apr 28, 2022 3:57:10 PM com.sun.enterprise.v3.server.ReadableArchiveScannerAdapter handleEntry
SEVERE: Invalid InputStream returned for org/eclipse/persistence/sdo/SDODataGraph.class
Apr 28, 2022 3:57:10 PM com.sun.enterprise.v3.server.ReadableArchiveScannerAdapter handleEntry
SEVERE: Invalid InputStream returned for org/eclipse/persistence/sdo/SDODataObject.class
Apr 28, 2022 3:57:10 PM com.sun.enterprise.v3.server.ReadableArchiveScannerAdapter handleEntry
SEVERE: Invalid InputStream returned for org/eclipse/persistence/sdo/SDOExternalizableDelegator.class
Apr 28, 2022 3:57:10 PM com.sun.enterprise.v3.server.ReadableArchiveScannerAdapter handleEntry
SEVERE: Invalid InputStream returned for org/eclipse/persistence/sdo/SDOHelper.class
Apr 28, 2022 3:57:10 PM com.sun.enterprise.v3.server.ReadableArchiveScannerAdapter handleEntry
SEVERE: Invalid InputStream returned for org/eclipse/persistence/sdo/SDOProperty.class
Apr 28, 2022 3:57:10 PM com.sun.enterprise.v3.server.ReadableArchiveScannerAdapter handleEntry
SEVERE: Invalid InputStream returned for org/eclipse/persistence/sdo/SDOResolvable.class
Apr 28, 2022 3:57:10 PM com.sun.enterprise.v3.server.ReadableArchiveScannerAdapter handleEntry
SEVERE: Invalid InputStream returned for org/eclipse/persistence/sdo/SDOSequence$Key.class
Apr 28, 2022 3:57:10 PM com.sun.enterprise.v3.server.ReadableArchiveScannerAdapter handleEntry
SEVERE: Invalid InputStream returned for org/eclipse/persistence/sdo/SDOSequence.class
Apr 28, 2022 3:57:10 PM com.sun.enterprise.v3.server.ReadableArchiveScannerAdapter handleEntry
SEVERE: Invalid InputStream returned for org/eclipse/persistence/sdo/SDOSetting.class
Apr 28, 2022 3:57:10 PM com.sun.enterprise.v3.server.ReadableArchiveScannerAdapter handleEntry
SEVERE: Invalid InputStream returned for org/eclipse/persistence/sdo/SDOType$TypeInstantiationPolicy.class
Apr 28, 2022 3:57:10 PM com.sun.enterprise.v3.server.ReadableArchiveScannerAdapter handleEntry
SEVERE: Invalid InputStream returned for org/eclipse/persistence/sdo/SDOType.class
Apr 28, 2022 3:57:10 PM com.sun.enterprise.v3.server.ReadableArchiveScannerAdapter handleEntry
SEVERE: Invalid InputStream returned for org/eclipse/persistence/sdo/SDOXMLDocument.class
Apr 28, 2022 3:57:10 PM com.sun.enterprise.v3.server.ReadableArchiveScannerAdapter handleEntry
SEVERE: Invalid InputStream returned for org/eclipse/persistence/sdo/types/SDOChangeSummaryType.class
Apr 28, 2022 3:57:10 PM com.sun.enterprise.v3.server.ReadableArchiveScannerAdapter handleEntry
SEVERE: Invalid InputStream returned for org/eclipse/persistence/sdo/types/SDODataObjectType.class
Apr 28, 2022 3:57:10 PM com.sun.enterprise.v3.server.ReadableArchiveScannerAdapter handleEntry
SEVERE: Invalid InputStream returned for org/eclipse/persistence/sdo/types/SDODataType.class
Apr 28, 2022 3:57:10 PM com.sun.enterprise.v3.server.ReadableArchiveScannerAdapter handleEntry
SEVERE: Invalid InputStream returned for org/eclipse/persistence/sdo/types/SDOObjectType.class
Apr 28, 2022 3:57:10 PM com.sun.enterprise.v3.server.ReadableArchiveScannerAdapter handleEntry
SEVERE: Invalid InputStream returned for org/eclipse/persistence/sdo/types/SDOOpenSequencedType.class
Apr 28, 2022 3:57:10 PM com.sun.enterprise.v3.server.ReadableArchiveScannerAdapter handleEntry
SEVERE: Invalid InputStream returned for org/eclipse/persistence/sdo/types/SDOPropertyType$PropertyImpl.class
Apr 28, 2022 3:57:10 PM com.sun.enterprise.v3.server.ReadableArchiveScannerAdapter handleEntry
SEVERE: Invalid InputStream returned for org/eclipse/persistence/sdo/types/SDOPropertyType.class
Apr 28, 2022 3:57:10 PM com.sun.enterprise.v3.server.ReadableArchiveScannerAdapter handleEntry
SEVERE: Invalid InputStream returned for org/eclipse/persistence/sdo/types/SDOTypeType$TypeImpl.class
Apr 28, 2022 3:57:10 PM com.sun.enterprise.v3.server.ReadableArchiveScannerAdapter handleEntry
SEVERE: Invalid InputStream returned for org/eclipse/persistence/sdo/types/SDOTypeType.class
Apr 28, 2022 3:57:10 PM com.sun.enterprise.v3.server.ReadableArchiveScannerAdapter handleEntry
SEVERE: Invalid InputStream returned for org/eclipse/persistence/sdo/types/SDOWrapperType$BooleanObjectWrapperImpl.class
Apr 28, 2022 3:57:10 PM com.sun.enterprise.v3.server.ReadableArchiveScannerAdapter handleEntry
SEVERE: Invalid InputStream returned for org/eclipse/persistence/sdo/types/SDOWrapperType$BooleanWrapperImpl.class
Apr 28, 2022 3:57:10 PM com.sun.enterprise.v3.server.ReadableArchiveScannerAdapter handleEntry
SEVERE: Invalid InputStream returned for org/eclipse/persistence/sdo/types/SDOWrapperType$ByteObjectWrapperImpl.class
Apr 28, 2022 3:57:10 PM com.sun.enterprise.v3.server.ReadableArchiveScannerAdapter handleEntry
SEVERE: Invalid InputStream returned for org/eclipse/persistence/sdo/types/SDOWrapperType$BytesWrapperImpl.class
Apr 28, 2022 3:57:10 PM com.sun.enterprise.v3.server.ReadableArchiveScannerAdapter handleEntry
SEVERE: Invalid InputStream returned for org/eclipse/persistence/sdo/types/SDOWrapperType$Bytes_hexBunaryWrapperImpl.class
Apr 28, 2022 3:57:10 PM com.sun.enterprise.v3.server.ReadableArchiveScannerAdapter handleEntry
SEVERE: Invalid InputStream returned for org/eclipse/persistence/sdo/types/SDOWrapperType$ByteWrapperImpl.class
Apr 28, 2022 3:57:10 PM com.sun.enterprise.v3.server.ReadableArchiveScannerAdapter handleEntry
SEVERE: Invalid InputStream returned for org/eclipse/persistence/sdo/types/SDOWrapperType$CharacterObjectWrapperImpl.class
Apr 28, 2022 3:57:10 PM com.sun.enterprise.v3.server.ReadableArchiveScannerAdapter handleEntry
SEVERE: Invalid InputStream returned for org/eclipse/persistence/sdo/types/SDOWrapperType$CharacterWrapperImpl.class
Apr 28, 2022 3:57:10 PM com.sun.enterprise.v3.server.ReadableArchiveScannerAdapter handleEntry
SEVERE: Invalid InputStream returned for org/eclipse/persistence/sdo/types/SDOWrapperType$DateTimeWrapperImpl.class
Apr 28, 2022 3:57:10 PM com.sun.enterprise.v3.server.ReadableArchiveScannerAdapter handleEntry
SEVERE: Invalid InputStream returned for org/eclipse/persistence/sdo/types/SDOWrapperType$DateWrapperImpl.class
Apr 28, 2022 3:57:10 PM com.sun.enterprise.v3.server.ReadableArchiveScannerAdapter handleEntry
SEVERE: Invalid InputStream returned for org/eclipse/persistence/sdo/types/SDOWrapperType$DayWrapperImpl.class
Apr 28, 2022 3:57:10 PM com.sun.enterprise.v3.server.ReadableArchiveScannerAdapter handleEntry
SEVERE: Invalid InputStream returned for org/eclipse/persistence/sdo/types/SDOWrapperType$DecimalWrapperImpl.class
Apr 28, 2022 3:57:10 PM com.sun.enterprise.v3.server.ReadableArchiveScannerAdapter handleEntry
SEVERE: Invalid InputStream returned for org/eclipse/persistence/sdo/types/SDOWrapperType$DoubleObjectWrapperImpl.class
Apr 28, 2022 3:57:10 PM com.sun.enterprise.v3.server.ReadableArchiveScannerAdapter handleEntry
SEVERE: Invalid InputStream returned for org/eclipse/persistence/sdo/types/SDOWrapperType$DoubleWrapperImpl.class
Apr 28, 2022 3:57:10 PM com.sun.enterprise.v3.server.ReadableArchiveScannerAdapter handleEntry
SEVERE: Invalid InputStream returned for org/eclipse/persistence/sdo/types/SDOWrapperType$DurationWrapperImpl.class
Apr 28, 2022 3:57:10 PM com.sun.enterprise.v3.server.ReadableArchiveScannerAdapter handleEntry
SEVERE: Invalid InputStream returned for org/eclipse/persistence/sdo/types/SDOWrapperType$FloatObjectWrapperImpl.class
Apr 28, 2022 3:57:10 PM com.sun.enterprise.v3.server.ReadableArchiveScannerAdapter handleEntry
SEVERE: Invalid InputStream returned for org/eclipse/persistence/sdo/types/SDOWrapperType$FloatWrapperImpl.class
Apr 28, 2022 3:57:10 PM com.sun.enterprise.v3.server.ReadableArchiveScannerAdapter handleEntry
SEVERE: Invalid InputStream returned for org/eclipse/persistence/sdo/types/SDOWrapperType$IntegerWrapperImpl.class
Apr 28, 2022 3:57:10 PM com.sun.enterprise.v3.server.ReadableArchiveScannerAdapter handleEntry
SEVERE: Invalid InputStream returned for org/eclipse/persistence/sdo/types/SDOWrapperType$IntObjectWrapperImpl.class
Apr 28, 2022 3:57:10 PM com.sun.enterprise.v3.server.ReadableArchiveScannerAdapter handleEntry
SEVERE: Invalid InputStream returned for org/eclipse/persistence/sdo/types/SDOWrapperType$IntWrapperImpl.class
Apr 28, 2022 3:57:10 PM com.sun.enterprise.v3.server.ReadableArchiveScannerAdapter handleEntry
SEVERE: Invalid InputStream returned for org/eclipse/persistence/sdo/types/SDOWrapperType$LongObjectWrapperImpl.class
Apr 28, 2022 3:57:10 PM com.sun.enterprise.v3.server.ReadableArchiveScannerAdapter handleEntry
SEVERE: Invalid InputStream returned for org/eclipse/persistence/sdo/types/SDOWrapperType$LongWrapperImpl.class
Apr 28, 2022 3:57:10 PM com.sun.enterprise.v3.server.ReadableArchiveScannerAdapter handleEntry
SEVERE: Invalid InputStream returned for org/eclipse/persistence/sdo/types/SDOWrapperType$MonthDayWrapperImpl.class
Apr 28, 2022 3:57:10 PM com.sun.enterprise.v3.server.ReadableArchiveScannerAdapter handleEntry
SEVERE: Invalid InputStream returned for org/eclipse/persistence/sdo/types/SDOWrapperType$MonthWrapperImpl.class
Apr 28, 2022 3:57:10 PM com.sun.enterprise.v3.server.ReadableArchiveScannerAdapter handleEntry
SEVERE: Invalid InputStream returned for org/eclipse/persistence/sdo/types/SDOWrapperType$ObjectWrapperImpl.class
Apr 28, 2022 3:57:10 PM com.sun.enterprise.v3.server.ReadableArchiveScannerAdapter handleEntry
SEVERE: Invalid InputStream returned for org/eclipse/persistence/sdo/types/SDOWrapperType$ShortObjectWrapperImpl.class
Apr 28, 2022 3:57:10 PM com.sun.enterprise.v3.server.ReadableArchiveScannerAdapter handleEntry
SEVERE: Invalid InputStream returned for org/eclipse/persistence/sdo/types/SDOWrapperType$ShortWrapperImpl.class
Apr 28, 2022 3:57:10 PM com.sun.enterprise.v3.server.ReadableArchiveScannerAdapter handleEntry
SEVERE: Invalid InputStream returned for org/eclipse/persistence/sdo/types/SDOWrapperType$StringsWrapperImpl.class
Apr 28, 2022 3:57:10 PM com.sun.enterprise.v3.server.ReadableArchiveScannerAdapter handleEntry
SEVERE: Invalid InputStream returned for org/eclipse/persistence/sdo/types/SDOWrapperType$StringWrapperImpl.class
Apr 28, 2022 3:57:10 PM com.sun.enterprise.v3.server.ReadableArchiveScannerAdapter handleEntry
SEVERE: Invalid InputStream returned for org/eclipse/persistence/sdo/types/SDOWrapperType$TimeWrapperImpl.class
Apr 28, 2022 3:57:10 PM com.sun.enterprise.v3.server.ReadableArchiveScannerAdapter handleEntry
SEVERE: Invalid InputStream returned for org/eclipse/persistence/sdo/types/SDOWrapperType$URIWrapperImpl.class
Apr 28, 2022 3:57:10 PM com.sun.enterprise.v3.server.ReadableArchiveScannerAdapter handleEntry
SEVERE: Invalid InputStream returned for org/eclipse/persistence/sdo/types/SDOWrapperType$URI_QNameWrapperImpl.class
Apr 28, 2022 3:57:10 PM com.sun.enterprise.v3.server.ReadableArchiveScannerAdapter handleEntry
SEVERE: Invalid InputStream returned for org/eclipse/persistence/sdo/types/SDOWrapperType$YearMonthDayWrapperImpl.class
Apr 28, 2022 3:57:10 PM com.sun.enterprise.v3.server.ReadableArchiveScannerAdapter handleEntry
SEVERE: Invalid InputStream returned for org/eclipse/persistence/sdo/types/SDOWrapperType$YearMonthWrapperImpl.class
Apr 28, 2022 3:57:10 PM com.sun.enterprise.v3.server.ReadableArchiveScannerAdapter handleEntry
SEVERE: Invalid InputStream returned for org/eclipse/persistence/sdo/types/SDOWrapperType$YearWrapperImpl.class
Apr 28, 2022 3:57:10 PM com.sun.enterprise.v3.server.ReadableArchiveScannerAdapter handleEntry
SEVERE: Invalid InputStream returned for org/eclipse/persistence/sdo/types/SDOWrapperType.class
Apr 28, 2022 3:57:10 PM com.sun.enterprise.v3.server.ReadableArchiveScannerAdapter handleEntry
SEVERE: Invalid InputStream returned for org/eclipse/persistence/sdo/types/SDOXMLHelperLoadOptionsType.class
Apr 28, 2022 3:57:10 PM com.sun.enterprise.v3.server.ReadableArchiveScannerAdapter handleEntry
SEVERE: Invalid InputStream returned for org/eclipse/persistence/sdo/ValueStore.class
Apr 28, 2022 3:57:10 PM com.sun.enterprise.v3.server.ReadableArchiveScannerAdapter handleEntry
SEVERE: Invalid InputStream returned for org/eclipse/persistence/sequencing/DefaultSequence.class
Apr 28, 2022 3:57:10 PM com.sun.enterprise.v3.server.ReadableArchiveScannerAdapter handleEntry
SEVERE: Invalid InputStream returned for org/eclipse/persistence/sequencing/NativeSequence.class
Apr 28, 2022 3:57:10 PM com.sun.enterprise.v3.server.ReadableArchiveScannerAdapter handleEntry
SEVERE: Invalid InputStream returned for org/eclipse/persistence/sequencing/QuerySequence.class
Apr 28, 2022 3:57:10 PM com.sun.enterprise.v3.server.ReadableArchiveScannerAdapter handleEntry
SEVERE: Invalid InputStream returned for org/eclipse/persistence/sequencing/Sequence.class
Apr 28, 2022 3:57:10 PM com.sun.enterprise.v3.server.ReadableArchiveScannerAdapter handleEntry
SEVERE: Invalid InputStream returned for org/eclipse/persistence/sequencing/SequencingControl.class
Apr 28, 2022 3:57:10 PM com.sun.enterprise.v3.server.ReadableArchiveScannerAdapter handleEntry
SEVERE: Invalid InputStream returned for org/eclipse/persistence/sequencing/StandardSequence.class
Apr 28, 2022 3:57:10 PM com.sun.enterprise.v3.server.ReadableArchiveScannerAdapter handleEntry
SEVERE: Invalid InputStream returned for org/eclipse/persistence/sequencing/TableSequence.class
Apr 28, 2022 3:57:10 PM com.sun.enterprise.v3.server.ReadableArchiveScannerAdapter handleEntry
SEVERE: Invalid InputStream returned for org/eclipse/persistence/sequencing/UnaryTableSequence.class
Apr 28, 2022 3:57:10 PM com.sun.enterprise.v3.server.ReadableArchiveScannerAdapter handleEntry
SEVERE: Invalid InputStream returned for org/eclipse/persistence/sequencing/UUIDSequence.class
Apr 28, 2022 3:57:10 PM com.sun.enterprise.v3.server.ReadableArchiveScannerAdapter handleEntry
SEVERE: Invalid InputStream returned for org/eclipse/persistence/services/ClassSummaryDetailBase.class
Apr 28, 2022 3:57:10 PM com.sun.enterprise.v3.server.ReadableArchiveScannerAdapter handleEntry
SEVERE: Invalid InputStream returned for org/eclipse/persistence/services/DevelopmentServices.class
Apr 28, 2022 3:57:10 PM com.sun.enterprise.v3.server.ReadableArchiveScannerAdapter handleEntry
SEVERE: Invalid InputStream returned for org/eclipse/persistence/services/glassfish/ClassSummaryDetail.class
Apr 28, 2022 3:57:10 PM com.sun.enterprise.v3.server.ReadableArchiveScannerAdapter handleEntry
SEVERE: Exception while processing org/eclipse/persistence/services/glassfish/GlassfishRuntimeServices.class inside file:/tmp/gfembed15257743656685566532tmp/applications/classes/ of size 998, exception: java.io.FileNotFoundException: /tmp/gfembed15257743656685566532tmp/applications/classes/org/eclipse/persistence/services/glassfish/GlassfishRuntimeServices.class (No such file or directory)
Apr 28, 2022 3:57:10 PM com.sun.enterprise.v3.server.ReadableArchiveScannerAdapter handleEntry
SEVERE: Invalid InputStream returned for org/eclipse/persistence/services/glassfish/MBeanGlassfishRuntimeServices.class
Apr 28, 2022 3:57:10 PM com.sun.enterprise.v3.server.ReadableArchiveScannerAdapter handleEntry
SEVERE: Invalid InputStream returned for org/eclipse/persistence/services/glassfish/MBeanGlassfishRuntimeServicesMBean.class
Apr 28, 2022 3:57:11 PM com.sun.enterprise.v3.server.ReadableArchiveScannerAdapter handleEntry
SEVERE: Invalid InputStream returned for org/eclipse/persistence/services/RuntimeServices.class
Apr 28, 2022 3:57:11 PM com.sun.enterprise.v3.server.ReadableArchiveScannerAdapter handleEntry
SEVERE: Invalid InputStream returned for org/eclipse/persistence/services/weblogic/ClassSummaryDetail.class
Apr 28, 2022 3:57:11 PM com.sun.enterprise.v3.server.ReadableArchiveScannerAdapter handleEntry
SEVERE: Invalid InputStream returned for org/eclipse/persistence/services/weblogic/MBeanWebLogicRuntimeServices.class
Apr 28, 2022 3:57:11 PM com.sun.enterprise.v3.server.ReadableArchiveScannerAdapter handleEntry
SEVERE: Invalid InputStream returned for org/eclipse/persistence/services/weblogic/MBeanWebLogicRuntimeServicesMBean.class
Apr 28, 2022 3:57:11 PM com.sun.enterprise.v3.server.ReadableArchiveScannerAdapter handleEntry
SEVERE: Invalid InputStream returned for org/eclipse/persistence/services/weblogic/WebLogicRuntimeServices.class
Apr 28, 2022 3:57:11 PM com.sun.enterprise.v3.server.ReadableArchiveScannerAdapter handleEntry
SEVERE: Invalid InputStream returned for org/eclipse/persistence/services/websphere/ClassSummaryDetail.class
Apr 28, 2022 3:57:11 PM com.sun.enterprise.v3.server.ReadableArchiveScannerAdapter handleEntry
SEVERE: Invalid InputStream returned for org/eclipse/persistence/services/websphere/MBeanWebSphereRuntimeServices.class
Apr 28, 2022 3:57:11 PM com.sun.enterprise.v3.server.ReadableArchiveScannerAdapter handleEntry
SEVERE: Invalid InputStream returned for org/eclipse/persistence/services/websphere/MBeanWebSphereRuntimeServicesMBean.class
Apr 28, 2022 3:57:11 PM com.sun.enterprise.v3.server.ReadableArchiveScannerAdapter handleEntry
SEVERE: Invalid InputStream returned for org/eclipse/persistence/services/websphere/WebSphereRuntimeServices.class
Apr 28, 2022 3:57:11 PM com.sun.enterprise.v3.server.ReadableArchiveScannerAdapter handleEntry
SEVERE: Invalid InputStream returned for org/eclipse/persistence/sessions/broker/SessionBroker.class
Apr 28, 2022 3:57:11 PM com.sun.enterprise.v3.server.ReadableArchiveScannerAdapter handleEntry
SEVERE: Invalid InputStream returned for org/eclipse/persistence/sessions/changesets/AggregateChangeRecord.class
Apr 28, 2022 3:57:11 PM com.sun.enterprise.v3.server.ReadableArchiveScannerAdapter handleEntry
SEVERE: Invalid InputStream returned for org/eclipse/persistence/sessions/changesets/AggregateCollectionChangeRecord.class
Apr 28, 2022 3:57:11 PM com.sun.enterprise.v3.server.ReadableArchiveScannerAdapter handleEntry
SEVERE: Invalid InputStream returned for org/eclipse/persistence/sessions/changesets/ChangeRecord.class
Apr 28, 2022 3:57:11 PM com.sun.enterprise.v3.server.ReadableArchiveScannerAdapter handleEntry
SEVERE: Invalid InputStream returned for org/eclipse/persistence/sessions/changesets/CollectionChangeRecord.class
Apr 28, 2022 3:57:11 PM com.sun.enterprise.v3.server.ReadableArchiveScannerAdapter handleEntry
SEVERE: Invalid InputStream returned for org/eclipse/persistence/sessions/changesets/DirectCollectionChangeRecord.class
Apr 28, 2022 3:57:11 PM com.sun.enterprise.v3.server.ReadableArchiveScannerAdapter handleEntry
SEVERE: Invalid InputStream returned for org/eclipse/persistence/sessions/changesets/DirectToFieldChangeRecord.class
Apr 28, 2022 3:57:11 PM com.sun.enterprise.v3.server.ReadableArchiveScannerAdapter handleEntry
SEVERE: Invalid InputStream returned for org/eclipse/persistence/sessions/changesets/EISCollectionChangeRecord.class
Apr 28, 2022 3:57:11 PM com.sun.enterprise.v3.server.ReadableArchiveScannerAdapter handleEntry
SEVERE: Invalid InputStream returned for org/eclipse/persistence/sessions/changesets/EISOrderedCollectionChangeRecord.class
Apr 28, 2022 3:57:11 PM com.sun.enterprise.v3.server.ReadableArchiveScannerAdapter handleEntry
SEVERE: Invalid InputStream returned for org/eclipse/persistence/sessions/changesets/ObjectChangeSet.class
Apr 28, 2022 3:57:11 PM com.sun.enterprise.v3.server.ReadableArchiveScannerAdapter handleEntry
SEVERE: Invalid InputStream returned for org/eclipse/persistence/sessions/changesets/ObjectReferenceChangeRecord.class
Apr 28, 2022 3:57:11 PM com.sun.enterprise.v3.server.ReadableArchiveScannerAdapter handleEntry
SEVERE: Invalid InputStream returned for org/eclipse/persistence/sessions/changesets/TransformationMappingChangeRecord.class
Apr 28, 2022 3:57:11 PM com.sun.enterprise.v3.server.ReadableArchiveScannerAdapter handleEntry
SEVERE: Invalid InputStream returned for org/eclipse/persistence/sessions/changesets/UnitOfWorkChangeSet.class
Apr 28, 2022 3:57:11 PM com.sun.enterprise.v3.server.ReadableArchiveScannerAdapter handleEntry
SEVERE: Invalid InputStream returned for org/eclipse/persistence/sessions/Connector.class
Apr 28, 2022 3:57:11 PM com.sun.enterprise.v3.server.ReadableArchiveScannerAdapter handleEntry
SEVERE: Invalid InputStream returned for org/eclipse/persistence/sessions/coordination/broadcast/BroadcastTransportManager.class
Apr 28, 2022 3:57:11 PM com.sun.enterprise.v3.server.ReadableArchiveScannerAdapter handleEntry
SEVERE: Invalid InputStream returned for org/eclipse/persistence/sessions/coordination/Command.class
Apr 28, 2022 3:57:11 PM com.sun.enterprise.v3.server.ReadableArchiveScannerAdapter handleEntry
SEVERE: Invalid InputStream returned for org/eclipse/persistence/sessions/coordination/CommandConverter.class
Apr 28, 2022 3:57:11 PM com.sun.enterprise.v3.server.ReadableArchiveScannerAdapter handleEntry
SEVERE: Invalid InputStream returned for org/eclipse/persistence/sessions/coordination/CommandManager.class
Apr 28, 2022 3:57:11 PM com.sun.enterprise.v3.server.ReadableArchiveScannerAdapter handleEntry
SEVERE: Invalid InputStream returned for org/eclipse/persistence/sessions/coordination/CommandProcessor.class
Apr 28, 2022 3:57:11 PM com.sun.enterprise.v3.server.ReadableArchiveScannerAdapter handleEntry
SEVERE: Invalid InputStream returned for org/eclipse/persistence/sessions/coordination/corba/sun/SunCORBATransportManager.class
Apr 28, 2022 3:57:11 PM com.sun.enterprise.v3.server.ReadableArchiveScannerAdapter handleEntry
SEVERE: Invalid InputStream returned for org/eclipse/persistence/sessions/coordination/DiscoveryManager.class
Apr 28, 2022 3:57:11 PM com.sun.enterprise.v3.server.ReadableArchiveScannerAdapter handleEntry
SEVERE: Invalid InputStream returned for org/eclipse/persistence/sessions/coordination/jms/JMSPublishingHelper.class
Apr 28, 2022 3:57:11 PM com.sun.enterprise.v3.server.ReadableArchiveScannerAdapter handleEntry
SEVERE: Invalid InputStream returned for org/eclipse/persistence/sessions/coordination/jms/JMSPublishingTransportManager.class
Apr 28, 2022 3:57:11 PM com.sun.enterprise.v3.server.ReadableArchiveScannerAdapter handleEntry
SEVERE: Invalid InputStream returned for org/eclipse/persistence/sessions/coordination/jms/JMSTopicTransportManager$1.class
Apr 28, 2022 3:57:11 PM com.sun.enterprise.v3.server.ReadableArchiveScannerAdapter handleEntry
SEVERE: Invalid InputStream returned for org/eclipse/persistence/sessions/coordination/jms/JMSTopicTransportManager.class
Apr 28, 2022 3:57:11 PM com.sun.enterprise.v3.server.ReadableArchiveScannerAdapter handleEntry
SEVERE: Invalid InputStream returned for org/eclipse/persistence/sessions/coordination/MergeChangeSetCommand.class
Apr 28, 2022 3:57:11 PM com.sun.enterprise.v3.server.ReadableArchiveScannerAdapter handleEntry
SEVERE: Invalid InputStream returned for org/eclipse/persistence/sessions/coordination/MetadataRefreshListener.class
Apr 28, 2022 3:57:11 PM com.sun.enterprise.v3.server.ReadableArchiveScannerAdapter handleEntry
SEVERE: Invalid InputStream returned for org/eclipse/persistence/sessions/coordination/RemoteCommandManager.class
Apr 28, 2022 3:57:11 PM com.sun.enterprise.v3.server.ReadableArchiveScannerAdapter handleEntry
SEVERE: Invalid InputStream returned for org/eclipse/persistence/sessions/coordination/rmi/RMITransportManager.class
Apr 28, 2022 3:57:11 PM com.sun.enterprise.v3.server.ReadableArchiveScannerAdapter handleEntry
SEVERE: Invalid InputStream returned for org/eclipse/persistence/sessions/coordination/ServiceId.class
Apr 28, 2022 3:57:11 PM com.sun.enterprise.v3.server.ReadableArchiveScannerAdapter handleEntry
SEVERE: Invalid InputStream returned for org/eclipse/persistence/sessions/coordination/TransportManager.class
Apr 28, 2022 3:57:11 PM com.sun.enterprise.v3.server.ReadableArchiveScannerAdapter handleEntry
SEVERE: Invalid InputStream returned for org/eclipse/persistence/sessions/CopyGroup.class
Apr 28, 2022 3:57:11 PM com.sun.enterprise.v3.server.ReadableArchiveScannerAdapter handleEntry
SEVERE: Invalid InputStream returned for org/eclipse/persistence/sessions/DatabaseLogin.class
Apr 28, 2022 3:57:11 PM com.sun.enterprise.v3.server.ReadableArchiveScannerAdapter handleEntry
SEVERE: Invalid InputStream returned for org/eclipse/persistence/sessions/DatabaseRecord.class
Apr 28, 2022 3:57:11 PM com.sun.enterprise.v3.server.ReadableArchiveScannerAdapter handleEntry
SEVERE: Invalid InputStream returned for org/eclipse/persistence/sessions/DatabaseSession.class
Apr 28, 2022 3:57:11 PM com.sun.enterprise.v3.server.ReadableArchiveScannerAdapter handleEntry
SEVERE: Invalid InputStream returned for org/eclipse/persistence/sessions/DatasourceLogin.class
Apr 28, 2022 3:57:11 PM com.sun.enterprise.v3.server.ReadableArchiveScannerAdapter handleEntry
SEVERE: Invalid InputStream returned for org/eclipse/persistence/sessions/DefaultConnector.class
Apr 28, 2022 3:57:11 PM com.sun.enterprise.v3.server.ReadableArchiveScannerAdapter handleEntry
SEVERE: Invalid InputStream returned for org/eclipse/persistence/sessions/DirectConnector.class
Apr 28, 2022 3:57:11 PM com.sun.enterprise.v3.server.ReadableArchiveScannerAdapter handleEntry
SEVERE: Invalid InputStream returned for org/eclipse/persistence/sessions/ExternalTransactionController.class
Apr 28, 2022 3:57:11 PM com.sun.enterprise.v3.server.ReadableArchiveScannerAdapter handleEntry
SEVERE: Invalid InputStream returned for org/eclipse/persistence/sessions/factories/DescriptorCustomizer.class
Apr 28, 2022 3:57:11 PM com.sun.enterprise.v3.server.ReadableArchiveScannerAdapter handleEntry
SEVERE: Invalid InputStream returned for org/eclipse/persistence/sessions/factories/OracleDirectToXMLTypeMappingHelper.class
Apr 28, 2022 3:57:11 PM com.sun.enterprise.v3.server.ReadableArchiveScannerAdapter handleEntry
SEVERE: Invalid InputStream returned for org/eclipse/persistence/sessions/factories/ProjectClassGenerator.class
Apr 28, 2022 3:57:11 PM com.sun.enterprise.v3.server.ReadableArchiveScannerAdapter handleEntry
SEVERE: Invalid InputStream returned for org/eclipse/persistence/sessions/factories/SessionCustomizer.class
Apr 28, 2022 3:57:11 PM com.sun.enterprise.v3.server.ReadableArchiveScannerAdapter handleEntry
SEVERE: Invalid InputStream returned for org/eclipse/persistence/sessions/factories/SessionFactory.class
Apr 28, 2022 3:57:11 PM com.sun.enterprise.v3.server.ReadableArchiveScannerAdapter handleEntry
SEVERE: Invalid InputStream returned for org/eclipse/persistence/sessions/factories/SessionManager.class
Apr 28, 2022 3:57:11 PM com.sun.enterprise.v3.server.ReadableArchiveScannerAdapter handleEntry
SEVERE: Invalid InputStream returned for org/eclipse/persistence/sessions/factories/TableCreatorClassGenerator.class
Apr 28, 2022 3:57:11 PM com.sun.enterprise.v3.server.ReadableArchiveScannerAdapter handleEntry
SEVERE: Invalid InputStream returned for org/eclipse/persistence/sessions/factories/XMLProjectReader$XMLSchemaResolver.class
Apr 28, 2022 3:57:11 PM com.sun.enterprise.v3.server.ReadableArchiveScannerAdapter handleEntry
SEVERE: Invalid InputStream returned for org/eclipse/persistence/sessions/factories/XMLProjectReader.class
Apr 28, 2022 3:57:11 PM com.sun.enterprise.v3.server.ReadableArchiveScannerAdapter handleEntry
SEVERE: Invalid InputStream returned for org/eclipse/persistence/sessions/factories/XMLProjectWriter.class
Apr 28, 2022 3:57:11 PM com.sun.enterprise.v3.server.ReadableArchiveScannerAdapter handleEntry
SEVERE: Invalid InputStream returned for org/eclipse/persistence/sessions/factories/XMLSessionConfigLoader$XMLSessionConfigLoaderErrorHandler.class
Apr 28, 2022 3:57:11 PM com.sun.enterprise.v3.server.ReadableArchiveScannerAdapter handleEntry
SEVERE: Invalid InputStream returned for org/eclipse/persistence/sessions/factories/XMLSessionConfigLoader.class
Apr 28, 2022 3:57:11 PM com.sun.enterprise.v3.server.ReadableArchiveScannerAdapter handleEntry
SEVERE: Invalid InputStream returned for org/eclipse/persistence/sessions/IdentityMapAccessor.class
Apr 28, 2022 3:57:11 PM com.sun.enterprise.v3.server.ReadableArchiveScannerAdapter handleEntry
SEVERE: Invalid InputStream returned for org/eclipse/persistence/sessions/interceptors/CacheInterceptor.class
Apr 28, 2022 3:57:11 PM com.sun.enterprise.v3.server.ReadableArchiveScannerAdapter handleEntry
SEVERE: Invalid InputStream returned for org/eclipse/persistence/sessions/interceptors/CacheKeyInterceptor.class
Apr 28, 2022 3:57:11 PM com.sun.enterprise.v3.server.ReadableArchiveScannerAdapter handleEntry
SEVERE: Invalid InputStream returned for org/eclipse/persistence/sessions/Login.class
Apr 28, 2022 3:57:11 PM com.sun.enterprise.v3.server.ReadableArchiveScannerAdapter handleEntry
SEVERE: Invalid InputStream returned for org/eclipse/persistence/sessions/ObjectCopyingPolicy.class
Apr 28, 2022 3:57:11 PM com.sun.enterprise.v3.server.ReadableArchiveScannerAdapter handleEntry
SEVERE: Invalid InputStream returned for org/eclipse/persistence/sessions/Project.class
Apr 28, 2022 3:57:11 PM com.sun.enterprise.v3.server.ReadableArchiveScannerAdapter handleEntry
SEVERE: Invalid InputStream returned for org/eclipse/persistence/sessions/Record.class
Apr 28, 2022 3:57:11 PM com.sun.enterprise.v3.server.ReadableArchiveScannerAdapter handleEntry
SEVERE: Invalid InputStream returned for org/eclipse/persistence/sessions/remote/corba/sun/CORBAConnection.class
Apr 28, 2022 3:57:11 PM com.sun.enterprise.v3.server.ReadableArchiveScannerAdapter handleEntry
SEVERE: Invalid InputStream returned for org/eclipse/persistence/sessions/remote/corba/sun/CORBARemoteSessionController.class
Apr 28, 2022 3:57:11 PM com.sun.enterprise.v3.server.ReadableArchiveScannerAdapter handleEntry
SEVERE: Invalid InputStream returned for org/eclipse/persistence/sessions/remote/corba/sun/CORBARemoteSessionControllerDispatcher.class
Apr 28, 2022 3:57:11 PM com.sun.enterprise.v3.server.ReadableArchiveScannerAdapter handleEntry
SEVERE: Invalid InputStream returned for org/eclipse/persistence/sessions/remote/corba/sun/CORBARemoteSessionControllerHelper.class
Apr 28, 2022 3:57:11 PM com.sun.enterprise.v3.server.ReadableArchiveScannerAdapter handleEntry
SEVERE: Invalid InputStream returned for org/eclipse/persistence/sessions/remote/corba/sun/CORBARemoteSessionControllerHolder.class
Apr 28, 2022 3:57:11 PM com.sun.enterprise.v3.server.ReadableArchiveScannerAdapter handleEntry
SEVERE: Invalid InputStream returned for org/eclipse/persistence/sessions/remote/corba/sun/CORBARemoteSessionControllerOperations.class
Apr 28, 2022 3:57:11 PM com.sun.enterprise.v3.server.ReadableArchiveScannerAdapter handleEntry
SEVERE: Invalid InputStream returned for org/eclipse/persistence/sessions/remote/corba/sun/TransporterDefaultFactory.class
Apr 28, 2022 3:57:11 PM com.sun.enterprise.v3.server.ReadableArchiveScannerAdapter handleEntry
SEVERE: Invalid InputStream returned for org/eclipse/persistence/sessions/remote/corba/sun/TransporterHelper.class
Apr 28, 2022 3:57:11 PM com.sun.enterprise.v3.server.ReadableArchiveScannerAdapter handleEntry
SEVERE: Invalid InputStream returned for org/eclipse/persistence/sessions/remote/corba/sun/TransporterHolder.class
Apr 28, 2022 3:57:11 PM com.sun.enterprise.v3.server.ReadableArchiveScannerAdapter handleEntry
SEVERE: Invalid InputStream returned for org/eclipse/persistence/sessions/remote/corba/sun/_CORBARemoteSessionControllerImplBase.class
Apr 28, 2022 3:57:11 PM com.sun.enterprise.v3.server.ReadableArchiveScannerAdapter handleEntry
SEVERE: Invalid InputStream returned for org/eclipse/persistence/sessions/remote/corba/sun/_CORBARemoteSessionControllerStub.class
Apr 28, 2022 3:57:11 PM com.sun.enterprise.v3.server.ReadableArchiveScannerAdapter handleEntry
SEVERE: Invalid InputStream returned for org/eclipse/persistence/sessions/remote/DistributedSession.class
Apr 28, 2022 3:57:11 PM com.sun.enterprise.v3.server.ReadableArchiveScannerAdapter handleEntry
SEVERE: Invalid InputStream returned for org/eclipse/persistence/sessions/remote/RemoteSession.class
Apr 28, 2022 3:57:11 PM com.sun.enterprise.v3.server.ReadableArchiveScannerAdapter handleEntry
SEVERE: Invalid InputStream returned for org/eclipse/persistence/sessions/remote/rmi/iiop/RMIConnection.class
Apr 28, 2022 3:57:11 PM com.sun.enterprise.v3.server.ReadableArchiveScannerAdapter handleEntry
SEVERE: Invalid InputStream returned for org/eclipse/persistence/sessions/remote/rmi/iiop/RMIRemoteSessionController.class
Apr 28, 2022 3:57:11 PM com.sun.enterprise.v3.server.ReadableArchiveScannerAdapter handleEntry
SEVERE: Invalid InputStream returned for org/eclipse/persistence/sessions/remote/rmi/iiop/RMIRemoteSessionControllerDispatcher.class
Apr 28, 2022 3:57:11 PM com.sun.enterprise.v3.server.ReadableArchiveScannerAdapter handleEntry
SEVERE: Invalid InputStream returned for org/eclipse/persistence/sessions/remote/rmi/iiop/_RMIRemoteSessionControllerDispatcher_Tie.class
Apr 28, 2022 3:57:11 PM com.sun.enterprise.v3.server.ReadableArchiveScannerAdapter handleEntry
SEVERE: Invalid InputStream returned for org/eclipse/persistence/sessions/remote/rmi/iiop/_RMIRemoteSessionController_Stub.class
Apr 28, 2022 3:57:11 PM com.sun.enterprise.v3.server.ReadableArchiveScannerAdapter handleEntry
SEVERE: Invalid InputStream returned for org/eclipse/persistence/sessions/remote/rmi/RMIConnection.class
Apr 28, 2022 3:57:11 PM com.sun.enterprise.v3.server.ReadableArchiveScannerAdapter handleEntry
SEVERE: Invalid InputStream returned for org/eclipse/persistence/sessions/remote/rmi/RMIRemoteSessionController.class
Apr 28, 2022 3:57:11 PM com.sun.enterprise.v3.server.ReadableArchiveScannerAdapter handleEntry
SEVERE: Invalid InputStream returned for org/eclipse/persistence/sessions/remote/rmi/RMIRemoteSessionControllerDispatcher.class
Apr 28, 2022 3:57:11 PM com.sun.enterprise.v3.server.ReadableArchiveScannerAdapter handleEntry
SEVERE: Invalid InputStream returned for org/eclipse/persistence/sessions/remote/rmi/RMIServerSessionManager.class
Apr 28, 2022 3:57:11 PM com.sun.enterprise.v3.server.ReadableArchiveScannerAdapter handleEntry
SEVERE: Invalid InputStream returned for org/eclipse/persistence/sessions/remote/rmi/RMIServerSessionManagerDispatcher.class
Apr 28, 2022 3:57:11 PM com.sun.enterprise.v3.server.ReadableArchiveScannerAdapter handleEntry
SEVERE: Invalid InputStream returned for org/eclipse/persistence/sessions/serializers/JSONSerializer.class
Apr 28, 2022 3:57:11 PM com.sun.enterprise.v3.server.ReadableArchiveScannerAdapter handleEntry
SEVERE: Invalid InputStream returned for org/eclipse/persistence/sessions/serializers/Serializer.class
Apr 28, 2022 3:57:11 PM com.sun.enterprise.v3.server.ReadableArchiveScannerAdapter handleEntry
SEVERE: Invalid InputStream returned for org/eclipse/persistence/sessions/serializers/XMLSerializer.class
Apr 28, 2022 3:57:11 PM com.sun.enterprise.v3.server.ReadableArchiveScannerAdapter handleEntry
SEVERE: Invalid InputStream returned for org/eclipse/persistence/sessions/server/ClientSession.class
Apr 28, 2022 3:57:11 PM com.sun.enterprise.v3.server.ReadableArchiveScannerAdapter handleEntry
SEVERE: Invalid InputStream returned for org/eclipse/persistence/sessions/server/ConnectionPolicy$ExclusiveMode.class
Apr 28, 2022 3:57:11 PM com.sun.enterprise.v3.server.ReadableArchiveScannerAdapter handleEntry
SEVERE: Invalid InputStream returned for org/eclipse/persistence/sessions/server/ConnectionPolicy.class
Apr 28, 2022 3:57:11 PM com.sun.enterprise.v3.server.ReadableArchiveScannerAdapter handleEntry
SEVERE: Invalid InputStream returned for org/eclipse/persistence/sessions/server/ConnectionPool.class
Apr 28, 2022 3:57:11 PM com.sun.enterprise.v3.server.ReadableArchiveScannerAdapter handleEntry
SEVERE: Invalid InputStream returned for org/eclipse/persistence/sessions/server/ExternalConnectionPool.class
Apr 28, 2022 3:57:11 PM com.sun.enterprise.v3.server.ReadableArchiveScannerAdapter handleEntry
SEVERE: Invalid InputStream returned for org/eclipse/persistence/sessions/server/ReadConnectionPool.class
Apr 28, 2022 3:57:11 PM com.sun.enterprise.v3.server.ReadableArchiveScannerAdapter handleEntry
SEVERE: Invalid InputStream returned for org/eclipse/persistence/sessions/server/Server.class
Apr 28, 2022 3:57:11 PM com.sun.enterprise.v3.server.ReadableArchiveScannerAdapter handleEntry
SEVERE: Invalid InputStream returned for org/eclipse/persistence/sessions/server/ServerSession.class
Apr 28, 2022 3:57:11 PM com.sun.enterprise.v3.server.ReadableArchiveScannerAdapter handleEntry
SEVERE: Invalid InputStream returned for org/eclipse/persistence/sessions/Session.class
Apr 28, 2022 3:57:11 PM com.sun.enterprise.v3.server.ReadableArchiveScannerAdapter handleEntry
SEVERE: Invalid InputStream returned for org/eclipse/persistence/sessions/SessionEvent.class
Apr 28, 2022 3:57:11 PM com.sun.enterprise.v3.server.ReadableArchiveScannerAdapter handleEntry
SEVERE: Invalid InputStream returned for org/eclipse/persistence/sessions/SessionEventAdapter.class
Apr 28, 2022 3:57:11 PM com.sun.enterprise.v3.server.ReadableArchiveScannerAdapter handleEntry
SEVERE: Invalid InputStream returned for org/eclipse/persistence/sessions/SessionEventListener.class
Apr 28, 2022 3:57:11 PM com.sun.enterprise.v3.server.ReadableArchiveScannerAdapter handleEntry
SEVERE: Invalid InputStream returned for org/eclipse/persistence/sessions/SessionEventManager.class
Apr 28, 2022 3:57:11 PM com.sun.enterprise.v3.server.ReadableArchiveScannerAdapter handleEntry
SEVERE: Invalid InputStream returned for org/eclipse/persistence/sessions/SessionProfiler.class
Apr 28, 2022 3:57:11 PM com.sun.enterprise.v3.server.ReadableArchiveScannerAdapter handleEntry
SEVERE: Invalid InputStream returned for org/eclipse/persistence/sessions/SessionProfilerAdapter.class
Apr 28, 2022 3:57:11 PM com.sun.enterprise.v3.server.ReadableArchiveScannerAdapter handleEntry
SEVERE: Invalid InputStream returned for org/eclipse/persistence/sessions/UnitOfWork$CommitOrderType.class
Apr 28, 2022 3:57:11 PM com.sun.enterprise.v3.server.ReadableArchiveScannerAdapter handleEntry
SEVERE: Invalid InputStream returned for org/eclipse/persistence/sessions/UnitOfWork.class
Apr 28, 2022 3:57:11 PM com.sun.enterprise.v3.server.ReadableArchiveScannerAdapter handleEntry
SEVERE: Invalid InputStream returned for org/eclipse/persistence/tools/file/FileUtil.class
Apr 28, 2022 3:57:11 PM com.sun.enterprise.v3.server.ReadableArchiveScannerAdapter handleEntry
SEVERE: Invalid InputStream returned for org/eclipse/persistence/tools/profiler/FetchGroupMonitor.class
Apr 28, 2022 3:57:11 PM com.sun.enterprise.v3.server.ReadableArchiveScannerAdapter handleEntry
SEVERE: Invalid InputStream returned for org/eclipse/persistence/tools/profiler/oracle/DMSPerformanceProfiler.class
Apr 28, 2022 3:57:11 PM com.sun.enterprise.v3.server.ReadableArchiveScannerAdapter handleEntry
SEVERE: Invalid InputStream returned for org/eclipse/persistence/tools/profiler/PerformanceMonitor.class
Apr 28, 2022 3:57:11 PM com.sun.enterprise.v3.server.ReadableArchiveScannerAdapter handleEntry
SEVERE: Invalid InputStream returned for org/eclipse/persistence/tools/profiler/PerformanceProfiler.class
Apr 28, 2022 3:57:11 PM com.sun.enterprise.v3.server.ReadableArchiveScannerAdapter handleEntry
SEVERE: Invalid InputStream returned for org/eclipse/persistence/tools/profiler/Profile.class
Apr 28, 2022 3:57:11 PM com.sun.enterprise.v3.server.ReadableArchiveScannerAdapter handleEntry
SEVERE: Invalid InputStream returned for org/eclipse/persistence/tools/profiler/QueryMonitor.class
Apr 28, 2022 3:57:11 PM com.sun.enterprise.v3.server.ReadableArchiveScannerAdapter handleEntry
SEVERE: Invalid InputStream returned for org/eclipse/persistence/tools/schemaframework/DatabaseObjectDefinition.class
Apr 28, 2022 3:57:11 PM com.sun.enterprise.v3.server.ReadableArchiveScannerAdapter handleEntry
SEVERE: Invalid InputStream returned for org/eclipse/persistence/tools/schemaframework/DefaultTableGenerator.class
Apr 28, 2022 3:57:11 PM com.sun.enterprise.v3.server.ReadableArchiveScannerAdapter handleEntry
SEVERE: Invalid InputStream returned for org/eclipse/persistence/tools/schemaframework/DynamicSchemaManager.class
Apr 28, 2022 3:57:11 PM com.sun.enterprise.v3.server.ReadableArchiveScannerAdapter handleEntry
SEVERE: Invalid InputStream returned for org/eclipse/persistence/tools/schemaframework/FieldDefinition.class
Apr 28, 2022 3:57:11 PM com.sun.enterprise.v3.server.ReadableArchiveScannerAdapter handleEntry
SEVERE: Invalid InputStream returned for org/eclipse/persistence/tools/schemaframework/ForeignKeyConstraint.class
Apr 28, 2022 3:57:11 PM com.sun.enterprise.v3.server.ReadableArchiveScannerAdapter handleEntry
SEVERE: Invalid InputStream returned for org/eclipse/persistence/tools/schemaframework/IndexDefinition.class
Apr 28, 2022 3:57:11 PM com.sun.enterprise.v3.server.ReadableArchiveScannerAdapter handleEntry
SEVERE: Invalid InputStream returned for org/eclipse/persistence/tools/schemaframework/NestedTableDefinition.class
Apr 28, 2022 3:57:11 PM com.sun.enterprise.v3.server.ReadableArchiveScannerAdapter handleEntry
SEVERE: Invalid InputStream returned for org/eclipse/persistence/tools/schemaframework/ObjectVarrayDefinition.class
Apr 28, 2022 3:57:11 PM com.sun.enterprise.v3.server.ReadableArchiveScannerAdapter handleEntry
SEVERE: Invalid InputStream returned for org/eclipse/persistence/tools/schemaframework/PackageDefinition.class
Apr 28, 2022 3:57:11 PM com.sun.enterprise.v3.server.ReadableArchiveScannerAdapter handleEntry
SEVERE: Invalid InputStream returned for org/eclipse/persistence/tools/schemaframework/PopulationManager.class
Apr 28, 2022 3:57:11 PM com.sun.enterprise.v3.server.ReadableArchiveScannerAdapter handleEntry
SEVERE: Invalid InputStream returned for org/eclipse/persistence/tools/schemaframework/SchemaManager.class
Apr 28, 2022 3:57:11 PM com.sun.enterprise.v3.server.ReadableArchiveScannerAdapter handleEntry
SEVERE: Invalid InputStream returned for org/eclipse/persistence/tools/schemaframework/SequenceDefinition.class
Apr 28, 2022 3:57:11 PM com.sun.enterprise.v3.server.ReadableArchiveScannerAdapter handleEntry
SEVERE: Invalid InputStream returned for org/eclipse/persistence/tools/schemaframework/SequenceObjectDefinition.class
Apr 28, 2022 3:57:11 PM com.sun.enterprise.v3.server.ReadableArchiveScannerAdapter handleEntry
SEVERE: Invalid InputStream returned for org/eclipse/persistence/tools/schemaframework/StoredFunctionDefinition.class
Apr 28, 2022 3:57:11 PM com.sun.enterprise.v3.server.ReadableArchiveScannerAdapter handleEntry
SEVERE: Invalid InputStream returned for org/eclipse/persistence/tools/schemaframework/StoredProcedureDefinition.class
Apr 28, 2022 3:57:11 PM com.sun.enterprise.v3.server.ReadableArchiveScannerAdapter handleEntry
SEVERE: Invalid InputStream returned for org/eclipse/persistence/tools/schemaframework/StoredProcedureGenerator.class
Apr 28, 2022 3:57:11 PM com.sun.enterprise.v3.server.ReadableArchiveScannerAdapter handleEntry
SEVERE: Invalid InputStream returned for org/eclipse/persistence/tools/schemaframework/TableCreator.class
Apr 28, 2022 3:57:11 PM com.sun.enterprise.v3.server.ReadableArchiveScannerAdapter handleEntry
SEVERE: Invalid InputStream returned for org/eclipse/persistence/tools/schemaframework/TableDefinition.class
Apr 28, 2022 3:57:11 PM com.sun.enterprise.v3.server.ReadableArchiveScannerAdapter handleEntry
SEVERE: Invalid InputStream returned for org/eclipse/persistence/tools/schemaframework/TableSequenceDefinition.class
Apr 28, 2022 3:57:11 PM com.sun.enterprise.v3.server.ReadableArchiveScannerAdapter handleEntry
SEVERE: Invalid InputStream returned for org/eclipse/persistence/tools/schemaframework/TypeDefinition.class
Apr 28, 2022 3:57:11 PM com.sun.enterprise.v3.server.ReadableArchiveScannerAdapter handleEntry
SEVERE: Invalid InputStream returned for org/eclipse/persistence/tools/schemaframework/TypeTableDefinition.class
Apr 28, 2022 3:57:11 PM com.sun.enterprise.v3.server.ReadableArchiveScannerAdapter handleEntry
SEVERE: Invalid InputStream returned for org/eclipse/persistence/tools/schemaframework/UnaryTableSequenceDefinition.class
Apr 28, 2022 3:57:11 PM com.sun.enterprise.v3.server.ReadableArchiveScannerAdapter handleEntry
SEVERE: Invalid InputStream returned for org/eclipse/persistence/tools/schemaframework/UniqueKeyConstraint.class
Apr 28, 2022 3:57:11 PM com.sun.enterprise.v3.server.ReadableArchiveScannerAdapter handleEntry
SEVERE: Invalid InputStream returned for org/eclipse/persistence/tools/schemaframework/VarrayDefinition.class
Apr 28, 2022 3:57:11 PM com.sun.enterprise.v3.server.ReadableArchiveScannerAdapter handleEntry
SEVERE: Invalid InputStream returned for org/eclipse/persistence/tools/schemaframework/ViewDefinition.class
Apr 28, 2022 3:57:11 PM com.sun.enterprise.v3.server.ReadableArchiveScannerAdapter handleEntry
SEVERE: Invalid InputStream returned for org/eclipse/persistence/tools/tuning/SafeModeTuner.class
Apr 28, 2022 3:57:11 PM com.sun.enterprise.v3.server.ReadableArchiveScannerAdapter handleEntry
SEVERE: Invalid InputStream returned for org/eclipse/persistence/tools/tuning/SessionTuner.class
Apr 28, 2022 3:57:11 PM com.sun.enterprise.v3.server.ReadableArchiveScannerAdapter handleEntry
SEVERE: Invalid InputStream returned for org/eclipse/persistence/tools/tuning/StandardTuner.class
Apr 28, 2022 3:57:11 PM com.sun.enterprise.v3.server.ReadableArchiveScannerAdapter handleEntry
SEVERE: Invalid InputStream returned for org/eclipse/persistence/tools/weaving/jpa/StaticWeave.class
Apr 28, 2022 3:57:11 PM com.sun.enterprise.v3.server.ReadableArchiveScannerAdapter handleEntry
SEVERE: Invalid InputStream returned for org/eclipse/persistence/tools/weaving/jpa/StaticWeaveAntTask.class
Apr 28, 2022 3:57:11 PM com.sun.enterprise.v3.server.ReadableArchiveScannerAdapter handleEntry
SEVERE: Invalid InputStream returned for org/eclipse/persistence/tools/weaving/jpa/StaticWeaveClassTransformer.class
Apr 28, 2022 3:57:11 PM com.sun.enterprise.v3.server.ReadableArchiveScannerAdapter handleEntry
SEVERE: Invalid InputStream returned for org/eclipse/persistence/tools/weaving/jpa/StaticWeaveProcessor.class
Apr 28, 2022 3:57:11 PM com.sun.enterprise.v3.server.ReadableArchiveScannerAdapter handleEntry
SEVERE: Invalid InputStream returned for org/eclipse/persistence/transaction/AbstractSynchronizationListener.class
Apr 28, 2022 3:57:11 PM com.sun.enterprise.v3.server.ReadableArchiveScannerAdapter handleEntry
SEVERE: Invalid InputStream returned for org/eclipse/persistence/transaction/AbstractTransactionController.class
Apr 28, 2022 3:57:11 PM com.sun.enterprise.v3.server.ReadableArchiveScannerAdapter handleEntry
SEVERE: Invalid InputStream returned for org/eclipse/persistence/transaction/glassfish/GlassfishTransactionController.class
Apr 28, 2022 3:57:11 PM com.sun.enterprise.v3.server.ReadableArchiveScannerAdapter handleEntry
SEVERE: Invalid InputStream returned for org/eclipse/persistence/transaction/jboss/JBossTransactionController.class
Apr 28, 2022 3:57:11 PM com.sun.enterprise.v3.server.ReadableArchiveScannerAdapter handleEntry
SEVERE: Invalid InputStream returned for org/eclipse/persistence/transaction/jotm/JotmTransactionController.class
Apr 28, 2022 3:57:11 PM com.sun.enterprise.v3.server.ReadableArchiveScannerAdapter handleEntry
SEVERE: Invalid InputStream returned for org/eclipse/persistence/transaction/JTASynchronizationListener.class
Apr 28, 2022 3:57:11 PM com.sun.enterprise.v3.server.ReadableArchiveScannerAdapter handleEntry
SEVERE: Invalid InputStream returned for org/eclipse/persistence/transaction/JTATransactionController.class
Apr 28, 2022 3:57:11 PM com.sun.enterprise.v3.server.ReadableArchiveScannerAdapter handleEntry
SEVERE: Invalid InputStream returned for org/eclipse/persistence/transaction/oc4j/Oc4jTransactionController.class
Apr 28, 2022 3:57:11 PM com.sun.enterprise.v3.server.ReadableArchiveScannerAdapter handleEntry
SEVERE: Invalid InputStream returned for org/eclipse/persistence/transaction/sap/SAPNetWeaverTransactionController.class
Apr 28, 2022 3:57:11 PM com.sun.enterprise.v3.server.ReadableArchiveScannerAdapter handleEntry
SEVERE: Invalid InputStream returned for org/eclipse/persistence/transaction/sunas/SunAS9TransactionController.class
Apr 28, 2022 3:57:11 PM com.sun.enterprise.v3.server.ReadableArchiveScannerAdapter handleEntry
SEVERE: Invalid InputStream returned for org/eclipse/persistence/transaction/SynchronizationListenerFactory.class
Apr 28, 2022 3:57:11 PM com.sun.enterprise.v3.server.ReadableArchiveScannerAdapter handleEntry
SEVERE: Invalid InputStream returned for org/eclipse/persistence/transaction/was/WebSphereEJBEmbeddableTransactionController.class
Apr 28, 2022 3:57:11 PM com.sun.enterprise.v3.server.ReadableArchiveScannerAdapter handleEntry
SEVERE: Invalid InputStream returned for org/eclipse/persistence/transaction/was/WebSphereLibertyTransactionController.class
Apr 28, 2022 3:57:11 PM com.sun.enterprise.v3.server.ReadableArchiveScannerAdapter handleEntry
SEVERE: Invalid InputStream returned for org/eclipse/persistence/transaction/was/WebSphereTransactionController.class
Apr 28, 2022 3:57:11 PM com.sun.enterprise.v3.server.ReadableArchiveScannerAdapter handleEntry
SEVERE: Invalid InputStream returned for org/eclipse/persistence/transaction/wls/WebLogicTransactionController.class
Apr 28, 2022 3:57:11 PM com.sun.enterprise.v3.server.ReadableArchiveScannerAdapter handleEntry
SEVERE: Invalid InputStream returned for org/eclipse/persistence/Version.class
Apr 28, 2022 3:57:11 PM com.sun.enterprise.v3.server.ReadableArchiveScannerAdapter handleEntry
SEVERE: Invalid InputStream returned for org/h2/api/CustomDataTypesHandler.class
Apr 28, 2022 3:57:11 PM com.sun.enterprise.v3.server.ReadableArchiveScannerAdapter handleEntry
SEVERE: Invalid InputStream returned for org/h2/api/DatabaseEventListener.class
Apr 28, 2022 3:57:11 PM com.sun.enterprise.v3.server.ReadableArchiveScannerAdapter handleEntry
SEVERE: Invalid InputStream returned for org/h2/api/ErrorCode.class
Apr 28, 2022 3:57:11 PM com.sun.enterprise.v3.server.ReadableArchiveScannerAdapter handleEntry
SEVERE: Invalid InputStream returned for org/h2/api/Interval.class
Apr 28, 2022 3:57:11 PM com.sun.enterprise.v3.server.ReadableArchiveScannerAdapter handleEntry
SEVERE: Invalid InputStream returned for org/h2/api/IntervalQualifier$1.class
Apr 28, 2022 3:57:11 PM com.sun.enterprise.v3.server.ReadableArchiveScannerAdapter handleEntry
SEVERE: Invalid InputStream returned for org/h2/api/IntervalQualifier.class
Apr 28, 2022 3:57:11 PM com.sun.enterprise.v3.server.ReadableArchiveScannerAdapter handleEntry
SEVERE: Invalid InputStream returned for org/h2/api/JavaObjectSerializer.class
Apr 28, 2022 3:57:11 PM com.sun.enterprise.v3.server.ReadableArchiveScannerAdapter handleEntry
SEVERE: Invalid InputStream returned for org/h2/api/TableEngine.class
Apr 28, 2022 3:57:11 PM com.sun.enterprise.v3.server.ReadableArchiveScannerAdapter handleEntry
SEVERE: Invalid InputStream returned for org/h2/api/TimestampWithTimeZone.class
Apr 28, 2022 3:57:11 PM com.sun.enterprise.v3.server.ReadableArchiveScannerAdapter handleEntry
SEVERE: Invalid InputStream returned for org/h2/api/Trigger.class
Apr 28, 2022 3:57:11 PM com.sun.enterprise.v3.server.ReadableArchiveScannerAdapter handleEntry
SEVERE: Invalid InputStream returned for org/h2/api/UserToRolesMapper.class
Apr 28, 2022 3:57:11 PM com.sun.enterprise.v3.server.ReadableArchiveScannerAdapter handleEntry
SEVERE: Invalid InputStream returned for org/h2/bnf/Bnf.class
Apr 28, 2022 3:57:11 PM com.sun.enterprise.v3.server.ReadableArchiveScannerAdapter handleEntry
SEVERE: Invalid InputStream returned for org/h2/bnf/BnfVisitor.class
Apr 28, 2022 3:57:11 PM com.sun.enterprise.v3.server.ReadableArchiveScannerAdapter handleEntry
SEVERE: Invalid InputStream returned for org/h2/bnf/context/DbColumn.class
Apr 28, 2022 3:57:11 PM com.sun.enterprise.v3.server.ReadableArchiveScannerAdapter handleEntry
SEVERE: Invalid InputStream returned for org/h2/bnf/context/DbContents.class
Apr 28, 2022 3:57:11 PM com.sun.enterprise.v3.server.ReadableArchiveScannerAdapter handleEntry
SEVERE: Invalid InputStream returned for org/h2/bnf/context/DbContextRule.class
Apr 28, 2022 3:57:11 PM com.sun.enterprise.v3.server.ReadableArchiveScannerAdapter handleEntry
SEVERE: Invalid InputStream returned for org/h2/bnf/context/DbProcedure.class
Apr 28, 2022 3:57:11 PM com.sun.enterprise.v3.server.ReadableArchiveScannerAdapter handleEntry
SEVERE: Invalid InputStream returned for org/h2/bnf/context/DbSchema.class
Apr 28, 2022 3:57:11 PM com.sun.enterprise.v3.server.ReadableArchiveScannerAdapter handleEntry
SEVERE: Invalid InputStream returned for org/h2/bnf/context/DbTableOrView.class
Apr 28, 2022 3:57:11 PM com.sun.enterprise.v3.server.ReadableArchiveScannerAdapter handleEntry
SEVERE: Invalid InputStream returned for org/h2/bnf/Rule.class
Apr 28, 2022 3:57:11 PM com.sun.enterprise.v3.server.ReadableArchiveScannerAdapter handleEntry
SEVERE: Invalid InputStream returned for org/h2/bnf/RuleElement.class
Apr 28, 2022 3:57:11 PM com.sun.enterprise.v3.server.ReadableArchiveScannerAdapter handleEntry
SEVERE: Invalid InputStream returned for org/h2/bnf/RuleFixed.class
Apr 28, 2022 3:57:11 PM com.sun.enterprise.v3.server.ReadableArchiveScannerAdapter handleEntry
SEVERE: Invalid InputStream returned for org/h2/bnf/RuleHead.class
Apr 28, 2022 3:57:11 PM com.sun.enterprise.v3.server.ReadableArchiveScannerAdapter handleEntry
SEVERE: Invalid InputStream returned for org/h2/bnf/RuleList.class
Apr 28, 2022 3:57:11 PM com.sun.enterprise.v3.server.ReadableArchiveScannerAdapter handleEntry
SEVERE: Invalid InputStream returned for org/h2/bnf/RuleOptional.class
Apr 28, 2022 3:57:11 PM com.sun.enterprise.v3.server.ReadableArchiveScannerAdapter handleEntry
SEVERE: Invalid InputStream returned for org/h2/bnf/RuleRepeat.class
Apr 28, 2022 3:57:11 PM com.sun.enterprise.v3.server.ReadableArchiveScannerAdapter handleEntry
SEVERE: Invalid InputStream returned for org/h2/bnf/Sentence.class
Apr 28, 2022 3:57:11 PM com.sun.enterprise.v3.server.ReadableArchiveScannerAdapter handleEntry
SEVERE: Invalid InputStream returned for org/h2/command/Command.class
Apr 28, 2022 3:57:11 PM com.sun.enterprise.v3.server.ReadableArchiveScannerAdapter handleEntry
SEVERE: Invalid InputStream returned for org/h2/command/CommandContainer$GeneratedKeysCollector.class
Apr 28, 2022 3:57:11 PM com.sun.enterprise.v3.server.ReadableArchiveScannerAdapter handleEntry
SEVERE: Exception while processing org/h2/command/CommandContainer.class inside file:/tmp/gfembed15257743656685566532tmp/applications/classes/ of size 9,123, exception: java.io.FileNotFoundException: /tmp/gfembed15257743656685566532tmp/applications/classes/org/h2/command/CommandContainer.class (No such file or directory)
Apr 28, 2022 3:57:11 PM com.sun.enterprise.v3.server.ReadableArchiveScannerAdapter handleEntry
SEVERE: Invalid InputStream returned for org/h2/command/CommandInterface.class
Apr 28, 2022 3:57:11 PM com.sun.enterprise.v3.server.ReadableArchiveScannerAdapter handleEntry
SEVERE: Invalid InputStream returned for org/h2/command/CommandList.class
Apr 28, 2022 3:57:11 PM com.sun.enterprise.v3.server.ReadableArchiveScannerAdapter handleEntry
SEVERE: Invalid InputStream returned for org/h2/command/CommandRemote.class
Apr 28, 2022 3:57:11 PM com.sun.enterprise.v3.server.ReadableArchiveScannerAdapter handleEntry
SEVERE: Invalid InputStream returned for org/h2/command/ddl/AlterSchemaRename.class
Apr 28, 2022 3:57:11 PM com.sun.enterprise.v3.server.ReadableArchiveScannerAdapter handleEntry
SEVERE: Invalid InputStream returned for org/h2/command/ddl/AlterSequence.class
Apr 28, 2022 3:57:11 PM com.sun.enterprise.v3.server.ReadableArchiveScannerAdapter handleEntry
SEVERE: Invalid InputStream returned for org/h2/command/ddl/AlterTableAddConstraint.class
Apr 28, 2022 3:57:11 PM com.sun.enterprise.v3.server.ReadableArchiveScannerAdapter handleEntry
SEVERE: Invalid InputStream returned for org/h2/command/ddl/AlterTableAlterColumn.class
Apr 28, 2022 3:57:11 PM com.sun.enterprise.v3.server.ReadableArchiveScannerAdapter handleEntry
SEVERE: Invalid InputStream returned for org/h2/command/ddl/AlterTableDropConstraint.class
Apr 28, 2022 3:57:11 PM com.sun.enterprise.v3.server.ReadableArchiveScannerAdapter handleEntry
SEVERE: Invalid InputStream returned for org/h2/command/ddl/AlterTableRename.class
Apr 28, 2022 3:57:11 PM com.sun.enterprise.v3.server.ReadableArchiveScannerAdapter handleEntry
SEVERE: Invalid InputStream returned for org/h2/command/ddl/AlterTableRenameColumn.class
Apr 28, 2022 3:57:11 PM com.sun.enterprise.v3.server.ReadableArchiveScannerAdapter handleEntry
SEVERE: Invalid InputStream returned for org/h2/command/ddl/AlterTableRenameConstraint.class
Apr 28, 2022 3:57:11 PM com.sun.enterprise.v3.server.ReadableArchiveScannerAdapter handleEntry
SEVERE: Invalid InputStream returned for org/h2/command/ddl/AlterUser.class
Apr 28, 2022 3:57:11 PM com.sun.enterprise.v3.server.ReadableArchiveScannerAdapter handleEntry
SEVERE: Invalid InputStream returned for org/h2/command/ddl/AlterView.class
Apr 28, 2022 3:57:11 PM com.sun.enterprise.v3.server.ReadableArchiveScannerAdapter handleEntry
SEVERE: Invalid InputStream returned for org/h2/command/ddl/Analyze.class
Apr 28, 2022 3:57:11 PM com.sun.enterprise.v3.server.ReadableArchiveScannerAdapter handleEntry
SEVERE: Invalid InputStream returned for org/h2/command/ddl/CommandWithColumns.class
Apr 28, 2022 3:57:11 PM com.sun.enterprise.v3.server.ReadableArchiveScannerAdapter handleEntry
SEVERE: Invalid InputStream returned for org/h2/command/ddl/CreateAggregate.class
Apr 28, 2022 3:57:11 PM com.sun.enterprise.v3.server.ReadableArchiveScannerAdapter handleEntry
SEVERE: Invalid InputStream returned for org/h2/command/ddl/CreateConstant.class
Apr 28, 2022 3:57:11 PM com.sun.enterprise.v3.server.ReadableArchiveScannerAdapter handleEntry
SEVERE: Invalid InputStream returned for org/h2/command/ddl/CreateDomain.class
Apr 28, 2022 3:57:11 PM com.sun.enterprise.v3.server.ReadableArchiveScannerAdapter handleEntry
SEVERE: Invalid InputStream returned for org/h2/command/ddl/CreateFunctionAlias.class
Apr 28, 2022 3:57:11 PM com.sun.enterprise.v3.server.ReadableArchiveScannerAdapter handleEntry
SEVERE: Invalid InputStream returned for org/h2/command/ddl/CreateIndex.class
Apr 28, 2022 3:57:11 PM com.sun.enterprise.v3.server.ReadableArchiveScannerAdapter handleEntry
SEVERE: Invalid InputStream returned for org/h2/command/ddl/CreateLinkedTable.class
Apr 28, 2022 3:57:11 PM com.sun.enterprise.v3.server.ReadableArchiveScannerAdapter handleEntry
SEVERE: Invalid InputStream returned for org/h2/command/ddl/CreateRole.class
Apr 28, 2022 3:57:11 PM com.sun.enterprise.v3.server.ReadableArchiveScannerAdapter handleEntry
SEVERE: Invalid InputStream returned for org/h2/command/ddl/CreateSchema.class
Apr 28, 2022 3:57:11 PM com.sun.enterprise.v3.server.ReadableArchiveScannerAdapter handleEntry
SEVERE: Invalid InputStream returned for org/h2/command/ddl/CreateSequence.class
Apr 28, 2022 3:57:11 PM com.sun.enterprise.v3.server.ReadableArchiveScannerAdapter handleEntry
SEVERE: Invalid InputStream returned for org/h2/command/ddl/CreateSynonym.class
Apr 28, 2022 3:57:11 PM com.sun.enterprise.v3.server.ReadableArchiveScannerAdapter handleEntry
SEVERE: Invalid InputStream returned for org/h2/command/ddl/CreateSynonymData.class
Apr 28, 2022 3:57:11 PM com.sun.enterprise.v3.server.ReadableArchiveScannerAdapter handleEntry
SEVERE: Invalid InputStream returned for org/h2/command/ddl/CreateTable.class
Apr 28, 2022 3:57:11 PM com.sun.enterprise.v3.server.ReadableArchiveScannerAdapter handleEntry
SEVERE: Invalid InputStream returned for org/h2/command/ddl/CreateTableData.class
Apr 28, 2022 3:57:11 PM com.sun.enterprise.v3.server.ReadableArchiveScannerAdapter handleEntry
SEVERE: Invalid InputStream returned for org/h2/command/ddl/CreateTrigger.class
Apr 28, 2022 3:57:11 PM com.sun.enterprise.v3.server.ReadableArchiveScannerAdapter handleEntry
SEVERE: Invalid InputStream returned for org/h2/command/ddl/CreateUser.class
Apr 28, 2022 3:57:11 PM com.sun.enterprise.v3.server.ReadableArchiveScannerAdapter handleEntry
SEVERE: Invalid InputStream returned for org/h2/command/ddl/CreateView.class
Apr 28, 2022 3:57:11 PM com.sun.enterprise.v3.server.ReadableArchiveScannerAdapter handleEntry
SEVERE: Invalid InputStream returned for org/h2/command/ddl/DeallocateProcedure.class
Apr 28, 2022 3:57:11 PM com.sun.enterprise.v3.server.ReadableArchiveScannerAdapter handleEntry
SEVERE: Invalid InputStream returned for org/h2/command/ddl/DefineCommand.class
Apr 28, 2022 3:57:11 PM com.sun.enterprise.v3.server.ReadableArchiveScannerAdapter handleEntry
SEVERE: Invalid InputStream returned for org/h2/command/ddl/DropAggregate.class
Apr 28, 2022 3:57:11 PM com.sun.enterprise.v3.server.ReadableArchiveScannerAdapter handleEntry
SEVERE: Invalid InputStream returned for org/h2/command/ddl/DropConstant.class
Apr 28, 2022 3:57:11 PM com.sun.enterprise.v3.server.ReadableArchiveScannerAdapter handleEntry
SEVERE: Invalid InputStream returned for org/h2/command/ddl/DropDatabase.class
Apr 28, 2022 3:57:11 PM com.sun.enterprise.v3.server.ReadableArchiveScannerAdapter handleEntry
SEVERE: Invalid InputStream returned for org/h2/command/ddl/DropDomain.class
Apr 28, 2022 3:57:11 PM com.sun.enterprise.v3.server.ReadableArchiveScannerAdapter handleEntry
SEVERE: Invalid InputStream returned for org/h2/command/ddl/DropFunctionAlias.class
Apr 28, 2022 3:57:11 PM com.sun.enterprise.v3.server.ReadableArchiveScannerAdapter handleEntry
SEVERE: Exception while processing org/h2/command/ddl/DropIndex.class inside file:/tmp/gfembed15257743656685566532tmp/applications/classes/ of size 2,337, exception: java.io.FileNotFoundException: /tmp/gfembed15257743656685566532tmp/applications/classes/org/h2/command/ddl/DropIndex.class (No such file or directory)
Apr 28, 2022 3:57:11 PM com.sun.enterprise.v3.server.ReadableArchiveScannerAdapter handleEntry
SEVERE: Invalid InputStream returned for org/h2/command/ddl/DropRole.class
Apr 28, 2022 3:57:11 PM com.sun.enterprise.v3.server.ReadableArchiveScannerAdapter handleEntry
SEVERE: Invalid InputStream returned for org/h2/command/ddl/DropSchema.class
Apr 28, 2022 3:57:11 PM com.sun.enterprise.v3.server.ReadableArchiveScannerAdapter handleEntry
SEVERE: Invalid InputStream returned for org/h2/command/ddl/DropSequence.class
Apr 28, 2022 3:57:11 PM com.sun.enterprise.v3.server.ReadableArchiveScannerAdapter handleEntry
SEVERE: Invalid InputStream returned for org/h2/command/ddl/DropSynonym.class
Apr 28, 2022 3:57:11 PM com.sun.enterprise.v3.server.ReadableArchiveScannerAdapter handleEntry
SEVERE: Invalid InputStream returned for org/h2/command/ddl/DropTable$SchemaAndTable.class
Apr 28, 2022 3:57:11 PM com.sun.enterprise.v3.server.ReadableArchiveScannerAdapter handleEntry
SEVERE: Invalid InputStream returned for org/h2/command/ddl/DropTable.class
Apr 28, 2022 3:57:11 PM com.sun.enterprise.v3.server.ReadableArchiveScannerAdapter handleEntry
SEVERE: Invalid InputStream returned for org/h2/command/ddl/DropUser.class
Apr 28, 2022 3:57:11 PM com.sun.enterprise.v3.server.ReadableArchiveScannerAdapter handleEntry
SEVERE: Invalid InputStream returned for org/h2/command/ddl/DropView.class
Apr 28, 2022 3:57:11 PM com.sun.enterprise.v3.server.ReadableArchiveScannerAdapter handleEntry
SEVERE: Invalid InputStream returned for org/h2/command/ddl/GrantRevoke.class
Apr 28, 2022 3:57:11 PM com.sun.enterprise.v3.server.ReadableArchiveScannerAdapter handleEntry
SEVERE: Invalid InputStream returned for org/h2/command/ddl/PrepareProcedure.class
Apr 28, 2022 3:57:11 PM com.sun.enterprise.v3.server.ReadableArchiveScannerAdapter handleEntry
SEVERE: Invalid InputStream returned for org/h2/command/ddl/SchemaCommand.class
Apr 28, 2022 3:57:11 PM com.sun.enterprise.v3.server.ReadableArchiveScannerAdapter handleEntry
SEVERE: Invalid InputStream returned for org/h2/command/ddl/SequenceOptions.class
Apr 28, 2022 3:57:11 PM com.sun.enterprise.v3.server.ReadableArchiveScannerAdapter handleEntry
SEVERE: Invalid InputStream returned for org/h2/command/ddl/SetComment.class
Apr 28, 2022 3:57:11 PM com.sun.enterprise.v3.server.ReadableArchiveScannerAdapter handleEntry
SEVERE: Invalid InputStream returned for org/h2/command/ddl/TruncateTable.class
Apr 28, 2022 3:57:11 PM com.sun.enterprise.v3.server.ReadableArchiveScannerAdapter handleEntry
SEVERE: Invalid InputStream returned for org/h2/command/dml/AllColumnsForPlan.class
Apr 28, 2022 3:57:11 PM com.sun.enterprise.v3.server.ReadableArchiveScannerAdapter handleEntry
SEVERE: Invalid InputStream returned for org/h2/command/dml/AlterTableSet.class
Apr 28, 2022 3:57:11 PM com.sun.enterprise.v3.server.ReadableArchiveScannerAdapter handleEntry
SEVERE: Invalid InputStream returned for org/h2/command/dml/BackupCommand.class
Apr 28, 2022 3:57:11 PM com.sun.enterprise.v3.server.ReadableArchiveScannerAdapter handleEntry
SEVERE: Invalid InputStream returned for org/h2/command/dml/Call.class
Apr 28, 2022 3:57:11 PM com.sun.enterprise.v3.server.ReadableArchiveScannerAdapter handleEntry
SEVERE: Invalid InputStream returned for org/h2/command/dml/CommandWithValues.class
Apr 28, 2022 3:57:11 PM com.sun.enterprise.v3.server.ReadableArchiveScannerAdapter handleEntry
SEVERE: Invalid InputStream returned for org/h2/command/dml/DataChangeStatement.class
Apr 28, 2022 3:57:11 PM com.sun.enterprise.v3.server.ReadableArchiveScannerAdapter handleEntry
SEVERE: Invalid InputStream returned for org/h2/command/dml/Delete.class
Apr 28, 2022 3:57:11 PM com.sun.enterprise.v3.server.ReadableArchiveScannerAdapter handleEntry
SEVERE: Invalid InputStream returned for org/h2/command/dml/ExecuteProcedure.class
Apr 28, 2022 3:57:11 PM com.sun.enterprise.v3.server.ReadableArchiveScannerAdapter handleEntry
SEVERE: Invalid InputStream returned for org/h2/command/dml/Explain.class
Apr 28, 2022 3:57:11 PM com.sun.enterprise.v3.server.ReadableArchiveScannerAdapter handleEntry
SEVERE: Invalid InputStream returned for org/h2/command/dml/Insert.class
Apr 28, 2022 3:57:11 PM com.sun.enterprise.v3.server.ReadableArchiveScannerAdapter handleEntry
SEVERE: Invalid InputStream returned for org/h2/command/dml/Merge.class
Apr 28, 2022 3:57:11 PM com.sun.enterprise.v3.server.ReadableArchiveScannerAdapter handleEntry
SEVERE: Invalid InputStream returned for org/h2/command/dml/MergeUsing$When.class
Apr 28, 2022 3:57:11 PM com.sun.enterprise.v3.server.ReadableArchiveScannerAdapter handleEntry
SEVERE: Invalid InputStream returned for org/h2/command/dml/MergeUsing$WhenMatched.class
Apr 28, 2022 3:57:11 PM com.sun.enterprise.v3.server.ReadableArchiveScannerAdapter handleEntry
SEVERE: Invalid InputStream returned for org/h2/command/dml/MergeUsing$WhenNotMatched.class
Apr 28, 2022 3:57:11 PM com.sun.enterprise.v3.server.ReadableArchiveScannerAdapter handleEntry
SEVERE: Invalid InputStream returned for org/h2/command/dml/MergeUsing.class
Apr 28, 2022 3:57:11 PM com.sun.enterprise.v3.server.ReadableArchiveScannerAdapter handleEntry
SEVERE: Invalid InputStream returned for org/h2/command/dml/NoOperation.class
Apr 28, 2022 3:57:11 PM com.sun.enterprise.v3.server.ReadableArchiveScannerAdapter handleEntry
SEVERE: Invalid InputStream returned for org/h2/command/dml/Optimizer.class
Apr 28, 2022 3:57:11 PM com.sun.enterprise.v3.server.ReadableArchiveScannerAdapter handleEntry
SEVERE: Invalid InputStream returned for org/h2/command/dml/Query$OffsetFetch.class
Apr 28, 2022 3:57:11 PM com.sun.enterprise.v3.server.ReadableArchiveScannerAdapter handleEntry
SEVERE: Invalid InputStream returned for org/h2/command/dml/Query.class
Apr 28, 2022 3:57:11 PM com.sun.enterprise.v3.server.ReadableArchiveScannerAdapter handleEntry
SEVERE: Invalid InputStream returned for org/h2/command/dml/RunScriptCommand.class
Apr 28, 2022 3:57:11 PM com.sun.enterprise.v3.server.ReadableArchiveScannerAdapter handleEntry
SEVERE: Invalid InputStream returned for org/h2/command/dml/ScriptBase.class
Apr 28, 2022 3:57:11 PM com.sun.enterprise.v3.server.ReadableArchiveScannerAdapter handleEntry
SEVERE: Invalid InputStream returned for org/h2/command/dml/ScriptCommand$1.class
Apr 28, 2022 3:57:11 PM com.sun.enterprise.v3.server.ReadableArchiveScannerAdapter handleEntry
SEVERE: Invalid InputStream returned for org/h2/command/dml/ScriptCommand$2.class
Apr 28, 2022 3:57:11 PM com.sun.enterprise.v3.server.ReadableArchiveScannerAdapter handleEntry
SEVERE: Invalid InputStream returned for org/h2/command/dml/ScriptCommand$3.class
Apr 28, 2022 3:57:11 PM com.sun.enterprise.v3.server.ReadableArchiveScannerAdapter handleEntry
SEVERE: Invalid InputStream returned for org/h2/command/dml/ScriptCommand.class
Apr 28, 2022 3:57:11 PM com.sun.enterprise.v3.server.ReadableArchiveScannerAdapter handleEntry
SEVERE: Invalid InputStream returned for org/h2/command/dml/Select$1.class
Apr 28, 2022 3:57:11 PM com.sun.enterprise.v3.server.ReadableArchiveScannerAdapter handleEntry
SEVERE: Invalid InputStream returned for org/h2/command/dml/Select$2.class
Apr 28, 2022 3:57:11 PM com.sun.enterprise.v3.server.ReadableArchiveScannerAdapter handleEntry
SEVERE: Invalid InputStream returned for org/h2/command/dml/Select$LazyResultGroupSorted.class
Apr 28, 2022 3:57:11 PM com.sun.enterprise.v3.server.ReadableArchiveScannerAdapter handleEntry
SEVERE: Invalid InputStream returned for org/h2/command/dml/Select$LazyResultQueryFlat.class
Apr 28, 2022 3:57:11 PM com.sun.enterprise.v3.server.ReadableArchiveScannerAdapter handleEntry
SEVERE: Invalid InputStream returned for org/h2/command/dml/Select$LazyResultSelect.class
Apr 28, 2022 3:57:11 PM com.sun.enterprise.v3.server.ReadableArchiveScannerAdapter handleEntry
SEVERE: Invalid InputStream returned for org/h2/command/dml/Select.class
Apr 28, 2022 3:57:11 PM com.sun.enterprise.v3.server.ReadableArchiveScannerAdapter handleEntry
SEVERE: Invalid InputStream returned for org/h2/command/dml/SelectGroups$Grouped.class
Apr 28, 2022 3:57:11 PM com.sun.enterprise.v3.server.ReadableArchiveScannerAdapter handleEntry
SEVERE: Invalid InputStream returned for org/h2/command/dml/SelectGroups$Plain.class
Apr 28, 2022 3:57:11 PM com.sun.enterprise.v3.server.ReadableArchiveScannerAdapter handleEntry
SEVERE: Invalid InputStream returned for org/h2/command/dml/SelectGroups.class
Apr 28, 2022 3:57:11 PM com.sun.enterprise.v3.server.ReadableArchiveScannerAdapter handleEntry
SEVERE: Invalid InputStream returned for org/h2/command/dml/SelectListColumnResolver.class
Apr 28, 2022 3:57:11 PM com.sun.enterprise.v3.server.ReadableArchiveScannerAdapter handleEntry
SEVERE: Invalid InputStream returned for org/h2/command/dml/SelectOrderBy.class
Apr 28, 2022 3:57:11 PM com.sun.enterprise.v3.server.ReadableArchiveScannerAdapter handleEntry
SEVERE: Invalid InputStream returned for org/h2/command/dml/SelectUnion$1.class
Apr 28, 2022 3:57:11 PM com.sun.enterprise.v3.server.ReadableArchiveScannerAdapter handleEntry
SEVERE: Invalid InputStream returned for org/h2/command/dml/SelectUnion$LazyResultUnion.class
Apr 28, 2022 3:57:11 PM com.sun.enterprise.v3.server.ReadableArchiveScannerAdapter handleEntry
SEVERE: Invalid InputStream returned for org/h2/command/dml/SelectUnion$UnionType.class
Apr 28, 2022 3:57:11 PM com.sun.enterprise.v3.server.ReadableArchiveScannerAdapter handleEntry
SEVERE: Invalid InputStream returned for org/h2/command/dml/SelectUnion.class
Apr 28, 2022 3:57:11 PM com.sun.enterprise.v3.server.ReadableArchiveScannerAdapter handleEntry
SEVERE: Invalid InputStream returned for org/h2/command/dml/Set.class
Apr 28, 2022 3:57:11 PM com.sun.enterprise.v3.server.ReadableArchiveScannerAdapter handleEntry
SEVERE: Invalid InputStream returned for org/h2/command/dml/SetSessionCharacteristics.class
Apr 28, 2022 3:57:11 PM com.sun.enterprise.v3.server.ReadableArchiveScannerAdapter handleEntry
SEVERE: Invalid InputStream returned for org/h2/command/dml/SetTypes.class
Apr 28, 2022 3:57:11 PM com.sun.enterprise.v3.server.ReadableArchiveScannerAdapter handleEntry
SEVERE: Invalid InputStream returned for org/h2/command/dml/TableValueConstructor$TableValueColumnResolver.class
Apr 28, 2022 3:57:11 PM com.sun.enterprise.v3.server.ReadableArchiveScannerAdapter handleEntry
SEVERE: Invalid InputStream returned for org/h2/command/dml/TableValueConstructor.class
Apr 28, 2022 3:57:11 PM com.sun.enterprise.v3.server.ReadableArchiveScannerAdapter handleEntry
SEVERE: Invalid InputStream returned for org/h2/command/dml/TransactionCommand.class
Apr 28, 2022 3:57:11 PM com.sun.enterprise.v3.server.ReadableArchiveScannerAdapter handleEntry
SEVERE: Exception while processing org/h2/command/dml/Update.class inside file:/tmp/gfembed15257743656685566532tmp/applications/classes/ of size 9,580, exception: java.io.FileNotFoundException: /tmp/gfembed15257743656685566532tmp/applications/classes/org/h2/command/dml/Update.class (No such file or directory)
Apr 28, 2022 3:57:11 PM com.sun.enterprise.v3.server.ReadableArchiveScannerAdapter handleEntry
SEVERE: Invalid InputStream returned for org/h2/command/Parser$2.class
Apr 28, 2022 3:57:11 PM com.sun.enterprise.v3.server.ReadableArchiveScannerAdapter handleEntry
SEVERE: Invalid InputStream returned for org/h2/command/Parser$3.class
Apr 28, 2022 3:57:11 PM com.sun.enterprise.v3.server.ReadableArchiveScannerAdapter handleEntry
SEVERE: Invalid InputStream returned for org/h2/command/Parser$NullConstraintType.class
Apr 28, 2022 3:57:11 PM com.sun.enterprise.v3.server.ReadableArchiveScannerAdapter handleEntry
SEVERE: Invalid InputStream returned for org/h2/command/Parser.class
Apr 28, 2022 3:57:11 PM com.sun.enterprise.v3.server.ReadableArchiveScannerAdapter handleEntry
SEVERE: Invalid InputStream returned for org/h2/command/Prepared.class
Apr 28, 2022 3:57:11 PM com.sun.enterprise.v3.server.ReadableArchiveScannerAdapter handleEntry
SEVERE: Invalid InputStream returned for org/h2/compress/CompressDeflate.class
Apr 28, 2022 3:57:11 PM com.sun.enterprise.v3.server.ReadableArchiveScannerAdapter handleEntry
SEVERE: Invalid InputStream returned for org/h2/compress/CompressLZF.class
Apr 28, 2022 3:57:11 PM com.sun.enterprise.v3.server.ReadableArchiveScannerAdapter handleEntry
SEVERE: Invalid InputStream returned for org/h2/compress/CompressNo.class
Apr 28, 2022 3:57:11 PM com.sun.enterprise.v3.server.ReadableArchiveScannerAdapter handleEntry
SEVERE: Invalid InputStream returned for org/h2/compress/Compressor.class
Apr 28, 2022 3:57:11 PM com.sun.enterprise.v3.server.ReadableArchiveScannerAdapter handleEntry
SEVERE: Invalid InputStream returned for org/h2/compress/LZFInputStream.class
Apr 28, 2022 3:57:11 PM com.sun.enterprise.v3.server.ReadableArchiveScannerAdapter handleEntry
SEVERE: Invalid InputStream returned for org/h2/compress/LZFOutputStream.class
Apr 28, 2022 3:57:11 PM com.sun.enterprise.v3.server.ReadableArchiveScannerAdapter handleEntry
SEVERE: Invalid InputStream returned for org/h2/constraint/Constraint$Type.class
Apr 28, 2022 3:57:11 PM com.sun.enterprise.v3.server.ReadableArchiveScannerAdapter handleEntry
SEVERE: Invalid InputStream returned for org/h2/constraint/Constraint.class
Apr 28, 2022 3:57:11 PM com.sun.enterprise.v3.server.ReadableArchiveScannerAdapter handleEntry
SEVERE: Invalid InputStream returned for org/h2/constraint/ConstraintActionType.class
Apr 28, 2022 3:57:11 PM com.sun.enterprise.v3.server.ReadableArchiveScannerAdapter handleEntry
SEVERE: Invalid InputStream returned for org/h2/constraint/ConstraintCheck.class
Apr 28, 2022 3:57:11 PM com.sun.enterprise.v3.server.ReadableArchiveScannerAdapter handleEntry
SEVERE: Invalid InputStream returned for org/h2/constraint/ConstraintReferential.class
Apr 28, 2022 3:57:11 PM com.sun.enterprise.v3.server.ReadableArchiveScannerAdapter handleEntry
SEVERE: Invalid InputStream returned for org/h2/constraint/ConstraintUnique.class
Apr 28, 2022 3:57:11 PM com.sun.enterprise.v3.server.ReadableArchiveScannerAdapter handleEntry
SEVERE: Invalid InputStream returned for org/h2/Driver.class
Apr 28, 2022 3:57:11 PM com.sun.enterprise.v3.server.ReadableArchiveScannerAdapter handleEntry
SEVERE: Invalid InputStream returned for org/h2/engine/Comment.class
Apr 28, 2022 3:57:11 PM com.sun.enterprise.v3.server.ReadableArchiveScannerAdapter handleEntry
SEVERE: Invalid InputStream returned for org/h2/engine/ConnectionInfo.class
Apr 28, 2022 3:57:11 PM com.sun.enterprise.v3.server.ReadableArchiveScannerAdapter handleEntry
SEVERE: Invalid InputStream returned for org/h2/engine/Constants.class
Apr 28, 2022 3:57:11 PM com.sun.enterprise.v3.server.ReadableArchiveScannerAdapter handleEntry
SEVERE: Invalid InputStream returned for org/h2/engine/Database$1.class
Apr 28, 2022 3:57:11 PM com.sun.enterprise.v3.server.ReadableArchiveScannerAdapter handleEntry
SEVERE: Invalid InputStream returned for org/h2/engine/Database.class
Apr 28, 2022 3:57:11 PM com.sun.enterprise.v3.server.ReadableArchiveScannerAdapter handleEntry
SEVERE: Invalid InputStream returned for org/h2/engine/DbObject.class
Apr 28, 2022 3:57:11 PM com.sun.enterprise.v3.server.ReadableArchiveScannerAdapter handleEntry
SEVERE: Invalid InputStream returned for org/h2/engine/DbObjectBase.class
Apr 28, 2022 3:57:11 PM com.sun.enterprise.v3.server.ReadableArchiveScannerAdapter handleEntry
SEVERE: Invalid InputStream returned for org/h2/engine/DbSettings.class
Apr 28, 2022 3:57:11 PM com.sun.enterprise.v3.server.ReadableArchiveScannerAdapter handleEntry
SEVERE: Invalid InputStream returned for org/h2/engine/DelayedDatabaseCloser.class
Apr 28, 2022 3:57:11 PM com.sun.enterprise.v3.server.ReadableArchiveScannerAdapter handleEntry
SEVERE: Invalid InputStream returned for org/h2/engine/Domain.class
Apr 28, 2022 3:57:11 PM com.sun.enterprise.v3.server.ReadableArchiveScannerAdapter handleEntry
SEVERE: Invalid InputStream returned for org/h2/engine/Engine.class
Apr 28, 2022 3:57:11 PM com.sun.enterprise.v3.server.ReadableArchiveScannerAdapter handleEntry
SEVERE: Invalid InputStream returned for org/h2/engine/FunctionAlias$JavaMethod.class
Apr 28, 2022 3:57:11 PM com.sun.enterprise.v3.server.ReadableArchiveScannerAdapter handleEntry
SEVERE: Invalid InputStream returned for org/h2/engine/FunctionAlias.class
Apr 28, 2022 3:57:11 PM com.sun.enterprise.v3.server.ReadableArchiveScannerAdapter handleEntry
SEVERE: Invalid InputStream returned for org/h2/engine/GeneratedKeysMode.class
Apr 28, 2022 3:57:11 PM com.sun.enterprise.v3.server.ReadableArchiveScannerAdapter handleEntry
SEVERE: Invalid InputStream returned for org/h2/engine/IsolationLevel.class
Apr 28, 2022 3:57:11 PM com.sun.enterprise.v3.server.ReadableArchiveScannerAdapter handleEntry
SEVERE: Invalid InputStream returned for org/h2/engine/MetaRecord.class
Apr 28, 2022 3:57:11 PM com.sun.enterprise.v3.server.ReadableArchiveScannerAdapter handleEntry
SEVERE: Invalid InputStream returned for org/h2/engine/Mode$ModeEnum.class
Apr 28, 2022 3:57:11 PM com.sun.enterprise.v3.server.ReadableArchiveScannerAdapter handleEntry
SEVERE: Invalid InputStream returned for org/h2/engine/Mode$UniqueIndexNullsHandling.class
Apr 28, 2022 3:57:11 PM com.sun.enterprise.v3.server.ReadableArchiveScannerAdapter handleEntry
SEVERE: Invalid InputStream returned for org/h2/engine/Mode.class
Apr 28, 2022 3:57:11 PM com.sun.enterprise.v3.server.ReadableArchiveScannerAdapter handleEntry
SEVERE: Invalid InputStream returned for org/h2/engine/OnExitDatabaseCloser.class
Apr 28, 2022 3:57:11 PM com.sun.enterprise.v3.server.ReadableArchiveScannerAdapter handleEntry
SEVERE: Invalid InputStream returned for org/h2/engine/Procedure.class
Apr 28, 2022 3:57:11 PM com.sun.enterprise.v3.server.ReadableArchiveScannerAdapter handleEntry
SEVERE: Invalid InputStream returned for org/h2/engine/QueryStatisticsData$1.class
Apr 28, 2022 3:57:11 PM com.sun.enterprise.v3.server.ReadableArchiveScannerAdapter handleEntry
SEVERE: Invalid InputStream returned for org/h2/engine/QueryStatisticsData$QueryEntry.class
Apr 28, 2022 3:57:11 PM com.sun.enterprise.v3.server.ReadableArchiveScannerAdapter handleEntry
SEVERE: Exception while processing org/h2/engine/QueryStatisticsData.class inside file:/tmp/gfembed15257743656685566532tmp/applications/classes/ of size 2,344, exception: java.io.FileNotFoundException: /tmp/gfembed15257743656685566532tmp/applications/classes/org/h2/engine/QueryStatisticsData.class (No such file or directory)
Apr 28, 2022 3:57:11 PM com.sun.enterprise.v3.server.ReadableArchiveScannerAdapter handleEntry
SEVERE: Invalid InputStream returned for org/h2/engine/Right.class
Apr 28, 2022 3:57:11 PM com.sun.enterprise.v3.server.ReadableArchiveScannerAdapter handleEntry
SEVERE: Exception while processing org/h2/engine/RightOwner.class inside file:/tmp/gfembed15257743656685566532tmp/applications/classes/ of size 3,309, exception: java.io.FileNotFoundException: /tmp/gfembed15257743656685566532tmp/applications/classes/org/h2/engine/RightOwner.class (No such file or directory)
Apr 28, 2022 3:57:11 PM com.sun.enterprise.v3.server.ReadableArchiveScannerAdapter handleEntry
SEVERE: Invalid InputStream returned for org/h2/engine/Role.class
Apr 28, 2022 3:57:11 PM com.sun.enterprise.v3.server.ReadableArchiveScannerAdapter handleEntry
SEVERE: Invalid InputStream returned for org/h2/engine/Session$1.class
Apr 28, 2022 3:57:11 PM com.sun.enterprise.v3.server.ReadableArchiveScannerAdapter handleEntry
SEVERE: Invalid InputStream returned for org/h2/engine/Session$Savepoint.class
Apr 28, 2022 3:57:11 PM com.sun.enterprise.v3.server.ReadableArchiveScannerAdapter handleEntry
SEVERE: Invalid InputStream returned for org/h2/engine/Session$State.class
Apr 28, 2022 3:57:11 PM com.sun.enterprise.v3.server.ReadableArchiveScannerAdapter handleEntry
SEVERE: Invalid InputStream returned for org/h2/engine/Session$TimeoutValue.class
Apr 28, 2022 3:57:11 PM com.sun.enterprise.v3.server.ReadableArchiveScannerAdapter handleEntry
SEVERE: Invalid InputStream returned for org/h2/engine/Session.class
Apr 28, 2022 3:57:11 PM com.sun.enterprise.v3.server.ReadableArchiveScannerAdapter handleEntry
SEVERE: Exception while processing org/h2/engine/SessionFactory.class inside file:/tmp/gfembed15257743656685566532tmp/applications/classes/ of size 264, exception: java.io.FileNotFoundException: /tmp/gfembed15257743656685566532tmp/applications/classes/org/h2/engine/SessionFactory.class (No such file or directory)
Apr 28, 2022 3:57:11 PM com.sun.enterprise.v3.server.ReadableArchiveScannerAdapter handleEntry
SEVERE: Invalid InputStream returned for org/h2/engine/SessionInterface.class
Apr 28, 2022 3:57:11 PM com.sun.enterprise.v3.server.ReadableArchiveScannerAdapter handleEntry
SEVERE: Invalid InputStream returned for org/h2/engine/SessionRemote.class
Apr 28, 2022 3:57:11 PM com.sun.enterprise.v3.server.ReadableArchiveScannerAdapter handleEntry
SEVERE: Invalid InputStream returned for org/h2/engine/Setting.class
Apr 28, 2022 3:57:11 PM com.sun.enterprise.v3.server.ReadableArchiveScannerAdapter handleEntry
SEVERE: Invalid InputStream returned for org/h2/engine/SettingsBase$1.class
Apr 28, 2022 3:57:11 PM com.sun.enterprise.v3.server.ReadableArchiveScannerAdapter handleEntry
SEVERE: Invalid InputStream returned for org/h2/engine/SettingsBase.class
Apr 28, 2022 3:57:11 PM com.sun.enterprise.v3.server.ReadableArchiveScannerAdapter handleEntry
SEVERE: Invalid InputStream returned for org/h2/engine/SysProperties.class
Apr 28, 2022 3:57:11 PM com.sun.enterprise.v3.server.ReadableArchiveScannerAdapter handleEntry
SEVERE: Invalid InputStream returned for org/h2/engine/UndoLog.class
Apr 28, 2022 3:57:11 PM com.sun.enterprise.v3.server.ReadableArchiveScannerAdapter handleEntry
SEVERE: Invalid InputStream returned for org/h2/engine/UndoLogRecord.class
Apr 28, 2022 3:57:11 PM com.sun.enterprise.v3.server.ReadableArchiveScannerAdapter handleEntry
SEVERE: Invalid InputStream returned for org/h2/engine/User.class
Apr 28, 2022 3:57:11 PM com.sun.enterprise.v3.server.ReadableArchiveScannerAdapter handleEntry
SEVERE: Invalid InputStream returned for org/h2/engine/UserAggregate$AggregateWrapper.class
Apr 28, 2022 3:57:11 PM com.sun.enterprise.v3.server.ReadableArchiveScannerAdapter handleEntry
SEVERE: Invalid InputStream returned for org/h2/engine/UserAggregate.class
Apr 28, 2022 3:57:11 PM com.sun.enterprise.v3.server.ReadableArchiveScannerAdapter handleEntry
SEVERE: Invalid InputStream returned for org/h2/engine/UserBuilder.class
Apr 28, 2022 3:57:11 PM com.sun.enterprise.v3.server.ReadableArchiveScannerAdapter handleEntry
SEVERE: Invalid InputStream returned for org/h2/expression/aggregate/AbstractAggregate.class
Apr 28, 2022 3:57:11 PM com.sun.enterprise.v3.server.ReadableArchiveScannerAdapter handleEntry
SEVERE: Invalid InputStream returned for org/h2/expression/aggregate/Aggregate$1.class
Apr 28, 2022 3:57:11 PM com.sun.enterprise.v3.server.ReadableArchiveScannerAdapter handleEntry
SEVERE: Invalid InputStream returned for org/h2/expression/aggregate/Aggregate$2.class
Apr 28, 2022 3:57:11 PM com.sun.enterprise.v3.server.ReadableArchiveScannerAdapter handleEntry
SEVERE: Invalid InputStream returned for org/h2/expression/aggregate/Aggregate$3.class
Apr 28, 2022 3:57:11 PM com.sun.enterprise.v3.server.ReadableArchiveScannerAdapter handleEntry
SEVERE: Invalid InputStream returned for org/h2/expression/aggregate/Aggregate.class
Apr 28, 2022 3:57:11 PM com.sun.enterprise.v3.server.ReadableArchiveScannerAdapter handleEntry
SEVERE: Invalid InputStream returned for org/h2/expression/aggregate/AggregateData$1.class
Apr 28, 2022 3:57:11 PM com.sun.enterprise.v3.server.ReadableArchiveScannerAdapter handleEntry
SEVERE: Invalid InputStream returned for org/h2/expression/aggregate/AggregateData.class
Apr 28, 2022 3:57:11 PM com.sun.enterprise.v3.server.ReadableArchiveScannerAdapter handleEntry
SEVERE: Invalid InputStream returned for org/h2/expression/aggregate/AggregateDataCollecting.class
Apr 28, 2022 3:57:11 PM com.sun.enterprise.v3.server.ReadableArchiveScannerAdapter handleEntry
SEVERE: Invalid InputStream returned for org/h2/expression/aggregate/AggregateDataCount.class
Apr 28, 2022 3:57:11 PM com.sun.enterprise.v3.server.ReadableArchiveScannerAdapter handleEntry
SEVERE: Invalid InputStream returned for org/h2/expression/aggregate/AggregateDataDefault$1.class
Apr 28, 2022 3:57:11 PM com.sun.enterprise.v3.server.ReadableArchiveScannerAdapter handleEntry
SEVERE: Invalid InputStream returned for org/h2/expression/aggregate/AggregateDataDefault.class
Apr 28, 2022 3:57:11 PM com.sun.enterprise.v3.server.ReadableArchiveScannerAdapter handleEntry
SEVERE: Invalid InputStream returned for org/h2/expression/aggregate/AggregateDataDistinctWithCounts.class
Apr 28, 2022 3:57:11 PM com.sun.enterprise.v3.server.ReadableArchiveScannerAdapter handleEntry
SEVERE: Invalid InputStream returned for org/h2/expression/aggregate/AggregateDataEnvelope.class
Apr 28, 2022 3:57:11 PM com.sun.enterprise.v3.server.ReadableArchiveScannerAdapter handleEntry
SEVERE: Invalid InputStream returned for org/h2/expression/aggregate/AggregateDataSelectivity.class
Apr 28, 2022 3:57:11 PM com.sun.enterprise.v3.server.ReadableArchiveScannerAdapter handleEntry
SEVERE: Invalid InputStream returned for org/h2/expression/aggregate/AggregateType.class
Apr 28, 2022 3:57:11 PM com.sun.enterprise.v3.server.ReadableArchiveScannerAdapter handleEntry
SEVERE: Invalid InputStream returned for org/h2/expression/aggregate/JavaAggregate.class
Apr 28, 2022 3:57:11 PM com.sun.enterprise.v3.server.ReadableArchiveScannerAdapter handleEntry
SEVERE: Invalid InputStream returned for org/h2/expression/aggregate/LongDataCounter.class
Apr 28, 2022 3:57:11 PM com.sun.enterprise.v3.server.ReadableArchiveScannerAdapter handleEntry
SEVERE: Invalid InputStream returned for org/h2/expression/aggregate/Percentile.class
Apr 28, 2022 3:57:11 PM com.sun.enterprise.v3.server.ReadableArchiveScannerAdapter handleEntry
SEVERE: Invalid InputStream returned for org/h2/expression/Alias.class
Apr 28, 2022 3:57:11 PM com.sun.enterprise.v3.server.ReadableArchiveScannerAdapter handleEntry
SEVERE: Invalid InputStream returned for org/h2/expression/analysis/DataAnalysisOperation$1.class
Apr 28, 2022 3:57:11 PM com.sun.enterprise.v3.server.ReadableArchiveScannerAdapter handleEntry
SEVERE: Invalid InputStream returned for org/h2/expression/analysis/DataAnalysisOperation.class
Apr 28, 2022 3:57:11 PM com.sun.enterprise.v3.server.ReadableArchiveScannerAdapter handleEntry
SEVERE: Invalid InputStream returned for org/h2/expression/analysis/PartitionData.class
Apr 28, 2022 3:57:11 PM com.sun.enterprise.v3.server.ReadableArchiveScannerAdapter handleEntry
SEVERE: Invalid InputStream returned for org/h2/expression/analysis/Window.class
Apr 28, 2022 3:57:11 PM com.sun.enterprise.v3.server.ReadableArchiveScannerAdapter handleEntry
SEVERE: Invalid InputStream returned for org/h2/expression/analysis/WindowFrame$1.class
Apr 28, 2022 3:57:11 PM com.sun.enterprise.v3.server.ReadableArchiveScannerAdapter handleEntry
SEVERE: Invalid InputStream returned for org/h2/expression/analysis/WindowFrame$BiItr.class
Apr 28, 2022 3:57:11 PM com.sun.enterprise.v3.server.ReadableArchiveScannerAdapter handleEntry
SEVERE: Invalid InputStream returned for org/h2/expression/analysis/WindowFrame$BiReverseItr.class
Apr 28, 2022 3:57:11 PM com.sun.enterprise.v3.server.ReadableArchiveScannerAdapter handleEntry
SEVERE: Invalid InputStream returned for org/h2/expression/analysis/WindowFrame$Itr.class
Apr 28, 2022 3:57:11 PM com.sun.enterprise.v3.server.ReadableArchiveScannerAdapter handleEntry
SEVERE: Invalid InputStream returned for org/h2/expression/analysis/WindowFrame$PlainItr.class
Apr 28, 2022 3:57:11 PM com.sun.enterprise.v3.server.ReadableArchiveScannerAdapter handleEntry
SEVERE: Invalid InputStream returned for org/h2/expression/analysis/WindowFrame$PlainReverseItr.class
Apr 28, 2022 3:57:11 PM com.sun.enterprise.v3.server.ReadableArchiveScannerAdapter handleEntry
SEVERE: Invalid InputStream returned for org/h2/expression/analysis/WindowFrame$TriItr.class
Apr 28, 2022 3:57:11 PM com.sun.enterprise.v3.server.ReadableArchiveScannerAdapter handleEntry
SEVERE: Exception while processing org/h2/expression/analysis/WindowFrame$TriReverseItr.class inside file:/tmp/gfembed15257743656685566532tmp/applications/classes/ of size 1,189, exception: java.io.FileNotFoundException: /tmp/gfembed15257743656685566532tmp/applications/classes/org/h2/expression/analysis/WindowFrame$TriReverseItr.class (No such file or directory)
Apr 28, 2022 3:57:11 PM com.sun.enterprise.v3.server.ReadableArchiveScannerAdapter handleEntry
SEVERE: Invalid InputStream returned for org/h2/expression/analysis/WindowFrame.class
Apr 28, 2022 3:57:11 PM com.sun.enterprise.v3.server.ReadableArchiveScannerAdapter handleEntry
SEVERE: Invalid InputStream returned for org/h2/expression/analysis/WindowFrameBound.class
Apr 28, 2022 3:57:11 PM com.sun.enterprise.v3.server.ReadableArchiveScannerAdapter handleEntry
SEVERE: Invalid InputStream returned for org/h2/expression/analysis/WindowFrameBoundType.class
Apr 28, 2022 3:57:11 PM com.sun.enterprise.v3.server.ReadableArchiveScannerAdapter handleEntry
SEVERE: Exception while processing org/h2/expression/analysis/WindowFrameExclusion.class inside file:/tmp/gfembed15257743656685566532tmp/applications/classes/ of size 1,574, exception: java.io.FileNotFoundException: /tmp/gfembed15257743656685566532tmp/applications/classes/org/h2/expression/analysis/WindowFrameExclusion.class (No such file or directory)
Apr 28, 2022 3:57:11 PM com.sun.enterprise.v3.server.ReadableArchiveScannerAdapter handleEntry
SEVERE: Invalid InputStream returned for org/h2/expression/analysis/WindowFrameUnits.class
Apr 28, 2022 3:57:11 PM com.sun.enterprise.v3.server.ReadableArchiveScannerAdapter handleEntry
SEVERE: Invalid InputStream returned for org/h2/expression/analysis/WindowFunction$1.class
Apr 28, 2022 3:57:11 PM com.sun.enterprise.v3.server.ReadableArchiveScannerAdapter handleEntry
SEVERE: Invalid InputStream returned for org/h2/expression/analysis/WindowFunctionType.class
Apr 28, 2022 3:57:11 PM com.sun.enterprise.v3.server.ReadableArchiveScannerAdapter handleEntry
SEVERE: Invalid InputStream returned for org/h2/expression/BinaryOperation$1.class
Apr 28, 2022 3:57:11 PM com.sun.enterprise.v3.server.ReadableArchiveScannerAdapter handleEntry
SEVERE: Invalid InputStream returned for org/h2/expression/BinaryOperation$OpType.class
Apr 28, 2022 3:57:11 PM com.sun.enterprise.v3.server.ReadableArchiveScannerAdapter handleEntry
SEVERE: Invalid InputStream returned for org/h2/expression/BinaryOperation.class
Apr 28, 2022 3:57:11 PM com.sun.enterprise.v3.server.ReadableArchiveScannerAdapter handleEntry
SEVERE: Invalid InputStream returned for org/h2/expression/ConcatenationOperation.class
Apr 28, 2022 3:57:11 PM com.sun.enterprise.v3.server.ReadableArchiveScannerAdapter handleEntry
SEVERE: Invalid InputStream returned for org/h2/expression/condition/BooleanTest.class
Apr 28, 2022 3:57:11 PM com.sun.enterprise.v3.server.ReadableArchiveScannerAdapter handleEntry
SEVERE: Invalid InputStream returned for org/h2/expression/condition/CompareLike.class
Apr 28, 2022 3:57:11 PM com.sun.enterprise.v3.server.ReadableArchiveScannerAdapter handleEntry
SEVERE: Invalid InputStream returned for org/h2/expression/condition/Comparison.class
Apr 28, 2022 3:57:11 PM com.sun.enterprise.v3.server.ReadableArchiveScannerAdapter handleEntry
SEVERE: Invalid InputStream returned for org/h2/expression/condition/Condition.class
Apr 28, 2022 3:57:11 PM com.sun.enterprise.v3.server.ReadableArchiveScannerAdapter handleEntry
SEVERE: Invalid InputStream returned for org/h2/expression/condition/ConditionAndOr.class
Apr 28, 2022 3:57:11 PM com.sun.enterprise.v3.server.ReadableArchiveScannerAdapter handleEntry
SEVERE: Invalid InputStream returned for org/h2/expression/condition/ConditionIn.class
Apr 28, 2022 3:57:11 PM com.sun.enterprise.v3.server.ReadableArchiveScannerAdapter handleEntry
SEVERE: Invalid InputStream returned for org/h2/expression/condition/ConditionInConstantSet.class
Apr 28, 2022 3:57:11 PM com.sun.enterprise.v3.server.ReadableArchiveScannerAdapter handleEntry
SEVERE: Invalid InputStream returned for org/h2/expression/condition/ConditionInParameter$ParameterList.class
Apr 28, 2022 3:57:11 PM com.sun.enterprise.v3.server.ReadableArchiveScannerAdapter handleEntry
SEVERE: Invalid InputStream returned for org/h2/expression/condition/ConditionInParameter.class
Apr 28, 2022 3:57:11 PM com.sun.enterprise.v3.server.ReadableArchiveScannerAdapter handleEntry
SEVERE: Invalid InputStream returned for org/h2/expression/condition/ConditionInQuery.class
Apr 28, 2022 3:57:11 PM com.sun.enterprise.v3.server.ReadableArchiveScannerAdapter handleEntry
SEVERE: Invalid InputStream returned for org/h2/expression/condition/ConditionLocalAndGlobal.class
Apr 28, 2022 3:57:11 PM com.sun.enterprise.v3.server.ReadableArchiveScannerAdapter handleEntry
SEVERE: Invalid InputStream returned for org/h2/expression/condition/ConditionNot.class
Apr 28, 2022 3:57:11 PM com.sun.enterprise.v3.server.ReadableArchiveScannerAdapter handleEntry
SEVERE: Invalid InputStream returned for org/h2/expression/condition/ExistsPredicate.class
Apr 28, 2022 3:57:11 PM com.sun.enterprise.v3.server.ReadableArchiveScannerAdapter handleEntry
SEVERE: Invalid InputStream returned for org/h2/expression/condition/IsJsonPredicate$1.class
Apr 28, 2022 3:57:11 PM com.sun.enterprise.v3.server.ReadableArchiveScannerAdapter handleEntry
SEVERE: Invalid InputStream returned for org/h2/expression/condition/IsJsonPredicate.class
Apr 28, 2022 3:57:11 PM com.sun.enterprise.v3.server.ReadableArchiveScannerAdapter handleEntry
SEVERE: Invalid InputStream returned for org/h2/expression/condition/NullPredicate.class
Apr 28, 2022 3:57:11 PM com.sun.enterprise.v3.server.ReadableArchiveScannerAdapter handleEntry
SEVERE: Invalid InputStream returned for org/h2/expression/condition/PredicateWithSubquery.class
Apr 28, 2022 3:57:11 PM com.sun.enterprise.v3.server.ReadableArchiveScannerAdapter handleEntry
SEVERE: Invalid InputStream returned for org/h2/expression/condition/SimplePredicate.class
Apr 28, 2022 3:57:11 PM com.sun.enterprise.v3.server.ReadableArchiveScannerAdapter handleEntry
SEVERE: Invalid InputStream returned for org/h2/expression/condition/TypePredicate.class
Apr 28, 2022 3:57:11 PM com.sun.enterprise.v3.server.ReadableArchiveScannerAdapter handleEntry
SEVERE: Invalid InputStream returned for org/h2/expression/condition/UniquePredicate$Target.class
Apr 28, 2022 3:57:11 PM com.sun.enterprise.v3.server.ReadableArchiveScannerAdapter handleEntry
SEVERE: Invalid InputStream returned for org/h2/expression/condition/UniquePredicate.class
Apr 28, 2022 3:57:11 PM com.sun.enterprise.v3.server.ReadableArchiveScannerAdapter handleEntry
SEVERE: Invalid InputStream returned for org/h2/expression/Expression.class
Apr 28, 2022 3:57:11 PM com.sun.enterprise.v3.server.ReadableArchiveScannerAdapter handleEntry
SEVERE: Invalid InputStream returned for org/h2/expression/ExpressionColumn.class
Apr 28, 2022 3:57:11 PM com.sun.enterprise.v3.server.ReadableArchiveScannerAdapter handleEntry
SEVERE: Invalid InputStream returned for org/h2/expression/ExpressionList.class
Apr 28, 2022 3:57:11 PM com.sun.enterprise.v3.server.ReadableArchiveScannerAdapter handleEntry
SEVERE: Invalid InputStream returned for org/h2/expression/ExpressionVisitor.class
Apr 28, 2022 3:57:11 PM com.sun.enterprise.v3.server.ReadableArchiveScannerAdapter handleEntry
SEVERE: Invalid InputStream returned for org/h2/expression/ExpressionWithFlags.class
Apr 28, 2022 3:57:11 PM com.sun.enterprise.v3.server.ReadableArchiveScannerAdapter handleEntry
SEVERE: Invalid InputStream returned for org/h2/expression/Format$FormatEnum.class
Apr 28, 2022 3:57:11 PM com.sun.enterprise.v3.server.ReadableArchiveScannerAdapter handleEntry
SEVERE: Invalid InputStream returned for org/h2/expression/Format.class
Apr 28, 2022 3:57:11 PM com.sun.enterprise.v3.server.ReadableArchiveScannerAdapter handleEntry
SEVERE: Invalid InputStream returned for org/h2/expression/function/DateTimeFunctions.class
Apr 28, 2022 3:57:11 PM com.sun.enterprise.v3.server.ReadableArchiveScannerAdapter handleEntry
SEVERE: Invalid InputStream returned for org/h2/expression/function/Function$1.class
Apr 28, 2022 3:57:11 PM com.sun.enterprise.v3.server.ReadableArchiveScannerAdapter handleEntry
SEVERE: Invalid InputStream returned for org/h2/expression/function/Function.class
Apr 28, 2022 3:57:11 PM com.sun.enterprise.v3.server.ReadableArchiveScannerAdapter handleEntry
SEVERE: Invalid InputStream returned for org/h2/expression/function/FunctionCall.class
Apr 28, 2022 3:57:11 PM com.sun.enterprise.v3.server.ReadableArchiveScannerAdapter handleEntry
SEVERE: Invalid InputStream returned for org/h2/expression/function/FunctionInfo.class
Apr 28, 2022 3:57:11 PM com.sun.enterprise.v3.server.ReadableArchiveScannerAdapter handleEntry
SEVERE: Invalid InputStream returned for org/h2/expression/function/JavaFunction.class
Apr 28, 2022 3:57:11 PM com.sun.enterprise.v3.server.ReadableArchiveScannerAdapter handleEntry
SEVERE: Invalid InputStream returned for org/h2/expression/function/TableFunction.class
Apr 28, 2022 3:57:11 PM com.sun.enterprise.v3.server.ReadableArchiveScannerAdapter handleEntry
SEVERE: Invalid InputStream returned for org/h2/expression/function/ToChar$1.class
Apr 28, 2022 3:57:11 PM com.sun.enterprise.v3.server.ReadableArchiveScannerAdapter handleEntry
SEVERE: Invalid InputStream returned for org/h2/expression/function/ToChar$Capitalization.class
Apr 28, 2022 3:57:11 PM com.sun.enterprise.v3.server.ReadableArchiveScannerAdapter handleEntry
SEVERE: Invalid InputStream returned for org/h2/expression/function/ToChar.class
Apr 28, 2022 3:57:11 PM com.sun.enterprise.v3.server.ReadableArchiveScannerAdapter handleEntry
SEVERE: Invalid InputStream returned for org/h2/expression/function/ToDateParser$ConfigParam.class
Apr 28, 2022 3:57:11 PM com.sun.enterprise.v3.server.ReadableArchiveScannerAdapter handleEntry
SEVERE: Invalid InputStream returned for org/h2/expression/function/ToDateParser.class
Apr 28, 2022 3:57:11 PM com.sun.enterprise.v3.server.ReadableArchiveScannerAdapter handleEntry
SEVERE: Invalid InputStream returned for org/h2/expression/function/ToDateTokenizer$1.class
Apr 28, 2022 3:57:11 PM com.sun.enterprise.v3.server.ReadableArchiveScannerAdapter handleEntry
SEVERE: Invalid InputStream returned for org/h2/expression/function/ToDateTokenizer$DayParslet.class
Apr 28, 2022 3:57:11 PM com.sun.enterprise.v3.server.ReadableArchiveScannerAdapter handleEntry
SEVERE: Invalid InputStream returned for org/h2/expression/function/ToDateTokenizer$FormatTokenEnum.class
Apr 28, 2022 3:57:11 PM com.sun.enterprise.v3.server.ReadableArchiveScannerAdapter handleEntry
SEVERE: Invalid InputStream returned for org/h2/expression/function/ToDateTokenizer$InlineParslet.class
Apr 28, 2022 3:57:11 PM com.sun.enterprise.v3.server.ReadableArchiveScannerAdapter handleEntry
SEVERE: Invalid InputStream returned for org/h2/expression/function/ToDateTokenizer$MonthParslet.class
Apr 28, 2022 3:57:11 PM com.sun.enterprise.v3.server.ReadableArchiveScannerAdapter handleEntry
SEVERE: Invalid InputStream returned for org/h2/expression/function/ToDateTokenizer$TimeParslet.class
Apr 28, 2022 3:57:11 PM com.sun.enterprise.v3.server.ReadableArchiveScannerAdapter handleEntry
SEVERE: Invalid InputStream returned for org/h2/expression/function/ToDateTokenizer$ToDateParslet.class
Apr 28, 2022 3:57:11 PM com.sun.enterprise.v3.server.ReadableArchiveScannerAdapter handleEntry
SEVERE: Invalid InputStream returned for org/h2/expression/function/ToDateTokenizer$YearParslet.class
Apr 28, 2022 3:57:11 PM com.sun.enterprise.v3.server.ReadableArchiveScannerAdapter handleEntry
SEVERE: Invalid InputStream returned for org/h2/expression/function/ToDateTokenizer.class
Apr 28, 2022 3:57:11 PM com.sun.enterprise.v3.server.ReadableArchiveScannerAdapter handleEntry
SEVERE: Invalid InputStream returned for org/h2/expression/IntervalOperation$1.class
Apr 28, 2022 3:57:11 PM com.sun.enterprise.v3.server.ReadableArchiveScannerAdapter handleEntry
SEVERE: Invalid InputStream returned for org/h2/expression/IntervalOperation$IntervalOpType.class
Apr 28, 2022 3:57:11 PM com.sun.enterprise.v3.server.ReadableArchiveScannerAdapter handleEntry
SEVERE: Invalid InputStream returned for org/h2/expression/IntervalOperation.class
Apr 28, 2022 3:57:11 PM com.sun.enterprise.v3.server.ReadableArchiveScannerAdapter handleEntry
SEVERE: Invalid InputStream returned for org/h2/expression/Parameter.class
Apr 28, 2022 3:57:11 PM com.sun.enterprise.v3.server.ReadableArchiveScannerAdapter handleEntry
SEVERE: Invalid InputStream returned for org/h2/expression/ParameterInterface.class
Apr 28, 2022 3:57:11 PM com.sun.enterprise.v3.server.ReadableArchiveScannerAdapter handleEntry
SEVERE: Invalid InputStream returned for org/h2/expression/ParameterRemote.class
Apr 28, 2022 3:57:11 PM com.sun.enterprise.v3.server.ReadableArchiveScannerAdapter handleEntry
SEVERE: Invalid InputStream returned for org/h2/expression/Rownum.class
Apr 28, 2022 3:57:11 PM com.sun.enterprise.v3.server.ReadableArchiveScannerAdapter handleEntry
SEVERE: Invalid InputStream returned for org/h2/expression/SequenceValue.class
Apr 28, 2022 3:57:11 PM com.sun.enterprise.v3.server.ReadableArchiveScannerAdapter handleEntry
SEVERE: Invalid InputStream returned for org/h2/expression/Subquery.class
Apr 28, 2022 3:57:11 PM com.sun.enterprise.v3.server.ReadableArchiveScannerAdapter handleEntry
SEVERE: Invalid InputStream returned for org/h2/expression/TimeZoneOperation.class
Apr 28, 2022 3:57:11 PM com.sun.enterprise.v3.server.ReadableArchiveScannerAdapter handleEntry
SEVERE: Exception while processing org/h2/fulltext/FullText.class inside file:/tmp/gfembed15257743656685566532tmp/applications/classes/ of size 17,076, exception: java.io.FileNotFoundException: /tmp/gfembed15257743656685566532tmp/applications/classes/org/h2/fulltext/FullText.class (No such file or directory)
Apr 28, 2022 3:57:11 PM com.sun.enterprise.v3.server.ReadableArchiveScannerAdapter handleEntry
SEVERE: Invalid InputStream returned for org/h2/fulltext/FullTextLucene$FullTextTrigger.class
Apr 28, 2022 3:57:11 PM com.sun.enterprise.v3.server.ReadableArchiveScannerAdapter handleEntry
SEVERE: Invalid InputStream returned for org/h2/fulltext/FullTextLucene$IndexAccess.class
Apr 28, 2022 3:57:11 PM com.sun.enterprise.v3.server.ReadableArchiveScannerAdapter handleEntry
SEVERE: Invalid InputStream returned for org/h2/fulltext/FullTextLucene.class
Apr 28, 2022 3:57:11 PM com.sun.enterprise.v3.server.ReadableArchiveScannerAdapter handleEntry
SEVERE: Invalid InputStream returned for org/h2/fulltext/FullTextSettings.class
Apr 28, 2022 3:57:11 PM com.sun.enterprise.v3.server.ReadableArchiveScannerAdapter handleEntry
SEVERE: Invalid InputStream returned for org/h2/fulltext/IndexInfo.class
Apr 28, 2022 3:57:11 PM com.sun.enterprise.v3.server.ReadableArchiveScannerAdapter handleEntry
SEVERE: Invalid InputStream returned for org/h2/index/BaseIndex.class
Apr 28, 2022 3:57:11 PM com.sun.enterprise.v3.server.ReadableArchiveScannerAdapter handleEntry
SEVERE: Invalid InputStream returned for org/h2/index/Cursor.class
Apr 28, 2022 3:57:11 PM com.sun.enterprise.v3.server.ReadableArchiveScannerAdapter handleEntry
SEVERE: Invalid InputStream returned for org/h2/index/DualCursor.class
Apr 28, 2022 3:57:11 PM com.sun.enterprise.v3.server.ReadableArchiveScannerAdapter handleEntry
SEVERE: Invalid InputStream returned for org/h2/index/DualIndex.class
Apr 28, 2022 3:57:11 PM com.sun.enterprise.v3.server.ReadableArchiveScannerAdapter handleEntry
SEVERE: Invalid InputStream returned for org/h2/index/Index.class
Apr 28, 2022 3:57:11 PM com.sun.enterprise.v3.server.ReadableArchiveScannerAdapter handleEntry
SEVERE: Invalid InputStream returned for org/h2/index/IndexCondition.class
Apr 28, 2022 3:57:11 PM com.sun.enterprise.v3.server.ReadableArchiveScannerAdapter handleEntry
SEVERE: Invalid InputStream returned for org/h2/index/IndexCursor.class
Apr 28, 2022 3:57:11 PM com.sun.enterprise.v3.server.ReadableArchiveScannerAdapter handleEntry
SEVERE: Invalid InputStream returned for org/h2/index/IndexLookupBatch.class
Apr 28, 2022 3:57:11 PM com.sun.enterprise.v3.server.ReadableArchiveScannerAdapter handleEntry
SEVERE: Invalid InputStream returned for org/h2/index/IndexType.class
Apr 28, 2022 3:57:11 PM com.sun.enterprise.v3.server.ReadableArchiveScannerAdapter handleEntry
SEVERE: Invalid InputStream returned for org/h2/index/LinkedCursor.class
Apr 28, 2022 3:57:11 PM com.sun.enterprise.v3.server.ReadableArchiveScannerAdapter handleEntry
SEVERE: Invalid InputStream returned for org/h2/index/LinkedIndex.class
Apr 28, 2022 3:57:11 PM com.sun.enterprise.v3.server.ReadableArchiveScannerAdapter handleEntry
SEVERE: Invalid InputStream returned for org/h2/index/MetaCursor.class
Apr 28, 2022 3:57:11 PM com.sun.enterprise.v3.server.ReadableArchiveScannerAdapter handleEntry
SEVERE: Invalid InputStream returned for org/h2/index/MetaIndex.class
Apr 28, 2022 3:57:11 PM com.sun.enterprise.v3.server.ReadableArchiveScannerAdapter handleEntry
SEVERE: Invalid InputStream returned for org/h2/index/RangeCursor.class
Apr 28, 2022 3:57:11 PM com.sun.enterprise.v3.server.ReadableArchiveScannerAdapter handleEntry
SEVERE: Invalid InputStream returned for org/h2/index/RangeIndex.class
Apr 28, 2022 3:57:11 PM com.sun.enterprise.v3.server.ReadableArchiveScannerAdapter handleEntry
SEVERE: Invalid InputStream returned for org/h2/index/SingleRowCursor.class
Apr 28, 2022 3:57:11 PM com.sun.enterprise.v3.server.ReadableArchiveScannerAdapter handleEntry
SEVERE: Invalid InputStream returned for org/h2/index/SpatialIndex.class
Apr 28, 2022 3:57:11 PM com.sun.enterprise.v3.server.ReadableArchiveScannerAdapter handleEntry
SEVERE: Invalid InputStream returned for org/h2/index/ViewCursor.class
Apr 28, 2022 3:57:11 PM com.sun.enterprise.v3.server.ReadableArchiveScannerAdapter handleEntry
SEVERE: Invalid InputStream returned for org/h2/index/ViewIndex.class
Apr 28, 2022 3:57:11 PM com.sun.enterprise.v3.server.ReadableArchiveScannerAdapter handleEntry
SEVERE: Invalid InputStream returned for org/h2/index/VirtualConstructedTableIndex.class
Apr 28, 2022 3:57:11 PM com.sun.enterprise.v3.server.ReadableArchiveScannerAdapter handleEntry
SEVERE: Invalid InputStream returned for org/h2/index/VirtualTableCursor.class
Apr 28, 2022 3:57:11 PM com.sun.enterprise.v3.server.ReadableArchiveScannerAdapter handleEntry
SEVERE: Invalid InputStream returned for org/h2/index/VirtualTableIndex.class
Apr 28, 2022 3:57:11 PM com.sun.enterprise.v3.server.ReadableArchiveScannerAdapter handleEntry
SEVERE: Invalid InputStream returned for org/h2/jdbc/JdbcArray.class
Apr 28, 2022 3:57:11 PM com.sun.enterprise.v3.server.ReadableArchiveScannerAdapter handleEntry
SEVERE: Invalid InputStream returned for org/h2/jdbc/JdbcBatchUpdateException.class
Apr 28, 2022 3:57:11 PM com.sun.enterprise.v3.server.ReadableArchiveScannerAdapter handleEntry
SEVERE: Invalid InputStream returned for org/h2/jdbc/JdbcBlob.class
Apr 28, 2022 3:57:11 PM com.sun.enterprise.v3.server.ReadableArchiveScannerAdapter handleEntry
SEVERE: Invalid InputStream returned for org/h2/jdbc/JdbcCallableStatement.class
Apr 28, 2022 3:57:11 PM com.sun.enterprise.v3.server.ReadableArchiveScannerAdapter handleEntry
SEVERE: Invalid InputStream returned for org/h2/jdbc/JdbcCallableStatementBackwardsCompat.class
Apr 28, 2022 3:57:11 PM com.sun.enterprise.v3.server.ReadableArchiveScannerAdapter handleEntry
SEVERE: Invalid InputStream returned for org/h2/jdbc/JdbcClob.class
Apr 28, 2022 3:57:11 PM com.sun.enterprise.v3.server.ReadableArchiveScannerAdapter handleEntry
SEVERE: Invalid InputStream returned for org/h2/jdbc/JdbcConnection$Settings.class
Apr 28, 2022 3:57:11 PM com.sun.enterprise.v3.server.ReadableArchiveScannerAdapter handleEntry
SEVERE: Invalid InputStream returned for org/h2/jdbc/JdbcConnection.class
Apr 28, 2022 3:57:11 PM com.sun.enterprise.v3.server.ReadableArchiveScannerAdapter handleEntry
SEVERE: Invalid InputStream returned for org/h2/jdbc/JdbcConnectionBackwardsCompat.class
Apr 28, 2022 3:57:11 PM com.sun.enterprise.v3.server.ReadableArchiveScannerAdapter handleEntry
SEVERE: Invalid InputStream returned for org/h2/jdbc/JdbcDatabaseMetaData.class
Apr 28, 2022 3:57:11 PM com.sun.enterprise.v3.server.ReadableArchiveScannerAdapter handleEntry
SEVERE: Invalid InputStream returned for org/h2/jdbc/JdbcDatabaseMetaDataBackwardsCompat.class
Apr 28, 2022 3:57:11 PM com.sun.enterprise.v3.server.ReadableArchiveScannerAdapter handleEntry
SEVERE: Invalid InputStream returned for org/h2/jdbc/JdbcException.class
Apr 28, 2022 3:57:11 PM com.sun.enterprise.v3.server.ReadableArchiveScannerAdapter handleEntry
SEVERE: Invalid InputStream returned for org/h2/jdbc/JdbcLob$1.class
Apr 28, 2022 3:57:11 PM com.sun.enterprise.v3.server.ReadableArchiveScannerAdapter handleEntry
SEVERE: Invalid InputStream returned for org/h2/jdbc/JdbcLob$LobPipedOutputStream.class
Apr 28, 2022 3:57:11 PM com.sun.enterprise.v3.server.ReadableArchiveScannerAdapter handleEntry
SEVERE: Invalid InputStream returned for org/h2/jdbc/JdbcLob$State.class
Apr 28, 2022 3:57:11 PM com.sun.enterprise.v3.server.ReadableArchiveScannerAdapter handleEntry
SEVERE: Invalid InputStream returned for org/h2/jdbc/JdbcLob.class
Apr 28, 2022 3:57:11 PM com.sun.enterprise.v3.server.ReadableArchiveScannerAdapter handleEntry
SEVERE: Invalid InputStream returned for org/h2/jdbc/JdbcParameterMetaData.class
Apr 28, 2022 3:57:11 PM com.sun.enterprise.v3.server.ReadableArchiveScannerAdapter handleEntry
SEVERE: Invalid InputStream returned for org/h2/jdbc/JdbcPreparedStatement.class
Apr 28, 2022 3:57:11 PM com.sun.enterprise.v3.server.ReadableArchiveScannerAdapter handleEntry
SEVERE: Invalid InputStream returned for org/h2/jdbc/JdbcPreparedStatementBackwardsCompat.class
Apr 28, 2022 3:57:11 PM com.sun.enterprise.v3.server.ReadableArchiveScannerAdapter handleEntry
SEVERE: Invalid InputStream returned for org/h2/jdbc/JdbcResultSet.class
Apr 28, 2022 3:57:11 PM com.sun.enterprise.v3.server.ReadableArchiveScannerAdapter handleEntry
SEVERE: Invalid InputStream returned for org/h2/jdbc/JdbcResultSetBackwardsCompat.class
Apr 28, 2022 3:57:11 PM com.sun.enterprise.v3.server.ReadableArchiveScannerAdapter handleEntry
SEVERE: Invalid InputStream returned for org/h2/jdbc/JdbcResultSetMetaData.class
Apr 28, 2022 3:57:11 PM com.sun.enterprise.v3.server.ReadableArchiveScannerAdapter handleEntry
SEVERE: Invalid InputStream returned for org/h2/jdbc/JdbcSavepoint.class
Apr 28, 2022 3:57:11 PM com.sun.enterprise.v3.server.ReadableArchiveScannerAdapter handleEntry
SEVERE: Invalid InputStream returned for org/h2/jdbc/JdbcSQLDataException.class
Apr 28, 2022 3:57:11 PM com.sun.enterprise.v3.server.ReadableArchiveScannerAdapter handleEntry
SEVERE: Invalid InputStream returned for org/h2/jdbc/JdbcSQLException.class
Apr 28, 2022 3:57:11 PM com.sun.enterprise.v3.server.ReadableArchiveScannerAdapter handleEntry
SEVERE: Invalid InputStream returned for org/h2/jdbc/JdbcSQLFeatureNotSupportedException.class
Apr 28, 2022 3:57:11 PM com.sun.enterprise.v3.server.ReadableArchiveScannerAdapter handleEntry
SEVERE: Invalid InputStream returned for org/h2/jdbc/JdbcSQLIntegrityConstraintViolationException.class
Apr 28, 2022 3:57:11 PM com.sun.enterprise.v3.server.ReadableArchiveScannerAdapter handleEntry
SEVERE: Invalid InputStream returned for org/h2/jdbc/JdbcSQLInvalidAuthorizationSpecException.class
Apr 28, 2022 3:57:11 PM com.sun.enterprise.v3.server.ReadableArchiveScannerAdapter handleEntry
SEVERE: Invalid InputStream returned for org/h2/jdbc/JdbcSQLNonTransientConnectionException.class
Apr 28, 2022 3:57:11 PM com.sun.enterprise.v3.server.ReadableArchiveScannerAdapter handleEntry
SEVERE: Invalid InputStream returned for org/h2/jdbc/JdbcSQLNonTransientException.class
Apr 28, 2022 3:57:11 PM com.sun.enterprise.v3.server.ReadableArchiveScannerAdapter handleEntry
SEVERE: Invalid InputStream returned for org/h2/jdbc/JdbcSQLSyntaxErrorException.class
Apr 28, 2022 3:57:11 PM com.sun.enterprise.v3.server.ReadableArchiveScannerAdapter handleEntry
SEVERE: Invalid InputStream returned for org/h2/jdbc/JdbcSQLTimeoutException.class
Apr 28, 2022 3:57:11 PM com.sun.enterprise.v3.server.ReadableArchiveScannerAdapter handleEntry
SEVERE: Invalid InputStream returned for org/h2/jdbc/JdbcSQLTransactionRollbackException.class
Apr 28, 2022 3:57:11 PM com.sun.enterprise.v3.server.ReadableArchiveScannerAdapter handleEntry
SEVERE: Invalid InputStream returned for org/h2/jdbc/JdbcSQLXML.class
Apr 28, 2022 3:57:11 PM com.sun.enterprise.v3.server.ReadableArchiveScannerAdapter handleEntry
SEVERE: Invalid InputStream returned for org/h2/jdbc/JdbcStatement.class
Apr 28, 2022 3:57:11 PM com.sun.enterprise.v3.server.ReadableArchiveScannerAdapter handleEntry
SEVERE: Invalid InputStream returned for org/h2/jdbc/JdbcStatementBackwardsCompat.class
Apr 28, 2022 3:57:11 PM com.sun.enterprise.v3.server.ReadableArchiveScannerAdapter handleEntry
SEVERE: Invalid InputStream returned for org/h2/JdbcDriverBackwardsCompat.class
Apr 28, 2022 3:57:11 PM com.sun.enterprise.v3.server.ReadableArchiveScannerAdapter handleEntry
SEVERE: Invalid InputStream returned for org/h2/jdbcx/JdbcConnectionPool.class
Apr 28, 2022 3:57:11 PM com.sun.enterprise.v3.server.ReadableArchiveScannerAdapter handleEntry
SEVERE: Invalid InputStream returned for org/h2/jdbcx/JdbcConnectionPoolBackwardsCompat.class
Apr 28, 2022 3:57:11 PM com.sun.enterprise.v3.server.ReadableArchiveScannerAdapter handleEntry
SEVERE: Invalid InputStream returned for org/h2/jdbcx/JdbcDataSource.class
Apr 28, 2022 3:57:11 PM com.sun.enterprise.v3.server.ReadableArchiveScannerAdapter handleEntry
SEVERE: Invalid InputStream returned for org/h2/jdbcx/JdbcDataSourceBackwardsCompat.class
Apr 28, 2022 3:57:11 PM com.sun.enterprise.v3.server.ReadableArchiveScannerAdapter handleEntry
SEVERE: Invalid InputStream returned for org/h2/jdbcx/JdbcDataSourceFactory.class
Apr 28, 2022 3:57:11 PM com.sun.enterprise.v3.server.ReadableArchiveScannerAdapter handleEntry
SEVERE: Invalid InputStream returned for org/h2/jdbcx/JdbcXAConnection$PooledJdbcConnection.class
Apr 28, 2022 3:57:11 PM com.sun.enterprise.v3.server.ReadableArchiveScannerAdapter handleEntry
SEVERE: Invalid InputStream returned for org/h2/jdbcx/JdbcXAConnection.class
Apr 28, 2022 3:57:11 PM com.sun.enterprise.v3.server.ReadableArchiveScannerAdapter handleEntry
SEVERE: Invalid InputStream returned for org/h2/jdbcx/JdbcXid.class
Apr 28, 2022 3:57:11 PM com.sun.enterprise.v3.server.ReadableArchiveScannerAdapter handleEntry
SEVERE: Invalid InputStream returned for org/h2/jmx/DatabaseInfo.class
Apr 28, 2022 3:57:11 PM com.sun.enterprise.v3.server.ReadableArchiveScannerAdapter handleEntry
SEVERE: Invalid InputStream returned for org/h2/jmx/DatabaseInfoMBean.class
Apr 28, 2022 3:57:11 PM com.sun.enterprise.v3.server.ReadableArchiveScannerAdapter handleEntry
SEVERE: Invalid InputStream returned for org/h2/jmx/DocumentedMBean.class
Apr 28, 2022 3:57:11 PM com.sun.enterprise.v3.server.ReadableArchiveScannerAdapter handleEntry
SEVERE: Invalid InputStream returned for org/h2/message/DbException.class
Apr 28, 2022 3:57:11 PM com.sun.enterprise.v3.server.ReadableArchiveScannerAdapter handleEntry
SEVERE: Invalid InputStream returned for org/h2/message/Trace.class
Apr 28, 2022 3:57:11 PM com.sun.enterprise.v3.server.ReadableArchiveScannerAdapter handleEntry
SEVERE: Invalid InputStream returned for org/h2/message/TraceObject.class
Apr 28, 2022 3:57:11 PM com.sun.enterprise.v3.server.ReadableArchiveScannerAdapter handleEntry
SEVERE: Invalid InputStream returned for org/h2/message/TraceSystem.class
Apr 28, 2022 3:57:11 PM com.sun.enterprise.v3.server.ReadableArchiveScannerAdapter handleEntry
SEVERE: Invalid InputStream returned for org/h2/message/TraceWriter.class
Apr 28, 2022 3:57:11 PM com.sun.enterprise.v3.server.ReadableArchiveScannerAdapter handleEntry
SEVERE: Invalid InputStream returned for org/h2/mode/FunctionsBase.class
Apr 28, 2022 3:57:11 PM com.sun.enterprise.v3.server.ReadableArchiveScannerAdapter handleEntry
SEVERE: Invalid InputStream returned for org/h2/mode/FunctionsMSSQLServer.class
Apr 28, 2022 3:57:11 PM com.sun.enterprise.v3.server.ReadableArchiveScannerAdapter handleEntry
SEVERE: Invalid InputStream returned for org/h2/mode/FunctionsMySQL.class
Apr 28, 2022 3:57:11 PM com.sun.enterprise.v3.server.ReadableArchiveScannerAdapter handleEntry
SEVERE: Invalid InputStream returned for org/h2/mode/FunctionsOracle.class
Apr 28, 2022 3:57:11 PM com.sun.enterprise.v3.server.ReadableArchiveScannerAdapter handleEntry
SEVERE: Invalid InputStream returned for org/h2/mvstore/cache/CacheLongKeyLIRS$Config.class
Apr 28, 2022 3:57:11 PM com.sun.enterprise.v3.server.ReadableArchiveScannerAdapter handleEntry
SEVERE: Invalid InputStream returned for org/h2/mvstore/cache/CacheLongKeyLIRS$Entry.class
Apr 28, 2022 3:57:11 PM com.sun.enterprise.v3.server.ReadableArchiveScannerAdapter handleEntry
SEVERE: Invalid InputStream returned for org/h2/mvstore/cache/CacheLongKeyLIRS$Segment.class
Apr 28, 2022 3:57:11 PM com.sun.enterprise.v3.server.ReadableArchiveScannerAdapter handleEntry
SEVERE: Invalid InputStream returned for org/h2/mvstore/cache/CacheLongKeyLIRS.class
Apr 28, 2022 3:57:11 PM com.sun.enterprise.v3.server.ReadableArchiveScannerAdapter handleEntry
SEVERE: Invalid InputStream returned for org/h2/mvstore/cache/FilePathCache$FileCache.class
Apr 28, 2022 3:57:11 PM com.sun.enterprise.v3.server.ReadableArchiveScannerAdapter handleEntry
SEVERE: Invalid InputStream returned for org/h2/mvstore/cache/FilePathCache.class
Apr 28, 2022 3:57:11 PM com.sun.enterprise.v3.server.ReadableArchiveScannerAdapter handleEntry
SEVERE: Invalid InputStream returned for org/h2/mvstore/Chunk$PositionComparator.class
Apr 28, 2022 3:57:11 PM com.sun.enterprise.v3.server.ReadableArchiveScannerAdapter handleEntry
SEVERE: Invalid InputStream returned for org/h2/mvstore/Chunk.class
Apr 28, 2022 3:57:11 PM com.sun.enterprise.v3.server.ReadableArchiveScannerAdapter handleEntry
SEVERE: Invalid InputStream returned for org/h2/mvstore/Cursor.class
Apr 28, 2022 3:57:11 PM com.sun.enterprise.v3.server.ReadableArchiveScannerAdapter handleEntry
SEVERE: Invalid InputStream returned for org/h2/mvstore/CursorPos.class
Apr 28, 2022 3:57:11 PM com.sun.enterprise.v3.server.ReadableArchiveScannerAdapter handleEntry
SEVERE: Invalid InputStream returned for org/h2/mvstore/DataUtils.class
Apr 28, 2022 3:57:11 PM com.sun.enterprise.v3.server.ReadableArchiveScannerAdapter handleEntry
SEVERE: Invalid InputStream returned for org/h2/mvstore/db/LobStorageMap.class
Apr 28, 2022 3:57:11 PM com.sun.enterprise.v3.server.ReadableArchiveScannerAdapter handleEntry
SEVERE: Invalid InputStream returned for org/h2/mvstore/db/MVDelegateIndex.class
Apr 28, 2022 3:57:11 PM com.sun.enterprise.v3.server.ReadableArchiveScannerAdapter handleEntry
SEVERE: Invalid InputStream returned for org/h2/mvstore/db/MVIndex.class
Apr 28, 2022 3:57:11 PM com.sun.enterprise.v3.server.ReadableArchiveScannerAdapter handleEntry
SEVERE: Invalid InputStream returned for org/h2/mvstore/db/MVPlainTempResult.class
Apr 28, 2022 3:57:11 PM com.sun.enterprise.v3.server.ReadableArchiveScannerAdapter handleEntry
SEVERE: Exception while processing org/h2/mvstore/db/MVPrimaryIndex$MVStoreCursor.class inside file:/tmp/gfembed15257743656685566532tmp/applications/classes/ of size 1,973, exception: java.io.FileNotFoundException: /tmp/gfembed15257743656685566532tmp/applications/classes/org/h2/mvstore/db/MVPrimaryIndex$MVStoreCursor.class (No such file or directory)
Apr 28, 2022 3:57:11 PM com.sun.enterprise.v3.server.ReadableArchiveScannerAdapter handleEntry
SEVERE: Invalid InputStream returned for org/h2/mvstore/db/MVPrimaryIndex.class
Apr 28, 2022 3:57:11 PM com.sun.enterprise.v3.server.ReadableArchiveScannerAdapter handleEntry
SEVERE: Invalid InputStream returned for org/h2/mvstore/db/MVSecondaryIndex$MVStoreCursor.class
Apr 28, 2022 3:57:11 PM com.sun.enterprise.v3.server.ReadableArchiveScannerAdapter handleEntry
SEVERE: Invalid InputStream returned for org/h2/mvstore/db/MVSecondaryIndex$Source$Comparator.class
Apr 28, 2022 3:57:11 PM com.sun.enterprise.v3.server.ReadableArchiveScannerAdapter handleEntry
SEVERE: Invalid InputStream returned for org/h2/mvstore/db/MVSecondaryIndex.class
Apr 28, 2022 3:57:11 PM com.sun.enterprise.v3.server.ReadableArchiveScannerAdapter handleEntry
SEVERE: Invalid InputStream returned for org/h2/mvstore/db/MVSortedTempResult.class
Apr 28, 2022 3:57:11 PM com.sun.enterprise.v3.server.ReadableArchiveScannerAdapter handleEntry
SEVERE: Invalid InputStream returned for org/h2/mvstore/db/MVSpatialIndex$FindBoundsCursor.class
Apr 28, 2022 3:57:11 PM com.sun.enterprise.v3.server.ReadableArchiveScannerAdapter handleEntry
SEVERE: Invalid InputStream returned for org/h2/mvstore/db/MVSpatialIndex$MVStoreCursor.class
Apr 28, 2022 3:57:11 PM com.sun.enterprise.v3.server.ReadableArchiveScannerAdapter handleEntry
SEVERE: Invalid InputStream returned for org/h2/mvstore/db/MVSpatialIndex$SpatialKeyIterator.class
Apr 28, 2022 3:57:11 PM com.sun.enterprise.v3.server.ReadableArchiveScannerAdapter handleEntry
SEVERE: Invalid InputStream returned for org/h2/mvstore/db/MVSpatialIndex.class
Apr 28, 2022 3:57:11 PM com.sun.enterprise.v3.server.ReadableArchiveScannerAdapter handleEntry
SEVERE: Invalid InputStream returned for org/h2/mvstore/db/MVTable$TraceLockEvent.class
Apr 28, 2022 3:57:11 PM com.sun.enterprise.v3.server.ReadableArchiveScannerAdapter handleEntry
SEVERE: Invalid InputStream returned for org/h2/mvstore/db/MVTable.class
Apr 28, 2022 3:57:11 PM com.sun.enterprise.v3.server.ReadableArchiveScannerAdapter handleEntry
SEVERE: Invalid InputStream returned for org/h2/mvstore/db/MVTableEngine$1.class
Apr 28, 2022 3:57:11 PM com.sun.enterprise.v3.server.ReadableArchiveScannerAdapter handleEntry
SEVERE: Invalid InputStream returned for org/h2/mvstore/db/MVTableEngine$MVInDoubtTransaction.class
Apr 28, 2022 3:57:11 PM com.sun.enterprise.v3.server.ReadableArchiveScannerAdapter handleEntry
SEVERE: Invalid InputStream returned for org/h2/mvstore/db/MVTableEngine$Store.class
Apr 28, 2022 3:57:11 PM com.sun.enterprise.v3.server.ReadableArchiveScannerAdapter handleEntry
SEVERE: Invalid InputStream returned for org/h2/mvstore/db/MVTableEngine.class
Apr 28, 2022 3:57:11 PM com.sun.enterprise.v3.server.ReadableArchiveScannerAdapter handleEntry
SEVERE: Invalid InputStream returned for org/h2/mvstore/db/MVTempResult$CloseImpl.class
Apr 28, 2022 3:57:11 PM com.sun.enterprise.v3.server.ReadableArchiveScannerAdapter handleEntry
SEVERE: Invalid InputStream returned for org/h2/mvstore/db/MVTempResult.class
Apr 28, 2022 3:57:11 PM com.sun.enterprise.v3.server.ReadableArchiveScannerAdapter handleEntry
SEVERE: Invalid InputStream returned for org/h2/mvstore/db/ValueDataType.class
Apr 28, 2022 3:57:11 PM com.sun.enterprise.v3.server.ReadableArchiveScannerAdapter handleEntry
SEVERE: Invalid InputStream returned for org/h2/mvstore/FileStore.class
Apr 28, 2022 3:57:11 PM com.sun.enterprise.v3.server.ReadableArchiveScannerAdapter handleEntry
SEVERE: Invalid InputStream returned for org/h2/mvstore/FreeSpaceBitSet.class
Apr 28, 2022 3:57:11 PM com.sun.enterprise.v3.server.ReadableArchiveScannerAdapter handleEntry
SEVERE: Invalid InputStream returned for org/h2/mvstore/MVMap$1.class
Apr 28, 2022 3:57:11 PM com.sun.enterprise.v3.server.ReadableArchiveScannerAdapter handleEntry
SEVERE: Invalid InputStream returned for org/h2/mvstore/MVMap$2$1.class
Apr 28, 2022 3:57:11 PM com.sun.enterprise.v3.server.ReadableArchiveScannerAdapter handleEntry
SEVERE: Invalid InputStream returned for org/h2/mvstore/MVMap$2.class
Apr 28, 2022 3:57:11 PM com.sun.enterprise.v3.server.ReadableArchiveScannerAdapter handleEntry
SEVERE: Invalid InputStream returned for org/h2/mvstore/MVMap$3.class
Apr 28, 2022 3:57:11 PM com.sun.enterprise.v3.server.ReadableArchiveScannerAdapter handleEntry
SEVERE: Invalid InputStream returned for org/h2/mvstore/MVMap$4.class
Apr 28, 2022 3:57:11 PM com.sun.enterprise.v3.server.ReadableArchiveScannerAdapter handleEntry
SEVERE: Invalid InputStream returned for org/h2/mvstore/MVMap$BasicBuilder.class
Apr 28, 2022 3:57:11 PM com.sun.enterprise.v3.server.ReadableArchiveScannerAdapter handleEntry
SEVERE: Invalid InputStream returned for org/h2/mvstore/MVMap$ContainsDecisionMaker.class
Apr 28, 2022 3:57:11 PM com.sun.enterprise.v3.server.ReadableArchiveScannerAdapter handleEntry
SEVERE: Invalid InputStream returned for org/h2/mvstore/MVMap$Decision.class
Apr 28, 2022 3:57:11 PM com.sun.enterprise.v3.server.ReadableArchiveScannerAdapter handleEntry
SEVERE: Invalid InputStream returned for org/h2/mvstore/MVMap$DecisionMaker$1.class
Apr 28, 2022 3:57:11 PM com.sun.enterprise.v3.server.ReadableArchiveScannerAdapter handleEntry
SEVERE: Invalid InputStream returned for org/h2/mvstore/MVMap$DecisionMaker$2.class
Apr 28, 2022 3:57:11 PM com.sun.enterprise.v3.server.ReadableArchiveScannerAdapter handleEntry
SEVERE: Invalid InputStream returned for org/h2/mvstore/MVMap$DecisionMaker$3.class
Apr 28, 2022 3:57:11 PM com.sun.enterprise.v3.server.ReadableArchiveScannerAdapter handleEntry
SEVERE: Invalid InputStream returned for org/h2/mvstore/MVMap$DecisionMaker$4.class
Apr 28, 2022 3:57:11 PM com.sun.enterprise.v3.server.ReadableArchiveScannerAdapter handleEntry
SEVERE: Invalid InputStream returned for org/h2/mvstore/MVMap$DecisionMaker$5.class
Apr 28, 2022 3:57:11 PM com.sun.enterprise.v3.server.ReadableArchiveScannerAdapter handleEntry
SEVERE: Invalid InputStream returned for org/h2/mvstore/MVMap$DecisionMaker.class
Apr 28, 2022 3:57:11 PM com.sun.enterprise.v3.server.ReadableArchiveScannerAdapter handleEntry
SEVERE: Invalid InputStream returned for org/h2/mvstore/MVMap$EqualsDecisionMaker.class
Apr 28, 2022 3:57:11 PM com.sun.enterprise.v3.server.ReadableArchiveScannerAdapter handleEntry
SEVERE: Invalid InputStream returned for org/h2/mvstore/MVMap$IntValueHolder.class
Apr 28, 2022 3:57:11 PM com.sun.enterprise.v3.server.ReadableArchiveScannerAdapter handleEntry
SEVERE: Invalid InputStream returned for org/h2/mvstore/MVMap$MapBuilder.class
Apr 28, 2022 3:57:11 PM com.sun.enterprise.v3.server.ReadableArchiveScannerAdapter handleEntry
SEVERE: Invalid InputStream returned for org/h2/mvstore/MVMap.class
Apr 28, 2022 3:57:11 PM com.sun.enterprise.v3.server.ReadableArchiveScannerAdapter handleEntry
SEVERE: Invalid InputStream returned for org/h2/mvstore/MVStore$1.class
Apr 28, 2022 3:57:11 PM com.sun.enterprise.v3.server.ReadableArchiveScannerAdapter handleEntry
SEVERE: Invalid InputStream returned for org/h2/mvstore/MVStore$2.class
Apr 28, 2022 3:57:11 PM com.sun.enterprise.v3.server.ReadableArchiveScannerAdapter handleEntry
SEVERE: Invalid InputStream returned for org/h2/mvstore/MVStore$3.class
Apr 28, 2022 3:57:11 PM com.sun.enterprise.v3.server.ReadableArchiveScannerAdapter handleEntry
SEVERE: Invalid InputStream returned for org/h2/mvstore/MVStore$BackgroundWriterThread.class
Apr 28, 2022 3:57:11 PM com.sun.enterprise.v3.server.ReadableArchiveScannerAdapter handleEntry
SEVERE: Invalid InputStream returned for org/h2/mvstore/MVStore$Builder.class
Apr 28, 2022 3:57:11 PM com.sun.enterprise.v3.server.ReadableArchiveScannerAdapter handleEntry
SEVERE: Invalid InputStream returned for org/h2/mvstore/MVStore$RemovedPageInfo.class
Apr 28, 2022 3:57:11 PM com.sun.enterprise.v3.server.ReadableArchiveScannerAdapter handleEntry
SEVERE: Invalid InputStream returned for org/h2/mvstore/MVStore$TxCounter.class
Apr 28, 2022 3:57:11 PM com.sun.enterprise.v3.server.ReadableArchiveScannerAdapter handleEntry
SEVERE: Invalid InputStream returned for org/h2/mvstore/MVStore.class
Apr 28, 2022 3:57:11 PM com.sun.enterprise.v3.server.ReadableArchiveScannerAdapter handleEntry
SEVERE: Invalid InputStream returned for org/h2/mvstore/MVStoreTool$1.class
Apr 28, 2022 3:57:11 PM com.sun.enterprise.v3.server.ReadableArchiveScannerAdapter handleEntry
SEVERE: Invalid InputStream returned for org/h2/mvstore/MVStoreTool$GenericDataType.class
Apr 28, 2022 3:57:11 PM com.sun.enterprise.v3.server.ReadableArchiveScannerAdapter handleEntry
SEVERE: Invalid InputStream returned for org/h2/mvstore/MVStoreTool.class
Apr 28, 2022 3:57:11 PM com.sun.enterprise.v3.server.ReadableArchiveScannerAdapter handleEntry
SEVERE: Invalid InputStream returned for org/h2/mvstore/OffHeapStore.class
Apr 28, 2022 3:57:11 PM com.sun.enterprise.v3.server.ReadableArchiveScannerAdapter handleEntry
SEVERE: Invalid InputStream returned for org/h2/mvstore/Page$IncompleteNonLeaf.class
Apr 28, 2022 3:57:11 PM com.sun.enterprise.v3.server.ReadableArchiveScannerAdapter handleEntry
SEVERE: Invalid InputStream returned for org/h2/mvstore/Page$Leaf.class
Apr 28, 2022 3:57:11 PM com.sun.enterprise.v3.server.ReadableArchiveScannerAdapter handleEntry
SEVERE: Invalid InputStream returned for org/h2/mvstore/Page$NonLeaf.class
Apr 28, 2022 3:57:11 PM com.sun.enterprise.v3.server.ReadableArchiveScannerAdapter handleEntry
SEVERE: Invalid InputStream returned for org/h2/mvstore/Page$PageReference.class
Apr 28, 2022 3:57:11 PM com.sun.enterprise.v3.server.ReadableArchiveScannerAdapter handleEntry
SEVERE: Invalid InputStream returned for org/h2/mvstore/Page.class
Apr 28, 2022 3:57:11 PM com.sun.enterprise.v3.server.ReadableArchiveScannerAdapter handleEntry
SEVERE: Invalid InputStream returned for org/h2/mvstore/RootReference.class
Apr 28, 2022 3:57:11 PM com.sun.enterprise.v3.server.ReadableArchiveScannerAdapter handleEntry
SEVERE: Invalid InputStream returned for org/h2/mvstore/rtree/MVRTreeMap$3.class
Apr 28, 2022 3:57:11 PM com.sun.enterprise.v3.server.ReadableArchiveScannerAdapter handleEntry
SEVERE: Invalid InputStream returned for org/h2/mvstore/rtree/MVRTreeMap$Builder.class
Apr 28, 2022 3:57:11 PM com.sun.enterprise.v3.server.ReadableArchiveScannerAdapter handleEntry
SEVERE: Invalid InputStream returned for org/h2/mvstore/rtree/MVRTreeMap$RTreeCursor.class
Apr 28, 2022 3:57:11 PM com.sun.enterprise.v3.server.ReadableArchiveScannerAdapter handleEntry
SEVERE: Invalid InputStream returned for org/h2/mvstore/rtree/MVRTreeMap.class
Apr 28, 2022 3:57:11 PM com.sun.enterprise.v3.server.ReadableArchiveScannerAdapter handleEntry
SEVERE: Invalid InputStream returned for org/h2/mvstore/rtree/SpatialDataType.class
Apr 28, 2022 3:57:11 PM com.sun.enterprise.v3.server.ReadableArchiveScannerAdapter handleEntry
SEVERE: Invalid InputStream returned for org/h2/mvstore/rtree/SpatialKey.class
Apr 28, 2022 3:57:11 PM com.sun.enterprise.v3.server.ReadableArchiveScannerAdapter handleEntry
SEVERE: Invalid InputStream returned for org/h2/mvstore/StreamStore$Stream.class
Apr 28, 2022 3:57:11 PM com.sun.enterprise.v3.server.ReadableArchiveScannerAdapter handleEntry
SEVERE: Invalid InputStream returned for org/h2/mvstore/StreamStore.class
Apr 28, 2022 3:57:11 PM com.sun.enterprise.v3.server.ReadableArchiveScannerAdapter handleEntry
SEVERE: Invalid InputStream returned for org/h2/mvstore/tx/CommitDecisionMaker.class
Apr 28, 2022 3:57:11 PM com.sun.enterprise.v3.server.ReadableArchiveScannerAdapter handleEntry
SEVERE: Invalid InputStream returned for org/h2/mvstore/tx/RollbackDecisionMaker.class
Apr 28, 2022 3:57:11 PM com.sun.enterprise.v3.server.ReadableArchiveScannerAdapter handleEntry
SEVERE: Invalid InputStream returned for org/h2/mvstore/tx/Snapshot.class
Apr 28, 2022 3:57:11 PM com.sun.enterprise.v3.server.ReadableArchiveScannerAdapter handleEntry
SEVERE: Invalid InputStream returned for org/h2/mvstore/tx/Transaction$1.class
Apr 28, 2022 3:57:11 PM com.sun.enterprise.v3.server.ReadableArchiveScannerAdapter handleEntry
SEVERE: Invalid InputStream returned for org/h2/mvstore/tx/Transaction.class
Apr 28, 2022 3:57:11 PM com.sun.enterprise.v3.server.ReadableArchiveScannerAdapter handleEntry
SEVERE: Invalid InputStream returned for org/h2/mvstore/tx/TransactionMap$1.class
Apr 28, 2022 3:57:11 PM com.sun.enterprise.v3.server.ReadableArchiveScannerAdapter handleEntry
SEVERE: Invalid InputStream returned for org/h2/mvstore/tx/TransactionMap$2.class
Apr 28, 2022 3:57:11 PM com.sun.enterprise.v3.server.ReadableArchiveScannerAdapter handleEntry
SEVERE: Invalid InputStream returned for org/h2/mvstore/tx/TransactionMap$CommittedIterator.class
Apr 28, 2022 3:57:11 PM com.sun.enterprise.v3.server.ReadableArchiveScannerAdapter handleEntry
SEVERE: Invalid InputStream returned for org/h2/mvstore/tx/TransactionMap$RepeatableIterator.class
Apr 28, 2022 3:57:11 PM com.sun.enterprise.v3.server.ReadableArchiveScannerAdapter handleEntry
SEVERE: Invalid InputStream returned for org/h2/mvstore/tx/TransactionMap$TMIterator.class
Apr 28, 2022 3:57:11 PM com.sun.enterprise.v3.server.ReadableArchiveScannerAdapter handleEntry
SEVERE: Invalid InputStream returned for org/h2/mvstore/tx/TransactionMap$UncommittedIterator.class
Apr 28, 2022 3:57:11 PM com.sun.enterprise.v3.server.ReadableArchiveScannerAdapter handleEntry
SEVERE: Invalid InputStream returned for org/h2/mvstore/tx/TransactionMap$ValidationIterator.class
Apr 28, 2022 3:57:11 PM com.sun.enterprise.v3.server.ReadableArchiveScannerAdapter handleEntry
SEVERE: Invalid InputStream returned for org/h2/mvstore/tx/TransactionMap.class
Apr 28, 2022 3:57:11 PM com.sun.enterprise.v3.server.ReadableArchiveScannerAdapter handleEntry
SEVERE: Invalid InputStream returned for org/h2/mvstore/tx/TransactionStore$1.class
Apr 28, 2022 3:57:11 PM com.sun.enterprise.v3.server.ReadableArchiveScannerAdapter handleEntry
SEVERE: Invalid InputStream returned for org/h2/mvstore/tx/TransactionStore$2.class
Apr 28, 2022 3:57:11 PM com.sun.enterprise.v3.server.ReadableArchiveScannerAdapter handleEntry
SEVERE: Invalid InputStream returned for org/h2/mvstore/tx/TransactionStore$ArrayType.class
Apr 28, 2022 3:57:11 PM com.sun.enterprise.v3.server.ReadableArchiveScannerAdapter handleEntry
SEVERE: Invalid InputStream returned for org/h2/mvstore/tx/TransactionStore$Change.class
Apr 28, 2022 3:57:11 PM com.sun.enterprise.v3.server.ReadableArchiveScannerAdapter handleEntry
SEVERE: Invalid InputStream returned for org/h2/mvstore/tx/TransactionStore$RollbackListener.class
Apr 28, 2022 3:57:11 PM com.sun.enterprise.v3.server.ReadableArchiveScannerAdapter handleEntry
SEVERE: Invalid InputStream returned for org/h2/mvstore/tx/TransactionStore.class
Apr 28, 2022 3:57:11 PM com.sun.enterprise.v3.server.ReadableArchiveScannerAdapter handleEntry
SEVERE: Invalid InputStream returned for org/h2/mvstore/tx/TxDecisionMaker$LockDecisionMaker.class
Apr 28, 2022 3:57:11 PM com.sun.enterprise.v3.server.ReadableArchiveScannerAdapter handleEntry
SEVERE: Invalid InputStream returned for org/h2/mvstore/tx/TxDecisionMaker$PutIfAbsentDecisionMaker.class
Apr 28, 2022 3:57:11 PM com.sun.enterprise.v3.server.ReadableArchiveScannerAdapter handleEntry
SEVERE: Invalid InputStream returned for org/h2/mvstore/tx/TxDecisionMaker.class
Apr 28, 2022 3:57:11 PM com.sun.enterprise.v3.server.ReadableArchiveScannerAdapter handleEntry
SEVERE: Invalid InputStream returned for org/h2/mvstore/tx/VersionedBitSet.class
Apr 28, 2022 3:57:11 PM com.sun.enterprise.v3.server.ReadableArchiveScannerAdapter handleEntry
SEVERE: Exception while processing org/h2/mvstore/tx/VersionedValueCommitted.class inside file:/tmp/gfembed15257743656685566532tmp/applications/classes/ of size 1,054, exception: java.io.FileNotFoundException: /tmp/gfembed15257743656685566532tmp/applications/classes/org/h2/mvstore/tx/VersionedValueCommitted.class (No such file or directory)
Apr 28, 2022 3:57:11 PM com.sun.enterprise.v3.server.ReadableArchiveScannerAdapter handleEntry
SEVERE: Invalid InputStream returned for org/h2/mvstore/tx/VersionedValueType.class
Apr 28, 2022 3:57:11 PM com.sun.enterprise.v3.server.ReadableArchiveScannerAdapter handleEntry
SEVERE: Invalid InputStream returned for org/h2/mvstore/tx/VersionedValueUncommitted.class
Apr 28, 2022 3:57:11 PM com.sun.enterprise.v3.server.ReadableArchiveScannerAdapter handleEntry
SEVERE: Invalid InputStream returned for org/h2/mvstore/type/ObjectDataType$AutoDetectDataType.class
Apr 28, 2022 3:57:11 PM com.sun.enterprise.v3.server.ReadableArchiveScannerAdapter handleEntry
SEVERE: Invalid InputStream returned for org/h2/mvstore/type/ObjectDataType$BigDecimalType.class
Apr 28, 2022 3:57:11 PM com.sun.enterprise.v3.server.ReadableArchiveScannerAdapter handleEntry
SEVERE: Invalid InputStream returned for org/h2/mvstore/type/ObjectDataType$BigIntegerType.class
Apr 28, 2022 3:57:11 PM com.sun.enterprise.v3.server.ReadableArchiveScannerAdapter handleEntry
SEVERE: Invalid InputStream returned for org/h2/mvstore/type/ObjectDataType$BooleanType.class
Apr 28, 2022 3:57:11 PM com.sun.enterprise.v3.server.ReadableArchiveScannerAdapter handleEntry
SEVERE: Invalid InputStream returned for org/h2/mvstore/type/ObjectDataType$ByteType.class
Apr 28, 2022 3:57:11 PM com.sun.enterprise.v3.server.ReadableArchiveScannerAdapter handleEntry
SEVERE: Invalid InputStream returned for org/h2/mvstore/type/ObjectDataType$CharacterType.class
Apr 28, 2022 3:57:11 PM com.sun.enterprise.v3.server.ReadableArchiveScannerAdapter handleEntry
SEVERE: Invalid InputStream returned for org/h2/mvstore/type/ObjectDataType$DateType.class
Apr 28, 2022 3:57:11 PM com.sun.enterprise.v3.server.ReadableArchiveScannerAdapter handleEntry
SEVERE: Invalid InputStream returned for org/h2/mvstore/type/ObjectDataType$DoubleType.class
Apr 28, 2022 3:57:11 PM com.sun.enterprise.v3.server.ReadableArchiveScannerAdapter handleEntry
SEVERE: Invalid InputStream returned for org/h2/mvstore/type/ObjectDataType$FloatType.class
Apr 28, 2022 3:57:11 PM com.sun.enterprise.v3.server.ReadableArchiveScannerAdapter handleEntry
SEVERE: Invalid InputStream returned for org/h2/mvstore/type/ObjectDataType$IntegerType.class
Apr 28, 2022 3:57:11 PM com.sun.enterprise.v3.server.ReadableArchiveScannerAdapter handleEntry
SEVERE: Invalid InputStream returned for org/h2/mvstore/type/ObjectDataType$LongType.class
Apr 28, 2022 3:57:11 PM com.sun.enterprise.v3.server.ReadableArchiveScannerAdapter handleEntry
SEVERE: Invalid InputStream returned for org/h2/mvstore/type/ObjectDataType$NullType.class
Apr 28, 2022 3:57:11 PM com.sun.enterprise.v3.server.ReadableArchiveScannerAdapter handleEntry
SEVERE: Invalid InputStream returned for org/h2/mvstore/type/ObjectDataType$ObjectArrayType.class
Apr 28, 2022 3:57:11 PM com.sun.enterprise.v3.server.ReadableArchiveScannerAdapter handleEntry
SEVERE: Invalid InputStream returned for org/h2/mvstore/type/ObjectDataType$SerializedObjectType.class
Apr 28, 2022 3:57:11 PM com.sun.enterprise.v3.server.ReadableArchiveScannerAdapter handleEntry
SEVERE: Invalid InputStream returned for org/h2/mvstore/type/ObjectDataType$ShortType.class
Apr 28, 2022 3:57:11 PM com.sun.enterprise.v3.server.ReadableArchiveScannerAdapter handleEntry
SEVERE: Invalid InputStream returned for org/h2/mvstore/type/ObjectDataType$StringType.class
Apr 28, 2022 3:57:11 PM com.sun.enterprise.v3.server.ReadableArchiveScannerAdapter handleEntry
SEVERE: Invalid InputStream returned for org/h2/mvstore/type/ObjectDataType$UUIDType.class
Apr 28, 2022 3:57:11 PM com.sun.enterprise.v3.server.ReadableArchiveScannerAdapter handleEntry
SEVERE: Invalid InputStream returned for org/h2/mvstore/type/ObjectDataType.class
Apr 28, 2022 3:57:11 PM com.sun.enterprise.v3.server.ReadableArchiveScannerAdapter handleEntry
SEVERE: Invalid InputStream returned for org/h2/mvstore/type/StringDataType.class
Apr 28, 2022 3:57:11 PM com.sun.enterprise.v3.server.ReadableArchiveScannerAdapter handleEntry
SEVERE: Invalid InputStream returned for org/h2/mvstore/WriteBuffer.class
Apr 28, 2022 3:57:12 PM com.sun.enterprise.v3.server.ReadableArchiveScannerAdapter handleEntry
SEVERE: Invalid InputStream returned for org/h2/pagestore/db/HashIndex.class
Apr 28, 2022 3:57:12 PM com.sun.enterprise.v3.server.ReadableArchiveScannerAdapter handleEntry
SEVERE: Invalid InputStream returned for org/h2/pagestore/db/LobStorageBackend$LobInputStream.class
Apr 28, 2022 3:57:12 PM com.sun.enterprise.v3.server.ReadableArchiveScannerAdapter handleEntry
SEVERE: Invalid InputStream returned for org/h2/pagestore/db/LobStorageBackend.class
Apr 28, 2022 3:57:12 PM com.sun.enterprise.v3.server.ReadableArchiveScannerAdapter handleEntry
SEVERE: Invalid InputStream returned for org/h2/pagestore/db/NonUniqueHashCursor.class
Apr 28, 2022 3:57:12 PM com.sun.enterprise.v3.server.ReadableArchiveScannerAdapter handleEntry
SEVERE: Invalid InputStream returned for org/h2/pagestore/db/NonUniqueHashIndex.class
Apr 28, 2022 3:57:12 PM com.sun.enterprise.v3.server.ReadableArchiveScannerAdapter handleEntry
SEVERE: Invalid InputStream returned for org/h2/pagestore/db/PageBtree.class
Apr 28, 2022 3:57:12 PM com.sun.enterprise.v3.server.ReadableArchiveScannerAdapter handleEntry
SEVERE: Invalid InputStream returned for org/h2/pagestore/db/PageBtreeCursor.class
Apr 28, 2022 3:57:12 PM com.sun.enterprise.v3.server.ReadableArchiveScannerAdapter handleEntry
SEVERE: Invalid InputStream returned for org/h2/pagestore/db/PageBtreeIndex.class
Apr 28, 2022 3:57:12 PM com.sun.enterprise.v3.server.ReadableArchiveScannerAdapter handleEntry
SEVERE: Invalid InputStream returned for org/h2/pagestore/db/PageBtreeLeaf.class
Apr 28, 2022 3:57:12 PM com.sun.enterprise.v3.server.ReadableArchiveScannerAdapter handleEntry
SEVERE: Invalid InputStream returned for org/h2/pagestore/db/PageBtreeNode.class
Apr 28, 2022 3:57:12 PM com.sun.enterprise.v3.server.ReadableArchiveScannerAdapter handleEntry
SEVERE: Invalid InputStream returned for org/h2/pagestore/db/PageDataLeaf.class
Apr 28, 2022 3:57:12 PM com.sun.enterprise.v3.server.ReadableArchiveScannerAdapter handleEntry
SEVERE: Invalid InputStream returned for org/h2/pagestore/db/PageDataNode.class
Apr 28, 2022 3:57:12 PM com.sun.enterprise.v3.server.ReadableArchiveScannerAdapter handleEntry
SEVERE: Invalid InputStream returned for org/h2/pagestore/db/PageDataOverflow.class
Apr 28, 2022 3:57:12 PM com.sun.enterprise.v3.server.ReadableArchiveScannerAdapter handleEntry
SEVERE: Invalid InputStream returned for org/h2/pagestore/db/PageDelegateIndex.class
Apr 28, 2022 3:57:12 PM com.sun.enterprise.v3.server.ReadableArchiveScannerAdapter handleEntry
SEVERE: Invalid InputStream returned for org/h2/pagestore/db/PageIndex.class
Apr 28, 2022 3:57:12 PM com.sun.enterprise.v3.server.ReadableArchiveScannerAdapter handleEntry
SEVERE: Invalid InputStream returned for org/h2/pagestore/db/PageStoreTable.class
Apr 28, 2022 3:57:12 PM com.sun.enterprise.v3.server.ReadableArchiveScannerAdapter handleEntry
SEVERE: Invalid InputStream returned for org/h2/pagestore/db/ScanCursor.class
Apr 28, 2022 3:57:12 PM com.sun.enterprise.v3.server.ReadableArchiveScannerAdapter handleEntry
SEVERE: Invalid InputStream returned for org/h2/pagestore/db/ScanIndex.class
Apr 28, 2022 3:57:12 PM com.sun.enterprise.v3.server.ReadableArchiveScannerAdapter handleEntry
SEVERE: Invalid InputStream returned for org/h2/pagestore/db/SpatialTreeIndex$SpatialCursor.class
Apr 28, 2022 3:57:12 PM com.sun.enterprise.v3.server.ReadableArchiveScannerAdapter handleEntry
SEVERE: Invalid InputStream returned for org/h2/pagestore/db/SpatialTreeIndex.class
Apr 28, 2022 3:57:12 PM com.sun.enterprise.v3.server.ReadableArchiveScannerAdapter handleEntry
SEVERE: Invalid InputStream returned for org/h2/pagestore/db/TreeCursor.class
Apr 28, 2022 3:57:12 PM com.sun.enterprise.v3.server.ReadableArchiveScannerAdapter handleEntry
SEVERE: Invalid InputStream returned for org/h2/pagestore/db/TreeIndex.class
Apr 28, 2022 3:57:12 PM com.sun.enterprise.v3.server.ReadableArchiveScannerAdapter handleEntry
SEVERE: Invalid InputStream returned for org/h2/pagestore/db/TreeNode.class
Apr 28, 2022 3:57:12 PM com.sun.enterprise.v3.server.ReadableArchiveScannerAdapter handleEntry
SEVERE: Invalid InputStream returned for org/h2/pagestore/Page.class
Apr 28, 2022 3:57:12 PM com.sun.enterprise.v3.server.ReadableArchiveScannerAdapter handleEntry
SEVERE: Invalid InputStream returned for org/h2/pagestore/PageFreeList.class
Apr 28, 2022 3:57:12 PM com.sun.enterprise.v3.server.ReadableArchiveScannerAdapter handleEntry
SEVERE: Invalid InputStream returned for org/h2/pagestore/PageInputStream.class
Apr 28, 2022 3:57:12 PM com.sun.enterprise.v3.server.ReadableArchiveScannerAdapter handleEntry
SEVERE: Invalid InputStream returned for org/h2/pagestore/PageLog.class
Apr 28, 2022 3:57:12 PM com.sun.enterprise.v3.server.ReadableArchiveScannerAdapter handleEntry
SEVERE: Invalid InputStream returned for org/h2/pagestore/PageOutputStream.class
Apr 28, 2022 3:57:12 PM com.sun.enterprise.v3.server.ReadableArchiveScannerAdapter handleEntry
SEVERE: Invalid InputStream returned for org/h2/pagestore/PageStore.class
Apr 28, 2022 3:57:12 PM com.sun.enterprise.v3.server.ReadableArchiveScannerAdapter handleEntry
SEVERE: Invalid InputStream returned for org/h2/pagestore/PageStoreInDoubtTransaction.class
Apr 28, 2022 3:57:12 PM com.sun.enterprise.v3.server.ReadableArchiveScannerAdapter handleEntry
SEVERE: Invalid InputStream returned for org/h2/pagestore/PageStreamData.class
Apr 28, 2022 3:57:12 PM com.sun.enterprise.v3.server.ReadableArchiveScannerAdapter handleEntry
SEVERE: Invalid InputStream returned for org/h2/pagestore/PageStreamTrunk$Iterator.class
Apr 28, 2022 3:57:12 PM com.sun.enterprise.v3.server.ReadableArchiveScannerAdapter handleEntry
SEVERE: Invalid InputStream returned for org/h2/pagestore/PageStreamTrunk.class
Apr 28, 2022 3:57:12 PM com.sun.enterprise.v3.server.ReadableArchiveScannerAdapter handleEntry
SEVERE: Invalid InputStream returned for org/h2/pagestore/SessionState.class
Apr 28, 2022 3:57:12 PM com.sun.enterprise.v3.server.ReadableArchiveScannerAdapter handleEntry
SEVERE: Invalid InputStream returned for org/h2/pagestore/WriterThread.class
Apr 28, 2022 3:57:12 PM com.sun.enterprise.v3.server.ReadableArchiveScannerAdapter handleEntry
SEVERE: Invalid InputStream returned for org/h2/result/LazyResult.class
Apr 28, 2022 3:57:12 PM com.sun.enterprise.v3.server.ReadableArchiveScannerAdapter handleEntry
SEVERE: Invalid InputStream returned for org/h2/result/LocalResult.class
Apr 28, 2022 3:57:12 PM com.sun.enterprise.v3.server.ReadableArchiveScannerAdapter handleEntry
SEVERE: Invalid InputStream returned for org/h2/result/LocalResultFactory$DefaultLocalResultFactory.class
Apr 28, 2022 3:57:12 PM com.sun.enterprise.v3.server.ReadableArchiveScannerAdapter handleEntry
SEVERE: Invalid InputStream returned for org/h2/result/LocalResultFactory.class
Apr 28, 2022 3:57:12 PM com.sun.enterprise.v3.server.ReadableArchiveScannerAdapter handleEntry
SEVERE: Invalid InputStream returned for org/h2/result/LocalResultImpl.class
Apr 28, 2022 3:57:12 PM com.sun.enterprise.v3.server.ReadableArchiveScannerAdapter handleEntry
SEVERE: Invalid InputStream returned for org/h2/result/MergedResult.class
Apr 28, 2022 3:57:12 PM com.sun.enterprise.v3.server.ReadableArchiveScannerAdapter handleEntry
SEVERE: Invalid InputStream returned for org/h2/result/ResultColumn.class
Apr 28, 2022 3:57:12 PM com.sun.enterprise.v3.server.ReadableArchiveScannerAdapter handleEntry
SEVERE: Invalid InputStream returned for org/h2/result/ResultExternal.class
Apr 28, 2022 3:57:12 PM com.sun.enterprise.v3.server.ReadableArchiveScannerAdapter handleEntry
SEVERE: Invalid InputStream returned for org/h2/result/ResultInterface.class
Apr 28, 2022 3:57:12 PM com.sun.enterprise.v3.server.ReadableArchiveScannerAdapter handleEntry
SEVERE: Invalid InputStream returned for org/h2/result/ResultRemote.class
Apr 28, 2022 3:57:12 PM com.sun.enterprise.v3.server.ReadableArchiveScannerAdapter handleEntry
SEVERE: Invalid InputStream returned for org/h2/result/ResultTarget.class
Apr 28, 2022 3:57:12 PM com.sun.enterprise.v3.server.ReadableArchiveScannerAdapter handleEntry
SEVERE: Invalid InputStream returned for org/h2/result/ResultWithGeneratedKeys$WithKeys.class
Apr 28, 2022 3:57:12 PM com.sun.enterprise.v3.server.ReadableArchiveScannerAdapter handleEntry
SEVERE: Invalid InputStream returned for org/h2/result/ResultWithGeneratedKeys.class
Apr 28, 2022 3:57:12 PM com.sun.enterprise.v3.server.ReadableArchiveScannerAdapter handleEntry
SEVERE: Invalid InputStream returned for org/h2/result/RowFactory$DefaultRowFactory.class
Apr 28, 2022 3:57:12 PM com.sun.enterprise.v3.server.ReadableArchiveScannerAdapter handleEntry
SEVERE: Invalid InputStream returned for org/h2/result/RowFactory.class
Apr 28, 2022 3:57:12 PM com.sun.enterprise.v3.server.ReadableArchiveScannerAdapter handleEntry
SEVERE: Invalid InputStream returned for org/h2/result/RowImpl.class
Apr 28, 2022 3:57:12 PM com.sun.enterprise.v3.server.ReadableArchiveScannerAdapter handleEntry
SEVERE: Invalid InputStream returned for org/h2/result/RowList.class
Apr 28, 2022 3:57:12 PM com.sun.enterprise.v3.server.ReadableArchiveScannerAdapter handleEntry
SEVERE: Invalid InputStream returned for org/h2/result/SearchRow.class
Apr 28, 2022 3:57:12 PM com.sun.enterprise.v3.server.ReadableArchiveScannerAdapter handleEntry
SEVERE: Invalid InputStream returned for org/h2/result/SimpleResult$Column.class
Apr 28, 2022 3:57:12 PM com.sun.enterprise.v3.server.ReadableArchiveScannerAdapter handleEntry
SEVERE: Invalid InputStream returned for org/h2/result/SimpleResult.class
Apr 28, 2022 3:57:12 PM com.sun.enterprise.v3.server.ReadableArchiveScannerAdapter handleEntry
SEVERE: Invalid InputStream returned for org/h2/result/SimpleRow.class
Apr 28, 2022 3:57:12 PM com.sun.enterprise.v3.server.ReadableArchiveScannerAdapter handleEntry
SEVERE: Invalid InputStream returned for org/h2/result/SimpleRowValue.class
Apr 28, 2022 3:57:12 PM com.sun.enterprise.v3.server.ReadableArchiveScannerAdapter handleEntry
SEVERE: Invalid InputStream returned for org/h2/result/SortOrder$1.class
Apr 28, 2022 3:57:12 PM com.sun.enterprise.v3.server.ReadableArchiveScannerAdapter handleEntry
SEVERE: Invalid InputStream returned for org/h2/result/SortOrder.class
Apr 28, 2022 3:57:12 PM com.sun.enterprise.v3.server.ReadableArchiveScannerAdapter handleEntry
SEVERE: Invalid InputStream returned for org/h2/result/UpdatableRow.class
Apr 28, 2022 3:57:12 PM com.sun.enterprise.v3.server.ReadableArchiveScannerAdapter handleEntry
SEVERE: Invalid InputStream returned for org/h2/schema/Constant.class
Apr 28, 2022 3:57:12 PM com.sun.enterprise.v3.server.ReadableArchiveScannerAdapter handleEntry
SEVERE: Invalid InputStream returned for org/h2/schema/Schema.class
Apr 28, 2022 3:57:12 PM com.sun.enterprise.v3.server.ReadableArchiveScannerAdapter handleEntry
SEVERE: Invalid InputStream returned for org/h2/schema/SchemaObject.class
Apr 28, 2022 3:57:12 PM com.sun.enterprise.v3.server.ReadableArchiveScannerAdapter handleEntry
SEVERE: Invalid InputStream returned for org/h2/schema/SchemaObjectBase.class
Apr 28, 2022 3:57:12 PM com.sun.enterprise.v3.server.ReadableArchiveScannerAdapter handleEntry
SEVERE: Invalid InputStream returned for org/h2/schema/Sequence.class
Apr 28, 2022 3:57:12 PM com.sun.enterprise.v3.server.ReadableArchiveScannerAdapter handleEntry
SEVERE: Invalid InputStream returned for org/h2/schema/TriggerObject.class
Apr 28, 2022 3:57:12 PM com.sun.enterprise.v3.server.ReadableArchiveScannerAdapter handleEntry
SEVERE: Invalid InputStream returned for org/h2/security/AES.class
Apr 28, 2022 3:57:12 PM com.sun.enterprise.v3.server.ReadableArchiveScannerAdapter handleEntry
SEVERE: Invalid InputStream returned for org/h2/security/auth/AuthConfigException.class
Apr 28, 2022 3:57:12 PM com.sun.enterprise.v3.server.ReadableArchiveScannerAdapter handleEntry
SEVERE: Exception while processing org/h2/security/auth/AuthenticationException.class inside file:/tmp/gfembed15257743656685566532tmp/applications/classes/ of size 583, exception: java.io.FileNotFoundException: /tmp/gfembed15257743656685566532tmp/applications/classes/org/h2/security/auth/AuthenticationException.class (No such file or directory)
Apr 28, 2022 3:57:12 PM com.sun.enterprise.v3.server.ReadableArchiveScannerAdapter handleEntry
SEVERE: Invalid InputStream returned for org/h2/security/auth/AuthenticationInfo.class
Apr 28, 2022 3:57:12 PM com.sun.enterprise.v3.server.ReadableArchiveScannerAdapter handleEntry
SEVERE: Exception while processing org/h2/security/auth/Authenticator.class inside file:/tmp/gfembed15257743656685566532tmp/applications/classes/ of size 415, exception: java.io.FileNotFoundException: /tmp/gfembed15257743656685566532tmp/applications/classes/org/h2/security/auth/Authenticator.class (No such file or directory)
Apr 28, 2022 3:57:12 PM com.sun.enterprise.v3.server.ReadableArchiveScannerAdapter handleEntry
SEVERE: Invalid InputStream returned for org/h2/security/auth/AuthenticatorFactory.class
Apr 28, 2022 3:57:12 PM com.sun.enterprise.v3.server.ReadableArchiveScannerAdapter handleEntry
SEVERE: Invalid InputStream returned for org/h2/security/auth/ConfigProperties.class
Apr 28, 2022 3:57:12 PM com.sun.enterprise.v3.server.ReadableArchiveScannerAdapter handleEntry
SEVERE: Invalid InputStream returned for org/h2/security/auth/Configurable.class
Apr 28, 2022 3:57:12 PM com.sun.enterprise.v3.server.ReadableArchiveScannerAdapter handleEntry
SEVERE: Invalid InputStream returned for org/h2/security/auth/DefaultAuthenticator.class
Apr 28, 2022 3:57:12 PM com.sun.enterprise.v3.server.ReadableArchiveScannerAdapter handleEntry
SEVERE: Invalid InputStream returned for org/h2/security/auth/H2AuthConfig.class
Apr 28, 2022 3:57:12 PM com.sun.enterprise.v3.server.ReadableArchiveScannerAdapter handleEntry
SEVERE: Invalid InputStream returned for org/h2/security/auth/H2AuthConfigXml.class
Apr 28, 2022 3:57:12 PM com.sun.enterprise.v3.server.ReadableArchiveScannerAdapter handleEntry
SEVERE: Invalid InputStream returned for org/h2/security/auth/impl/AssignRealmNameRole.class
Apr 28, 2022 3:57:12 PM com.sun.enterprise.v3.server.ReadableArchiveScannerAdapter handleEntry
SEVERE: Invalid InputStream returned for org/h2/security/auth/impl/JaasCredentialsValidator$AuthenticationInfoCallbackHandler.class
Apr 28, 2022 3:57:12 PM com.sun.enterprise.v3.server.ReadableArchiveScannerAdapter handleEntry
SEVERE: Invalid InputStream returned for org/h2/security/auth/impl/JaasCredentialsValidator.class
Apr 28, 2022 3:57:12 PM com.sun.enterprise.v3.server.ReadableArchiveScannerAdapter handleEntry
SEVERE: Invalid InputStream returned for org/h2/security/auth/impl/LdapCredentialsValidator.class
Apr 28, 2022 3:57:12 PM com.sun.enterprise.v3.server.ReadableArchiveScannerAdapter handleEntry
SEVERE: Invalid InputStream returned for org/h2/security/auth/impl/StaticRolesMapper.class
Apr 28, 2022 3:57:12 PM com.sun.enterprise.v3.server.ReadableArchiveScannerAdapter handleEntry
SEVERE: Invalid InputStream returned for org/h2/security/auth/impl/StaticUserCredentialsValidator.class
Apr 28, 2022 3:57:12 PM com.sun.enterprise.v3.server.ReadableArchiveScannerAdapter handleEntry
SEVERE: Invalid InputStream returned for org/h2/security/auth/PropertyConfig.class
Apr 28, 2022 3:57:12 PM com.sun.enterprise.v3.server.ReadableArchiveScannerAdapter handleEntry
SEVERE: Invalid InputStream returned for org/h2/security/auth/RealmConfig.class
Apr 28, 2022 3:57:12 PM com.sun.enterprise.v3.server.ReadableArchiveScannerAdapter handleEntry
SEVERE: Invalid InputStream returned for org/h2/security/auth/UserToRolesMapperConfig.class
Apr 28, 2022 3:57:12 PM com.sun.enterprise.v3.server.ReadableArchiveScannerAdapter handleEntry
SEVERE: Invalid InputStream returned for org/h2/security/BlockCipher.class
Apr 28, 2022 3:57:12 PM com.sun.enterprise.v3.server.ReadableArchiveScannerAdapter handleEntry
SEVERE: Invalid InputStream returned for org/h2/security/CipherFactory.class
Apr 28, 2022 3:57:12 PM com.sun.enterprise.v3.server.ReadableArchiveScannerAdapter handleEntry
SEVERE: Invalid InputStream returned for org/h2/security/Fog.class
Apr 28, 2022 3:57:12 PM com.sun.enterprise.v3.server.ReadableArchiveScannerAdapter handleEntry
SEVERE: Invalid InputStream returned for org/h2/security/SecureFileStore.class
Apr 28, 2022 3:57:12 PM com.sun.enterprise.v3.server.ReadableArchiveScannerAdapter handleEntry
SEVERE: Invalid InputStream returned for org/h2/security/SHA256.class
Apr 28, 2022 3:57:12 PM com.sun.enterprise.v3.server.ReadableArchiveScannerAdapter handleEntry
SEVERE: Invalid InputStream returned for org/h2/security/XTEA.class
Apr 28, 2022 3:57:12 PM com.sun.enterprise.v3.server.ReadableArchiveScannerAdapter handleEntry
SEVERE: Invalid InputStream returned for org/h2/server/pg/PgServer.class
Apr 28, 2022 3:57:12 PM com.sun.enterprise.v3.server.ReadableArchiveScannerAdapter handleEntry
SEVERE: Invalid InputStream returned for org/h2/server/pg/PgServerThread$Portal.class
Apr 28, 2022 3:57:12 PM com.sun.enterprise.v3.server.ReadableArchiveScannerAdapter handleEntry
SEVERE: Invalid InputStream returned for org/h2/server/pg/PgServerThread$Prepared.class
Apr 28, 2022 3:57:12 PM com.sun.enterprise.v3.server.ReadableArchiveScannerAdapter handleEntry
SEVERE: Invalid InputStream returned for org/h2/server/pg/PgServerThread.class
Apr 28, 2022 3:57:12 PM com.sun.enterprise.v3.server.ReadableArchiveScannerAdapter handleEntry
SEVERE: Invalid InputStream returned for org/h2/server/Service.class
Apr 28, 2022 3:57:12 PM com.sun.enterprise.v3.server.ReadableArchiveScannerAdapter handleEntry
SEVERE: Invalid InputStream returned for org/h2/server/ShutdownHandler.class
Apr 28, 2022 3:57:12 PM com.sun.enterprise.v3.server.ReadableArchiveScannerAdapter handleEntry
SEVERE: Exception while processing org/h2/server/TcpServer.class inside file:/tmp/gfembed15257743656685566532tmp/applications/classes/ of size 11,388, exception: java.io.FileNotFoundException: /tmp/gfembed15257743656685566532tmp/applications/classes/org/h2/server/TcpServer.class (No such file or directory)
Apr 28, 2022 3:57:12 PM com.sun.enterprise.v3.server.ReadableArchiveScannerAdapter handleEntry
SEVERE: Invalid InputStream returned for org/h2/server/TcpServerThread.class
Apr 28, 2022 3:57:12 PM com.sun.enterprise.v3.server.ReadableArchiveScannerAdapter handleEntry
SEVERE: Invalid InputStream returned for org/h2/server/web/ConnectionInfo.class
Apr 28, 2022 3:57:12 PM com.sun.enterprise.v3.server.ReadableArchiveScannerAdapter handleEntry
SEVERE: Invalid InputStream returned for org/h2/server/web/DbStarter.class
Apr 28, 2022 3:57:12 PM com.sun.enterprise.v3.server.ReadableArchiveScannerAdapter handleEntry
SEVERE: Invalid InputStream returned for org/h2/server/web/PageParser.class
Apr 28, 2022 3:57:12 PM com.sun.enterprise.v3.server.ReadableArchiveScannerAdapter handleEntry
SEVERE: Invalid InputStream returned for org/h2/server/web/WebApp$1.class
Apr 28, 2022 3:57:12 PM com.sun.enterprise.v3.server.ReadableArchiveScannerAdapter handleEntry
SEVERE: Invalid InputStream returned for org/h2/server/web/WebApp$2.class
Apr 28, 2022 3:57:12 PM com.sun.enterprise.v3.server.ReadableArchiveScannerAdapter handleEntry
SEVERE: Invalid InputStream returned for org/h2/server/web/WebApp$IndexInfo.class
Apr 28, 2022 3:57:12 PM com.sun.enterprise.v3.server.ReadableArchiveScannerAdapter handleEntry
SEVERE: Invalid InputStream returned for org/h2/server/web/WebApp.class
Apr 28, 2022 3:57:12 PM com.sun.enterprise.v3.server.ReadableArchiveScannerAdapter handleEntry
SEVERE: Invalid InputStream returned for org/h2/server/web/WebServer$TranslateThread.class
Apr 28, 2022 3:57:12 PM com.sun.enterprise.v3.server.ReadableArchiveScannerAdapter handleEntry
SEVERE: Invalid InputStream returned for org/h2/server/web/WebServer.class
Apr 28, 2022 3:57:12 PM com.sun.enterprise.v3.server.ReadableArchiveScannerAdapter handleEntry
SEVERE: Invalid InputStream returned for org/h2/server/web/WebServlet.class
Apr 28, 2022 3:57:12 PM com.sun.enterprise.v3.server.ReadableArchiveScannerAdapter handleEntry
SEVERE: Invalid InputStream returned for org/h2/server/web/WebSession.class
Apr 28, 2022 3:57:12 PM com.sun.enterprise.v3.server.ReadableArchiveScannerAdapter handleEntry
SEVERE: Invalid InputStream returned for org/h2/server/web/WebThread.class
Apr 28, 2022 3:57:12 PM com.sun.enterprise.v3.server.ReadableArchiveScannerAdapter handleEntry
SEVERE: Invalid InputStream returned for org/h2/store/CountingReaderInputStream.class
Apr 28, 2022 3:57:12 PM com.sun.enterprise.v3.server.ReadableArchiveScannerAdapter handleEntry
SEVERE: Invalid InputStream returned for org/h2/store/Data.class
Apr 28, 2022 3:57:12 PM com.sun.enterprise.v3.server.ReadableArchiveScannerAdapter handleEntry
SEVERE: Invalid InputStream returned for org/h2/store/DataHandler.class
Apr 28, 2022 3:57:12 PM com.sun.enterprise.v3.server.ReadableArchiveScannerAdapter handleEntry
SEVERE: Invalid InputStream returned for org/h2/store/DataReader$FastEOFException.class
Apr 28, 2022 3:57:12 PM com.sun.enterprise.v3.server.ReadableArchiveScannerAdapter handleEntry
SEVERE: Invalid InputStream returned for org/h2/store/DataReader.class
Apr 28, 2022 3:57:12 PM com.sun.enterprise.v3.server.ReadableArchiveScannerAdapter handleEntry
SEVERE: Invalid InputStream returned for org/h2/store/FileLister.class
Apr 28, 2022 3:57:12 PM com.sun.enterprise.v3.server.ReadableArchiveScannerAdapter handleEntry
SEVERE: Exception while processing org/h2/store/FileLock$1.class inside file:/tmp/gfembed15257743656685566532tmp/applications/classes/ of size 737, exception: java.io.FileNotFoundException: /tmp/gfembed15257743656685566532tmp/applications/classes/org/h2/store/FileLock$1.class (No such file or directory)
Apr 28, 2022 3:57:12 PM com.sun.enterprise.v3.server.ReadableArchiveScannerAdapter handleEntry
SEVERE: Invalid InputStream returned for org/h2/store/FileLock.class
Apr 28, 2022 3:57:12 PM com.sun.enterprise.v3.server.ReadableArchiveScannerAdapter handleEntry
SEVERE: Invalid InputStream returned for org/h2/store/FileLockMethod.class
Apr 28, 2022 3:57:12 PM com.sun.enterprise.v3.server.ReadableArchiveScannerAdapter handleEntry
SEVERE: Exception while processing org/h2/store/FileStore.class inside file:/tmp/gfembed15257743656685566532tmp/applications/classes/ of size 8,307, exception: java.io.FileNotFoundException: /tmp/gfembed15257743656685566532tmp/applications/classes/org/h2/store/FileStore.class (No such file or directory)
Apr 28, 2022 3:57:12 PM com.sun.enterprise.v3.server.ReadableArchiveScannerAdapter handleEntry
SEVERE: Invalid InputStream returned for org/h2/store/FileStoreInputStream.class
Apr 28, 2022 3:57:12 PM com.sun.enterprise.v3.server.ReadableArchiveScannerAdapter handleEntry
SEVERE: Invalid InputStream returned for org/h2/store/FileStoreOutputStream.class
Apr 28, 2022 3:57:12 PM com.sun.enterprise.v3.server.ReadableArchiveScannerAdapter handleEntry
SEVERE: Invalid InputStream returned for org/h2/store/fs/FileAsync.class
Apr 28, 2022 3:57:12 PM com.sun.enterprise.v3.server.ReadableArchiveScannerAdapter handleEntry
SEVERE: Invalid InputStream returned for org/h2/store/fs/FileBase.class
Apr 28, 2022 3:57:12 PM com.sun.enterprise.v3.server.ReadableArchiveScannerAdapter handleEntry
SEVERE: Invalid InputStream returned for org/h2/store/fs/FileChannelInputStream.class
Apr 28, 2022 3:57:12 PM com.sun.enterprise.v3.server.ReadableArchiveScannerAdapter handleEntry
SEVERE: Invalid InputStream returned for org/h2/store/fs/FileChannelOutputStream.class
Apr 28, 2022 3:57:12 PM com.sun.enterprise.v3.server.ReadableArchiveScannerAdapter handleEntry
SEVERE: Invalid InputStream returned for org/h2/store/fs/FileDisk.class
Apr 28, 2022 3:57:12 PM com.sun.enterprise.v3.server.ReadableArchiveScannerAdapter handleEntry
SEVERE: Invalid InputStream returned for org/h2/store/fs/FileMem$1.class
Apr 28, 2022 3:57:12 PM com.sun.enterprise.v3.server.ReadableArchiveScannerAdapter handleEntry
SEVERE: Invalid InputStream returned for org/h2/store/fs/FileMem.class
Apr 28, 2022 3:57:12 PM com.sun.enterprise.v3.server.ReadableArchiveScannerAdapter handleEntry
SEVERE: Invalid InputStream returned for org/h2/store/fs/FileMemData$Cache.class
Apr 28, 2022 3:57:12 PM com.sun.enterprise.v3.server.ReadableArchiveScannerAdapter handleEntry
SEVERE: Invalid InputStream returned for org/h2/store/fs/FileMemData$CompressItem.class
Apr 28, 2022 3:57:12 PM com.sun.enterprise.v3.server.ReadableArchiveScannerAdapter handleEntry
SEVERE: Invalid InputStream returned for org/h2/store/fs/FileMemData.class
Apr 28, 2022 3:57:12 PM com.sun.enterprise.v3.server.ReadableArchiveScannerAdapter handleEntry
SEVERE: Invalid InputStream returned for org/h2/store/fs/FileNio.class
Apr 28, 2022 3:57:12 PM com.sun.enterprise.v3.server.ReadableArchiveScannerAdapter handleEntry
SEVERE: Invalid InputStream returned for org/h2/store/fs/FileNioMapped.class
Apr 28, 2022 3:57:12 PM com.sun.enterprise.v3.server.ReadableArchiveScannerAdapter handleEntry
SEVERE: Invalid InputStream returned for org/h2/store/fs/FileNioMem$1.class
Apr 28, 2022 3:57:12 PM com.sun.enterprise.v3.server.ReadableArchiveScannerAdapter handleEntry
SEVERE: Invalid InputStream returned for org/h2/store/fs/FileNioMem.class
Apr 28, 2022 3:57:12 PM com.sun.enterprise.v3.server.ReadableArchiveScannerAdapter handleEntry
SEVERE: Invalid InputStream returned for org/h2/store/fs/FileNioMemData$1.class
Apr 28, 2022 3:57:12 PM com.sun.enterprise.v3.server.ReadableArchiveScannerAdapter handleEntry
SEVERE: Invalid InputStream returned for org/h2/store/fs/FileNioMemData$2.class
Apr 28, 2022 3:57:12 PM com.sun.enterprise.v3.server.ReadableArchiveScannerAdapter handleEntry
SEVERE: Invalid InputStream returned for org/h2/store/fs/FileNioMemData$CompressItem.class
Apr 28, 2022 3:57:12 PM com.sun.enterprise.v3.server.ReadableArchiveScannerAdapter handleEntry
SEVERE: Invalid InputStream returned for org/h2/store/fs/FileNioMemData$CompressLaterCache.class
Apr 28, 2022 3:57:12 PM com.sun.enterprise.v3.server.ReadableArchiveScannerAdapter handleEntry
SEVERE: Invalid InputStream returned for org/h2/store/fs/FileNioMemData.class
Apr 28, 2022 3:57:12 PM com.sun.enterprise.v3.server.ReadableArchiveScannerAdapter handleEntry
SEVERE: Invalid InputStream returned for org/h2/store/fs/FilePath.class
Apr 28, 2022 3:57:12 PM com.sun.enterprise.v3.server.ReadableArchiveScannerAdapter handleEntry
SEVERE: Invalid InputStream returned for org/h2/store/fs/FilePathAsync.class
Apr 28, 2022 3:57:12 PM com.sun.enterprise.v3.server.ReadableArchiveScannerAdapter handleEntry
SEVERE: Invalid InputStream returned for org/h2/store/fs/FilePathDisk.class
Apr 28, 2022 3:57:12 PM com.sun.enterprise.v3.server.ReadableArchiveScannerAdapter handleEntry
SEVERE: Invalid InputStream returned for org/h2/store/fs/FilePathEncrypt$FileEncrypt.class
Apr 28, 2022 3:57:12 PM com.sun.enterprise.v3.server.ReadableArchiveScannerAdapter handleEntry
SEVERE: Invalid InputStream returned for org/h2/store/fs/FilePathEncrypt$XTS.class
Apr 28, 2022 3:57:12 PM com.sun.enterprise.v3.server.ReadableArchiveScannerAdapter handleEntry
SEVERE: Invalid InputStream returned for org/h2/store/fs/FilePathEncrypt.class
Apr 28, 2022 3:57:12 PM com.sun.enterprise.v3.server.ReadableArchiveScannerAdapter handleEntry
SEVERE: Invalid InputStream returned for org/h2/store/fs/FilePathMem.class
Apr 28, 2022 3:57:12 PM com.sun.enterprise.v3.server.ReadableArchiveScannerAdapter handleEntry
SEVERE: Invalid InputStream returned for org/h2/store/fs/FilePathMemLZF.class
Apr 28, 2022 3:57:12 PM com.sun.enterprise.v3.server.ReadableArchiveScannerAdapter handleEntry
SEVERE: Invalid InputStream returned for org/h2/store/fs/FilePathNio.class
Apr 28, 2022 3:57:12 PM com.sun.enterprise.v3.server.ReadableArchiveScannerAdapter handleEntry
SEVERE: Invalid InputStream returned for org/h2/store/fs/FilePathNioMapped.class
Apr 28, 2022 3:57:12 PM com.sun.enterprise.v3.server.ReadableArchiveScannerAdapter handleEntry
SEVERE: Invalid InputStream returned for org/h2/store/fs/FilePathNioMemLZF.class
Apr 28, 2022 3:57:12 PM com.sun.enterprise.v3.server.ReadableArchiveScannerAdapter handleEntry
SEVERE: Invalid InputStream returned for org/h2/store/fs/FilePathRec.class
Apr 28, 2022 3:57:12 PM com.sun.enterprise.v3.server.ReadableArchiveScannerAdapter handleEntry
SEVERE: Invalid InputStream returned for org/h2/store/fs/FilePathRetryOnInterrupt.class
Apr 28, 2022 3:57:12 PM com.sun.enterprise.v3.server.ReadableArchiveScannerAdapter handleEntry
SEVERE: Invalid InputStream returned for org/h2/store/fs/FilePathSplit.class
Apr 28, 2022 3:57:12 PM com.sun.enterprise.v3.server.ReadableArchiveScannerAdapter handleEntry
SEVERE: Invalid InputStream returned for org/h2/store/fs/FilePathWrapper.class
Apr 28, 2022 3:57:12 PM com.sun.enterprise.v3.server.ReadableArchiveScannerAdapter handleEntry
SEVERE: Invalid InputStream returned for org/h2/store/fs/FilePathZip.class
Apr 28, 2022 3:57:12 PM com.sun.enterprise.v3.server.ReadableArchiveScannerAdapter handleEntry
SEVERE: Invalid InputStream returned for org/h2/store/fs/FileRec.class
Apr 28, 2022 3:57:12 PM com.sun.enterprise.v3.server.ReadableArchiveScannerAdapter handleEntry
SEVERE: Invalid InputStream returned for org/h2/store/fs/FileRetryOnInterrupt$FileLockRetry.class
Apr 28, 2022 3:57:12 PM com.sun.enterprise.v3.server.ReadableArchiveScannerAdapter handleEntry
SEVERE: Invalid InputStream returned for org/h2/store/fs/FileRetryOnInterrupt.class
Apr 28, 2022 3:57:12 PM com.sun.enterprise.v3.server.ReadableArchiveScannerAdapter handleEntry
SEVERE: Invalid InputStream returned for org/h2/store/fs/FileSplit.class
Apr 28, 2022 3:57:12 PM com.sun.enterprise.v3.server.ReadableArchiveScannerAdapter handleEntry
SEVERE: Invalid InputStream returned for org/h2/store/fs/FileUtils.class
Apr 28, 2022 3:57:12 PM com.sun.enterprise.v3.server.ReadableArchiveScannerAdapter handleEntry
SEVERE: Invalid InputStream returned for org/h2/store/fs/FileZip$1.class
Apr 28, 2022 3:57:12 PM com.sun.enterprise.v3.server.ReadableArchiveScannerAdapter handleEntry
SEVERE: Invalid InputStream returned for org/h2/store/fs/FileZip.class
Apr 28, 2022 3:57:12 PM com.sun.enterprise.v3.server.ReadableArchiveScannerAdapter handleEntry
SEVERE: Invalid InputStream returned for org/h2/store/fs/Recorder.class
Apr 28, 2022 3:57:12 PM com.sun.enterprise.v3.server.ReadableArchiveScannerAdapter handleEntry
SEVERE: Invalid InputStream returned for org/h2/store/InDoubtTransaction.class
Apr 28, 2022 3:57:12 PM com.sun.enterprise.v3.server.ReadableArchiveScannerAdapter handleEntry
SEVERE: Invalid InputStream returned for org/h2/store/LobStorageFrontend.class
Apr 28, 2022 3:57:12 PM com.sun.enterprise.v3.server.ReadableArchiveScannerAdapter handleEntry
SEVERE: Invalid InputStream returned for org/h2/store/LobStorageInterface.class
Apr 28, 2022 3:57:12 PM com.sun.enterprise.v3.server.ReadableArchiveScannerAdapter handleEntry
SEVERE: Invalid InputStream returned for org/h2/store/LobStorageRemoteInputStream.class
Apr 28, 2022 3:57:12 PM com.sun.enterprise.v3.server.ReadableArchiveScannerAdapter handleEntry
SEVERE: Invalid InputStream returned for org/h2/store/RangeInputStream.class
Apr 28, 2022 3:57:12 PM com.sun.enterprise.v3.server.ReadableArchiveScannerAdapter handleEntry
SEVERE: Invalid InputStream returned for org/h2/store/RangeReader.class
Apr 28, 2022 3:57:12 PM com.sun.enterprise.v3.server.ReadableArchiveScannerAdapter handleEntry
SEVERE: Invalid InputStream returned for org/h2/store/RecoverTester.class
Apr 28, 2022 3:57:12 PM com.sun.enterprise.v3.server.ReadableArchiveScannerAdapter handleEntry
SEVERE: Invalid InputStream returned for org/h2/table/Column.class
Apr 28, 2022 3:57:12 PM com.sun.enterprise.v3.server.ReadableArchiveScannerAdapter handleEntry
SEVERE: Invalid InputStream returned for org/h2/table/ColumnResolver.class
Apr 28, 2022 3:57:12 PM com.sun.enterprise.v3.server.ReadableArchiveScannerAdapter handleEntry
SEVERE: Invalid InputStream returned for org/h2/table/DataChangeDeltaTable$ResultOption.class
Apr 28, 2022 3:57:12 PM com.sun.enterprise.v3.server.ReadableArchiveScannerAdapter handleEntry
SEVERE: Invalid InputStream returned for org/h2/table/DataChangeDeltaTable.class
Apr 28, 2022 3:57:12 PM com.sun.enterprise.v3.server.ReadableArchiveScannerAdapter handleEntry
SEVERE: Invalid InputStream returned for org/h2/table/DualTable.class
Apr 28, 2022 3:57:12 PM com.sun.enterprise.v3.server.ReadableArchiveScannerAdapter handleEntry
SEVERE: Invalid InputStream returned for org/h2/table/FunctionTable.class
Apr 28, 2022 3:57:12 PM com.sun.enterprise.v3.server.ReadableArchiveScannerAdapter handleEntry
SEVERE: Invalid InputStream returned for org/h2/table/IndexColumn.class
Apr 28, 2022 3:57:12 PM com.sun.enterprise.v3.server.ReadableArchiveScannerAdapter handleEntry
SEVERE: Invalid InputStream returned for org/h2/table/IndexHints.class
Apr 28, 2022 3:57:12 PM com.sun.enterprise.v3.server.ReadableArchiveScannerAdapter handleEntry
SEVERE: Invalid InputStream returned for org/h2/table/JoinBatch$1.class
Apr 28, 2022 3:57:12 PM com.sun.enterprise.v3.server.ReadableArchiveScannerAdapter handleEntry
SEVERE: Invalid InputStream returned for org/h2/table/JoinBatch$FakeLookupBatch.class
Apr 28, 2022 3:57:12 PM com.sun.enterprise.v3.server.ReadableArchiveScannerAdapter handleEntry
SEVERE: Invalid InputStream returned for org/h2/table/JoinBatch$JoinFilter.class
Apr 28, 2022 3:57:12 PM com.sun.enterprise.v3.server.ReadableArchiveScannerAdapter handleEntry
SEVERE: Invalid InputStream returned for org/h2/table/JoinBatch$JoinRow.class
Apr 28, 2022 3:57:12 PM com.sun.enterprise.v3.server.ReadableArchiveScannerAdapter handleEntry
SEVERE: Invalid InputStream returned for org/h2/table/JoinBatch$QueryRunner.class
Apr 28, 2022 3:57:12 PM com.sun.enterprise.v3.server.ReadableArchiveScannerAdapter handleEntry
SEVERE: Invalid InputStream returned for org/h2/table/JoinBatch$QueryRunnerBase.class
Apr 28, 2022 3:57:12 PM com.sun.enterprise.v3.server.ReadableArchiveScannerAdapter handleEntry
SEVERE: Invalid InputStream returned for org/h2/table/JoinBatch$QueryRunnerUnion.class
Apr 28, 2022 3:57:12 PM com.sun.enterprise.v3.server.ReadableArchiveScannerAdapter handleEntry
SEVERE: Invalid InputStream returned for org/h2/table/JoinBatch$SingletonList.class
Apr 28, 2022 3:57:12 PM com.sun.enterprise.v3.server.ReadableArchiveScannerAdapter handleEntry
SEVERE: Invalid InputStream returned for org/h2/table/JoinBatch$ViewIndexLookupBatch.class
Apr 28, 2022 3:57:12 PM com.sun.enterprise.v3.server.ReadableArchiveScannerAdapter handleEntry
SEVERE: Invalid InputStream returned for org/h2/table/JoinBatch$ViewIndexLookupBatchBase.class
Apr 28, 2022 3:57:12 PM com.sun.enterprise.v3.server.ReadableArchiveScannerAdapter handleEntry
SEVERE: Invalid InputStream returned for org/h2/table/JoinBatch$ViewIndexLookupBatchUnion.class
Apr 28, 2022 3:57:12 PM com.sun.enterprise.v3.server.ReadableArchiveScannerAdapter handleEntry
SEVERE: Invalid InputStream returned for org/h2/table/JoinBatch.class
Apr 28, 2022 3:57:12 PM com.sun.enterprise.v3.server.ReadableArchiveScannerAdapter handleEntry
SEVERE: Invalid InputStream returned for org/h2/table/LinkSchema.class
Apr 28, 2022 3:57:12 PM com.sun.enterprise.v3.server.ReadableArchiveScannerAdapter handleEntry
SEVERE: Invalid InputStream returned for org/h2/table/MetaTable$1.class
Apr 28, 2022 3:57:12 PM com.sun.enterprise.v3.server.ReadableArchiveScannerAdapter handleEntry
SEVERE: Invalid InputStream returned for org/h2/table/MetaTable.class
Apr 28, 2022 3:57:12 PM com.sun.enterprise.v3.server.ReadableArchiveScannerAdapter handleEntry
SEVERE: Invalid InputStream returned for org/h2/table/Plan$1.class
Apr 28, 2022 3:57:12 PM com.sun.enterprise.v3.server.ReadableArchiveScannerAdapter handleEntry
SEVERE: Invalid InputStream returned for org/h2/table/Plan.class
Apr 28, 2022 3:57:12 PM com.sun.enterprise.v3.server.ReadableArchiveScannerAdapter handleEntry
SEVERE: Invalid InputStream returned for org/h2/table/PlanItem.class
Apr 28, 2022 3:57:12 PM com.sun.enterprise.v3.server.ReadableArchiveScannerAdapter handleEntry
SEVERE: Invalid InputStream returned for org/h2/table/RegularTable$1.class
Apr 28, 2022 3:57:12 PM com.sun.enterprise.v3.server.ReadableArchiveScannerAdapter handleEntry
SEVERE: Invalid InputStream returned for org/h2/table/RegularTable.class
Apr 28, 2022 3:57:12 PM com.sun.enterprise.v3.server.ReadableArchiveScannerAdapter handleEntry
SEVERE: Invalid InputStream returned for org/h2/table/SingleColumnResolver.class
Apr 28, 2022 3:57:12 PM com.sun.enterprise.v3.server.ReadableArchiveScannerAdapter handleEntry
SEVERE: Invalid InputStream returned for org/h2/table/SubQueryInfo.class
Apr 28, 2022 3:57:12 PM com.sun.enterprise.v3.server.ReadableArchiveScannerAdapter handleEntry
SEVERE: Invalid InputStream returned for org/h2/table/Table.class
Apr 28, 2022 3:57:12 PM com.sun.enterprise.v3.server.ReadableArchiveScannerAdapter handleEntry
SEVERE: Invalid InputStream returned for org/h2/table/TableBase.class
Apr 28, 2022 3:57:12 PM com.sun.enterprise.v3.server.ReadableArchiveScannerAdapter handleEntry
SEVERE: Invalid InputStream returned for org/h2/table/TableFilter$1.class
Apr 28, 2022 3:57:12 PM com.sun.enterprise.v3.server.ReadableArchiveScannerAdapter handleEntry
SEVERE: Invalid InputStream returned for org/h2/table/TableFilter$2.class
Apr 28, 2022 3:57:12 PM com.sun.enterprise.v3.server.ReadableArchiveScannerAdapter handleEntry
SEVERE: Invalid InputStream returned for org/h2/table/TableFilter$JOIVisitor.class
Apr 28, 2022 3:57:12 PM com.sun.enterprise.v3.server.ReadableArchiveScannerAdapter handleEntry
SEVERE: Invalid InputStream returned for org/h2/table/TableFilter$MapColumnsVisitor.class
Apr 28, 2022 3:57:12 PM com.sun.enterprise.v3.server.ReadableArchiveScannerAdapter handleEntry
SEVERE: Invalid InputStream returned for org/h2/table/TableFilter$TableFilterVisitor.class
Apr 28, 2022 3:57:12 PM com.sun.enterprise.v3.server.ReadableArchiveScannerAdapter handleEntry
SEVERE: Invalid InputStream returned for org/h2/table/TableFilter.class
Apr 28, 2022 3:57:12 PM com.sun.enterprise.v3.server.ReadableArchiveScannerAdapter handleEntry
SEVERE: Invalid InputStream returned for org/h2/table/TableLink.class
Apr 28, 2022 3:57:12 PM com.sun.enterprise.v3.server.ReadableArchiveScannerAdapter handleEntry
SEVERE: Invalid InputStream returned for org/h2/table/TableLinkConnection.class
Apr 28, 2022 3:57:12 PM com.sun.enterprise.v3.server.ReadableArchiveScannerAdapter handleEntry
SEVERE: Invalid InputStream returned for org/h2/table/TableSynonym.class
Apr 28, 2022 3:57:12 PM com.sun.enterprise.v3.server.ReadableArchiveScannerAdapter handleEntry
SEVERE: Invalid InputStream returned for org/h2/table/TableType.class
Apr 28, 2022 3:57:12 PM com.sun.enterprise.v3.server.ReadableArchiveScannerAdapter handleEntry
SEVERE: Invalid InputStream returned for org/h2/table/TableValueConstructorTable.class
Apr 28, 2022 3:57:12 PM com.sun.enterprise.v3.server.ReadableArchiveScannerAdapter handleEntry
SEVERE: Invalid InputStream returned for org/h2/table/TableView$CacheKey.class
Apr 28, 2022 3:57:12 PM com.sun.enterprise.v3.server.ReadableArchiveScannerAdapter handleEntry
SEVERE: Invalid InputStream returned for org/h2/table/TableView.class
Apr 28, 2022 3:57:12 PM com.sun.enterprise.v3.server.ReadableArchiveScannerAdapter handleEntry
SEVERE: Invalid InputStream returned for org/h2/table/VirtualConstructedTable.class
Apr 28, 2022 3:57:12 PM com.sun.enterprise.v3.server.ReadableArchiveScannerAdapter handleEntry
SEVERE: Invalid InputStream returned for org/h2/table/VirtualTable.class
Apr 28, 2022 3:57:12 PM com.sun.enterprise.v3.server.ReadableArchiveScannerAdapter handleEntry
SEVERE: Invalid InputStream returned for org/h2/tools/Backup.class
Apr 28, 2022 3:57:12 PM com.sun.enterprise.v3.server.ReadableArchiveScannerAdapter handleEntry
SEVERE: Invalid InputStream returned for org/h2/tools/ChangeFileEncryption.class
Apr 28, 2022 3:57:12 PM com.sun.enterprise.v3.server.ReadableArchiveScannerAdapter handleEntry
SEVERE: Invalid InputStream returned for org/h2/tools/CompressTool.class
Apr 28, 2022 3:57:12 PM com.sun.enterprise.v3.server.ReadableArchiveScannerAdapter handleEntry
SEVERE: Invalid InputStream returned for org/h2/tools/Console.class
Apr 28, 2022 3:57:12 PM com.sun.enterprise.v3.server.ReadableArchiveScannerAdapter handleEntry
SEVERE: Invalid InputStream returned for org/h2/tools/ConvertTraceFile$Stat.class
Apr 28, 2022 3:57:12 PM com.sun.enterprise.v3.server.ReadableArchiveScannerAdapter handleEntry
SEVERE: Invalid InputStream returned for org/h2/tools/ConvertTraceFile.class
Apr 28, 2022 3:57:12 PM com.sun.enterprise.v3.server.ReadableArchiveScannerAdapter handleEntry
SEVERE: Invalid InputStream returned for org/h2/tools/CreateCluster$1.class
Apr 28, 2022 3:57:12 PM com.sun.enterprise.v3.server.ReadableArchiveScannerAdapter handleEntry
SEVERE: Invalid InputStream returned for org/h2/tools/CreateCluster.class
Apr 28, 2022 3:57:12 PM com.sun.enterprise.v3.server.ReadableArchiveScannerAdapter handleEntry
SEVERE: Invalid InputStream returned for org/h2/tools/DeleteDbFiles.class
Apr 28, 2022 3:57:12 PM com.sun.enterprise.v3.server.ReadableArchiveScannerAdapter handleEntry
SEVERE: Invalid InputStream returned for org/h2/tools/GUIConsole.class
Apr 28, 2022 3:57:12 PM com.sun.enterprise.v3.server.ReadableArchiveScannerAdapter handleEntry
SEVERE: Invalid InputStream returned for org/h2/tools/MultiDimension.class
Apr 28, 2022 3:57:12 PM com.sun.enterprise.v3.server.ReadableArchiveScannerAdapter handleEntry
SEVERE: Invalid InputStream returned for org/h2/tools/Recover$1.class
Apr 28, 2022 3:57:12 PM com.sun.enterprise.v3.server.ReadableArchiveScannerAdapter handleEntry
SEVERE: Invalid InputStream returned for org/h2/tools/Recover$2.class
Apr 28, 2022 3:57:12 PM com.sun.enterprise.v3.server.ReadableArchiveScannerAdapter handleEntry
SEVERE: Invalid InputStream returned for org/h2/tools/Recover$PageInputStream.class
Apr 28, 2022 3:57:12 PM com.sun.enterprise.v3.server.ReadableArchiveScannerAdapter handleEntry
SEVERE: Invalid InputStream returned for org/h2/tools/Recover$Stats.class
Apr 28, 2022 3:57:12 PM com.sun.enterprise.v3.server.ReadableArchiveScannerAdapter handleEntry
SEVERE: Invalid InputStream returned for org/h2/tools/Recover.class
Apr 28, 2022 3:57:12 PM com.sun.enterprise.v3.server.ReadableArchiveScannerAdapter handleEntry
SEVERE: Invalid InputStream returned for org/h2/tools/Restore.class
Apr 28, 2022 3:57:12 PM com.sun.enterprise.v3.server.ReadableArchiveScannerAdapter handleEntry
SEVERE: Invalid InputStream returned for org/h2/tools/RunScript.class
Apr 28, 2022 3:57:12 PM com.sun.enterprise.v3.server.ReadableArchiveScannerAdapter handleEntry
SEVERE: Invalid InputStream returned for org/h2/tools/Script.class
Apr 28, 2022 3:57:12 PM com.sun.enterprise.v3.server.ReadableArchiveScannerAdapter handleEntry
SEVERE: Invalid InputStream returned for org/h2/tools/Server.class
Apr 28, 2022 3:57:12 PM com.sun.enterprise.v3.server.ReadableArchiveScannerAdapter handleEntry
SEVERE: Invalid InputStream returned for org/h2/tools/Shell.class
Apr 28, 2022 3:57:12 PM com.sun.enterprise.v3.server.ReadableArchiveScannerAdapter handleEntry
SEVERE: Invalid InputStream returned for org/h2/tools/SimpleResultSet$SimpleArray.class
Apr 28, 2022 3:57:12 PM com.sun.enterprise.v3.server.ReadableArchiveScannerAdapter handleEntry
SEVERE: Invalid InputStream returned for org/h2/tools/SimpleResultSet.class
Apr 28, 2022 3:57:12 PM com.sun.enterprise.v3.server.ReadableArchiveScannerAdapter handleEntry
SEVERE: Invalid InputStream returned for org/h2/tools/SimpleRowSource.class
Apr 28, 2022 3:57:12 PM com.sun.enterprise.v3.server.ReadableArchiveScannerAdapter handleEntry
SEVERE: Invalid InputStream returned for org/h2/tools/TriggerAdapter$TriggerRowSource.class
Apr 28, 2022 3:57:12 PM com.sun.enterprise.v3.server.ReadableArchiveScannerAdapter handleEntry
SEVERE: Invalid InputStream returned for org/h2/tools/TriggerAdapter.class
Apr 28, 2022 3:57:12 PM com.sun.enterprise.v3.server.ReadableArchiveScannerAdapter handleEntry
SEVERE: Invalid InputStream returned for org/h2/upgrade/DbUpgrade.class
Apr 28, 2022 3:57:12 PM com.sun.enterprise.v3.server.ReadableArchiveScannerAdapter handleEntry
SEVERE: Invalid InputStream returned for org/h2/util/AbbaDetector$1.class
Apr 28, 2022 3:57:12 PM com.sun.enterprise.v3.server.ReadableArchiveScannerAdapter handleEntry
SEVERE: Invalid InputStream returned for org/h2/util/AbbaDetector$2.class
Apr 28, 2022 3:57:12 PM com.sun.enterprise.v3.server.ReadableArchiveScannerAdapter handleEntry
SEVERE: Invalid InputStream returned for org/h2/util/AbbaDetector.class
Apr 28, 2022 3:57:12 PM com.sun.enterprise.v3.server.ReadableArchiveScannerAdapter handleEntry
SEVERE: Invalid InputStream returned for org/h2/util/AbbaLockingDetector$1.class
Apr 28, 2022 3:57:12 PM com.sun.enterprise.v3.server.ReadableArchiveScannerAdapter handleEntry
SEVERE: Invalid InputStream returned for org/h2/util/AbbaLockingDetector$2.class
Apr 28, 2022 3:57:12 PM com.sun.enterprise.v3.server.ReadableArchiveScannerAdapter handleEntry
SEVERE: Invalid InputStream returned for org/h2/util/AbbaLockingDetector.class
Apr 28, 2022 3:57:12 PM com.sun.enterprise.v3.server.ReadableArchiveScannerAdapter handleEntry
SEVERE: Invalid InputStream returned for org/h2/util/Bits.class
Apr 28, 2022 3:57:12 PM com.sun.enterprise.v3.server.ReadableArchiveScannerAdapter handleEntry
SEVERE: Invalid InputStream returned for org/h2/util/ByteStack.class
Apr 28, 2022 3:57:12 PM com.sun.enterprise.v3.server.ReadableArchiveScannerAdapter handleEntry
SEVERE: Invalid InputStream returned for org/h2/util/Cache.class
Apr 28, 2022 3:57:12 PM com.sun.enterprise.v3.server.ReadableArchiveScannerAdapter handleEntry
SEVERE: Invalid InputStream returned for org/h2/util/CacheHead.class
Apr 28, 2022 3:57:12 PM com.sun.enterprise.v3.server.ReadableArchiveScannerAdapter handleEntry
SEVERE: Invalid InputStream returned for org/h2/util/CacheLRU.class
Apr 28, 2022 3:57:12 PM com.sun.enterprise.v3.server.ReadableArchiveScannerAdapter handleEntry
SEVERE: Invalid InputStream returned for org/h2/util/CacheObject.class
Apr 28, 2022 3:57:12 PM com.sun.enterprise.v3.server.ReadableArchiveScannerAdapter handleEntry
SEVERE: Invalid InputStream returned for org/h2/util/CacheSecondLevel.class
Apr 28, 2022 3:57:12 PM com.sun.enterprise.v3.server.ReadableArchiveScannerAdapter handleEntry
SEVERE: Invalid InputStream returned for org/h2/util/CacheTQ.class
Apr 28, 2022 3:57:12 PM com.sun.enterprise.v3.server.ReadableArchiveScannerAdapter handleEntry
SEVERE: Invalid InputStream returned for org/h2/util/CacheWriter.class
Apr 28, 2022 3:57:12 PM com.sun.enterprise.v3.server.ReadableArchiveScannerAdapter handleEntry
SEVERE: Invalid InputStream returned for org/h2/util/CloseWatcher.class
Apr 28, 2022 3:57:12 PM com.sun.enterprise.v3.server.ReadableArchiveScannerAdapter handleEntry
SEVERE: Invalid InputStream returned for org/h2/util/ColumnNamer.class
Apr 28, 2022 3:57:12 PM com.sun.enterprise.v3.server.ReadableArchiveScannerAdapter handleEntry
SEVERE: Invalid InputStream returned for org/h2/util/ColumnNamerConfiguration$1.class
Apr 28, 2022 3:57:12 PM com.sun.enterprise.v3.server.ReadableArchiveScannerAdapter handleEntry
SEVERE: Invalid InputStream returned for org/h2/util/ColumnNamerConfiguration.class
Apr 28, 2022 3:57:12 PM com.sun.enterprise.v3.server.ReadableArchiveScannerAdapter handleEntry
SEVERE: Invalid InputStream returned for org/h2/util/DateTimeUtils.class
Apr 28, 2022 3:57:12 PM com.sun.enterprise.v3.server.ReadableArchiveScannerAdapter handleEntry
SEVERE: Invalid InputStream returned for org/h2/util/DbDriverActivator.class
Apr 28, 2022 3:57:12 PM com.sun.enterprise.v3.server.ReadableArchiveScannerAdapter handleEntry
SEVERE: Invalid InputStream returned for org/h2/util/DebuggingThreadLocal.class
Apr 28, 2022 3:57:12 PM com.sun.enterprise.v3.server.ReadableArchiveScannerAdapter handleEntry
SEVERE: Invalid InputStream returned for org/h2/util/DoneFuture.class
Apr 28, 2022 3:57:12 PM com.sun.enterprise.v3.server.ReadableArchiveScannerAdapter handleEntry
SEVERE: Invalid InputStream returned for org/h2/util/geometry/EWKBUtils$EWKBSource.class
Apr 28, 2022 3:57:12 PM com.sun.enterprise.v3.server.ReadableArchiveScannerAdapter handleEntry
SEVERE: Invalid InputStream returned for org/h2/util/geometry/EWKBUtils$EWKBTarget.class
Apr 28, 2022 3:57:12 PM com.sun.enterprise.v3.server.ReadableArchiveScannerAdapter handleEntry
SEVERE: Invalid InputStream returned for org/h2/util/geometry/EWKBUtils.class
Apr 28, 2022 3:57:12 PM com.sun.enterprise.v3.server.ReadableArchiveScannerAdapter handleEntry
SEVERE: Invalid InputStream returned for org/h2/util/geometry/EWKTUtils$EWKTSource.class
Apr 28, 2022 3:57:12 PM com.sun.enterprise.v3.server.ReadableArchiveScannerAdapter handleEntry
SEVERE: Invalid InputStream returned for org/h2/util/geometry/EWKTUtils$EWKTTarget.class
Apr 28, 2022 3:57:12 PM com.sun.enterprise.v3.server.ReadableArchiveScannerAdapter handleEntry
SEVERE: Invalid InputStream returned for org/h2/util/geometry/EWKTUtils.class
Apr 28, 2022 3:57:12 PM com.sun.enterprise.v3.server.ReadableArchiveScannerAdapter handleEntry
SEVERE: Invalid InputStream returned for org/h2/util/geometry/GeoJsonUtils$GeoJsonTarget.class
Apr 28, 2022 3:57:12 PM com.sun.enterprise.v3.server.ReadableArchiveScannerAdapter handleEntry
SEVERE: Invalid InputStream returned for org/h2/util/geometry/GeoJsonUtils.class
Apr 28, 2022 3:57:12 PM com.sun.enterprise.v3.server.ReadableArchiveScannerAdapter handleEntry
SEVERE: Invalid InputStream returned for org/h2/util/geometry/GeometryUtils$DimensionSystemTarget.class
Apr 28, 2022 3:57:12 PM com.sun.enterprise.v3.server.ReadableArchiveScannerAdapter handleEntry
SEVERE: Invalid InputStream returned for org/h2/util/geometry/GeometryUtils$EnvelopeAndDimensionSystemTarget.class
Apr 28, 2022 3:57:12 PM com.sun.enterprise.v3.server.ReadableArchiveScannerAdapter handleEntry
SEVERE: Invalid InputStream returned for org/h2/util/geometry/GeometryUtils$EnvelopeTarget.class
Apr 28, 2022 3:57:12 PM com.sun.enterprise.v3.server.ReadableArchiveScannerAdapter handleEntry
SEVERE: Invalid InputStream returned for org/h2/util/geometry/GeometryUtils$Target.class
Apr 28, 2022 3:57:12 PM com.sun.enterprise.v3.server.ReadableArchiveScannerAdapter handleEntry
SEVERE: Invalid InputStream returned for org/h2/util/geometry/GeometryUtils.class
Apr 28, 2022 3:57:12 PM com.sun.enterprise.v3.server.ReadableArchiveScannerAdapter handleEntry
SEVERE: Invalid InputStream returned for org/h2/util/geometry/JTSUtils$GeometryTarget.class
Apr 28, 2022 3:57:12 PM com.sun.enterprise.v3.server.ReadableArchiveScannerAdapter handleEntry
SEVERE: Invalid InputStream returned for org/h2/util/geometry/JTSUtils.class
Apr 28, 2022 3:57:12 PM com.sun.enterprise.v3.server.ReadableArchiveScannerAdapter handleEntry
SEVERE: Invalid InputStream returned for org/h2/util/HashBase.class
Apr 28, 2022 3:57:12 PM com.sun.enterprise.v3.server.ReadableArchiveScannerAdapter handleEntry
SEVERE: Exception while processing org/h2/util/IntArray.class inside file:/tmp/gfembed15257743656685566532tmp/applications/classes/ of size 2,308, exception: java.io.FileNotFoundException: /tmp/gfembed15257743656685566532tmp/applications/classes/org/h2/util/IntArray.class (No such file or directory)
Apr 28, 2022 3:57:12 PM com.sun.enterprise.v3.server.ReadableArchiveScannerAdapter handleEntry
SEVERE: Invalid InputStream returned for org/h2/util/IntervalUtils$1.class
Apr 28, 2022 3:57:12 PM com.sun.enterprise.v3.server.ReadableArchiveScannerAdapter handleEntry
SEVERE: Invalid InputStream returned for org/h2/util/IntervalUtils.class
Apr 28, 2022 3:57:12 PM com.sun.enterprise.v3.server.ReadableArchiveScannerAdapter handleEntry
SEVERE: Invalid InputStream returned for org/h2/util/IntIntHashMap.class
Apr 28, 2022 3:57:12 PM com.sun.enterprise.v3.server.ReadableArchiveScannerAdapter handleEntry
SEVERE: Exception while processing org/h2/util/IOUtils.class inside file:/tmp/gfembed15257743656685566532tmp/applications/classes/ of size 5,544, exception: java.io.FileNotFoundException: /tmp/gfembed15257743656685566532tmp/applications/classes/org/h2/util/IOUtils.class (No such file or directory)
Apr 28, 2022 3:57:12 PM com.sun.enterprise.v3.server.ReadableArchiveScannerAdapter handleEntry
SEVERE: Exception while processing org/h2/util/JdbcUtils$1.class inside file:/tmp/gfembed15257743656685566532tmp/applications/classes/ of size 1,026, exception: java.io.FileNotFoundException: /tmp/gfembed15257743656685566532tmp/applications/classes/org/h2/util/JdbcUtils$1.class (No such file or directory)
Apr 28, 2022 3:57:12 PM com.sun.enterprise.v3.server.ReadableArchiveScannerAdapter handleEntry
SEVERE: Invalid InputStream returned for org/h2/util/JdbcUtils.class
Apr 28, 2022 3:57:12 PM com.sun.enterprise.v3.server.ReadableArchiveScannerAdapter handleEntry
SEVERE: Invalid InputStream returned for org/h2/util/json/JSONBoolean.class
Apr 28, 2022 3:57:12 PM com.sun.enterprise.v3.server.ReadableArchiveScannerAdapter handleEntry
SEVERE: Invalid InputStream returned for org/h2/util/json/JSONByteArrayTarget.class
Apr 28, 2022 3:57:12 PM com.sun.enterprise.v3.server.ReadableArchiveScannerAdapter handleEntry
SEVERE: Invalid InputStream returned for org/h2/util/json/JSONBytesSource.class
Apr 28, 2022 3:57:12 PM com.sun.enterprise.v3.server.ReadableArchiveScannerAdapter handleEntry
SEVERE: Invalid InputStream returned for org/h2/util/json/JSONItemType.class
Apr 28, 2022 3:57:12 PM com.sun.enterprise.v3.server.ReadableArchiveScannerAdapter handleEntry
SEVERE: Invalid InputStream returned for org/h2/util/json/JSONNull.class
Apr 28, 2022 3:57:12 PM com.sun.enterprise.v3.server.ReadableArchiveScannerAdapter handleEntry
SEVERE: Invalid InputStream returned for org/h2/util/json/JSONNumber.class
Apr 28, 2022 3:57:12 PM com.sun.enterprise.v3.server.ReadableArchiveScannerAdapter handleEntry
SEVERE: Invalid InputStream returned for org/h2/util/json/JSONObject.class
Apr 28, 2022 3:57:12 PM com.sun.enterprise.v3.server.ReadableArchiveScannerAdapter handleEntry
SEVERE: Invalid InputStream returned for org/h2/util/json/JSONString.class
Apr 28, 2022 3:57:12 PM com.sun.enterprise.v3.server.ReadableArchiveScannerAdapter handleEntry
SEVERE: Invalid InputStream returned for org/h2/util/json/JSONStringSource.class
Apr 28, 2022 3:57:12 PM com.sun.enterprise.v3.server.ReadableArchiveScannerAdapter handleEntry
SEVERE: Invalid InputStream returned for org/h2/util/json/JSONStringTarget.class
Apr 28, 2022 3:57:12 PM com.sun.enterprise.v3.server.ReadableArchiveScannerAdapter handleEntry
SEVERE: Invalid InputStream returned for org/h2/util/json/JSONTarget.class
Apr 28, 2022 3:57:12 PM com.sun.enterprise.v3.server.ReadableArchiveScannerAdapter handleEntry
SEVERE: Invalid InputStream returned for org/h2/util/json/JSONTextSource.class
Apr 28, 2022 3:57:12 PM com.sun.enterprise.v3.server.ReadableArchiveScannerAdapter handleEntry
SEVERE: Invalid InputStream returned for org/h2/util/json/JSONValidationTarget.class
Apr 28, 2022 3:57:12 PM com.sun.enterprise.v3.server.ReadableArchiveScannerAdapter handleEntry
SEVERE: Invalid InputStream returned for org/h2/util/json/JSONValidationTargetWithoutUniqueKeys.class
Apr 28, 2022 3:57:12 PM com.sun.enterprise.v3.server.ReadableArchiveScannerAdapter handleEntry
SEVERE: Invalid InputStream returned for org/h2/util/json/JSONValidationTargetWithUniqueKeys.class
Apr 28, 2022 3:57:12 PM com.sun.enterprise.v3.server.ReadableArchiveScannerAdapter handleEntry
SEVERE: Invalid InputStream returned for org/h2/util/json/JSONValue.class
Apr 28, 2022 3:57:12 PM com.sun.enterprise.v3.server.ReadableArchiveScannerAdapter handleEntry
SEVERE: Invalid InputStream returned for org/h2/util/json/JSONValueTarget.class
Apr 28, 2022 3:57:12 PM com.sun.enterprise.v3.server.ReadableArchiveScannerAdapter handleEntry
SEVERE: Invalid InputStream returned for org/h2/util/JSR310.class
Apr 28, 2022 3:57:12 PM com.sun.enterprise.v3.server.ReadableArchiveScannerAdapter handleEntry
SEVERE: Invalid InputStream returned for org/h2/util/JSR310Utils$WithTimeZone8.class
Apr 28, 2022 3:57:12 PM com.sun.enterprise.v3.server.ReadableArchiveScannerAdapter handleEntry
SEVERE: Invalid InputStream returned for org/h2/util/JSR310Utils.class
Apr 28, 2022 3:57:12 PM com.sun.enterprise.v3.server.ReadableArchiveScannerAdapter handleEntry
SEVERE: Invalid InputStream returned for org/h2/util/LazyFuture.class
Apr 28, 2022 3:57:12 PM com.sun.enterprise.v3.server.ReadableArchiveScannerAdapter handleEntry
SEVERE: Invalid InputStream returned for org/h2/util/MathUtils$1.class
Apr 28, 2022 3:57:12 PM com.sun.enterprise.v3.server.ReadableArchiveScannerAdapter handleEntry
SEVERE: Invalid InputStream returned for org/h2/util/MemoryUnmapper.class
Apr 28, 2022 3:57:12 PM com.sun.enterprise.v3.server.ReadableArchiveScannerAdapter handleEntry
SEVERE: Invalid InputStream returned for org/h2/util/NetUtils.class
Apr 28, 2022 3:57:12 PM com.sun.enterprise.v3.server.ReadableArchiveScannerAdapter handleEntry
SEVERE: Invalid InputStream returned for org/h2/util/NetUtils2.class
Apr 28, 2022 3:57:12 PM com.sun.enterprise.v3.server.ReadableArchiveScannerAdapter handleEntry
SEVERE: Invalid InputStream returned for org/h2/util/NetworkConnectionInfo.class
Apr 28, 2022 3:57:12 PM com.sun.enterprise.v3.server.ReadableArchiveScannerAdapter handleEntry
SEVERE: Invalid InputStream returned for org/h2/util/OsgiDataSourceFactory.class
Apr 28, 2022 3:57:12 PM com.sun.enterprise.v3.server.ReadableArchiveScannerAdapter handleEntry
SEVERE: Invalid InputStream returned for org/h2/util/ParserUtil.class
Apr 28, 2022 3:57:12 PM com.sun.enterprise.v3.server.ReadableArchiveScannerAdapter handleEntry
SEVERE: Invalid InputStream returned for org/h2/util/Permutations.class
Apr 28, 2022 3:57:12 PM com.sun.enterprise.v3.server.ReadableArchiveScannerAdapter handleEntry
SEVERE: Invalid InputStream returned for org/h2/util/Profiler$1.class
Apr 28, 2022 3:57:12 PM com.sun.enterprise.v3.server.ReadableArchiveScannerAdapter handleEntry
SEVERE: Invalid InputStream returned for org/h2/util/Profiler.class
Apr 28, 2022 3:57:12 PM com.sun.enterprise.v3.server.ReadableArchiveScannerAdapter handleEntry
SEVERE: Invalid InputStream returned for org/h2/util/ScriptReader.class
Apr 28, 2022 3:57:12 PM com.sun.enterprise.v3.server.ReadableArchiveScannerAdapter handleEntry
SEVERE: Invalid InputStream returned for org/h2/util/SimpleColumnInfo.class
Apr 28, 2022 3:57:12 PM com.sun.enterprise.v3.server.ReadableArchiveScannerAdapter handleEntry
SEVERE: Invalid InputStream returned for org/h2/util/SmallLRUCache.class
Apr 28, 2022 3:57:12 PM com.sun.enterprise.v3.server.ReadableArchiveScannerAdapter handleEntry
SEVERE: Invalid InputStream returned for org/h2/util/SmallMap.class
Apr 28, 2022 3:57:12 PM com.sun.enterprise.v3.server.ReadableArchiveScannerAdapter handleEntry
SEVERE: Invalid InputStream returned for org/h2/util/SoftHashMap$SoftValue.class
Apr 28, 2022 3:57:12 PM com.sun.enterprise.v3.server.ReadableArchiveScannerAdapter handleEntry
SEVERE: Invalid InputStream returned for org/h2/util/SoftHashMap.class
Apr 28, 2022 3:57:12 PM com.sun.enterprise.v3.server.ReadableArchiveScannerAdapter handleEntry
SEVERE: Invalid InputStream returned for org/h2/util/SortedProperties.class
Apr 28, 2022 3:57:12 PM com.sun.enterprise.v3.server.ReadableArchiveScannerAdapter handleEntry
SEVERE: Invalid InputStream returned for org/h2/util/SourceCompiler$1.class
Apr 28, 2022 3:57:12 PM com.sun.enterprise.v3.server.ReadableArchiveScannerAdapter handleEntry
SEVERE: Invalid InputStream returned for org/h2/util/SourceCompiler$2.class
Apr 28, 2022 3:57:12 PM com.sun.enterprise.v3.server.ReadableArchiveScannerAdapter handleEntry
SEVERE: Invalid InputStream returned for org/h2/util/SourceCompiler$ClassFileManager$1.class
Apr 28, 2022 3:57:12 PM com.sun.enterprise.v3.server.ReadableArchiveScannerAdapter handleEntry
SEVERE: Invalid InputStream returned for org/h2/util/SourceCompiler$ClassFileManager.class
Apr 28, 2022 3:57:12 PM com.sun.enterprise.v3.server.ReadableArchiveScannerAdapter handleEntry
SEVERE: Invalid InputStream returned for org/h2/util/SourceCompiler$GroovyCompiler.class
Apr 28, 2022 3:57:12 PM com.sun.enterprise.v3.server.ReadableArchiveScannerAdapter handleEntry
SEVERE: Invalid InputStream returned for org/h2/util/SourceCompiler$JavaClassObject.class
Apr 28, 2022 3:57:12 PM com.sun.enterprise.v3.server.ReadableArchiveScannerAdapter handleEntry
SEVERE: Invalid InputStream returned for org/h2/util/SourceCompiler$StringJavaFileObject.class
Apr 28, 2022 3:57:12 PM com.sun.enterprise.v3.server.ReadableArchiveScannerAdapter handleEntry
SEVERE: Invalid InputStream returned for org/h2/util/SourceCompiler.class
Apr 28, 2022 3:57:12 PM com.sun.enterprise.v3.server.ReadableArchiveScannerAdapter handleEntry
SEVERE: Invalid InputStream returned for org/h2/util/StringUtils.class
Apr 28, 2022 3:57:12 PM com.sun.enterprise.v3.server.ReadableArchiveScannerAdapter handleEntry
SEVERE: Invalid InputStream returned for org/h2/util/Task.class
Apr 28, 2022 3:57:12 PM com.sun.enterprise.v3.server.ReadableArchiveScannerAdapter handleEntry
SEVERE: Invalid InputStream returned for org/h2/util/TempFileDeleter.class
Apr 28, 2022 3:57:12 PM com.sun.enterprise.v3.server.ReadableArchiveScannerAdapter handleEntry
SEVERE: Invalid InputStream returned for org/h2/util/ThreadDeadlockDetector$1.class
Apr 28, 2022 3:57:12 PM com.sun.enterprise.v3.server.ReadableArchiveScannerAdapter handleEntry
SEVERE: Invalid InputStream returned for org/h2/util/ThreadDeadlockDetector.class
Apr 28, 2022 3:57:12 PM com.sun.enterprise.v3.server.ReadableArchiveScannerAdapter handleEntry
SEVERE: Invalid InputStream returned for org/h2/util/TimeZoneProvider$Simple.class
Apr 28, 2022 3:57:12 PM com.sun.enterprise.v3.server.ReadableArchiveScannerAdapter handleEntry
SEVERE: Invalid InputStream returned for org/h2/util/TimeZoneProvider$WithTimeZone.class
Apr 28, 2022 3:57:12 PM com.sun.enterprise.v3.server.ReadableArchiveScannerAdapter handleEntry
SEVERE: Invalid InputStream returned for org/h2/util/TimeZoneProvider$WithTimeZone7.class
Apr 28, 2022 3:57:12 PM com.sun.enterprise.v3.server.ReadableArchiveScannerAdapter handleEntry
SEVERE: Invalid InputStream returned for org/h2/util/TimeZoneProvider.class
Apr 28, 2022 3:57:12 PM com.sun.enterprise.v3.server.ReadableArchiveScannerAdapter handleEntry
SEVERE: Invalid InputStream returned for org/h2/util/Tool.class
Apr 28, 2022 3:57:12 PM com.sun.enterprise.v3.server.ReadableArchiveScannerAdapter handleEntry
SEVERE: Invalid InputStream returned for org/h2/util/Utils$ClassFactory.class
Apr 28, 2022 3:57:12 PM com.sun.enterprise.v3.server.ReadableArchiveScannerAdapter handleEntry
SEVERE: Invalid InputStream returned for org/h2/util/Utils.class
Apr 28, 2022 3:57:12 PM com.sun.enterprise.v3.server.ReadableArchiveScannerAdapter handleEntry
SEVERE: Invalid InputStream returned for org/h2/value/CaseInsensitiveConcurrentMap.class
Apr 28, 2022 3:57:12 PM com.sun.enterprise.v3.server.ReadableArchiveScannerAdapter handleEntry
SEVERE: Invalid InputStream returned for org/h2/value/CharsetCollator$1.class
Apr 28, 2022 3:57:12 PM com.sun.enterprise.v3.server.ReadableArchiveScannerAdapter handleEntry
SEVERE: Invalid InputStream returned for org/h2/value/CharsetCollator$CharsetCollationKey.class
Apr 28, 2022 3:57:12 PM com.sun.enterprise.v3.server.ReadableArchiveScannerAdapter handleEntry
SEVERE: Invalid InputStream returned for org/h2/value/CharsetCollator.class
Apr 28, 2022 3:57:12 PM com.sun.enterprise.v3.server.ReadableArchiveScannerAdapter handleEntry
SEVERE: Invalid InputStream returned for org/h2/value/CompareMode.class
Apr 28, 2022 3:57:12 PM com.sun.enterprise.v3.server.ReadableArchiveScannerAdapter handleEntry
SEVERE: Invalid InputStream returned for org/h2/value/CompareModeDefault.class
Apr 28, 2022 3:57:12 PM com.sun.enterprise.v3.server.ReadableArchiveScannerAdapter handleEntry
SEVERE: Invalid InputStream returned for org/h2/value/CompareModeIcu4J.class
Apr 28, 2022 3:57:12 PM com.sun.enterprise.v3.server.ReadableArchiveScannerAdapter handleEntry
SEVERE: Invalid InputStream returned for org/h2/value/DataType.class
Apr 28, 2022 3:57:12 PM com.sun.enterprise.v3.server.ReadableArchiveScannerAdapter handleEntry
SEVERE: Invalid InputStream returned for org/h2/value/ExtTypeInfo.class
Apr 28, 2022 3:57:12 PM com.sun.enterprise.v3.server.ReadableArchiveScannerAdapter handleEntry
SEVERE: Invalid InputStream returned for org/h2/value/ExtTypeInfoEnum.class
Apr 28, 2022 3:57:12 PM com.sun.enterprise.v3.server.ReadableArchiveScannerAdapter handleEntry
SEVERE: Invalid InputStream returned for org/h2/value/ExtTypeInfoGeometry.class
Apr 28, 2022 3:57:12 PM com.sun.enterprise.v3.server.ReadableArchiveScannerAdapter handleEntry
SEVERE: Invalid InputStream returned for org/h2/value/Transfer.class
Apr 28, 2022 3:57:12 PM com.sun.enterprise.v3.server.ReadableArchiveScannerAdapter handleEntry
SEVERE: Invalid InputStream returned for org/h2/value/TypeInfo.class
Apr 28, 2022 3:57:12 PM com.sun.enterprise.v3.server.ReadableArchiveScannerAdapter handleEntry
SEVERE: Invalid InputStream returned for org/h2/value/Value.class
Apr 28, 2022 3:57:12 PM com.sun.enterprise.v3.server.ReadableArchiveScannerAdapter handleEntry
SEVERE: Invalid InputStream returned for org/h2/value/ValueArray.class
Apr 28, 2022 3:57:12 PM com.sun.enterprise.v3.server.ReadableArchiveScannerAdapter handleEntry
SEVERE: Invalid InputStream returned for org/h2/value/ValueBoolean.class
Apr 28, 2022 3:57:12 PM com.sun.enterprise.v3.server.ReadableArchiveScannerAdapter handleEntry
SEVERE: Invalid InputStream returned for org/h2/value/ValueByte.class
Apr 28, 2022 3:57:12 PM com.sun.enterprise.v3.server.ReadableArchiveScannerAdapter handleEntry
SEVERE: Invalid InputStream returned for org/h2/value/ValueBytes.class
Apr 28, 2022 3:57:12 PM com.sun.enterprise.v3.server.ReadableArchiveScannerAdapter handleEntry
SEVERE: Invalid InputStream returned for org/h2/value/ValueCollectionBase.class
Apr 28, 2022 3:57:12 PM com.sun.enterprise.v3.server.ReadableArchiveScannerAdapter handleEntry
SEVERE: Invalid InputStream returned for org/h2/value/ValueDate.class
Apr 28, 2022 3:57:12 PM com.sun.enterprise.v3.server.ReadableArchiveScannerAdapter handleEntry
SEVERE: Invalid InputStream returned for org/h2/value/ValueDecimal.class
Apr 28, 2022 3:57:12 PM com.sun.enterprise.v3.server.ReadableArchiveScannerAdapter handleEntry
SEVERE: Invalid InputStream returned for org/h2/value/ValueDouble.class
Apr 28, 2022 3:57:12 PM com.sun.enterprise.v3.server.ReadableArchiveScannerAdapter handleEntry
SEVERE: Invalid InputStream returned for org/h2/value/ValueEnum.class
Apr 28, 2022 3:57:12 PM com.sun.enterprise.v3.server.ReadableArchiveScannerAdapter handleEntry
SEVERE: Invalid InputStream returned for org/h2/value/ValueEnumBase.class
Apr 28, 2022 3:57:12 PM com.sun.enterprise.v3.server.ReadableArchiveScannerAdapter handleEntry
SEVERE: Invalid InputStream returned for org/h2/value/ValueFloat.class
Apr 28, 2022 3:57:12 PM com.sun.enterprise.v3.server.ReadableArchiveScannerAdapter handleEntry
SEVERE: Invalid InputStream returned for org/h2/value/ValueGeometry.class
Apr 28, 2022 3:57:12 PM com.sun.enterprise.v3.server.ReadableArchiveScannerAdapter handleEntry
SEVERE: Invalid InputStream returned for org/h2/value/ValueInt.class
Apr 28, 2022 3:57:12 PM com.sun.enterprise.v3.server.ReadableArchiveScannerAdapter handleEntry
SEVERE: Invalid InputStream returned for org/h2/value/ValueInterval.class
Apr 28, 2022 3:57:12 PM com.sun.enterprise.v3.server.ReadableArchiveScannerAdapter handleEntry
SEVERE: Invalid InputStream returned for org/h2/value/ValueJavaObject$NotSerialized.class
Apr 28, 2022 3:57:12 PM com.sun.enterprise.v3.server.ReadableArchiveScannerAdapter handleEntry
SEVERE: Invalid InputStream returned for org/h2/value/ValueJavaObject.class
Apr 28, 2022 3:57:12 PM com.sun.enterprise.v3.server.ReadableArchiveScannerAdapter handleEntry
SEVERE: Invalid InputStream returned for org/h2/value/ValueJson.class
Apr 28, 2022 3:57:12 PM com.sun.enterprise.v3.server.ReadableArchiveScannerAdapter handleEntry
SEVERE: Invalid InputStream returned for org/h2/value/ValueLob.class
Apr 28, 2022 3:57:12 PM com.sun.enterprise.v3.server.ReadableArchiveScannerAdapter handleEntry
SEVERE: Invalid InputStream returned for org/h2/value/ValueLobDb.class
Apr 28, 2022 3:57:12 PM com.sun.enterprise.v3.server.ReadableArchiveScannerAdapter handleEntry
SEVERE: Exception while processing org/h2/value/ValueLong.class inside file:/tmp/gfembed15257743656685566532tmp/applications/classes/ of size 3,482, exception: java.io.FileNotFoundException: /tmp/gfembed15257743656685566532tmp/applications/classes/org/h2/value/ValueLong.class (No such file or directory)
Apr 28, 2022 3:57:12 PM com.sun.enterprise.v3.server.ReadableArchiveScannerAdapter handleEntry
SEVERE: Invalid InputStream returned for org/h2/value/ValueNull.class
Apr 28, 2022 3:57:12 PM com.sun.enterprise.v3.server.ReadableArchiveScannerAdapter handleEntry
SEVERE: Invalid InputStream returned for org/h2/value/ValueResultSet.class
Apr 28, 2022 3:57:12 PM com.sun.enterprise.v3.server.ReadableArchiveScannerAdapter handleEntry
SEVERE: Invalid InputStream returned for org/h2/value/ValueRow.class
Apr 28, 2022 3:57:12 PM com.sun.enterprise.v3.server.ReadableArchiveScannerAdapter handleEntry
SEVERE: Invalid InputStream returned for org/h2/value/ValueShort.class
Apr 28, 2022 3:57:12 PM com.sun.enterprise.v3.server.ReadableArchiveScannerAdapter handleEntry
SEVERE: Invalid InputStream returned for org/h2/value/ValueString.class
Apr 28, 2022 3:57:12 PM com.sun.enterprise.v3.server.ReadableArchiveScannerAdapter handleEntry
SEVERE: Invalid InputStream returned for org/h2/value/ValueStringFixed.class
Apr 28, 2022 3:57:12 PM com.sun.enterprise.v3.server.ReadableArchiveScannerAdapter handleEntry
SEVERE: Invalid InputStream returned for org/h2/value/ValueStringIgnoreCase.class
Apr 28, 2022 3:57:12 PM com.sun.enterprise.v3.server.ReadableArchiveScannerAdapter handleEntry
SEVERE: Invalid InputStream returned for org/h2/value/ValueTime.class
Apr 28, 2022 3:57:12 PM com.sun.enterprise.v3.server.ReadableArchiveScannerAdapter handleEntry
SEVERE: Invalid InputStream returned for org/h2/value/ValueTimestamp.class
Apr 28, 2022 3:57:12 PM com.sun.enterprise.v3.server.ReadableArchiveScannerAdapter handleEntry
SEVERE: Invalid InputStream returned for org/h2/value/ValueTimestampTimeZone.class
Apr 28, 2022 3:57:12 PM com.sun.enterprise.v3.server.ReadableArchiveScannerAdapter handleEntry
SEVERE: Invalid InputStream returned for org/h2/value/ValueUuid.class
Apr 28, 2022 3:57:12 PM com.sun.enterprise.v3.server.ReadableArchiveScannerAdapter handleEntry
SEVERE: Invalid InputStream returned for org/h2/value/VersionedValue.class
Apr 28, 2022 3:57:12 PM com.sun.enterprise.v3.server.ReadableArchiveScannerAdapter handleEntry
SEVERE: Invalid InputStream returned for org/hamcrest/BaseDescription.class
Apr 28, 2022 3:57:12 PM com.sun.enterprise.v3.server.ReadableArchiveScannerAdapter handleEntry
SEVERE: Invalid InputStream returned for org/hamcrest/BaseMatcher.class
Apr 28, 2022 3:57:12 PM com.sun.enterprise.v3.server.ReadableArchiveScannerAdapter handleEntry
SEVERE: Invalid InputStream returned for org/hamcrest/Condition$1.class
Apr 28, 2022 3:57:12 PM com.sun.enterprise.v3.server.ReadableArchiveScannerAdapter handleEntry
SEVERE: Invalid InputStream returned for org/hamcrest/Condition$Matched.class
Apr 28, 2022 3:57:12 PM com.sun.enterprise.v3.server.ReadableArchiveScannerAdapter handleEntry
SEVERE: Invalid InputStream returned for org/hamcrest/Condition$NotMatched.class
Apr 28, 2022 3:57:12 PM com.sun.enterprise.v3.server.ReadableArchiveScannerAdapter handleEntry
SEVERE: Invalid InputStream returned for org/hamcrest/Condition$Step.class
Apr 28, 2022 3:57:12 PM com.sun.enterprise.v3.server.ReadableArchiveScannerAdapter handleEntry
SEVERE: Invalid InputStream returned for org/hamcrest/Condition.class
Apr 28, 2022 3:57:12 PM com.sun.enterprise.v3.server.ReadableArchiveScannerAdapter handleEntry
SEVERE: Invalid InputStream returned for org/hamcrest/core/AllOf.class
Apr 28, 2022 3:57:12 PM com.sun.enterprise.v3.server.ReadableArchiveScannerAdapter handleEntry
SEVERE: Invalid InputStream returned for org/hamcrest/core/AnyOf.class
Apr 28, 2022 3:57:12 PM com.sun.enterprise.v3.server.ReadableArchiveScannerAdapter handleEntry
SEVERE: Invalid InputStream returned for org/hamcrest/core/CombinableMatcher$CombinableBothMatcher.class
Apr 28, 2022 3:57:12 PM com.sun.enterprise.v3.server.ReadableArchiveScannerAdapter handleEntry
SEVERE: Invalid InputStream returned for org/hamcrest/core/CombinableMatcher$CombinableEitherMatcher.class
Apr 28, 2022 3:57:12 PM com.sun.enterprise.v3.server.ReadableArchiveScannerAdapter handleEntry
SEVERE: Invalid InputStream returned for org/hamcrest/core/CombinableMatcher.class
Apr 28, 2022 3:57:12 PM com.sun.enterprise.v3.server.ReadableArchiveScannerAdapter handleEntry
SEVERE: Invalid InputStream returned for org/hamcrest/core/DescribedAs.class
Apr 28, 2022 3:57:12 PM com.sun.enterprise.v3.server.ReadableArchiveScannerAdapter handleEntry
SEVERE: Invalid InputStream returned for org/hamcrest/core/Every.class
Apr 28, 2022 3:57:12 PM com.sun.enterprise.v3.server.ReadableArchiveScannerAdapter handleEntry
SEVERE: Invalid InputStream returned for org/hamcrest/core/Is.class
Apr 28, 2022 3:57:12 PM com.sun.enterprise.v3.server.ReadableArchiveScannerAdapter handleEntry
SEVERE: Invalid InputStream returned for org/hamcrest/core/IsAnything.class
Apr 28, 2022 3:57:12 PM com.sun.enterprise.v3.server.ReadableArchiveScannerAdapter handleEntry
SEVERE: Invalid InputStream returned for org/hamcrest/core/IsCollectionContaining.class
Apr 28, 2022 3:57:12 PM com.sun.enterprise.v3.server.ReadableArchiveScannerAdapter handleEntry
SEVERE: Invalid InputStream returned for org/hamcrest/core/IsEqual.class
Apr 28, 2022 3:57:12 PM com.sun.enterprise.v3.server.ReadableArchiveScannerAdapter handleEntry
SEVERE: Invalid InputStream returned for org/hamcrest/core/IsInstanceOf.class
Apr 28, 2022 3:57:12 PM com.sun.enterprise.v3.server.ReadableArchiveScannerAdapter handleEntry
SEVERE: Invalid InputStream returned for org/hamcrest/core/IsNot.class
Apr 28, 2022 3:57:12 PM com.sun.enterprise.v3.server.ReadableArchiveScannerAdapter handleEntry
SEVERE: Invalid InputStream returned for org/hamcrest/core/IsNull.class
Apr 28, 2022 3:57:12 PM com.sun.enterprise.v3.server.ReadableArchiveScannerAdapter handleEntry
SEVERE: Invalid InputStream returned for org/hamcrest/core/IsSame.class
Apr 28, 2022 3:57:12 PM com.sun.enterprise.v3.server.ReadableArchiveScannerAdapter handleEntry
SEVERE: Invalid InputStream returned for org/hamcrest/core/ShortcutCombination.class
Apr 28, 2022 3:57:12 PM com.sun.enterprise.v3.server.ReadableArchiveScannerAdapter handleEntry
SEVERE: Invalid InputStream returned for org/hamcrest/core/StringContains.class
Apr 28, 2022 3:57:12 PM com.sun.enterprise.v3.server.ReadableArchiveScannerAdapter handleEntry
SEVERE: Invalid InputStream returned for org/hamcrest/core/StringEndsWith.class
Apr 28, 2022 3:57:12 PM com.sun.enterprise.v3.server.ReadableArchiveScannerAdapter handleEntry
SEVERE: Invalid InputStream returned for org/hamcrest/core/StringStartsWith.class
Apr 28, 2022 3:57:12 PM com.sun.enterprise.v3.server.ReadableArchiveScannerAdapter handleEntry
SEVERE: Invalid InputStream returned for org/hamcrest/core/SubstringMatcher.class
Apr 28, 2022 3:57:12 PM com.sun.enterprise.v3.server.ReadableArchiveScannerAdapter handleEntry
SEVERE: Invalid InputStream returned for org/hamcrest/CoreMatchers.class
Apr 28, 2022 3:57:12 PM com.sun.enterprise.v3.server.ReadableArchiveScannerAdapter handleEntry
SEVERE: Invalid InputStream returned for org/hamcrest/CustomMatcher.class
Apr 28, 2022 3:57:12 PM com.sun.enterprise.v3.server.ReadableArchiveScannerAdapter handleEntry
SEVERE: Invalid InputStream returned for org/hamcrest/CustomTypeSafeMatcher.class
Apr 28, 2022 3:57:12 PM com.sun.enterprise.v3.server.ReadableArchiveScannerAdapter handleEntry
SEVERE: Invalid InputStream returned for org/hamcrest/Description$NullDescription.class
Apr 28, 2022 3:57:12 PM com.sun.enterprise.v3.server.ReadableArchiveScannerAdapter handleEntry
SEVERE: Invalid InputStream returned for org/hamcrest/Description.class
Apr 28, 2022 3:57:12 PM com.sun.enterprise.v3.server.ReadableArchiveScannerAdapter handleEntry
SEVERE: Invalid InputStream returned for org/hamcrest/DiagnosingMatcher.class
Apr 28, 2022 3:57:12 PM com.sun.enterprise.v3.server.ReadableArchiveScannerAdapter handleEntry
SEVERE: Invalid InputStream returned for org/hamcrest/Factory.class
Apr 28, 2022 3:57:12 PM com.sun.enterprise.v3.server.ReadableArchiveScannerAdapter handleEntry
SEVERE: Invalid InputStream returned for org/hamcrest/FeatureMatcher.class
Apr 28, 2022 3:57:12 PM com.sun.enterprise.v3.server.ReadableArchiveScannerAdapter handleEntry
SEVERE: Invalid InputStream returned for org/hamcrest/internal/ArrayIterator.class
Apr 28, 2022 3:57:12 PM com.sun.enterprise.v3.server.ReadableArchiveScannerAdapter handleEntry
SEVERE: Invalid InputStream returned for org/hamcrest/internal/ReflectiveTypeFinder.class
Apr 28, 2022 3:57:12 PM com.sun.enterprise.v3.server.ReadableArchiveScannerAdapter handleEntry
SEVERE: Invalid InputStream returned for org/hamcrest/internal/SelfDescribingValue.class
Apr 28, 2022 3:57:12 PM com.sun.enterprise.v3.server.ReadableArchiveScannerAdapter handleEntry
SEVERE: Invalid InputStream returned for org/hamcrest/internal/SelfDescribingValueIterator.class
Apr 28, 2022 3:57:12 PM com.sun.enterprise.v3.server.ReadableArchiveScannerAdapter handleEntry
SEVERE: Invalid InputStream returned for org/hamcrest/Matcher.class
Apr 28, 2022 3:57:12 PM com.sun.enterprise.v3.server.ReadableArchiveScannerAdapter handleEntry
SEVERE: Invalid InputStream returned for org/hamcrest/MatcherAssert.class
Apr 28, 2022 3:57:12 PM com.sun.enterprise.v3.server.ReadableArchiveScannerAdapter handleEntry
SEVERE: Invalid InputStream returned for org/hamcrest/SelfDescribing.class
Apr 28, 2022 3:57:12 PM com.sun.enterprise.v3.server.ReadableArchiveScannerAdapter handleEntry
SEVERE: Invalid InputStream returned for org/hamcrest/StringDescription.class
Apr 28, 2022 3:57:12 PM com.sun.enterprise.v3.server.ReadableArchiveScannerAdapter handleEntry
SEVERE: Invalid InputStream returned for org/hamcrest/TypeSafeDiagnosingMatcher.class
Apr 28, 2022 3:57:12 PM com.sun.enterprise.v3.server.ReadableArchiveScannerAdapter handleEntry
SEVERE: Invalid InputStream returned for org/hamcrest/TypeSafeMatcher.class
Apr 28, 2022 3:57:12 PM com.sun.enterprise.v3.server.ReadableArchiveScannerAdapter handleEntry
SEVERE: Invalid InputStream returned for org/junit/AfterClass.class
Apr 28, 2022 3:57:12 PM com.sun.enterprise.v3.server.ReadableArchiveScannerAdapter handleEntry
SEVERE: Invalid InputStream returned for org/junit/Assert.class
Apr 28, 2022 3:57:12 PM com.sun.enterprise.v3.server.ReadableArchiveScannerAdapter handleEntry
SEVERE: Invalid InputStream returned for org/junit/Assume.class
Apr 28, 2022 3:57:12 PM com.sun.enterprise.v3.server.ReadableArchiveScannerAdapter handleEntry
SEVERE: Invalid InputStream returned for org/junit/AssumptionViolatedException.class
Apr 28, 2022 3:57:12 PM com.sun.enterprise.v3.server.ReadableArchiveScannerAdapter handleEntry
SEVERE: Invalid InputStream returned for org/junit/BeforeClass.class
Apr 28, 2022 3:57:12 PM com.sun.enterprise.v3.server.ReadableArchiveScannerAdapter handleEntry
SEVERE: Invalid InputStream returned for org/junit/ClassRule.class
Apr 28, 2022 3:57:12 PM com.sun.enterprise.v3.server.ReadableArchiveScannerAdapter handleEntry
SEVERE: Invalid InputStream returned for org/junit/ComparisonFailure$1.class
Apr 28, 2022 3:57:12 PM com.sun.enterprise.v3.server.ReadableArchiveScannerAdapter handleEntry
SEVERE: Invalid InputStream returned for org/junit/ComparisonFailure$ComparisonCompactor$DiffExtractor.class
Apr 28, 2022 3:57:12 PM com.sun.enterprise.v3.server.ReadableArchiveScannerAdapter handleEntry
SEVERE: Invalid InputStream returned for org/junit/ComparisonFailure$ComparisonCompactor.class
Apr 28, 2022 3:57:12 PM com.sun.enterprise.v3.server.ReadableArchiveScannerAdapter handleEntry
SEVERE: Invalid InputStream returned for org/junit/ComparisonFailure.class
Apr 28, 2022 3:57:12 PM com.sun.enterprise.v3.server.ReadableArchiveScannerAdapter handleEntry
SEVERE: Invalid InputStream returned for org/junit/experimental/categories/Categories$CategoryFilter.class
Apr 28, 2022 3:57:12 PM com.sun.enterprise.v3.server.ReadableArchiveScannerAdapter handleEntry
SEVERE: Invalid InputStream returned for org/junit/experimental/categories/Categories$ExcludeCategory.class
Apr 28, 2022 3:57:12 PM com.sun.enterprise.v3.server.ReadableArchiveScannerAdapter handleEntry
SEVERE: Invalid InputStream returned for org/junit/experimental/categories/Categories$IncludeCategory.class
Apr 28, 2022 3:57:12 PM com.sun.enterprise.v3.server.ReadableArchiveScannerAdapter handleEntry
SEVERE: Invalid InputStream returned for org/junit/experimental/categories/Categories.class
Apr 28, 2022 3:57:12 PM com.sun.enterprise.v3.server.ReadableArchiveScannerAdapter handleEntry
SEVERE: Invalid InputStream returned for org/junit/experimental/categories/Category.class
Apr 28, 2022 3:57:12 PM com.sun.enterprise.v3.server.ReadableArchiveScannerAdapter handleEntry
SEVERE: Invalid InputStream returned for org/junit/experimental/categories/CategoryFilterFactory.class
Apr 28, 2022 3:57:12 PM com.sun.enterprise.v3.server.ReadableArchiveScannerAdapter handleEntry
SEVERE: Invalid InputStream returned for org/junit/experimental/categories/CategoryValidator.class
Apr 28, 2022 3:57:12 PM com.sun.enterprise.v3.server.ReadableArchiveScannerAdapter handleEntry
SEVERE: Invalid InputStream returned for org/junit/experimental/categories/ExcludeCategories$ExcludesAny.class
Apr 28, 2022 3:57:12 PM com.sun.enterprise.v3.server.ReadableArchiveScannerAdapter handleEntry
SEVERE: Invalid InputStream returned for org/junit/experimental/categories/ExcludeCategories.class
Apr 28, 2022 3:57:12 PM com.sun.enterprise.v3.server.ReadableArchiveScannerAdapter handleEntry
SEVERE: Invalid InputStream returned for org/junit/experimental/categories/IncludeCategories$IncludesAny.class
Apr 28, 2022 3:57:12 PM com.sun.enterprise.v3.server.ReadableArchiveScannerAdapter handleEntry
SEVERE: Invalid InputStream returned for org/junit/experimental/categories/IncludeCategories.class
Apr 28, 2022 3:57:12 PM com.sun.enterprise.v3.server.ReadableArchiveScannerAdapter handleEntry
SEVERE: Invalid InputStream returned for org/junit/experimental/max/MaxCore$1$1.class
Apr 28, 2022 3:57:12 PM com.sun.enterprise.v3.server.ReadableArchiveScannerAdapter handleEntry
SEVERE: Invalid InputStream returned for org/junit/experimental/max/MaxCore$1.class
Apr 28, 2022 3:57:12 PM com.sun.enterprise.v3.server.ReadableArchiveScannerAdapter handleEntry
SEVERE: Invalid InputStream returned for org/junit/experimental/max/MaxCore.class
Apr 28, 2022 3:57:12 PM com.sun.enterprise.v3.server.ReadableArchiveScannerAdapter handleEntry
SEVERE: Invalid InputStream returned for org/junit/experimental/max/MaxHistory$1.class
Apr 28, 2022 3:57:12 PM com.sun.enterprise.v3.server.ReadableArchiveScannerAdapter handleEntry
SEVERE: Invalid InputStream returned for org/junit/experimental/max/MaxHistory$RememberingListener.class
Apr 28, 2022 3:57:12 PM com.sun.enterprise.v3.server.ReadableArchiveScannerAdapter handleEntry
SEVERE: Invalid InputStream returned for org/junit/experimental/max/MaxHistory$TestComparator.class
Apr 28, 2022 3:57:12 PM com.sun.enterprise.v3.server.ReadableArchiveScannerAdapter handleEntry
SEVERE: Invalid InputStream returned for org/junit/experimental/max/MaxHistory.class
Apr 28, 2022 3:57:12 PM com.sun.enterprise.v3.server.ReadableArchiveScannerAdapter handleEntry
SEVERE: Invalid InputStream returned for org/junit/experimental/ParallelComputer$1.class
Apr 28, 2022 3:57:12 PM com.sun.enterprise.v3.server.ReadableArchiveScannerAdapter handleEntry
SEVERE: Invalid InputStream returned for org/junit/experimental/ParallelComputer.class
Apr 28, 2022 3:57:12 PM com.sun.enterprise.v3.server.ReadableArchiveScannerAdapter handleEntry
SEVERE: Invalid InputStream returned for org/junit/experimental/results/FailureList.class
Apr 28, 2022 3:57:12 PM com.sun.enterprise.v3.server.ReadableArchiveScannerAdapter handleEntry
SEVERE: Invalid InputStream returned for org/junit/experimental/results/PrintableResult.class
Apr 28, 2022 3:57:12 PM com.sun.enterprise.v3.server.ReadableArchiveScannerAdapter handleEntry
SEVERE: Invalid InputStream returned for org/junit/experimental/results/ResultMatchers$1.class
Apr 28, 2022 3:57:12 PM com.sun.enterprise.v3.server.ReadableArchiveScannerAdapter handleEntry
SEVERE: Invalid InputStream returned for org/junit/experimental/results/ResultMatchers$2.class
Apr 28, 2022 3:57:12 PM com.sun.enterprise.v3.server.ReadableArchiveScannerAdapter handleEntry
SEVERE: Invalid InputStream returned for org/junit/experimental/results/ResultMatchers$3.class
Apr 28, 2022 3:57:12 PM com.sun.enterprise.v3.server.ReadableArchiveScannerAdapter handleEntry
SEVERE: Invalid InputStream returned for org/junit/experimental/results/ResultMatchers$4.class
Apr 28, 2022 3:57:12 PM com.sun.enterprise.v3.server.ReadableArchiveScannerAdapter handleEntry
SEVERE: Invalid InputStream returned for org/junit/experimental/results/ResultMatchers.class
Apr 28, 2022 3:57:12 PM com.sun.enterprise.v3.server.ReadableArchiveScannerAdapter handleEntry
SEVERE: Invalid InputStream returned for org/junit/experimental/theories/FromDataPoints.class
Apr 28, 2022 3:57:12 PM com.sun.enterprise.v3.server.ReadableArchiveScannerAdapter handleEntry
SEVERE: Invalid InputStream returned for org/junit/experimental/theories/internal/AllMembersSupplier$1.class
Apr 28, 2022 3:57:12 PM com.sun.enterprise.v3.server.ReadableArchiveScannerAdapter handleEntry
SEVERE: Invalid InputStream returned for org/junit/experimental/theories/internal/AllMembersSupplier$MethodParameterValue.class
Apr 28, 2022 3:57:12 PM com.sun.enterprise.v3.server.ReadableArchiveScannerAdapter handleEntry
SEVERE: Invalid InputStream returned for org/junit/experimental/theories/internal/AllMembersSupplier.class
Apr 28, 2022 3:57:12 PM com.sun.enterprise.v3.server.ReadableArchiveScannerAdapter handleEntry
SEVERE: Invalid InputStream returned for org/junit/experimental/theories/internal/Assignments.class
Apr 28, 2022 3:57:12 PM com.sun.enterprise.v3.server.ReadableArchiveScannerAdapter handleEntry
SEVERE: Invalid InputStream returned for org/junit/experimental/theories/internal/EnumSupplier.class
Apr 28, 2022 3:57:12 PM com.sun.enterprise.v3.server.ReadableArchiveScannerAdapter handleEntry
SEVERE: Invalid InputStream returned for org/junit/experimental/theories/internal/ParameterizedAssertionError.class
Apr 28, 2022 3:57:12 PM com.sun.enterprise.v3.server.ReadableArchiveScannerAdapter handleEntry
SEVERE: Invalid InputStream returned for org/junit/experimental/theories/internal/SpecificDataPointsSupplier.class
Apr 28, 2022 3:57:12 PM com.sun.enterprise.v3.server.ReadableArchiveScannerAdapter handleEntry
SEVERE: Invalid InputStream returned for org/junit/experimental/theories/ParameterSignature.class
Apr 28, 2022 3:57:12 PM com.sun.enterprise.v3.server.ReadableArchiveScannerAdapter handleEntry
SEVERE: Invalid InputStream returned for org/junit/experimental/theories/ParametersSuppliedBy.class
Apr 28, 2022 3:57:12 PM com.sun.enterprise.v3.server.ReadableArchiveScannerAdapter handleEntry
SEVERE: Invalid InputStream returned for org/junit/experimental/theories/ParameterSupplier.class
Apr 28, 2022 3:57:12 PM com.sun.enterprise.v3.server.ReadableArchiveScannerAdapter handleEntry
SEVERE: Invalid InputStream returned for org/junit/experimental/theories/PotentialAssignment$1.class
Apr 28, 2022 3:57:12 PM com.sun.enterprise.v3.server.ReadableArchiveScannerAdapter handleEntry
SEVERE: Invalid InputStream returned for org/junit/experimental/theories/PotentialAssignment$CouldNotGenerateValueException.class
Apr 28, 2022 3:57:12 PM com.sun.enterprise.v3.server.ReadableArchiveScannerAdapter handleEntry
SEVERE: Invalid InputStream returned for org/junit/experimental/theories/PotentialAssignment.class
Apr 28, 2022 3:57:12 PM com.sun.enterprise.v3.server.ReadableArchiveScannerAdapter handleEntry
SEVERE: Invalid InputStream returned for org/junit/experimental/theories/suppliers/TestedOn.class
Apr 28, 2022 3:57:12 PM com.sun.enterprise.v3.server.ReadableArchiveScannerAdapter handleEntry
SEVERE: Invalid InputStream returned for org/junit/experimental/theories/suppliers/TestedOnSupplier.class
Apr 28, 2022 3:57:12 PM com.sun.enterprise.v3.server.ReadableArchiveScannerAdapter handleEntry
SEVERE: Invalid InputStream returned for org/junit/experimental/theories/Theories$TheoryAnchor$1$1.class
Apr 28, 2022 3:57:12 PM com.sun.enterprise.v3.server.ReadableArchiveScannerAdapter handleEntry
SEVERE: Invalid InputStream returned for org/junit/experimental/theories/Theories$TheoryAnchor$1.class
Apr 28, 2022 3:57:12 PM com.sun.enterprise.v3.server.ReadableArchiveScannerAdapter handleEntry
SEVERE: Invalid InputStream returned for org/junit/experimental/theories/Theories$TheoryAnchor$2.class
Apr 28, 2022 3:57:12 PM com.sun.enterprise.v3.server.ReadableArchiveScannerAdapter handleEntry
SEVERE: Invalid InputStream returned for org/junit/experimental/theories/Theories$TheoryAnchor.class
Apr 28, 2022 3:57:12 PM com.sun.enterprise.v3.server.ReadableArchiveScannerAdapter handleEntry
SEVERE: Invalid InputStream returned for org/junit/experimental/theories/Theories.class
Apr 28, 2022 3:57:12 PM com.sun.enterprise.v3.server.ReadableArchiveScannerAdapter handleEntry
SEVERE: Invalid InputStream returned for org/junit/experimental/theories/Theory.class
Apr 28, 2022 3:57:12 PM com.sun.enterprise.v3.server.ReadableArchiveScannerAdapter handleEntry
SEVERE: Invalid InputStream returned for org/junit/internal/builders/IgnoredClassRunner.class
Apr 28, 2022 3:57:12 PM com.sun.enterprise.v3.server.ReadableArchiveScannerAdapter handleEntry
SEVERE: Invalid InputStream returned for org/junit/internal/builders/JUnit3Builder.class
Apr 28, 2022 3:57:12 PM com.sun.enterprise.v3.server.ReadableArchiveScannerAdapter handleEntry
SEVERE: Invalid InputStream returned for org/junit/internal/builders/JUnit4Builder.class
Apr 28, 2022 3:57:12 PM com.sun.enterprise.v3.server.ReadableArchiveScannerAdapter handleEntry
SEVERE: Exception while processing org/junit/internal/builders/NullBuilder.class inside file:/tmp/gfembed15257743656685566532tmp/applications/classes/ of size 678, exception: java.io.FileNotFoundException: /tmp/gfembed15257743656685566532tmp/applications/classes/org/junit/internal/builders/NullBuilder.class (No such file or directory)
Apr 28, 2022 3:57:12 PM com.sun.enterprise.v3.server.ReadableArchiveScannerAdapter handleEntry
SEVERE: Invalid InputStream returned for org/junit/internal/builders/SuiteMethodBuilder.class
Apr 28, 2022 3:57:12 PM com.sun.enterprise.v3.server.ReadableArchiveScannerAdapter handleEntry
SEVERE: Invalid InputStream returned for org/junit/internal/Checks.class
Apr 28, 2022 3:57:12 PM com.sun.enterprise.v3.server.ReadableArchiveScannerAdapter handleEntry
SEVERE: Invalid InputStream returned for org/junit/internal/Classes.class
Apr 28, 2022 3:57:12 PM com.sun.enterprise.v3.server.ReadableArchiveScannerAdapter handleEntry
SEVERE: Invalid InputStream returned for org/junit/internal/ComparisonCriteria$1.class
Apr 28, 2022 3:57:12 PM com.sun.enterprise.v3.server.ReadableArchiveScannerAdapter handleEntry
SEVERE: Invalid InputStream returned for org/junit/internal/ComparisonCriteria.class
Apr 28, 2022 3:57:12 PM com.sun.enterprise.v3.server.ReadableArchiveScannerAdapter handleEntry
SEVERE: Invalid InputStream returned for org/junit/internal/ExactComparisonCriteria.class
Apr 28, 2022 3:57:12 PM com.sun.enterprise.v3.server.ReadableArchiveScannerAdapter handleEntry
SEVERE: Invalid InputStream returned for org/junit/internal/InexactComparisonCriteria.class
Apr 28, 2022 3:57:12 PM com.sun.enterprise.v3.server.ReadableArchiveScannerAdapter handleEntry
SEVERE: Invalid InputStream returned for org/junit/internal/JUnitSystem.class
Apr 28, 2022 3:57:12 PM com.sun.enterprise.v3.server.ReadableArchiveScannerAdapter handleEntry
SEVERE: Invalid InputStream returned for org/junit/internal/management/FakeThreadMXBean.class
Apr 28, 2022 3:57:12 PM com.sun.enterprise.v3.server.ReadableArchiveScannerAdapter handleEntry
SEVERE: Invalid InputStream returned for org/junit/internal/management/ManagementFactory$FactoryHolder.class
Apr 28, 2022 3:57:12 PM com.sun.enterprise.v3.server.ReadableArchiveScannerAdapter handleEntry
SEVERE: Invalid InputStream returned for org/junit/internal/management/ManagementFactory$RuntimeHolder.class
Apr 28, 2022 3:57:12 PM com.sun.enterprise.v3.server.ReadableArchiveScannerAdapter handleEntry
SEVERE: Invalid InputStream returned for org/junit/internal/management/ManagementFactory$ThreadHolder.class
Apr 28, 2022 3:57:12 PM com.sun.enterprise.v3.server.ReadableArchiveScannerAdapter handleEntry
SEVERE: Invalid InputStream returned for org/junit/internal/management/ManagementFactory.class
Apr 28, 2022 3:57:12 PM com.sun.enterprise.v3.server.ReadableArchiveScannerAdapter handleEntry
SEVERE: Invalid InputStream returned for org/junit/internal/management/ReflectiveRuntimeMXBean$Holder.class
Apr 28, 2022 3:57:12 PM com.sun.enterprise.v3.server.ReadableArchiveScannerAdapter handleEntry
SEVERE: Invalid InputStream returned for org/junit/internal/management/ReflectiveRuntimeMXBean.class
Apr 28, 2022 3:57:12 PM com.sun.enterprise.v3.server.ReadableArchiveScannerAdapter handleEntry
SEVERE: Invalid InputStream returned for org/junit/internal/management/ReflectiveThreadMXBean$Holder.class
Apr 28, 2022 3:57:12 PM com.sun.enterprise.v3.server.ReadableArchiveScannerAdapter handleEntry
SEVERE: Invalid InputStream returned for org/junit/internal/management/ReflectiveThreadMXBean.class
Apr 28, 2022 3:57:12 PM com.sun.enterprise.v3.server.ReadableArchiveScannerAdapter handleEntry
SEVERE: Invalid InputStream returned for org/junit/internal/management/RuntimeMXBean.class
Apr 28, 2022 3:57:12 PM com.sun.enterprise.v3.server.ReadableArchiveScannerAdapter handleEntry
SEVERE: Invalid InputStream returned for org/junit/internal/management/ThreadMXBean.class
Apr 28, 2022 3:57:12 PM com.sun.enterprise.v3.server.ReadableArchiveScannerAdapter handleEntry
SEVERE: Invalid InputStream returned for org/junit/internal/matchers/StacktracePrintingMatcher.class
Apr 28, 2022 3:57:12 PM com.sun.enterprise.v3.server.ReadableArchiveScannerAdapter handleEntry
SEVERE: Invalid InputStream returned for org/junit/internal/matchers/ThrowableCauseMatcher.class
Apr 28, 2022 3:57:12 PM com.sun.enterprise.v3.server.ReadableArchiveScannerAdapter handleEntry
SEVERE: Invalid InputStream returned for org/junit/internal/matchers/ThrowableMessageMatcher.class
Apr 28, 2022 3:57:12 PM com.sun.enterprise.v3.server.ReadableArchiveScannerAdapter handleEntry
SEVERE: Invalid InputStream returned for org/junit/internal/RealSystem.class
Apr 28, 2022 3:57:12 PM com.sun.enterprise.v3.server.ReadableArchiveScannerAdapter handleEntry
SEVERE: Invalid InputStream returned for org/junit/internal/requests/ClassRequest$1.class
Apr 28, 2022 3:57:12 PM com.sun.enterprise.v3.server.ReadableArchiveScannerAdapter handleEntry
SEVERE: Invalid InputStream returned for org/junit/internal/requests/ClassRequest$CustomAllDefaultPossibilitiesBuilder.class
Apr 28, 2022 3:57:12 PM com.sun.enterprise.v3.server.ReadableArchiveScannerAdapter handleEntry
SEVERE: Invalid InputStream returned for org/junit/internal/requests/ClassRequest$CustomSuiteMethodBuilder.class
Apr 28, 2022 3:57:12 PM com.sun.enterprise.v3.server.ReadableArchiveScannerAdapter handleEntry
SEVERE: Invalid InputStream returned for org/junit/internal/requests/ClassRequest.class
Apr 28, 2022 3:57:12 PM com.sun.enterprise.v3.server.ReadableArchiveScannerAdapter handleEntry
SEVERE: Invalid InputStream returned for org/junit/internal/requests/FilterRequest.class
Apr 28, 2022 3:57:12 PM com.sun.enterprise.v3.server.ReadableArchiveScannerAdapter handleEntry
SEVERE: Invalid InputStream returned for org/junit/internal/requests/MemoizingRequest.class
Apr 28, 2022 3:57:12 PM com.sun.enterprise.v3.server.ReadableArchiveScannerAdapter handleEntry
SEVERE: Invalid InputStream returned for org/junit/internal/requests/OrderingRequest.class
Apr 28, 2022 3:57:12 PM com.sun.enterprise.v3.server.ReadableArchiveScannerAdapter handleEntry
SEVERE: Invalid InputStream returned for org/junit/internal/requests/SortingRequest.class
Apr 28, 2022 3:57:12 PM com.sun.enterprise.v3.server.ReadableArchiveScannerAdapter handleEntry
SEVERE: Invalid InputStream returned for org/junit/internal/runners/ErrorReportingRunner.class
Apr 28, 2022 3:57:12 PM com.sun.enterprise.v3.server.ReadableArchiveScannerAdapter handleEntry
SEVERE: Invalid InputStream returned for org/junit/internal/runners/FailedBefore.class
Apr 28, 2022 3:57:12 PM com.sun.enterprise.v3.server.ReadableArchiveScannerAdapter handleEntry
SEVERE: Invalid InputStream returned for org/junit/internal/runners/InitializationError.class
Apr 28, 2022 3:57:12 PM com.sun.enterprise.v3.server.ReadableArchiveScannerAdapter handleEntry
SEVERE: Invalid InputStream returned for org/junit/internal/runners/JUnit38ClassRunner$1.class
Apr 28, 2022 3:57:12 PM com.sun.enterprise.v3.server.ReadableArchiveScannerAdapter handleEntry
SEVERE: Invalid InputStream returned for org/junit/internal/runners/JUnit38ClassRunner$OldTestClassAdaptingListener.class
Apr 28, 2022 3:57:12 PM com.sun.enterprise.v3.server.ReadableArchiveScannerAdapter handleEntry
SEVERE: Invalid InputStream returned for org/junit/internal/runners/JUnit38ClassRunner.class
Apr 28, 2022 3:57:12 PM com.sun.enterprise.v3.server.ReadableArchiveScannerAdapter handleEntry
SEVERE: Invalid InputStream returned for org/junit/internal/runners/JUnit4ClassRunner$1.class
Apr 28, 2022 3:57:12 PM com.sun.enterprise.v3.server.ReadableArchiveScannerAdapter handleEntry
SEVERE: Invalid InputStream returned for org/junit/internal/runners/JUnit4ClassRunner$2.class
Apr 28, 2022 3:57:12 PM com.sun.enterprise.v3.server.ReadableArchiveScannerAdapter handleEntry
SEVERE: Invalid InputStream returned for org/junit/internal/runners/MethodRoadie$1$1.class
Apr 28, 2022 3:57:12 PM com.sun.enterprise.v3.server.ReadableArchiveScannerAdapter handleEntry
SEVERE: Invalid InputStream returned for org/junit/internal/runners/MethodRoadie$1.class
Apr 28, 2022 3:57:12 PM com.sun.enterprise.v3.server.ReadableArchiveScannerAdapter handleEntry
SEVERE: Invalid InputStream returned for org/junit/internal/runners/MethodRoadie$2.class
Apr 28, 2022 3:57:12 PM com.sun.enterprise.v3.server.ReadableArchiveScannerAdapter handleEntry
SEVERE: Invalid InputStream returned for org/junit/internal/runners/MethodRoadie.class
Apr 28, 2022 3:57:12 PM com.sun.enterprise.v3.server.ReadableArchiveScannerAdapter handleEntry
SEVERE: Invalid InputStream returned for org/junit/internal/runners/MethodValidator.class
Apr 28, 2022 3:57:12 PM com.sun.enterprise.v3.server.ReadableArchiveScannerAdapter handleEntry
SEVERE: Invalid InputStream returned for org/junit/internal/runners/model/EachTestNotifier.class
Apr 28, 2022 3:57:12 PM com.sun.enterprise.v3.server.ReadableArchiveScannerAdapter handleEntry
SEVERE: Invalid InputStream returned for org/junit/internal/runners/model/MultipleFailureException.class
Apr 28, 2022 3:57:12 PM com.sun.enterprise.v3.server.ReadableArchiveScannerAdapter handleEntry
SEVERE: Invalid InputStream returned for org/junit/internal/runners/model/ReflectiveCallable.class
Apr 28, 2022 3:57:12 PM com.sun.enterprise.v3.server.ReadableArchiveScannerAdapter handleEntry
SEVERE: Invalid InputStream returned for org/junit/internal/runners/rules/RuleMemberValidator$1.class
Apr 28, 2022 3:57:12 PM com.sun.enterprise.v3.server.ReadableArchiveScannerAdapter handleEntry
SEVERE: Invalid InputStream returned for org/junit/internal/runners/rules/RuleMemberValidator$Builder.class
Apr 28, 2022 3:57:12 PM com.sun.enterprise.v3.server.ReadableArchiveScannerAdapter handleEntry
SEVERE: Invalid InputStream returned for org/junit/internal/runners/rules/RuleMemberValidator$DeclaringClassMustBePublic.class
Apr 28, 2022 3:57:12 PM com.sun.enterprise.v3.server.ReadableArchiveScannerAdapter handleEntry
SEVERE: Invalid InputStream returned for org/junit/internal/runners/rules/RuleMemberValidator$FieldMustBeARule.class
Apr 28, 2022 3:57:12 PM com.sun.enterprise.v3.server.ReadableArchiveScannerAdapter handleEntry
SEVERE: Invalid InputStream returned for org/junit/internal/runners/rules/RuleMemberValidator$FieldMustBeATestRule.class
Apr 28, 2022 3:57:12 PM com.sun.enterprise.v3.server.ReadableArchiveScannerAdapter handleEntry
SEVERE: Invalid InputStream returned for org/junit/internal/runners/rules/RuleMemberValidator$MemberMustBeNonStaticOrAlsoClassRule.class
Apr 28, 2022 3:57:12 PM com.sun.enterprise.v3.server.ReadableArchiveScannerAdapter handleEntry
SEVERE: Invalid InputStream returned for org/junit/internal/runners/rules/RuleMemberValidator$MemberMustBePublic.class
Apr 28, 2022 3:57:12 PM com.sun.enterprise.v3.server.ReadableArchiveScannerAdapter handleEntry
SEVERE: Invalid InputStream returned for org/junit/internal/runners/rules/RuleMemberValidator$MemberMustBeStatic.class
Apr 28, 2022 3:57:12 PM com.sun.enterprise.v3.server.ReadableArchiveScannerAdapter handleEntry
SEVERE: Invalid InputStream returned for org/junit/internal/runners/rules/RuleMemberValidator$MethodMustBeARule.class
Apr 28, 2022 3:57:12 PM com.sun.enterprise.v3.server.ReadableArchiveScannerAdapter handleEntry
SEVERE: Invalid InputStream returned for org/junit/internal/runners/rules/RuleMemberValidator$MethodMustBeATestRule.class
Apr 28, 2022 3:57:12 PM com.sun.enterprise.v3.server.ReadableArchiveScannerAdapter handleEntry
SEVERE: Invalid InputStream returned for org/junit/internal/runners/rules/RuleMemberValidator$RuleValidator.class
Apr 28, 2022 3:57:12 PM com.sun.enterprise.v3.server.ReadableArchiveScannerAdapter handleEntry
SEVERE: Invalid InputStream returned for org/junit/internal/runners/rules/RuleMemberValidator.class
Apr 28, 2022 3:57:12 PM com.sun.enterprise.v3.server.ReadableArchiveScannerAdapter handleEntry
SEVERE: Invalid InputStream returned for org/junit/internal/runners/rules/ValidationError.class
Apr 28, 2022 3:57:12 PM com.sun.enterprise.v3.server.ReadableArchiveScannerAdapter handleEntry
SEVERE: Invalid InputStream returned for org/junit/internal/runners/statements/ExpectException.class
Apr 28, 2022 3:57:12 PM com.sun.enterprise.v3.server.ReadableArchiveScannerAdapter handleEntry
SEVERE: Invalid InputStream returned for org/junit/internal/runners/statements/Fail.class
Apr 28, 2022 3:57:12 PM com.sun.enterprise.v3.server.ReadableArchiveScannerAdapter handleEntry
SEVERE: Invalid InputStream returned for org/junit/internal/runners/statements/FailOnTimeout$1.class
Apr 28, 2022 3:57:12 PM com.sun.enterprise.v3.server.ReadableArchiveScannerAdapter handleEntry
SEVERE: Invalid InputStream returned for org/junit/internal/runners/statements/FailOnTimeout$Builder.class
Apr 28, 2022 3:57:12 PM com.sun.enterprise.v3.server.ReadableArchiveScannerAdapter handleEntry
SEVERE: Invalid InputStream returned for org/junit/internal/runners/statements/FailOnTimeout$CallableStatement.class
Apr 28, 2022 3:57:12 PM com.sun.enterprise.v3.server.ReadableArchiveScannerAdapter handleEntry
SEVERE: Invalid InputStream returned for org/junit/internal/runners/statements/FailOnTimeout.class
Apr 28, 2022 3:57:13 PM com.sun.enterprise.v3.server.ReadableArchiveScannerAdapter handleEntry
SEVERE: Invalid InputStream returned for org/junit/internal/runners/statements/InvokeMethod.class
Apr 28, 2022 3:57:13 PM com.sun.enterprise.v3.server.ReadableArchiveScannerAdapter handleEntry
SEVERE: Invalid InputStream returned for org/junit/internal/runners/statements/RunAfters.class
Apr 28, 2022 3:57:13 PM com.sun.enterprise.v3.server.ReadableArchiveScannerAdapter handleEntry
SEVERE: Invalid InputStream returned for org/junit/internal/runners/statements/RunBefores.class
Apr 28, 2022 3:57:13 PM com.sun.enterprise.v3.server.ReadableArchiveScannerAdapter handleEntry
SEVERE: Invalid InputStream returned for org/junit/internal/runners/SuiteMethod.class
Apr 28, 2022 3:57:13 PM com.sun.enterprise.v3.server.ReadableArchiveScannerAdapter handleEntry
SEVERE: Invalid InputStream returned for org/junit/internal/runners/TestClass.class
Apr 28, 2022 3:57:13 PM com.sun.enterprise.v3.server.ReadableArchiveScannerAdapter handleEntry
SEVERE: Invalid InputStream returned for org/junit/internal/runners/TestMethod.class
Apr 28, 2022 3:57:13 PM com.sun.enterprise.v3.server.ReadableArchiveScannerAdapter handleEntry
SEVERE: Invalid InputStream returned for org/junit/internal/TextListener.class
Apr 28, 2022 3:57:13 PM com.sun.enterprise.v3.server.ReadableArchiveScannerAdapter handleEntry
SEVERE: Invalid InputStream returned for org/junit/internal/Throwables$1.class
Apr 28, 2022 3:57:13 PM com.sun.enterprise.v3.server.ReadableArchiveScannerAdapter handleEntry
SEVERE: Invalid InputStream returned for org/junit/internal/Throwables$State$1.class
Apr 28, 2022 3:57:13 PM com.sun.enterprise.v3.server.ReadableArchiveScannerAdapter handleEntry
SEVERE: Invalid InputStream returned for org/junit/internal/Throwables$State$2.class
Apr 28, 2022 3:57:13 PM com.sun.enterprise.v3.server.ReadableArchiveScannerAdapter handleEntry
SEVERE: Invalid InputStream returned for org/junit/internal/Throwables$State$3.class
Apr 28, 2022 3:57:13 PM com.sun.enterprise.v3.server.ReadableArchiveScannerAdapter handleEntry
SEVERE: Invalid InputStream returned for org/junit/internal/Throwables$State$4.class
Apr 28, 2022 3:57:13 PM com.sun.enterprise.v3.server.ReadableArchiveScannerAdapter handleEntry
SEVERE: Invalid InputStream returned for org/junit/internal/Throwables$State.class
Apr 28, 2022 3:57:13 PM com.sun.enterprise.v3.server.ReadableArchiveScannerAdapter handleEntry
SEVERE: Invalid InputStream returned for org/junit/internal/Throwables.class
Apr 28, 2022 3:57:13 PM com.sun.enterprise.v3.server.ReadableArchiveScannerAdapter handleEntry
SEVERE: Invalid InputStream returned for org/junit/matchers/JUnitMatchers.class
Apr 28, 2022 3:57:13 PM com.sun.enterprise.v3.server.ReadableArchiveScannerAdapter handleEntry
SEVERE: Invalid InputStream returned for org/junit/rules/ErrorCollector$1.class
Apr 28, 2022 3:57:13 PM com.sun.enterprise.v3.server.ReadableArchiveScannerAdapter handleEntry
SEVERE: Invalid InputStream returned for org/junit/rules/ErrorCollector.class
Apr 28, 2022 3:57:13 PM com.sun.enterprise.v3.server.ReadableArchiveScannerAdapter handleEntry
SEVERE: Invalid InputStream returned for org/junit/rules/ExpectedException$ExpectedExceptionStatement.class
Apr 28, 2022 3:57:13 PM com.sun.enterprise.v3.server.ReadableArchiveScannerAdapter handleEntry
SEVERE: Invalid InputStream returned for org/junit/rules/ExpectedExceptionMatcherBuilder.class
Apr 28, 2022 3:57:13 PM com.sun.enterprise.v3.server.ReadableArchiveScannerAdapter handleEntry
SEVERE: Invalid InputStream returned for org/junit/rules/ExternalResource.class
Apr 28, 2022 3:57:13 PM com.sun.enterprise.v3.server.ReadableArchiveScannerAdapter handleEntry
SEVERE: Invalid InputStream returned for org/junit/rules/MethodRule.class
Apr 28, 2022 3:57:13 PM com.sun.enterprise.v3.server.ReadableArchiveScannerAdapter handleEntry
SEVERE: Invalid InputStream returned for org/junit/rules/RuleChain.class
Apr 28, 2022 3:57:13 PM com.sun.enterprise.v3.server.ReadableArchiveScannerAdapter handleEntry
SEVERE: Invalid InputStream returned for org/junit/rules/RunRules.class
Apr 28, 2022 3:57:13 PM com.sun.enterprise.v3.server.ReadableArchiveScannerAdapter handleEntry
SEVERE: Invalid InputStream returned for org/junit/rules/Stopwatch$1.class
Apr 28, 2022 3:57:13 PM com.sun.enterprise.v3.server.ReadableArchiveScannerAdapter handleEntry
SEVERE: Invalid InputStream returned for org/junit/rules/Stopwatch$Clock.class
Apr 28, 2022 3:57:13 PM com.sun.enterprise.v3.server.ReadableArchiveScannerAdapter handleEntry
SEVERE: Invalid InputStream returned for org/junit/rules/Stopwatch$InternalWatcher.class
Apr 28, 2022 3:57:13 PM com.sun.enterprise.v3.server.ReadableArchiveScannerAdapter handleEntry
SEVERE: Invalid InputStream returned for org/junit/rules/Stopwatch.class
Apr 28, 2022 3:57:13 PM com.sun.enterprise.v3.server.ReadableArchiveScannerAdapter handleEntry
SEVERE: Invalid InputStream returned for org/junit/rules/TemporaryFolder$Builder.class
Apr 28, 2022 3:57:13 PM com.sun.enterprise.v3.server.ReadableArchiveScannerAdapter handleEntry
SEVERE: Invalid InputStream returned for org/junit/rules/TemporaryFolder.class
Apr 28, 2022 3:57:13 PM com.sun.enterprise.v3.server.ReadableArchiveScannerAdapter handleEntry
SEVERE: Invalid InputStream returned for org/junit/rules/TestName.class
Apr 28, 2022 3:57:13 PM com.sun.enterprise.v3.server.ReadableArchiveScannerAdapter handleEntry
SEVERE: Invalid InputStream returned for org/junit/rules/TestRule.class
Apr 28, 2022 3:57:13 PM com.sun.enterprise.v3.server.ReadableArchiveScannerAdapter handleEntry
SEVERE: Invalid InputStream returned for org/junit/rules/TestWatcher$1.class
Apr 28, 2022 3:57:13 PM com.sun.enterprise.v3.server.ReadableArchiveScannerAdapter handleEntry
SEVERE: Invalid InputStream returned for org/junit/rules/TestWatcher.class
Apr 28, 2022 3:57:13 PM com.sun.enterprise.v3.server.ReadableArchiveScannerAdapter handleEntry
SEVERE: Invalid InputStream returned for org/junit/rules/TestWatchman$1.class
Apr 28, 2022 3:57:13 PM com.sun.enterprise.v3.server.ReadableArchiveScannerAdapter handleEntry
SEVERE: Exception while processing org/junit/rules/TestWatchman.class inside file:/tmp/gfembed15257743656685566532tmp/applications/classes/ of size 1,434, exception: java.io.FileNotFoundException: /tmp/gfembed15257743656685566532tmp/applications/classes/org/junit/rules/TestWatchman.class (No such file or directory)
Apr 28, 2022 3:57:13 PM com.sun.enterprise.v3.server.ReadableArchiveScannerAdapter handleEntry
SEVERE: Invalid InputStream returned for org/junit/runner/FilterFactory.class
Apr 28, 2022 3:57:13 PM com.sun.enterprise.v3.server.ReadableArchiveScannerAdapter handleEntry
SEVERE: Invalid InputStream returned for org/junit/runner/FilterFactoryParams.class
Apr 28, 2022 3:57:13 PM com.sun.enterprise.v3.server.ReadableArchiveScannerAdapter handleEntry
SEVERE: Invalid InputStream returned for org/junit/runner/JUnitCommandLineParseResult$CommandLineParserError.class
Apr 28, 2022 3:57:13 PM com.sun.enterprise.v3.server.ReadableArchiveScannerAdapter handleEntry
SEVERE: Invalid InputStream returned for org/junit/runner/JUnitCommandLineParseResult.class
Apr 28, 2022 3:57:13 PM com.sun.enterprise.v3.server.ReadableArchiveScannerAdapter handleEntry
SEVERE: Invalid InputStream returned for org/junit/runner/JUnitCore.class
Apr 28, 2022 3:57:13 PM com.sun.enterprise.v3.server.ReadableArchiveScannerAdapter handleEntry
SEVERE: Invalid InputStream returned for org/junit/runner/manipulation/Alphanumeric$1.class
Apr 28, 2022 3:57:13 PM com.sun.enterprise.v3.server.ReadableArchiveScannerAdapter handleEntry
SEVERE: Invalid InputStream returned for org/junit/runner/manipulation/Alphanumeric.class
Apr 28, 2022 3:57:13 PM com.sun.enterprise.v3.server.ReadableArchiveScannerAdapter handleEntry
SEVERE: Invalid InputStream returned for org/junit/runner/manipulation/Filter$1.class
Apr 28, 2022 3:57:13 PM com.sun.enterprise.v3.server.ReadableArchiveScannerAdapter handleEntry
SEVERE: Invalid InputStream returned for org/junit/runner/manipulation/Filter$2.class
Apr 28, 2022 3:57:13 PM com.sun.enterprise.v3.server.ReadableArchiveScannerAdapter handleEntry
SEVERE: Invalid InputStream returned for org/junit/runner/manipulation/Filter$3.class
Apr 28, 2022 3:57:13 PM com.sun.enterprise.v3.server.ReadableArchiveScannerAdapter handleEntry
SEVERE: Invalid InputStream returned for org/junit/runner/manipulation/Filter.class
Apr 28, 2022 3:57:13 PM com.sun.enterprise.v3.server.ReadableArchiveScannerAdapter handleEntry
SEVERE: Invalid InputStream returned for org/junit/runner/manipulation/Filterable.class
Apr 28, 2022 3:57:13 PM com.sun.enterprise.v3.server.ReadableArchiveScannerAdapter handleEntry
SEVERE: Invalid InputStream returned for org/junit/runner/manipulation/InvalidOrderingException.class
Apr 28, 2022 3:57:13 PM com.sun.enterprise.v3.server.ReadableArchiveScannerAdapter handleEntry
SEVERE: Invalid InputStream returned for org/junit/runner/manipulation/NoTestsRemainException.class
Apr 28, 2022 3:57:13 PM com.sun.enterprise.v3.server.ReadableArchiveScannerAdapter handleEntry
SEVERE: Invalid InputStream returned for org/junit/runner/manipulation/Orderable.class
Apr 28, 2022 3:57:13 PM com.sun.enterprise.v3.server.ReadableArchiveScannerAdapter handleEntry
SEVERE: Invalid InputStream returned for org/junit/runner/manipulation/Orderer.class
Apr 28, 2022 3:57:13 PM com.sun.enterprise.v3.server.ReadableArchiveScannerAdapter handleEntry
SEVERE: Invalid InputStream returned for org/junit/runner/manipulation/Ordering$1.class
Apr 28, 2022 3:57:13 PM com.sun.enterprise.v3.server.ReadableArchiveScannerAdapter handleEntry
SEVERE: Invalid InputStream returned for org/junit/runner/manipulation/Ordering$Context.class
Apr 28, 2022 3:57:13 PM com.sun.enterprise.v3.server.ReadableArchiveScannerAdapter handleEntry
SEVERE: Invalid InputStream returned for org/junit/runner/manipulation/Ordering$Factory.class
Apr 28, 2022 3:57:13 PM com.sun.enterprise.v3.server.ReadableArchiveScannerAdapter handleEntry
SEVERE: Invalid InputStream returned for org/junit/runner/manipulation/Ordering.class
Apr 28, 2022 3:57:13 PM com.sun.enterprise.v3.server.ReadableArchiveScannerAdapter handleEntry
SEVERE: Invalid InputStream returned for org/junit/runner/manipulation/Sortable.class
Apr 28, 2022 3:57:13 PM com.sun.enterprise.v3.server.ReadableArchiveScannerAdapter handleEntry
SEVERE: Invalid InputStream returned for org/junit/runner/manipulation/Sorter$1.class
Apr 28, 2022 3:57:13 PM com.sun.enterprise.v3.server.ReadableArchiveScannerAdapter handleEntry
SEVERE: Invalid InputStream returned for org/junit/runner/manipulation/Sorter.class
Apr 28, 2022 3:57:13 PM com.sun.enterprise.v3.server.ReadableArchiveScannerAdapter handleEntry
SEVERE: Invalid InputStream returned for org/junit/runner/notification/Failure.class
Apr 28, 2022 3:57:13 PM com.sun.enterprise.v3.server.ReadableArchiveScannerAdapter handleEntry
SEVERE: Invalid InputStream returned for org/junit/runner/notification/RunListener$ThreadSafe.class
Apr 28, 2022 3:57:13 PM com.sun.enterprise.v3.server.ReadableArchiveScannerAdapter handleEntry
SEVERE: Invalid InputStream returned for org/junit/runner/notification/RunListener.class
Apr 28, 2022 3:57:13 PM com.sun.enterprise.v3.server.ReadableArchiveScannerAdapter handleEntry
SEVERE: Invalid InputStream returned for org/junit/runner/notification/RunNotifier$1.class
Apr 28, 2022 3:57:13 PM com.sun.enterprise.v3.server.ReadableArchiveScannerAdapter handleEntry
SEVERE: Invalid InputStream returned for org/junit/runner/notification/RunNotifier$2.class
Apr 28, 2022 3:57:13 PM com.sun.enterprise.v3.server.ReadableArchiveScannerAdapter handleEntry
SEVERE: Invalid InputStream returned for org/junit/runner/notification/RunNotifier$3.class
Apr 28, 2022 3:57:13 PM com.sun.enterprise.v3.server.ReadableArchiveScannerAdapter handleEntry
SEVERE: Invalid InputStream returned for org/junit/runner/notification/RunNotifier$4.class
Apr 28, 2022 3:57:13 PM com.sun.enterprise.v3.server.ReadableArchiveScannerAdapter handleEntry
SEVERE: Invalid InputStream returned for org/junit/runner/notification/RunNotifier$5.class
Apr 28, 2022 3:57:13 PM com.sun.enterprise.v3.server.ReadableArchiveScannerAdapter handleEntry
SEVERE: Invalid InputStream returned for org/junit/runner/notification/RunNotifier$6.class
Apr 28, 2022 3:57:13 PM com.sun.enterprise.v3.server.ReadableArchiveScannerAdapter handleEntry
SEVERE: Invalid InputStream returned for org/junit/runner/notification/RunNotifier$7.class
Apr 28, 2022 3:57:13 PM com.sun.enterprise.v3.server.ReadableArchiveScannerAdapter handleEntry
SEVERE: Invalid InputStream returned for org/junit/runner/notification/RunNotifier$8.class
Apr 28, 2022 3:57:13 PM com.sun.enterprise.v3.server.ReadableArchiveScannerAdapter handleEntry
SEVERE: Invalid InputStream returned for org/junit/runner/notification/RunNotifier$9.class
Apr 28, 2022 3:57:13 PM com.sun.enterprise.v3.server.ReadableArchiveScannerAdapter handleEntry
SEVERE: Invalid InputStream returned for org/junit/runner/notification/RunNotifier$SafeNotifier.class
Apr 28, 2022 3:57:13 PM com.sun.enterprise.v3.server.ReadableArchiveScannerAdapter handleEntry
SEVERE: Invalid InputStream returned for org/junit/runner/notification/RunNotifier.class
Apr 28, 2022 3:57:13 PM com.sun.enterprise.v3.server.ReadableArchiveScannerAdapter handleEntry
SEVERE: Invalid InputStream returned for org/junit/runner/notification/StoppedByUserException.class
Apr 28, 2022 3:57:13 PM com.sun.enterprise.v3.server.ReadableArchiveScannerAdapter handleEntry
SEVERE: Invalid InputStream returned for org/junit/runner/notification/SynchronizedRunListener.class
Apr 28, 2022 3:57:13 PM com.sun.enterprise.v3.server.ReadableArchiveScannerAdapter handleEntry
SEVERE: Invalid InputStream returned for org/junit/runner/OrderWith.class
Apr 28, 2022 3:57:13 PM com.sun.enterprise.v3.server.ReadableArchiveScannerAdapter handleEntry
SEVERE: Invalid InputStream returned for org/junit/runner/OrderWithValidator.class
Apr 28, 2022 3:57:13 PM com.sun.enterprise.v3.server.ReadableArchiveScannerAdapter handleEntry
SEVERE: Invalid InputStream returned for org/junit/runner/Request$1.class
Apr 28, 2022 3:57:13 PM com.sun.enterprise.v3.server.ReadableArchiveScannerAdapter handleEntry
SEVERE: Invalid InputStream returned for org/junit/runner/Request.class
Apr 28, 2022 3:57:13 PM com.sun.enterprise.v3.server.ReadableArchiveScannerAdapter handleEntry
SEVERE: Invalid InputStream returned for org/junit/runner/Result$1.class
Apr 28, 2022 3:57:13 PM com.sun.enterprise.v3.server.ReadableArchiveScannerAdapter handleEntry
SEVERE: Invalid InputStream returned for org/junit/runner/Result$Listener.class
Apr 28, 2022 3:57:13 PM com.sun.enterprise.v3.server.ReadableArchiveScannerAdapter handleEntry
SEVERE: Invalid InputStream returned for org/junit/runner/Result$SerializedForm.class
Apr 28, 2022 3:57:13 PM com.sun.enterprise.v3.server.ReadableArchiveScannerAdapter handleEntry
SEVERE: Invalid InputStream returned for org/junit/runner/Result.class
Apr 28, 2022 3:57:13 PM com.sun.enterprise.v3.server.ReadableArchiveScannerAdapter handleEntry
SEVERE: Invalid InputStream returned for org/junit/runner/Runner.class
Apr 28, 2022 3:57:13 PM com.sun.enterprise.v3.server.ReadableArchiveScannerAdapter handleEntry
SEVERE: Invalid InputStream returned for org/junit/runner/RunWith.class
Apr 28, 2022 3:57:13 PM com.sun.enterprise.v3.server.ReadableArchiveScannerAdapter handleEntry
SEVERE: Invalid InputStream returned for org/junit/runners/AllTests.class
Apr 28, 2022 3:57:13 PM com.sun.enterprise.v3.server.ReadableArchiveScannerAdapter handleEntry
SEVERE: Invalid InputStream returned for org/junit/runners/BlockJUnit4ClassRunner$1.class
Apr 28, 2022 3:57:13 PM com.sun.enterprise.v3.server.ReadableArchiveScannerAdapter handleEntry
SEVERE: Invalid InputStream returned for org/junit/runners/BlockJUnit4ClassRunner$2.class
Apr 28, 2022 3:57:13 PM com.sun.enterprise.v3.server.ReadableArchiveScannerAdapter handleEntry
SEVERE: Invalid InputStream returned for org/junit/runners/BlockJUnit4ClassRunner$RuleCollector.class
Apr 28, 2022 3:57:13 PM com.sun.enterprise.v3.server.ReadableArchiveScannerAdapter handleEntry
SEVERE: Invalid InputStream returned for org/junit/runners/BlockJUnit4ClassRunner.class
Apr 28, 2022 3:57:13 PM com.sun.enterprise.v3.server.ReadableArchiveScannerAdapter handleEntry
SEVERE: Invalid InputStream returned for org/junit/runners/MethodSorters.class
Apr 28, 2022 3:57:13 PM com.sun.enterprise.v3.server.ReadableArchiveScannerAdapter handleEntry
SEVERE: Invalid InputStream returned for org/junit/runners/model/Annotatable.class
Apr 28, 2022 3:57:13 PM com.sun.enterprise.v3.server.ReadableArchiveScannerAdapter handleEntry
SEVERE: Invalid InputStream returned for org/junit/runners/model/FrameworkField.class
Apr 28, 2022 3:57:13 PM com.sun.enterprise.v3.server.ReadableArchiveScannerAdapter handleEntry
SEVERE: Invalid InputStream returned for org/junit/runners/model/FrameworkMember.class
Apr 28, 2022 3:57:13 PM com.sun.enterprise.v3.server.ReadableArchiveScannerAdapter handleEntry
SEVERE: Invalid InputStream returned for org/junit/runners/model/FrameworkMethod$1.class
Apr 28, 2022 3:57:13 PM com.sun.enterprise.v3.server.ReadableArchiveScannerAdapter handleEntry
SEVERE: Invalid InputStream returned for org/junit/runners/model/FrameworkMethod.class
Apr 28, 2022 3:57:13 PM com.sun.enterprise.v3.server.ReadableArchiveScannerAdapter handleEntry
SEVERE: Invalid InputStream returned for org/junit/runners/model/InitializationError.class
Apr 28, 2022 3:57:13 PM com.sun.enterprise.v3.server.ReadableArchiveScannerAdapter handleEntry
SEVERE: Invalid InputStream returned for org/junit/runners/model/InvalidTestClassError.class
Apr 28, 2022 3:57:13 PM com.sun.enterprise.v3.server.ReadableArchiveScannerAdapter handleEntry
SEVERE: Invalid InputStream returned for org/junit/runners/model/MemberValueConsumer.class
Apr 28, 2022 3:57:13 PM com.sun.enterprise.v3.server.ReadableArchiveScannerAdapter handleEntry
SEVERE: Invalid InputStream returned for org/junit/runners/model/MultipleFailureException.class
Apr 28, 2022 3:57:13 PM com.sun.enterprise.v3.server.ReadableArchiveScannerAdapter handleEntry
SEVERE: Invalid InputStream returned for org/junit/runners/model/RunnerBuilder.class
Apr 28, 2022 3:57:13 PM com.sun.enterprise.v3.server.ReadableArchiveScannerAdapter handleEntry
SEVERE: Invalid InputStream returned for org/junit/runners/model/RunnerScheduler.class
Apr 28, 2022 3:57:13 PM com.sun.enterprise.v3.server.ReadableArchiveScannerAdapter handleEntry
SEVERE: Invalid InputStream returned for org/junit/runners/model/Statement.class
Apr 28, 2022 3:57:13 PM com.sun.enterprise.v3.server.ReadableArchiveScannerAdapter handleEntry
SEVERE: Invalid InputStream returned for org/junit/runners/model/TestClass$1.class
Apr 28, 2022 3:57:13 PM com.sun.enterprise.v3.server.ReadableArchiveScannerAdapter handleEntry
SEVERE: Invalid InputStream returned for org/junit/runners/model/TestClass$2.class
Apr 28, 2022 3:57:13 PM com.sun.enterprise.v3.server.ReadableArchiveScannerAdapter handleEntry
SEVERE: Invalid InputStream returned for org/junit/runners/model/TestClass$MethodComparator.class
Apr 28, 2022 3:57:13 PM com.sun.enterprise.v3.server.ReadableArchiveScannerAdapter handleEntry
SEVERE: Invalid InputStream returned for org/junit/runners/model/TestClass.class
Apr 28, 2022 3:57:13 PM com.sun.enterprise.v3.server.ReadableArchiveScannerAdapter handleEntry
SEVERE: Invalid InputStream returned for org/junit/runners/model/TestTimedOutException.class
Apr 28, 2022 3:57:13 PM com.sun.enterprise.v3.server.ReadableArchiveScannerAdapter handleEntry
SEVERE: Invalid InputStream returned for org/junit/runners/parameterized/BlockJUnit4ClassRunnerWithParameters$1.class
Apr 28, 2022 3:57:13 PM com.sun.enterprise.v3.server.ReadableArchiveScannerAdapter handleEntry
SEVERE: Invalid InputStream returned for org/junit/runners/parameterized/BlockJUnit4ClassRunnerWithParameters$InjectionType.class
Apr 28, 2022 3:57:13 PM com.sun.enterprise.v3.server.ReadableArchiveScannerAdapter handleEntry
SEVERE: Invalid InputStream returned for org/junit/runners/parameterized/BlockJUnit4ClassRunnerWithParameters$RunAfterParams.class
Apr 28, 2022 3:57:13 PM com.sun.enterprise.v3.server.ReadableArchiveScannerAdapter handleEntry
SEVERE: Invalid InputStream returned for org/junit/runners/parameterized/BlockJUnit4ClassRunnerWithParameters$RunBeforeParams.class
Apr 28, 2022 3:57:13 PM com.sun.enterprise.v3.server.ReadableArchiveScannerAdapter handleEntry
SEVERE: Invalid InputStream returned for org/junit/runners/parameterized/BlockJUnit4ClassRunnerWithParametersFactory.class
Apr 28, 2022 3:57:13 PM com.sun.enterprise.v3.server.ReadableArchiveScannerAdapter handleEntry
SEVERE: Invalid InputStream returned for org/junit/runners/parameterized/ParametersRunnerFactory.class
Apr 28, 2022 3:57:13 PM com.sun.enterprise.v3.server.ReadableArchiveScannerAdapter handleEntry
SEVERE: Invalid InputStream returned for org/junit/runners/parameterized/TestWithParameters.class
Apr 28, 2022 3:57:13 PM com.sun.enterprise.v3.server.ReadableArchiveScannerAdapter handleEntry
SEVERE: Invalid InputStream returned for org/junit/runners/Parameterized$1.class
Apr 28, 2022 3:57:13 PM com.sun.enterprise.v3.server.ReadableArchiveScannerAdapter handleEntry
SEVERE: Invalid InputStream returned for org/junit/runners/Parameterized$AfterParam.class
Apr 28, 2022 3:57:13 PM com.sun.enterprise.v3.server.ReadableArchiveScannerAdapter handleEntry
SEVERE: Invalid InputStream returned for org/junit/runners/Parameterized$AssumptionViolationRunner.class
Apr 28, 2022 3:57:13 PM com.sun.enterprise.v3.server.ReadableArchiveScannerAdapter handleEntry
SEVERE: Invalid InputStream returned for org/junit/runners/Parameterized$BeforeParam.class
Apr 28, 2022 3:57:13 PM com.sun.enterprise.v3.server.ReadableArchiveScannerAdapter handleEntry
SEVERE: Invalid InputStream returned for org/junit/runners/Parameterized$Parameter.class
Apr 28, 2022 3:57:13 PM com.sun.enterprise.v3.server.ReadableArchiveScannerAdapter handleEntry
SEVERE: Invalid InputStream returned for org/junit/runners/Parameterized$Parameters.class
Apr 28, 2022 3:57:13 PM com.sun.enterprise.v3.server.ReadableArchiveScannerAdapter handleEntry
SEVERE: Invalid InputStream returned for org/junit/runners/Parameterized$RunnersFactory.class
Apr 28, 2022 3:57:13 PM com.sun.enterprise.v3.server.ReadableArchiveScannerAdapter handleEntry
SEVERE: Invalid InputStream returned for org/junit/runners/Parameterized$UseParametersRunnerFactory.class
Apr 28, 2022 3:57:13 PM com.sun.enterprise.v3.server.ReadableArchiveScannerAdapter handleEntry
SEVERE: Invalid InputStream returned for org/junit/runners/Parameterized.class
Apr 28, 2022 3:57:13 PM com.sun.enterprise.v3.server.ReadableArchiveScannerAdapter handleEntry
SEVERE: Invalid InputStream returned for org/junit/runners/ParentRunner$1.class
Apr 28, 2022 3:57:13 PM com.sun.enterprise.v3.server.ReadableArchiveScannerAdapter handleEntry
SEVERE: Invalid InputStream returned for org/junit/runners/ParentRunner$2.class
Apr 28, 2022 3:57:13 PM com.sun.enterprise.v3.server.ReadableArchiveScannerAdapter handleEntry
SEVERE: Invalid InputStream returned for org/junit/runners/ParentRunner$3.class
Apr 28, 2022 3:57:13 PM com.sun.enterprise.v3.server.ReadableArchiveScannerAdapter handleEntry
SEVERE: Invalid InputStream returned for org/junit/runners/ParentRunner$4.class
Apr 28, 2022 3:57:13 PM com.sun.enterprise.v3.server.ReadableArchiveScannerAdapter handleEntry
SEVERE: Invalid InputStream returned for org/junit/runners/ParentRunner$5.class
Apr 28, 2022 3:57:13 PM com.sun.enterprise.v3.server.ReadableArchiveScannerAdapter handleEntry
SEVERE: Invalid InputStream returned for org/junit/runners/ParentRunner$ClassRuleCollector.class
Apr 28, 2022 3:57:13 PM com.sun.enterprise.v3.server.ReadableArchiveScannerAdapter handleEntry
SEVERE: Invalid InputStream returned for org/junit/runners/ParentRunner.class
Apr 28, 2022 3:57:13 PM com.sun.enterprise.v3.server.ReadableArchiveScannerAdapter handleEntry
SEVERE: Invalid InputStream returned for org/junit/runners/RuleContainer$1.class
Apr 28, 2022 3:57:13 PM com.sun.enterprise.v3.server.ReadableArchiveScannerAdapter handleEntry
SEVERE: Invalid InputStream returned for org/junit/runners/RuleContainer$RuleEntry.class
Apr 28, 2022 3:57:13 PM com.sun.enterprise.v3.server.ReadableArchiveScannerAdapter handleEntry
SEVERE: Invalid InputStream returned for org/junit/runners/RuleContainer.class
Apr 28, 2022 3:57:13 PM com.sun.enterprise.v3.server.ReadableArchiveScannerAdapter handleEntry
SEVERE: Invalid InputStream returned for org/junit/runners/Suite$SuiteClasses.class
Apr 28, 2022 3:57:13 PM com.sun.enterprise.v3.server.ReadableArchiveScannerAdapter handleEntry
SEVERE: Invalid InputStream returned for org/junit/runners/Suite.class
Apr 28, 2022 3:57:13 PM com.sun.enterprise.v3.server.ReadableArchiveScannerAdapter handleEntry
SEVERE: Invalid InputStream returned for org/junit/Test$None.class
Apr 28, 2022 3:57:13 PM com.sun.enterprise.v3.server.ReadableArchiveScannerAdapter handleEntry
SEVERE: Invalid InputStream returned for org/junit/Test.class
Apr 28, 2022 3:57:13 PM com.sun.enterprise.v3.server.ReadableArchiveScannerAdapter handleEntry
SEVERE: Invalid InputStream returned for org/junit/TestCouldNotBeSkippedException.class
Apr 28, 2022 3:57:13 PM com.sun.enterprise.v3.server.ReadableArchiveScannerAdapter handleEntry
SEVERE: Invalid InputStream returned for org/junit/validator/AnnotationsValidator$1.class
Apr 28, 2022 3:57:13 PM com.sun.enterprise.v3.server.ReadableArchiveScannerAdapter handleEntry
SEVERE: Invalid InputStream returned for org/junit/validator/AnnotationsValidator$AnnotatableValidator.class
Apr 28, 2022 3:57:13 PM com.sun.enterprise.v3.server.ReadableArchiveScannerAdapter handleEntry
SEVERE: Invalid InputStream returned for org/junit/validator/AnnotationsValidator$ClassValidator.class
Apr 28, 2022 3:57:13 PM com.sun.enterprise.v3.server.ReadableArchiveScannerAdapter handleEntry
SEVERE: Invalid InputStream returned for org/junit/validator/AnnotationsValidator$FieldValidator.class
Apr 28, 2022 3:57:13 PM com.sun.enterprise.v3.server.ReadableArchiveScannerAdapter handleEntry
SEVERE: Invalid InputStream returned for org/junit/validator/AnnotationsValidator$MethodValidator.class
Apr 28, 2022 3:57:13 PM com.sun.enterprise.v3.server.ReadableArchiveScannerAdapter handleEntry
SEVERE: Invalid InputStream returned for org/junit/validator/AnnotationsValidator.class
Apr 28, 2022 3:57:13 PM com.sun.enterprise.v3.server.ReadableArchiveScannerAdapter handleEntry
SEVERE: Invalid InputStream returned for org/junit/validator/AnnotationValidator.class
Apr 28, 2022 3:57:13 PM com.sun.enterprise.v3.server.ReadableArchiveScannerAdapter handleEntry
SEVERE: Invalid InputStream returned for org/junit/validator/AnnotationValidatorFactory.class
Apr 28, 2022 3:57:13 PM com.sun.enterprise.v3.server.ReadableArchiveScannerAdapter handleEntry
SEVERE: Invalid InputStream returned for org/junit/validator/PublicClassValidator.class
Apr 28, 2022 3:57:13 PM com.sun.enterprise.v3.server.ReadableArchiveScannerAdapter handleEntry
SEVERE: Invalid InputStream returned for org/junit/validator/TestClassValidator.class
Apr 28, 2022 3:57:13 PM com.sun.enterprise.v3.server.ReadableArchiveScannerAdapter handleEntry
SEVERE: Invalid InputStream returned for org/junit/validator/ValidateWith.class
Apr 28, 2022 3:57:13 PM com.sun.enterprise.v3.server.ReadableArchiveScannerAdapter handleEntry
SEVERE: Invalid InputStream returned for org/osgi/service/jpa/EntityManagerFactoryBuilder.class
Apr 28, 2022 3:57:13 PM org.glassfish.ejb.embedded.EJBContainerProviderImpl createEJBContainer
INFO: [EJBContainerProviderImpl] Cleaning up on failure ...
Apr 28, 2022 3:57:13 PM org.glassfish.admin.mbeanserver.JMXStartupService shutdown
INFO: JMXStartupService and JMXConnectors have been shut down.
Apr 28, 2022 3:57:13 PM com.sun.enterprise.v3.server.AppServerStartup stop
INFO: Shutdown procedure finished
</system-err>
  </testcase>
>>>>>>> Stashed changes
</testsuite>